2025-04-09 02:44:43,523 [INFO] Starting CIFAR-10 training...
2025-04-09 02:44:45,826 [INFO] Starting hyperparameter search...
2025-04-09 02:44:45,826 [INFO] 
 Hyperparameters: lr=0.1, reg=0.1
2025-04-09 02:44:48,708 [INFO] Epoch 1/5, Train Loss: 9.8091, Train Acc: 0.0950, Val Loss: 9.9207, Val Acc: 0.1160
2025-04-09 02:44:49,464 [INFO] Epoch 2/5, Train Loss: 10.0306, Train Acc: 0.1060, Val Loss: 10.1452, Val Acc: 0.1140
2025-04-09 02:44:50,151 [INFO] Epoch 3/5, Train Loss: 6.5183, Train Acc: 0.1530, Val Loss: 6.8649, Val Acc: 0.1360
2025-04-09 02:44:50,866 [INFO] Epoch 4/5, Train Loss: 6.6033, Train Acc: 0.1390, Val Loss: 6.6250, Val Acc: 0.1400
2025-04-09 02:44:51,560 [INFO] Epoch 5/5, Train Loss: 6.2243, Train Acc: 0.1380, Val Loss: 6.1992, Val Acc: 0.1600
2025-04-09 02:44:51,568 [INFO] 
 Hyperparameters: lr=0.1, reg=0.01
2025-04-09 02:44:52,288 [INFO] Epoch 1/5, Train Loss: 4.4105, Train Acc: 0.1300, Val Loss: 4.6727, Val Acc: 0.1320
2025-04-09 02:44:53,079 [INFO] Epoch 2/5, Train Loss: 5.0872, Train Acc: 0.1270, Val Loss: 5.2781, Val Acc: 0.1320
2025-04-09 02:44:53,827 [INFO] Epoch 3/5, Train Loss: 4.9654, Train Acc: 0.1430, Val Loss: 5.0970, Val Acc: 0.1500
2025-04-09 02:44:54,617 [INFO] Epoch 4/5, Train Loss: 5.6652, Train Acc: 0.1600, Val Loss: 6.2714, Val Acc: 0.1140
2025-04-09 02:44:55,485 [INFO] Epoch 5/5, Train Loss: 4.8660, Train Acc: 0.1990, Val Loss: 5.0906, Val Acc: 0.1820
2025-04-09 02:44:55,491 [INFO] 
 Hyperparameters: lr=0.1, reg=0.001
2025-04-09 02:44:56,277 [INFO] Epoch 1/5, Train Loss: 4.7843, Train Acc: 0.1240, Val Loss: 4.6724, Val Acc: 0.1320
2025-04-09 02:44:57,061 [INFO] Epoch 2/5, Train Loss: 3.8980, Train Acc: 0.1470, Val Loss: 3.8831, Val Acc: 0.1600
2025-04-09 02:44:57,830 [INFO] Epoch 3/5, Train Loss: 3.5227, Train Acc: 0.1300, Val Loss: 3.6058, Val Acc: 0.1300
2025-04-09 02:44:58,585 [INFO] Epoch 4/5, Train Loss: 5.4734, Train Acc: 0.1350, Val Loss: 5.5135, Val Acc: 0.1500
2025-04-09 02:44:59,359 [INFO] Epoch 5/5, Train Loss: 4.5257, Train Acc: 0.1720, Val Loss: 4.7322, Val Acc: 0.1680
2025-04-09 02:44:59,362 [INFO] 
 Hyperparameters: lr=0.01, reg=0.1
2025-04-09 02:45:00,113 [INFO] Epoch 1/5, Train Loss: 9.2008, Train Acc: 0.2420, Val Loss: 9.4189, Val Acc: 0.1620
2025-04-09 02:45:00,889 [INFO] Epoch 2/5, Train Loss: 8.6113, Train Acc: 0.2890, Val Loss: 8.8602, Val Acc: 0.2160
2025-04-09 02:45:01,674 [INFO] Epoch 3/5, Train Loss: 7.9503, Train Acc: 0.4120, Val Loss: 8.2365, Val Acc: 0.3080
2025-04-09 02:45:02,475 [INFO] Epoch 4/5, Train Loss: 7.5072, Train Acc: 0.4490, Val Loss: 7.8854, Val Acc: 0.2980
2025-04-09 02:45:03,267 [INFO] Epoch 5/5, Train Loss: 7.0995, Train Acc: 0.4990, Val Loss: 7.4687, Val Acc: 0.3560
2025-04-09 02:45:03,270 [INFO] 
 Hyperparameters: lr=0.01, reg=0.01
2025-04-09 02:45:04,125 [INFO] Epoch 1/5, Train Loss: 2.7801, Train Acc: 0.2930, Val Loss: 2.9867, Val Acc: 0.1920
2025-04-09 02:45:04,965 [INFO] Epoch 2/5, Train Loss: 2.5337, Train Acc: 0.3590, Val Loss: 2.8086, Val Acc: 0.2540
2025-04-09 02:45:05,783 [INFO] Epoch 3/5, Train Loss: 2.4374, Train Acc: 0.4120, Val Loss: 2.7459, Val Acc: 0.2800
2025-04-09 02:45:06,532 [INFO] Epoch 4/5, Train Loss: 2.2553, Train Acc: 0.4870, Val Loss: 2.6078, Val Acc: 0.3340
2025-04-09 02:45:07,282 [INFO] Epoch 5/5, Train Loss: 2.1717, Train Acc: 0.4970, Val Loss: 2.5510, Val Acc: 0.3400
2025-04-09 02:45:07,285 [INFO] 
 Hyperparameters: lr=0.01, reg=0.001
2025-04-09 02:45:08,067 [INFO] Epoch 1/5, Train Loss: 2.1802, Train Acc: 0.2900, Val Loss: 2.3837, Val Acc: 0.2100
2025-04-09 02:45:08,876 [INFO] Epoch 2/5, Train Loss: 1.8806, Train Acc: 0.3700, Val Loss: 2.1426, Val Acc: 0.2760
2025-04-09 02:45:09,728 [INFO] Epoch 3/5, Train Loss: 1.7384, Train Acc: 0.3930, Val Loss: 2.0858, Val Acc: 0.3160
2025-04-09 02:45:10,564 [INFO] Epoch 4/5, Train Loss: 1.6262, Train Acc: 0.4550, Val Loss: 1.9991, Val Acc: 0.3140
2025-04-09 02:45:11,393 [INFO] Epoch 5/5, Train Loss: 1.5277, Train Acc: 0.4830, Val Loss: 1.9571, Val Acc: 0.3460
2025-04-09 02:45:11,398 [INFO] 
 Hyperparameters: lr=0.001, reg=0.1
2025-04-09 02:45:12,234 [INFO] Epoch 1/5, Train Loss: 10.1623, Train Acc: 0.1060, Val Loss: 10.3447, Val Acc: 0.0840
2025-04-09 02:45:13,142 [INFO] Epoch 2/5, Train Loss: 9.8441, Train Acc: 0.1240, Val Loss: 10.0042, Val Acc: 0.0920
2025-04-09 02:45:14,021 [INFO] Epoch 3/5, Train Loss: 9.6482, Train Acc: 0.1500, Val Loss: 9.8130, Val Acc: 0.1140
2025-04-09 02:45:14,841 [INFO] Epoch 4/5, Train Loss: 9.4999, Train Acc: 0.1810, Val Loss: 9.6806, Val Acc: 0.1340
2025-04-09 02:45:15,638 [INFO] Epoch 5/5, Train Loss: 9.3744, Train Acc: 0.2050, Val Loss: 9.5657, Val Acc: 0.1560
2025-04-09 02:45:15,640 [INFO] 
 Hyperparameters: lr=0.001, reg=0.01
2025-04-09 02:45:16,433 [INFO] Epoch 1/5, Train Loss: 3.3319, Train Acc: 0.1260, Val Loss: 3.3886, Val Acc: 0.1240
2025-04-09 02:45:17,250 [INFO] Epoch 2/5, Train Loss: 3.1814, Train Acc: 0.1450, Val Loss: 3.2500, Val Acc: 0.1480
2025-04-09 02:45:18,113 [INFO] Epoch 3/5, Train Loss: 3.0981, Train Acc: 0.1700, Val Loss: 3.1868, Val Acc: 0.1700
2025-04-09 02:45:18,903 [INFO] Epoch 4/5, Train Loss: 3.0289, Train Acc: 0.1950, Val Loss: 3.1356, Val Acc: 0.1800
2025-04-09 02:45:19,682 [INFO] Epoch 5/5, Train Loss: 2.9706, Train Acc: 0.2090, Val Loss: 3.0957, Val Acc: 0.1860
2025-04-09 02:45:19,685 [INFO] 
 Hyperparameters: lr=0.001, reg=0.001
2025-04-09 02:45:19,031 [INFO] Epoch 1/5, Train Loss: 2.6785, Train Acc: 0.1130, Val Loss: 2.6830, Val Acc: 0.1200
2025-04-09 02:45:19,817 [INFO] Epoch 2/5, Train Loss: 2.5653, Train Acc: 0.1410, Val Loss: 2.5974, Val Acc: 0.1340
2025-04-09 02:45:20,646 [INFO] Epoch 3/5, Train Loss: 2.4696, Train Acc: 0.1580, Val Loss: 2.5192, Val Acc: 0.1540
2025-04-09 02:45:21,455 [INFO] Epoch 4/5, Train Loss: 2.3941, Train Acc: 0.1790, Val Loss: 2.4760, Val Acc: 0.1820
2025-04-09 02:45:22,333 [INFO] Epoch 5/5, Train Loss: 2.3219, Train Acc: 0.1960, Val Loss: 2.4168, Val Acc: 0.2100
2025-04-09 02:45:23,186 [INFO] Epoch 1/20, Train Loss: 2.7523, Train Acc: 0.1160, Val Loss: 2.8013, Val Acc: 0.0720
2025-04-09 02:45:24,043 [INFO] Epoch 2/20, Train Loss: 2.5889, Train Acc: 0.1350, Val Loss: 2.6726, Val Acc: 0.1020
2025-04-09 02:45:24,896 [INFO] Epoch 3/20, Train Loss: 2.4925, Train Acc: 0.1530, Val Loss: 2.5936, Val Acc: 0.1220
2025-04-09 02:45:25,891 [INFO] Epoch 4/20, Train Loss: 2.4158, Train Acc: 0.1720, Val Loss: 2.5305, Val Acc: 0.1320
2025-04-09 02:45:26,880 [INFO] Epoch 5/20, Train Loss: 2.3462, Train Acc: 0.1990, Val Loss: 2.4784, Val Acc: 0.1380
2025-04-09 02:45:27,744 [INFO] Epoch 6/20, Train Loss: 2.2832, Train Acc: 0.2190, Val Loss: 2.4222, Val Acc: 0.1580
2025-04-09 02:45:28,602 [INFO] Epoch 7/20, Train Loss: 2.2273, Train Acc: 0.2360, Val Loss: 2.3789, Val Acc: 0.1800
2025-04-09 02:45:29,480 [INFO] Epoch 8/20, Train Loss: 2.1768, Train Acc: 0.2500, Val Loss: 2.3356, Val Acc: 0.1980
2025-04-09 02:45:30,306 [INFO] Epoch 9/20, Train Loss: 2.1310, Train Acc: 0.2620, Val Loss: 2.2975, Val Acc: 0.2140
2025-04-09 02:45:31,058 [INFO] Epoch 10/20, Train Loss: 2.0899, Train Acc: 0.2830, Val Loss: 2.2734, Val Acc: 0.2240
2025-04-09 02:45:31,818 [INFO] Epoch 11/20, Train Loss: 2.0511, Train Acc: 0.3030, Val Loss: 2.2399, Val Acc: 0.2360
2025-04-09 02:45:32,565 [INFO] Epoch 12/20, Train Loss: 2.0155, Train Acc: 0.3140, Val Loss: 2.2151, Val Acc: 0.2480
2025-04-09 02:45:33,443 [INFO] Epoch 13/20, Train Loss: 1.9850, Train Acc: 0.3270, Val Loss: 2.1902, Val Acc: 0.2540
2025-04-09 02:45:34,361 [INFO] Epoch 14/20, Train Loss: 1.9568, Train Acc: 0.3360, Val Loss: 2.1713, Val Acc: 0.2640
2025-04-09 02:45:35,227 [INFO] Epoch 15/20, Train Loss: 1.9303, Train Acc: 0.3460, Val Loss: 2.1504, Val Acc: 0.2640
2025-04-09 02:45:36,106 [INFO] Epoch 16/20, Train Loss: 1.9041, Train Acc: 0.3540, Val Loss: 2.1355, Val Acc: 0.2740
2025-04-09 02:45:36,969 [INFO] Epoch 17/20, Train Loss: 1.8793, Train Acc: 0.3610, Val Loss: 2.1222, Val Acc: 0.2740
2025-04-09 02:45:37,803 [INFO] Epoch 18/20, Train Loss: 1.8567, Train Acc: 0.3730, Val Loss: 2.1060, Val Acc: 0.2800
2025-04-09 02:45:38,532 [INFO] Epoch 19/20, Train Loss: 1.8353, Train Acc: 0.3810, Val Loss: 2.0930, Val Acc: 0.2840
2025-04-09 02:45:39,322 [INFO] Epoch 20/20, Train Loss: 1.8161, Train Acc: 0.3900, Val Loss: 2.0890, Val Acc: 0.2740
