2025-04-13 15:30:28,970 [INFO] Starting CIFAR-10 training...
2025-04-13 15:30:30,300 [INFO] Starting hyperparameter search...
2025-04-13 15:30:31,871 [INFO] Epoch 1/5, Train Loss: 2.8147, Train Acc: 0.0880, Val Loss: 2.5153, Val Acc: 0.1800
2025-04-13 15:30:32,243 [INFO] Epoch 2/5, Train Loss: 2.7879, Train Acc: 0.0980, Val Loss: 2.4929, Val Acc: 0.1600
2025-04-13 15:30:32,632 [INFO] Epoch 3/5, Train Loss: 2.7640, Train Acc: 0.0960, Val Loss: 2.4732, Val Acc: 0.1600
2025-04-13 15:30:33,067 [INFO] Epoch 4/5, Train Loss: 2.7408, Train Acc: 0.1120, Val Loss: 2.4544, Val Acc: 0.1600
2025-04-13 15:30:33,481 [INFO] Epoch 5/5, Train Loss: 2.7206, Train Acc: 0.1140, Val Loss: 2.4386, Val Acc: 0.1600
2025-04-13 15:30:33,482 [INFO] 实验完成：lr=0.001, reg=0.0001, val_acc=0.1800
2025-04-13 15:30:33,872 [INFO] Epoch 1/5, Train Loss: 2.8419, Train Acc: 0.1040, Val Loss: 2.8371, Val Acc: 0.1200
2025-04-13 15:30:34,272 [INFO] Epoch 2/5, Train Loss: 2.8241, Train Acc: 0.1040, Val Loss: 2.8229, Val Acc: 0.1200
2025-04-13 15:30:34,698 [INFO] Epoch 3/5, Train Loss: 2.8071, Train Acc: 0.1100, Val Loss: 2.8100, Val Acc: 0.1400
2025-04-13 15:30:35,081 [INFO] Epoch 4/5, Train Loss: 2.7920, Train Acc: 0.1120, Val Loss: 2.7986, Val Acc: 0.1400
2025-04-13 15:30:35,506 [INFO] Epoch 5/5, Train Loss: 2.7767, Train Acc: 0.1100, Val Loss: 2.7869, Val Acc: 0.1400
2025-04-13 15:30:35,506 [INFO] 实验完成：lr=0.001, reg=0.001, val_acc=0.1400
2025-04-13 15:30:35,938 [INFO] Epoch 1/5, Train Loss: 3.7819, Train Acc: 0.1340, Val Loss: 3.8315, Val Acc: 0.1000
2025-04-13 15:30:36,329 [INFO] Epoch 2/5, Train Loss: 3.7513, Train Acc: 0.1360, Val Loss: 3.8035, Val Acc: 0.1200
2025-04-13 15:30:36,739 [INFO] Epoch 3/5, Train Loss: 3.7249, Train Acc: 0.1340, Val Loss: 3.7775, Val Acc: 0.1200
2025-04-13 15:30:37,162 [INFO] Epoch 4/5, Train Loss: 3.6998, Train Acc: 0.1340, Val Loss: 3.7542, Val Acc: 0.1200
2025-04-13 15:30:37,547 [INFO] Epoch 5/5, Train Loss: 3.6768, Train Acc: 0.1400, Val Loss: 3.7330, Val Acc: 0.1200
2025-04-13 15:30:37,548 [INFO] 实验完成：lr=0.001, reg=0.01, val_acc=0.1200
2025-04-13 15:30:37,973 [INFO] Epoch 1/5, Train Loss: 2.1312, Train Acc: 0.2540, Val Loss: 2.5084, Val Acc: 0.1600
2025-04-13 15:30:38,354 [INFO] Epoch 2/5, Train Loss: 2.0097, Train Acc: 0.3180, Val Loss: 2.3440, Val Acc: 0.1400
2025-04-13 15:30:38,811 [INFO] Epoch 3/5, Train Loss: 1.9600, Train Acc: 0.3340, Val Loss: 2.2902, Val Acc: 0.1400
2025-04-13 15:30:39,223 [INFO] Epoch 4/5, Train Loss: 1.9208, Train Acc: 0.3460, Val Loss: 2.2816, Val Acc: 0.1400
2025-04-13 15:30:39,615 [INFO] Epoch 5/5, Train Loss: 1.8817, Train Acc: 0.3720, Val Loss: 2.2491, Val Acc: 0.1800
2025-04-13 15:30:39,619 [INFO] 实验完成：lr=0.01, reg=0.0001, val_acc=0.1800
2025-04-13 15:30:40,043 [INFO] Epoch 1/5, Train Loss: 2.1763, Train Acc: 0.2920, Val Loss: 2.4480, Val Acc: 0.2000
2025-04-13 15:30:40,478 [INFO] Epoch 2/5, Train Loss: 2.0264, Train Acc: 0.3240, Val Loss: 2.3286, Val Acc: 0.2400
2025-04-13 15:30:40,883 [INFO] Epoch 3/5, Train Loss: 1.9681, Train Acc: 0.3360, Val Loss: 2.2799, Val Acc: 0.2400
2025-04-13 15:30:41,326 [INFO] Epoch 4/5, Train Loss: 1.9296, Train Acc: 0.3480, Val Loss: 2.2592, Val Acc: 0.2200
2025-04-13 15:30:41,743 [INFO] Epoch 5/5, Train Loss: 1.8894, Train Acc: 0.3740, Val Loss: 2.2386, Val Acc: 0.2200
2025-04-13 15:30:41,744 [INFO] 实验完成：lr=0.01, reg=0.001, val_acc=0.2400
2025-04-13 15:30:42,161 [INFO] Epoch 1/5, Train Loss: 3.0974, Train Acc: 0.2980, Val Loss: 3.5097, Val Acc: 0.2800
2025-04-13 15:30:42,600 [INFO] Epoch 2/5, Train Loss: 2.9233, Train Acc: 0.3520, Val Loss: 3.3110, Val Acc: 0.2600
2025-04-13 15:30:43,020 [INFO] Epoch 3/5, Train Loss: 2.8780, Train Acc: 0.3680, Val Loss: 3.2738, Val Acc: 0.2800
2025-04-13 15:30:43,431 [INFO] Epoch 4/5, Train Loss: 2.8453, Train Acc: 0.3660, Val Loss: 3.2592, Val Acc: 0.2800
2025-04-13 15:30:43,822 [INFO] Epoch 5/5, Train Loss: 2.8146, Train Acc: 0.3860, Val Loss: 3.2376, Val Acc: 0.3000
2025-04-13 15:30:43,825 [INFO] 实验完成：lr=0.01, reg=0.01, val_acc=0.3000
2025-04-13 15:30:44,245 [INFO] Epoch 1/5, Train Loss: 5.6909, Train Acc: 0.1740, Val Loss: 7.2980, Val Acc: 0.1600
2025-04-13 15:30:44,642 [INFO] Epoch 2/5, Train Loss: 2.1683, Train Acc: 0.2340, Val Loss: 2.5109, Val Acc: 0.2000
2025-04-13 15:30:45,016 [INFO] Epoch 3/5, Train Loss: 2.0545, Train Acc: 0.2380, Val Loss: 2.3532, Val Acc: 0.2000
2025-04-13 15:30:45,444 [INFO] Epoch 4/5, Train Loss: 2.1215, Train Acc: 0.2300, Val Loss: 2.5152, Val Acc: 0.1000
2025-04-13 15:30:45,826 [INFO] Epoch 5/5, Train Loss: 2.0592, Train Acc: 0.2480, Val Loss: 2.4039, Val Acc: 0.1800
2025-04-13 15:30:45,827 [INFO] 实验完成：lr=0.1, reg=0.0001, val_acc=0.2000
2025-04-13 15:30:46,231 [INFO] Epoch 1/5, Train Loss: 3.8221, Train Acc: 0.1860, Val Loss: 4.0771, Val Acc: 0.1600
2025-04-13 15:30:46,611 [INFO] Epoch 2/5, Train Loss: 2.2767, Train Acc: 0.2300, Val Loss: 2.6741, Val Acc: 0.1200
2025-04-13 15:30:46,985 [INFO] Epoch 3/5, Train Loss: 2.1777, Train Acc: 0.2680, Val Loss: 2.4956, Val Acc: 0.2200
2025-04-13 15:30:47,374 [INFO] Epoch 4/5, Train Loss: 2.1884, Train Acc: 0.2860, Val Loss: 2.5156, Val Acc: 0.2400
2025-04-13 15:30:47,742 [INFO] Epoch 5/5, Train Loss: 2.1775, Train Acc: 0.2560, Val Loss: 2.6287, Val Acc: 0.1800
2025-04-13 15:30:47,743 [INFO] 实验完成：lr=0.1, reg=0.001, val_acc=0.2400
2025-04-13 15:30:48,110 [INFO] Epoch 1/5, Train Loss: 5.3089, Train Acc: 0.1800, Val Loss: 5.0306, Val Acc: 0.1800
2025-04-13 15:30:48,487 [INFO] Epoch 2/5, Train Loss: 3.2466, Train Acc: 0.2400, Val Loss: 3.5335, Val Acc: 0.1800
2025-04-13 15:30:48,847 [INFO] Epoch 3/5, Train Loss: 3.2844, Train Acc: 0.1980, Val Loss: 3.5250, Val Acc: 0.1800
2025-04-13 15:30:49,242 [INFO] Epoch 4/5, Train Loss: 3.1357, Train Acc: 0.2840, Val Loss: 3.4603, Val Acc: 0.1200
2025-04-13 15:30:49,626 [INFO] Epoch 5/5, Train Loss: 3.1314, Train Acc: 0.2820, Val Loss: 3.4679, Val Acc: 0.2000
2025-04-13 15:30:49,632 [INFO] 实验完成：lr=0.1, reg=0.01, val_acc=0.2000
2025-04-13 15:30:49,937 [INFO] Epoch 1/5, Train Loss: 2.6040, Train Acc: 0.0960, Val Loss: 2.6025, Val Acc: 0.1400
2025-04-13 15:30:50,229 [INFO] Epoch 2/5, Train Loss: 2.5895, Train Acc: 0.1000, Val Loss: 2.5930, Val Acc: 0.1400
2025-04-13 15:30:50,522 [INFO] Epoch 3/5, Train Loss: 2.5766, Train Acc: 0.1080, Val Loss: 2.5840, Val Acc: 0.1600
2025-04-13 15:30:49,897 [INFO] Epoch 4/5, Train Loss: 2.5630, Train Acc: 0.1120, Val Loss: 2.5747, Val Acc: 0.1400
2025-04-13 15:30:50,189 [INFO] Epoch 5/5, Train Loss: 2.5500, Train Acc: 0.1140, Val Loss: 2.5663, Val Acc: 0.1400
2025-04-13 15:30:50,191 [INFO] 实验完成：conv1_filters=16, conv2_filters=16, val_acc=0.1600
2025-04-13 15:30:50,531 [INFO] Epoch 1/5, Train Loss: 2.9894, Train Acc: 0.1200, Val Loss: 3.0705, Val Acc: 0.0600
2025-04-13 15:30:50,839 [INFO] Epoch 2/5, Train Loss: 2.9685, Train Acc: 0.1200, Val Loss: 3.0533, Val Acc: 0.0600
2025-04-13 15:30:51,160 [INFO] Epoch 3/5, Train Loss: 2.9485, Train Acc: 0.1220, Val Loss: 3.0367, Val Acc: 0.0600
2025-04-13 15:30:51,471 [INFO] Epoch 4/5, Train Loss: 2.9298, Train Acc: 0.1240, Val Loss: 3.0212, Val Acc: 0.0600
2025-04-13 15:30:51,756 [INFO] Epoch 5/5, Train Loss: 2.9115, Train Acc: 0.1220, Val Loss: 3.0063, Val Acc: 0.0600
2025-04-13 15:30:51,757 [INFO] 实验完成：conv1_filters=16, conv2_filters=32, val_acc=0.0600
2025-04-13 15:30:52,104 [INFO] Epoch 1/5, Train Loss: 2.5664, Train Acc: 0.1380, Val Loss: 2.7151, Val Acc: 0.0400
2025-04-13 15:30:52,414 [INFO] Epoch 2/5, Train Loss: 2.5517, Train Acc: 0.1340, Val Loss: 2.7095, Val Acc: 0.0400
2025-04-13 15:30:52,734 [INFO] Epoch 3/5, Train Loss: 2.5391, Train Acc: 0.1340, Val Loss: 2.7052, Val Acc: 0.0400
2025-04-13 15:30:53,032 [INFO] Epoch 4/5, Train Loss: 2.5280, Train Acc: 0.1360, Val Loss: 2.7016, Val Acc: 0.0400
2025-04-13 15:30:53,333 [INFO] Epoch 5/5, Train Loss: 2.5162, Train Acc: 0.1360, Val Loss: 2.6978, Val Acc: 0.0600
2025-04-13 15:30:53,336 [INFO] 实验完成：conv1_filters=16, conv2_filters=64, val_acc=0.0600
2025-04-13 15:30:53,688 [INFO] Epoch 1/5, Train Loss: 2.7993, Train Acc: 0.1160, Val Loss: 2.9588, Val Acc: 0.0400
2025-04-13 15:30:54,047 [INFO] Epoch 2/5, Train Loss: 2.7820, Train Acc: 0.1160, Val Loss: 2.9416, Val Acc: 0.0400
2025-04-13 15:30:54,426 [INFO] Epoch 3/5, Train Loss: 2.7649, Train Acc: 0.1160, Val Loss: 2.9243, Val Acc: 0.0400
2025-04-13 15:30:54,783 [INFO] Epoch 4/5, Train Loss: 2.7484, Train Acc: 0.1180, Val Loss: 2.9081, Val Acc: 0.0400
2025-04-13 15:30:55,125 [INFO] Epoch 5/5, Train Loss: 2.7326, Train Acc: 0.1140, Val Loss: 2.8924, Val Acc: 0.0400
2025-04-13 15:30:55,126 [INFO] 实验完成：conv1_filters=32, conv2_filters=16, val_acc=0.0400
2025-04-13 15:30:55,511 [INFO] Epoch 1/5, Train Loss: 2.8050, Train Acc: 0.1080, Val Loss: 2.4436, Val Acc: 0.1400
2025-04-13 15:30:55,891 [INFO] Epoch 2/5, Train Loss: 2.7865, Train Acc: 0.1140, Val Loss: 2.4281, Val Acc: 0.1400
2025-04-13 15:30:56,262 [INFO] Epoch 3/5, Train Loss: 2.7689, Train Acc: 0.1180, Val Loss: 2.4138, Val Acc: 0.1400
2025-04-13 15:30:56,621 [INFO] Epoch 4/5, Train Loss: 2.7525, Train Acc: 0.1200, Val Loss: 2.4003, Val Acc: 0.1400
2025-04-13 15:30:56,974 [INFO] Epoch 5/5, Train Loss: 2.7372, Train Acc: 0.1220, Val Loss: 2.3880, Val Acc: 0.1400
2025-04-13 15:30:56,975 [INFO] 实验完成：conv1_filters=32, conv2_filters=32, val_acc=0.1400
2025-04-13 15:30:57,339 [INFO] Epoch 1/5, Train Loss: 2.7469, Train Acc: 0.1100, Val Loss: 3.0238, Val Acc: 0.0800
2025-04-13 15:30:57,733 [INFO] Epoch 2/5, Train Loss: 2.7301, Train Acc: 0.1100, Val Loss: 3.0053, Val Acc: 0.0800
2025-04-13 15:30:58,099 [INFO] Epoch 3/5, Train Loss: 2.7137, Train Acc: 0.1160, Val Loss: 2.9872, Val Acc: 0.0800
2025-04-13 15:30:58,483 [INFO] Epoch 4/5, Train Loss: 2.6981, Train Acc: 0.1140, Val Loss: 2.9698, Val Acc: 0.0800
2025-04-13 15:30:58,858 [INFO] Epoch 5/5, Train Loss: 2.6835, Train Acc: 0.1160, Val Loss: 2.9537, Val Acc: 0.0800
2025-04-13 15:30:58,859 [INFO] 实验完成：conv1_filters=32, conv2_filters=64, val_acc=0.0800
2025-04-13 15:30:59,366 [INFO] Epoch 1/5, Train Loss: 2.7701, Train Acc: 0.1040, Val Loss: 2.6212, Val Acc: 0.1600
2025-04-13 15:30:59,868 [INFO] Epoch 2/5, Train Loss: 2.7548, Train Acc: 0.1040, Val Loss: 2.6051, Val Acc: 0.1600
2025-04-13 15:31:00,374 [INFO] Epoch 3/5, Train Loss: 2.7405, Train Acc: 0.1040, Val Loss: 2.5903, Val Acc: 0.1600
2025-04-13 15:31:00,867 [INFO] Epoch 4/5, Train Loss: 2.7263, Train Acc: 0.1060, Val Loss: 2.5748, Val Acc: 0.1600
2025-04-13 15:31:01,389 [INFO] Epoch 5/5, Train Loss: 2.7124, Train Acc: 0.1020, Val Loss: 2.5598, Val Acc: 0.1600
2025-04-13 15:31:01,390 [INFO] 实验完成：conv1_filters=64, conv2_filters=16, val_acc=0.1600
2025-04-13 15:31:01,898 [INFO] Epoch 1/5, Train Loss: 2.8114, Train Acc: 0.0880, Val Loss: 2.8312, Val Acc: 0.0200
2025-04-13 15:31:02,406 [INFO] Epoch 2/5, Train Loss: 2.7951, Train Acc: 0.0900, Val Loss: 2.8178, Val Acc: 0.0200
2025-04-13 15:31:02,906 [INFO] Epoch 3/5, Train Loss: 2.7809, Train Acc: 0.0920, Val Loss: 2.8064, Val Acc: 0.0200
2025-04-13 15:31:03,409 [INFO] Epoch 4/5, Train Loss: 2.7661, Train Acc: 0.0920, Val Loss: 2.7941, Val Acc: 0.0200
2025-04-13 15:31:03,915 [INFO] Epoch 5/5, Train Loss: 2.7519, Train Acc: 0.0960, Val Loss: 2.7833, Val Acc: 0.0200
2025-04-13 15:31:03,916 [INFO] 实验完成：conv1_filters=64, conv2_filters=32, val_acc=0.0200
2025-04-13 15:31:04,484 [INFO] Epoch 1/5, Train Loss: 2.8369, Train Acc: 0.0780, Val Loss: 2.7762, Val Acc: 0.1000
2025-04-13 15:31:05,053 [INFO] Epoch 2/5, Train Loss: 2.8093, Train Acc: 0.0820, Val Loss: 2.7568, Val Acc: 0.1000
2025-04-13 15:31:05,621 [INFO] Epoch 3/5, Train Loss: 2.7861, Train Acc: 0.0820, Val Loss: 2.7410, Val Acc: 0.1000
2025-04-13 15:31:06,198 [INFO] Epoch 4/5, Train Loss: 2.7630, Train Acc: 0.0840, Val Loss: 2.7257, Val Acc: 0.1000
2025-04-13 15:31:06,774 [INFO] Epoch 5/5, Train Loss: 2.7434, Train Acc: 0.0820, Val Loss: 2.7129, Val Acc: 0.1000
2025-04-13 15:31:06,775 [INFO] 实验完成：conv1_filters=64, conv2_filters=64, val_acc=0.1000
2025-04-13 15:31:07,274 [INFO] Epoch 1/20, Train Loss: 2.9113, Train Acc: 0.0940, Val Loss: 2.9032, Val Acc: 0.1200
2025-04-13 15:31:07,786 [INFO] Epoch 2/20, Train Loss: 2.8893, Train Acc: 0.1000, Val Loss: 2.8835, Val Acc: 0.1200
2025-04-13 15:31:08,298 [INFO] Epoch 3/20, Train Loss: 2.8693, Train Acc: 0.1020, Val Loss: 2.8663, Val Acc: 0.1200
2025-04-13 15:31:08,798 [INFO] Epoch 4/20, Train Loss: 2.8503, Train Acc: 0.1020, Val Loss: 2.8489, Val Acc: 0.1200
2025-04-13 15:31:09,293 [INFO] Epoch 5/20, Train Loss: 2.8307, Train Acc: 0.1040, Val Loss: 2.8313, Val Acc: 0.1200
2025-04-13 15:31:09,821 [INFO] Epoch 6/20, Train Loss: 2.8118, Train Acc: 0.1060, Val Loss: 2.8143, Val Acc: 0.1200
2025-04-13 15:31:10,329 [INFO] Epoch 7/20, Train Loss: 2.8100, Train Acc: 0.1080, Val Loss: 2.8128, Val Acc: 0.1400
2025-04-13 15:31:10,853 [INFO] Epoch 8/20, Train Loss: 2.8082, Train Acc: 0.1080, Val Loss: 2.8112, Val Acc: 0.1400
2025-04-13 15:31:11,349 [INFO] Epoch 9/20, Train Loss: 2.8064, Train Acc: 0.1080, Val Loss: 2.8095, Val Acc: 0.1400
2025-04-13 15:31:11,852 [INFO] Epoch 10/20, Train Loss: 2.8045, Train Acc: 0.1080, Val Loss: 2.8079, Val Acc: 0.1400
2025-04-13 15:31:12,352 [INFO] Epoch 11/20, Train Loss: 2.8028, Train Acc: 0.1080, Val Loss: 2.8063, Val Acc: 0.1400
2025-04-13 15:31:12,843 [INFO] Epoch 12/20, Train Loss: 2.8026, Train Acc: 0.1080, Val Loss: 2.8062, Val Acc: 0.1400
2025-04-13 15:31:13,363 [INFO] Epoch 13/20, Train Loss: 2.8024, Train Acc: 0.1080, Val Loss: 2.8060, Val Acc: 0.1400
2025-04-13 15:31:13,878 [INFO] Epoch 14/20, Train Loss: 2.8022, Train Acc: 0.1080, Val Loss: 2.8059, Val Acc: 0.1400
2025-04-13 15:31:14,387 [INFO] Epoch 15/20, Train Loss: 2.8021, Train Acc: 0.1080, Val Loss: 2.8057, Val Acc: 0.1400
2025-04-13 15:31:14,893 [INFO] Epoch 16/20, Train Loss: 2.8019, Train Acc: 0.1080, Val Loss: 2.8055, Val Acc: 0.1400
2025-04-13 15:31:15,395 [INFO] Epoch 17/20, Train Loss: 2.8019, Train Acc: 0.1080, Val Loss: 2.8055, Val Acc: 0.1400
2025-04-13 15:31:15,901 [INFO] Epoch 18/20, Train Loss: 2.8018, Train Acc: 0.1080, Val Loss: 2.8055, Val Acc: 0.1400
2025-04-13 15:31:16,418 [INFO] Epoch 19/20, Train Loss: 2.8018, Train Acc: 0.1080, Val Loss: 2.8055, Val Acc: 0.1400
2025-04-13 15:31:16,924 [INFO] Epoch 20/20, Train Loss: 2.8018, Train Acc: 0.1080, Val Loss: 2.8055, Val Acc: 0.1400
2025-04-13 15:31:18,232 [INFO] Test Accuracy: 0.0953
2025-04-13 15:31:18,232 [INFO] Training completed.
