2025-04-11 01:29:55,150 [INFO] Starting CIFAR-10 training...
2025-04-11 01:29:58,803 [INFO] Starting hyperparameter search...
2025-04-11 01:29:58,804 [INFO] 
 Hyperparameters: lr=0.1, reg=0.1
2025-04-11 01:30:00,939 [INFO] Epoch 1/5, Train Loss: 3.1592, Val Loss: 2.1673, Val Acc: 0.1680
2025-04-11 01:30:01,047 [INFO] Epoch 2/5, Train Loss: 1.7928, Val Loss: 2.2374, Val Acc: 0.1960
2025-04-11 01:30:01,146 [INFO] Epoch 3/5, Train Loss: 1.5091, Val Loss: 2.0028, Val Acc: 0.2320
2025-04-11 01:30:01,249 [INFO] Epoch 4/5, Train Loss: 1.4844, Val Loss: 2.4198, Val Acc: 0.1920
2025-04-11 01:30:01,354 [INFO] Epoch 5/5, Train Loss: 1.3981, Val Loss: 2.0752, Val Acc: 0.2280
2025-04-11 01:30:01,359 [INFO] 
 Hyperparameters: lr=0.1, reg=0.01
2025-04-11 01:30:01,463 [INFO] Epoch 1/5, Train Loss: 3.5504, Val Loss: 2.8024, Val Acc: 0.2540
2025-04-11 01:30:01,563 [INFO] Epoch 2/5, Train Loss: 2.2489, Val Loss: 2.6222, Val Acc: 0.2760
2025-04-11 01:30:01,664 [INFO] Epoch 3/5, Train Loss: 1.5532, Val Loss: 2.2907, Val Acc: 0.2780
2025-04-11 01:30:01,769 [INFO] Epoch 4/5, Train Loss: 1.2153, Val Loss: 2.2863, Val Acc: 0.2700
2025-04-11 01:30:01,863 [INFO] Epoch 5/5, Train Loss: 1.0588, Val Loss: 2.2396, Val Acc: 0.2980
2025-04-11 01:30:01,867 [INFO] 
 Hyperparameters: lr=0.1, reg=0.001
2025-04-11 01:30:01,955 [INFO] Epoch 1/5, Train Loss: 3.5998, Val Loss: 2.5507, Val Acc: 0.2380
2025-04-11 01:30:02,064 [INFO] Epoch 2/5, Train Loss: 2.1639, Val Loss: 2.4879, Val Acc: 0.2480
2025-04-11 01:30:02,162 [INFO] Epoch 3/5, Train Loss: 1.5993, Val Loss: 2.1795, Val Acc: 0.3300
2025-04-11 01:30:02,265 [INFO] Epoch 4/5, Train Loss: 1.2590, Val Loss: 2.3210, Val Acc: 0.2860
2025-04-11 01:30:02,366 [INFO] Epoch 5/5, Train Loss: 1.0426, Val Loss: 2.1443, Val Acc: 0.3520
2025-04-11 01:30:02,371 [INFO] 
 Hyperparameters: lr=0.01, reg=0.1
2025-04-11 01:30:02,470 [INFO] Epoch 1/5, Train Loss: 2.3793, Val Loss: 2.1906, Val Acc: 0.2160
2025-04-11 01:30:02,571 [INFO] Epoch 2/5, Train Loss: 1.9302, Val Loss: 1.9954, Val Acc: 0.2960
2025-04-11 01:30:02,670 [INFO] Epoch 3/5, Train Loss: 1.7332, Val Loss: 2.0506, Val Acc: 0.2840
2025-04-11 01:30:02,772 [INFO] Epoch 4/5, Train Loss: 1.5935, Val Loss: 1.8855, Val Acc: 0.3200
2025-04-11 01:30:02,874 [INFO] Epoch 5/5, Train Loss: 1.4963, Val Loss: 1.8548, Val Acc: 0.3280
2025-04-11 01:30:02,881 [INFO] 
 Hyperparameters: lr=0.01, reg=0.01
2025-04-11 01:30:02,985 [INFO] Epoch 1/5, Train Loss: 2.3800, Val Loss: 2.1895, Val Acc: 0.2420
2025-04-11 01:30:03,083 [INFO] Epoch 2/5, Train Loss: 1.9303, Val Loss: 2.0280, Val Acc: 0.3100
2025-04-11 01:30:03,172 [INFO] Epoch 3/5, Train Loss: 1.7262, Val Loss: 2.0027, Val Acc: 0.3000
2025-04-11 01:30:03,271 [INFO] Epoch 4/5, Train Loss: 1.5911, Val Loss: 1.8899, Val Acc: 0.3440
2025-04-11 01:30:03,368 [INFO] Epoch 5/5, Train Loss: 1.4900, Val Loss: 1.8484, Val Acc: 0.3420
2025-04-11 01:30:03,371 [INFO] 
 Hyperparameters: lr=0.01, reg=0.001
2025-04-11 01:30:03,470 [INFO] Epoch 1/5, Train Loss: 2.3586, Val Loss: 2.1807, Val Acc: 0.2200
2025-04-11 01:30:03,568 [INFO] Epoch 2/5, Train Loss: 1.9144, Val Loss: 2.0681, Val Acc: 0.2620
2025-04-11 01:30:03,672 [INFO] Epoch 3/5, Train Loss: 1.7375, Val Loss: 1.9843, Val Acc: 0.2980
2025-04-11 01:30:03,761 [INFO] Epoch 4/5, Train Loss: 1.6044, Val Loss: 1.9427, Val Acc: 0.3080
2025-04-11 01:30:03,856 [INFO] Epoch 5/5, Train Loss: 1.5018, Val Loss: 1.9559, Val Acc: 0.3120
2025-04-11 01:30:03,861 [INFO] 
 Hyperparameters: lr=0.001, reg=0.1
2025-04-11 01:30:03,953 [INFO] Epoch 1/5, Train Loss: 2.8140, Val Loss: 2.5172, Val Acc: 0.1160
2025-04-11 01:30:04,054 [INFO] Epoch 2/5, Train Loss: 2.4777, Val Loss: 2.5201, Val Acc: 0.1260
2025-04-11 01:30:04,144 [INFO] Epoch 3/5, Train Loss: 2.3697, Val Loss: 2.4488, Val Acc: 0.1420
2025-04-11 01:30:04,238 [INFO] Epoch 4/5, Train Loss: 2.3009, Val Loss: 2.4020, Val Acc: 0.1640
2025-04-11 01:30:04,337 [INFO] Epoch 5/5, Train Loss: 2.2347, Val Loss: 2.3577, Val Acc: 0.1700
2025-04-11 01:30:04,344 [INFO] 
 Hyperparameters: lr=0.001, reg=0.01
2025-04-11 01:30:04,453 [INFO] Epoch 1/5, Train Loss: 3.0463, Val Loss: 2.6446, Val Acc: 0.0880
2025-04-11 01:30:04,543 [INFO] Epoch 2/5, Train Loss: 2.6824, Val Loss: 2.6547, Val Acc: 0.1020
2025-04-11 01:30:04,631 [INFO] Epoch 3/5, Train Loss: 2.5375, Val Loss: 2.5652, Val Acc: 0.1240
2025-04-11 01:30:04,718 [INFO] Epoch 4/5, Train Loss: 2.4381, Val Loss: 2.4963, Val Acc: 0.1420
2025-04-11 01:30:04,813 [INFO] Epoch 5/5, Train Loss: 2.3574, Val Loss: 2.4492, Val Acc: 0.1600
2025-04-11 01:30:04,818 [INFO] 
 Hyperparameters: lr=0.001, reg=0.001
2025-04-11 01:30:04,910 [INFO] Epoch 1/5, Train Loss: 2.8958, Val Loss: 2.6188, Val Acc: 0.0680
2025-04-11 01:30:04,996 [INFO] Epoch 2/5, Train Loss: 2.6627, Val Loss: 2.6015, Val Acc: 0.1040
2025-04-11 01:30:05,085 [INFO] Epoch 3/5, Train Loss: 2.5334, Val Loss: 2.5322, Val Acc: 0.1140
2025-04-11 01:30:05,181 [INFO] Epoch 4/5, Train Loss: 2.4366, Val Loss: 2.4541, Val Acc: 0.1360
2025-04-11 01:30:05,271 [INFO] Epoch 5/5, Train Loss: 2.3621, Val Loss: 2.3960, Val Acc: 0.1440
2025-04-11 01:30:05,362 [INFO] Epoch 1/20, Train Loss: 3.3311, Val Loss: 2.7109, Val Acc: 0.2360
2025-04-11 01:30:05,456 [INFO] Epoch 2/20, Train Loss: 2.2108, Val Loss: 2.2723, Val Acc: 0.3080
2025-04-11 01:30:05,546 [INFO] Epoch 3/20, Train Loss: 1.6111, Val Loss: 2.1425, Val Acc: 0.3620
2025-04-11 01:30:05,635 [INFO] Epoch 4/20, Train Loss: 1.2175, Val Loss: 2.1357, Val Acc: 0.3100
2025-04-11 01:30:05,723 [INFO] Epoch 5/20, Train Loss: 1.0693, Val Loss: 1.9812, Val Acc: 0.3480
2025-04-11 01:30:05,805 [INFO] Epoch 6/20, Train Loss: 0.8681, Val Loss: 1.9562, Val Acc: 0.3640
2025-04-11 01:30:05,896 [INFO] Epoch 7/20, Train Loss: 0.7127, Val Loss: 2.8466, Val Acc: 0.2860
2025-04-11 01:30:05,980 [INFO] Epoch 8/20, Train Loss: 0.6013, Val Loss: 2.3112, Val Acc: 0.3240
2025-04-11 01:30:06,073 [INFO] Epoch 9/20, Train Loss: 0.5054, Val Loss: 2.2293, Val Acc: 0.3480
2025-04-11 01:30:06,180 [INFO] Epoch 10/20, Train Loss: 0.4198, Val Loss: 2.1884, Val Acc: 0.3840
2025-04-11 01:30:06,272 [INFO] Epoch 11/20, Train Loss: 0.3348, Val Loss: 2.1974, Val Acc: 0.3780
2025-04-11 01:30:06,361 [INFO] Epoch 12/20, Train Loss: 0.2948, Val Loss: 2.2646, Val Acc: 0.3960
2025-04-11 01:30:06,458 [INFO] Epoch 13/20, Train Loss: 0.2248, Val Loss: 2.1548, Val Acc: 0.4040
2025-04-11 01:30:06,547 [INFO] Epoch 14/20, Train Loss: 0.2101, Val Loss: 2.1878, Val Acc: 0.4240
2025-04-11 01:30:03,853 [INFO] Epoch 15/20, Train Loss: 0.1734, Val Loss: 2.1305, Val Acc: 0.4260
2025-04-11 01:30:03,949 [INFO] Epoch 16/20, Train Loss: 0.1446, Val Loss: 2.0922, Val Acc: 0.4440
2025-04-11 01:30:04,043 [INFO] Epoch 17/20, Train Loss: 0.1291, Val Loss: 2.0708, Val Acc: 0.4440
2025-04-11 01:30:04,131 [INFO] Epoch 18/20, Train Loss: 0.1050, Val Loss: 2.1735, Val Acc: 0.4400
2025-04-11 01:30:04,223 [INFO] Epoch 19/20, Train Loss: 0.0919, Val Loss: 2.1876, Val Acc: 0.4300
2025-04-11 01:30:04,310 [INFO] Epoch 20/20, Train Loss: 0.0764, Val Loss: 2.1265, Val Acc: 0.4660
2025-04-11 01:30:04,581 [INFO] Test Accuracy: 0.4591
2025-04-11 01:30:04,581 [INFO] Training completed.
