2025-04-11 00:07:35,026 [INFO] Starting CIFAR-10 training...
2025-04-11 00:07:36,721 [INFO] Starting hyperparameter search...
2025-04-11 00:07:36,722 [INFO] 
 Hyperparameters: lr=0.1, reg=0.1
2025-04-11 00:07:39,132 [INFO] Epoch 1/5, Train Loss: 8.4443, Train Acc: 0.1470, Val Loss: 8.5639, Val Acc: 0.1400
2025-04-11 00:07:39,876 [INFO] Epoch 2/5, Train Loss: 8.0877, Train Acc: 0.1430, Val Loss: 8.3954, Val Acc: 0.1060
2025-04-11 00:07:40,611 [INFO] Epoch 3/5, Train Loss: 8.1000, Train Acc: 0.1330, Val Loss: 8.5452, Val Acc: 0.1020
2025-04-11 00:07:41,334 [INFO] Epoch 4/5, Train Loss: 5.4020, Train Acc: 0.1650, Val Loss: 5.6163, Val Acc: 0.1120
2025-04-11 00:07:42,070 [INFO] Epoch 5/5, Train Loss: 5.1490, Train Acc: 0.1590, Val Loss: 5.3205, Val Acc: 0.1280
2025-04-11 00:07:42,076 [INFO] 
 Hyperparameters: lr=0.1, reg=0.01
2025-04-11 00:07:42,813 [INFO] Epoch 1/5, Train Loss: 4.0100, Train Acc: 0.1590, Val Loss: 4.0524, Val Acc: 0.1400
2025-04-11 00:07:43,528 [INFO] Epoch 2/5, Train Loss: 4.3767, Train Acc: 0.1430, Val Loss: 4.6180, Val Acc: 0.1280
2025-04-11 00:07:44,234 [INFO] Epoch 3/5, Train Loss: 5.1700, Train Acc: 0.1010, Val Loss: 5.3735, Val Acc: 0.0880
2025-04-11 00:07:44,960 [INFO] Epoch 4/5, Train Loss: 3.9095, Train Acc: 0.1740, Val Loss: 4.1159, Val Acc: 0.1520
2025-04-11 00:07:45,675 [INFO] Epoch 5/5, Train Loss: 5.1102, Train Acc: 0.1420, Val Loss: 5.2826, Val Acc: 0.1300
2025-04-11 00:07:45,678 [INFO] 
 Hyperparameters: lr=0.1, reg=0.001
2025-04-11 00:07:46,475 [INFO] Epoch 1/5, Train Loss: 5.5651, Train Acc: 0.1140, Val Loss: 5.6446, Val Acc: 0.1180
2025-04-11 00:07:47,248 [INFO] Epoch 2/5, Train Loss: 2.9858, Train Acc: 0.1700, Val Loss: 3.1761, Val Acc: 0.1400
2025-04-11 00:07:47,965 [INFO] Epoch 3/5, Train Loss: 4.3543, Train Acc: 0.1330, Val Loss: 4.5498, Val Acc: 0.1160
2025-04-11 00:07:48,712 [INFO] Epoch 4/5, Train Loss: 3.4922, Train Acc: 0.1690, Val Loss: 3.6518, Val Acc: 0.1560
2025-04-11 00:07:49,583 [INFO] Epoch 5/5, Train Loss: 3.7747, Train Acc: 0.1590, Val Loss: 4.1288, Val Acc: 0.1300
2025-04-11 00:07:49,586 [INFO] 
 Hyperparameters: lr=0.01, reg=0.1
2025-04-11 00:07:47,682 [INFO] Epoch 1/5, Train Loss: 8.9990, Train Acc: 0.2750, Val Loss: 9.1125, Val Acc: 0.2280
2025-04-11 00:07:48,472 [INFO] Epoch 2/5, Train Loss: 8.3383, Train Acc: 0.3580, Val Loss: 8.5797, Val Acc: 0.2640
2025-04-11 00:07:49,255 [INFO] Epoch 3/5, Train Loss: 7.8266, Train Acc: 0.4360, Val Loss: 8.1147, Val Acc: 0.2940
2025-04-11 00:07:50,044 [INFO] Epoch 4/5, Train Loss: 7.4458, Train Acc: 0.4620, Val Loss: 7.8018, Val Acc: 0.3180
2025-04-11 00:07:50,792 [INFO] Epoch 5/5, Train Loss: 7.0832, Train Acc: 0.5010, Val Loss: 7.4638, Val Acc: 0.3280
2025-04-11 00:07:50,796 [INFO] 
 Hyperparameters: lr=0.01, reg=0.01
2025-04-11 00:07:51,520 [INFO] Epoch 1/5, Train Loss: 2.7809, Train Acc: 0.2590, Val Loss: 2.9868, Val Acc: 0.2320
2025-04-11 00:07:52,255 [INFO] Epoch 2/5, Train Loss: 2.4970, Train Acc: 0.3600, Val Loss: 2.7636, Val Acc: 0.2860
2025-04-11 00:07:52,986 [INFO] Epoch 3/5, Train Loss: 2.3793, Train Acc: 0.4060, Val Loss: 2.7240, Val Acc: 0.3060
2025-04-11 00:07:53,727 [INFO] Epoch 4/5, Train Loss: 2.2636, Train Acc: 0.4440, Val Loss: 2.6757, Val Acc: 0.3240
2025-04-11 00:07:54,507 [INFO] Epoch 5/5, Train Loss: 2.1461, Train Acc: 0.4940, Val Loss: 2.5889, Val Acc: 0.3300
2025-04-11 00:07:54,510 [INFO] 
 Hyperparameters: lr=0.01, reg=0.001
2025-04-11 00:07:55,210 [INFO] Epoch 1/5, Train Loss: 2.1186, Train Acc: 0.2610, Val Loss: 2.2083, Val Acc: 0.2280
2025-04-11 00:07:55,957 [INFO] Epoch 2/5, Train Loss: 1.9351, Train Acc: 0.3370, Val Loss: 2.1310, Val Acc: 0.2320
2025-04-11 00:07:56,692 [INFO] Epoch 3/5, Train Loss: 1.7474, Train Acc: 0.4060, Val Loss: 2.0053, Val Acc: 0.3100
2025-04-11 00:07:57,499 [INFO] Epoch 4/5, Train Loss: 1.6158, Train Acc: 0.4620, Val Loss: 1.9510, Val Acc: 0.3200
2025-04-11 00:07:58,211 [INFO] Epoch 5/5, Train Loss: 1.5806, Train Acc: 0.4710, Val Loss: 1.9597, Val Acc: 0.3140
2025-04-11 00:07:58,213 [INFO] 
 Hyperparameters: lr=0.001, reg=0.1
2025-04-11 00:07:59,052 [INFO] Epoch 1/5, Train Loss: 10.1490, Train Acc: 0.1090, Val Loss: 10.1312, Val Acc: 0.0820
2025-04-11 00:07:59,951 [INFO] Epoch 2/5, Train Loss: 9.9337, Train Acc: 0.1310, Val Loss: 9.9433, Val Acc: 0.1020
2025-04-11 00:08:00,838 [INFO] Epoch 3/5, Train Loss: 9.7851, Train Acc: 0.1470, Val Loss: 9.8139, Val Acc: 0.1340
2025-04-11 00:08:01,729 [INFO] Epoch 4/5, Train Loss: 9.6590, Train Acc: 0.1690, Val Loss: 9.7021, Val Acc: 0.1520
2025-04-11 00:08:02,567 [INFO] Epoch 5/5, Train Loss: 9.5547, Train Acc: 0.1810, Val Loss: 9.6114, Val Acc: 0.1660
2025-04-11 00:08:02,571 [INFO] 
 Hyperparameters: lr=0.001, reg=0.01
2025-04-11 00:08:03,422 [INFO] Epoch 1/5, Train Loss: 3.4094, Train Acc: 0.1280, Val Loss: 3.4652, Val Acc: 0.0880
2025-04-11 00:08:04,250 [INFO] Epoch 2/5, Train Loss: 3.2204, Train Acc: 0.1430, Val Loss: 3.3066, Val Acc: 0.1140
2025-04-11 00:08:05,038 [INFO] Epoch 3/5, Train Loss: 3.1150, Train Acc: 0.1760, Val Loss: 3.2217, Val Acc: 0.1300
2025-04-11 00:08:05,859 [INFO] Epoch 4/5, Train Loss: 3.0398, Train Acc: 0.1910, Val Loss: 3.1635, Val Acc: 0.1500
2025-04-11 00:08:06,750 [INFO] Epoch 5/5, Train Loss: 2.9801, Train Acc: 0.2120, Val Loss: 3.1125, Val Acc: 0.1620
2025-04-11 00:08:06,754 [INFO] 
 Hyperparameters: lr=0.001, reg=0.001
2025-04-11 00:08:07,586 [INFO] Epoch 1/5, Train Loss: 2.8907, Train Acc: 0.0850, Val Loss: 2.9377, Val Acc: 0.0800
2025-04-11 00:08:08,416 [INFO] Epoch 2/5, Train Loss: 2.6967, Train Acc: 0.1110, Val Loss: 2.7636, Val Acc: 0.0780
2025-04-11 00:08:09,210 [INFO] Epoch 3/5, Train Loss: 2.5720, Train Acc: 0.1410, Val Loss: 2.6505, Val Acc: 0.1100
2025-04-11 00:08:10,033 [INFO] Epoch 4/5, Train Loss: 2.4768, Train Acc: 0.1600, Val Loss: 2.5645, Val Acc: 0.1280
2025-04-11 00:08:10,911 [INFO] Epoch 5/5, Train Loss: 2.3991, Train Acc: 0.1780, Val Loss: 2.4968, Val Acc: 0.1480
2025-04-11 00:08:11,791 [INFO] Epoch 1/20, Train Loss: 2.7601, Train Acc: 0.2760, Val Loss: 2.8664, Val Acc: 0.2580
2025-04-11 00:08:12,637 [INFO] Epoch 2/20, Train Loss: 2.5640, Train Acc: 0.3510, Val Loss: 2.8107, Val Acc: 0.2780
2025-04-11 00:08:13,485 [INFO] Epoch 3/20, Train Loss: 2.3631, Train Acc: 0.4220, Val Loss: 2.6570, Val Acc: 0.3040
2025-04-11 00:08:14,317 [INFO] Epoch 4/20, Train Loss: 2.2637, Train Acc: 0.4520, Val Loss: 2.5829, Val Acc: 0.3620
2025-04-11 00:08:15,280 [INFO] Epoch 5/20, Train Loss: 2.1635, Train Acc: 0.4920, Val Loss: 2.5367, Val Acc: 0.3440
2025-04-11 00:08:16,211 [INFO] Epoch 6/20, Train Loss: 2.0787, Train Acc: 0.5250, Val Loss: 2.4971, Val Acc: 0.3740
2025-04-11 00:08:17,011 [INFO] Epoch 7/20, Train Loss: 2.0394, Train Acc: 0.5330, Val Loss: 2.4972, Val Acc: 0.3580
2025-04-11 00:08:17,912 [INFO] Epoch 8/20, Train Loss: 1.9924, Train Acc: 0.5690, Val Loss: 2.4868, Val Acc: 0.3440
2025-04-11 00:08:18,727 [INFO] Epoch 9/20, Train Loss: 1.9245, Train Acc: 0.6030, Val Loss: 2.4258, Val Acc: 0.4060
2025-04-11 00:08:19,500 [INFO] Epoch 10/20, Train Loss: 1.9079, Train Acc: 0.6050, Val Loss: 2.4572, Val Acc: 0.3700
2025-04-11 00:08:17,602 [INFO] Epoch 11/20, Train Loss: 1.8588, Train Acc: 0.6170, Val Loss: 2.4315, Val Acc: 0.3440
2025-04-11 00:08:18,422 [INFO] Epoch 12/20, Train Loss: 1.8242, Train Acc: 0.6390, Val Loss: 2.4026, Val Acc: 0.3800
2025-04-11 00:08:19,264 [INFO] Epoch 13/20, Train Loss: 1.8024, Train Acc: 0.6420, Val Loss: 2.4245, Val Acc: 0.3720
2025-04-11 00:08:20,090 [INFO] Epoch 14/20, Train Loss: 1.7848, Train Acc: 0.6390, Val Loss: 2.4148, Val Acc: 0.3820
2025-04-11 00:08:20,947 [INFO] Epoch 15/20, Train Loss: 1.7577, Train Acc: 0.6550, Val Loss: 2.4278, Val Acc: 0.3780
2025-04-11 00:08:21,787 [INFO] Epoch 16/20, Train Loss: 1.7497, Train Acc: 0.6630, Val Loss: 2.4195, Val Acc: 0.3620
2025-04-11 00:08:22,559 [INFO] Epoch 17/20, Train Loss: 1.7222, Train Acc: 0.6780, Val Loss: 2.4003, Val Acc: 0.3800
2025-04-11 00:08:23,486 [INFO] Epoch 18/20, Train Loss: 1.7157, Train Acc: 0.6840, Val Loss: 2.4095, Val Acc: 0.3880
2025-04-11 00:08:24,473 [INFO] Epoch 19/20, Train Loss: 1.6955, Train Acc: 0.7040, Val Loss: 2.3810, Val Acc: 0.4180
2025-04-11 00:08:25,430 [INFO] Epoch 20/20, Train Loss: 1.6751, Train Acc: 0.7060, Val Loss: 2.3920, Val Acc: 0.4020
2025-04-11 00:08:26,492 [INFO] Test Accuracy: 0.3829
2025-04-11 00:08:26,492 [INFO] Training completed.
