2025-04-12 02:16:06,765 [INFO] Starting CIFAR-10 training...
2025-04-12 02:16:08,227 [INFO] Starting hyperparameter search...
2025-04-12 02:16:08,228 [INFO] 
 Hyperparameters: lr=0.1, reg=0.1
2025-04-12 02:16:10,174 [INFO] Epoch 1/2, Train Loss: 9.7138, Train Acc: 0.1650, Val Loss: 10.0533, Val Acc: 0.1180
2025-04-12 02:16:10,981 [INFO] Epoch 2/2, Train Loss: 7.1219, Train Acc: 0.1780, Val Loss: 7.2925, Val Acc: 0.1440
2025-04-12 02:16:10,987 [INFO] 
 Hyperparameters: lr=0.1, reg=0.01
2025-04-12 02:16:11,723 [INFO] Epoch 1/2, Train Loss: 5.9911, Train Acc: 0.1250, Val Loss: 6.0786, Val Acc: 0.1220
2025-04-12 02:16:12,516 [INFO] Epoch 2/2, Train Loss: 4.6167, Train Acc: 0.1530, Val Loss: 4.6613, Val Acc: 0.1580
2025-04-12 02:16:12,520 [INFO] 
 Hyperparameters: lr=0.1, reg=0.001
2025-04-12 02:16:13,255 [INFO] Epoch 1/2, Train Loss: 3.5734, Train Acc: 0.1820, Val Loss: 3.8068, Val Acc: 0.1380
2025-04-12 02:16:13,960 [INFO] Epoch 2/2, Train Loss: 4.0873, Train Acc: 0.1600, Val Loss: 4.4195, Val Acc: 0.1400
2025-04-12 02:16:13,963 [INFO] 
 Hyperparameters: lr=0.01, reg=0.1
2025-04-12 02:16:14,675 [INFO] Epoch 1/2, Train Loss: 9.1380, Train Acc: 0.2870, Val Loss: 9.3352, Val Acc: 0.2260
2025-04-12 02:16:15,352 [INFO] Epoch 2/2, Train Loss: 8.5214, Train Acc: 0.3580, Val Loss: 8.7815, Val Acc: 0.2800
2025-04-12 02:16:15,355 [INFO] 
 Hyperparameters: lr=0.01, reg=0.01
2025-04-12 02:16:16,031 [INFO] Epoch 1/2, Train Loss: 2.7915, Train Acc: 0.2840, Val Loss: 2.9891, Val Acc: 0.2140
2025-04-12 02:16:16,731 [INFO] Epoch 2/2, Train Loss: 2.5686, Train Acc: 0.3440, Val Loss: 2.8427, Val Acc: 0.2840
2025-04-12 02:16:16,734 [INFO] 
 Hyperparameters: lr=0.01, reg=0.001
2025-04-12 02:16:17,404 [INFO] Epoch 1/2, Train Loss: 2.1565, Train Acc: 0.2670, Val Loss: 2.3205, Val Acc: 0.2560
2025-04-12 02:16:18,064 [INFO] Epoch 2/2, Train Loss: 1.8557, Train Acc: 0.3700, Val Loss: 2.1392, Val Acc: 0.2700
2025-04-12 02:16:18,068 [INFO] 
 Hyperparameters: lr=0.001, reg=0.1
2025-04-12 02:16:18,755 [INFO] Epoch 1/2, Train Loss: 10.0265, Train Acc: 0.1120, Val Loss: 10.1290, Val Acc: 0.0900
2025-04-12 02:16:19,411 [INFO] Epoch 2/2, Train Loss: 9.8378, Train Acc: 0.1350, Val Loss: 9.9591, Val Acc: 0.1120
2025-04-12 02:16:19,414 [INFO] 
 Hyperparameters: lr=0.001, reg=0.01
2025-04-12 02:16:20,084 [INFO] Epoch 1/2, Train Loss: 3.4770, Train Acc: 0.1140, Val Loss: 3.5094, Val Acc: 0.0940
2025-04-12 02:16:20,764 [INFO] Epoch 2/2, Train Loss: 3.3223, Train Acc: 0.1330, Val Loss: 3.3866, Val Acc: 0.1080
2025-04-12 02:16:20,768 [INFO] 
 Hyperparameters: lr=0.001, reg=0.001
2025-04-12 02:16:21,424 [INFO] Epoch 1/2, Train Loss: 2.6917, Train Acc: 0.1130, Val Loss: 2.7313, Val Acc: 0.0960
2025-04-12 02:16:21,202 [INFO] Epoch 2/2, Train Loss: 2.5532, Train Acc: 0.1380, Val Loss: 2.5981, Val Acc: 0.1200
2025-04-12 02:16:21,869 [INFO] Epoch 1/20, Train Loss: 2.8021, Train Acc: 0.2670, Val Loss: 2.9319, Val Acc: 0.2420
2025-04-12 02:16:22,542 [INFO] Epoch 2/20, Train Loss: 2.5476, Train Acc: 0.3590, Val Loss: 2.7977, Val Acc: 0.2660
2025-04-12 02:16:23,208 [INFO] Epoch 3/20, Train Loss: 2.4132, Train Acc: 0.4090, Val Loss: 2.7929, Val Acc: 0.2580
2025-04-12 02:16:23,910 [INFO] Epoch 4/20, Train Loss: 2.2884, Train Acc: 0.4530, Val Loss: 2.7083, Val Acc: 0.3020
2025-04-12 02:16:24,589 [INFO] Epoch 5/20, Train Loss: 2.2162, Train Acc: 0.4880, Val Loss: 2.6744, Val Acc: 0.3440
2025-04-12 02:16:25,301 [INFO] Epoch 6/20, Train Loss: 2.1056, Train Acc: 0.5330, Val Loss: 2.5975, Val Acc: 0.3540
2025-04-12 02:16:26,026 [INFO] Epoch 7/20, Train Loss: 2.0666, Train Acc: 0.5530, Val Loss: 2.6198, Val Acc: 0.3340
2025-04-12 02:16:26,705 [INFO] Epoch 8/20, Train Loss: 2.0088, Train Acc: 0.5880, Val Loss: 2.5847, Val Acc: 0.3520
2025-04-12 02:16:27,388 [INFO] Epoch 9/20, Train Loss: 1.9661, Train Acc: 0.5830, Val Loss: 2.5529, Val Acc: 0.3820
2025-04-12 02:16:28,099 [INFO] Epoch 10/20, Train Loss: 1.9291, Train Acc: 0.6190, Val Loss: 2.5548, Val Acc: 0.3840
2025-04-12 02:16:28,793 [INFO] Epoch 11/20, Train Loss: 1.9133, Train Acc: 0.6370, Val Loss: 2.5304, Val Acc: 0.3980
2025-04-12 02:16:29,488 [INFO] Epoch 12/20, Train Loss: 1.8852, Train Acc: 0.6270, Val Loss: 2.5519, Val Acc: 0.3920
2025-04-12 02:16:30,199 [INFO] Epoch 13/20, Train Loss: 1.8545, Train Acc: 0.6460, Val Loss: 2.5129, Val Acc: 0.4000
2025-04-12 02:16:30,872 [INFO] Epoch 14/20, Train Loss: 1.8387, Train Acc: 0.6480, Val Loss: 2.5301, Val Acc: 0.3940
2025-04-12 02:16:31,565 [INFO] Epoch 15/20, Train Loss: 1.8125, Train Acc: 0.6730, Val Loss: 2.5341, Val Acc: 0.3840
2025-04-12 02:16:32,261 [INFO] Epoch 16/20, Train Loss: 1.7957, Train Acc: 0.6800, Val Loss: 2.5200, Val Acc: 0.3940
2025-04-12 02:16:32,947 [INFO] Epoch 17/20, Train Loss: 1.7825, Train Acc: 0.6830, Val Loss: 2.5111, Val Acc: 0.3920
2025-04-12 02:16:33,615 [INFO] Epoch 18/20, Train Loss: 1.7774, Train Acc: 0.6820, Val Loss: 2.5033, Val Acc: 0.4180
2025-04-12 02:16:34,297 [INFO] Epoch 19/20, Train Loss: 1.7638, Train Acc: 0.6840, Val Loss: 2.5366, Val Acc: 0.3840
2025-04-12 02:16:34,964 [INFO] Epoch 20/20, Train Loss: 1.7525, Train Acc: 0.6940, Val Loss: 2.5063, Val Acc: 0.4020
2025-04-12 02:16:35,699 [INFO] Test Accuracy: 0.3756
2025-04-12 02:16:35,700 [INFO] Test metrics saved to /home/spoil/cv/assignment01/experiments/results/20250412_021606/test_metrics.csv
2025-04-12 02:16:35,700 [INFO] Training completed.
