2025-04-12 02:34:59,398 [INFO] Starting CIFAR-10 training...
2025-04-12 02:35:00,872 [INFO] Starting hyperparameter search...
2025-04-12 02:35:00,872 [INFO] 
 Hyperparameters: lr=0.1, reg=0.1
2025-04-12 02:35:02,873 [INFO] Epoch 1/5, Train Loss: 9.2628, Train Acc: 0.1350, Val Loss: 9.4376, Val Acc: 0.1160
2025-04-12 02:35:03,676 [INFO] Epoch 2/5, Train Loss: 8.8495, Train Acc: 0.1410, Val Loss: 9.0647, Val Acc: 0.1420
2025-04-12 02:35:04,507 [INFO] Epoch 3/5, Train Loss: 7.1108, Train Acc: 0.1550, Val Loss: 7.4220, Val Acc: 0.1260
2025-04-12 02:35:05,356 [INFO] Epoch 4/5, Train Loss: 6.5163, Train Acc: 0.1560, Val Loss: 6.8345, Val Acc: 0.1380
2025-04-12 02:35:06,256 [INFO] Epoch 5/5, Train Loss: 6.1546, Train Acc: 0.1750, Val Loss: 6.3869, Val Acc: 0.1460
2025-04-12 02:35:06,263 [INFO] 
 Hyperparameters: lr=0.1, reg=0.01
2025-04-12 02:35:07,049 [INFO] Epoch 1/5, Train Loss: 5.0717, Train Acc: 0.1290, Val Loss: 5.1431, Val Acc: 0.1260
2025-04-12 02:35:07,821 [INFO] Epoch 2/5, Train Loss: 4.0939, Train Acc: 0.1870, Val Loss: 4.4250, Val Acc: 0.1380
2025-04-12 02:35:08,562 [INFO] Epoch 3/5, Train Loss: 3.7215, Train Acc: 0.1990, Val Loss: 3.8886, Val Acc: 0.1740
2025-04-12 02:35:09,326 [INFO] Epoch 4/5, Train Loss: 4.6165, Train Acc: 0.1480, Val Loss: 4.8220, Val Acc: 0.1280
2025-04-12 02:35:10,115 [INFO] Epoch 5/5, Train Loss: 5.1566, Train Acc: 0.1350, Val Loss: 5.5052, Val Acc: 0.1260
2025-04-12 02:35:10,118 [INFO] 
 Hyperparameters: lr=0.1, reg=0.001
2025-04-12 02:35:10,889 [INFO] Epoch 1/5, Train Loss: 2.8945, Train Acc: 0.1910, Val Loss: 2.9764, Val Acc: 0.1840
2025-04-12 02:35:11,626 [INFO] Epoch 2/5, Train Loss: 4.6373, Train Acc: 0.1460, Val Loss: 4.8001, Val Acc: 0.1300
2025-04-12 02:35:12,364 [INFO] Epoch 3/5, Train Loss: 3.4359, Train Acc: 0.1630, Val Loss: 3.6322, Val Acc: 0.1340
2025-04-12 02:35:13,182 [INFO] Epoch 4/5, Train Loss: 3.0135, Train Acc: 0.2230, Val Loss: 3.3760, Val Acc: 0.1600
2025-04-12 02:35:13,963 [INFO] Epoch 5/5, Train Loss: 3.6741, Train Acc: 0.1750, Val Loss: 3.9436, Val Acc: 0.1540
2025-04-12 02:35:13,965 [INFO] 
 Hyperparameters: lr=0.01, reg=0.1
2025-04-12 02:35:14,756 [INFO] Epoch 1/5, Train Loss: 8.7908, Train Acc: 0.2580, Val Loss: 8.9491, Val Acc: 0.1880
2025-04-12 02:35:15,526 [INFO] Epoch 2/5, Train Loss: 8.2481, Train Acc: 0.3130, Val Loss: 8.4822, Val Acc: 0.2560
2025-04-12 02:35:16,314 [INFO] Epoch 3/5, Train Loss: 7.7236, Train Acc: 0.4050, Val Loss: 7.9990, Val Acc: 0.2920
2025-04-12 02:35:17,070 [INFO] Epoch 4/5, Train Loss: 7.3460, Train Acc: 0.4230, Val Loss: 7.6792, Val Acc: 0.3060
2025-04-12 02:35:17,792 [INFO] Epoch 5/5, Train Loss: 7.0161, Train Acc: 0.4530, Val Loss: 7.4093, Val Acc: 0.3020
2025-04-12 02:35:17,795 [INFO] 
 Hyperparameters: lr=0.01, reg=0.01
2025-04-12 02:35:18,591 [INFO] Epoch 1/5, Train Loss: 2.8833, Train Acc: 0.2390, Val Loss: 2.9711, Val Acc: 0.2280
2025-04-12 02:35:18,629 [INFO] Epoch 2/5, Train Loss: 2.6532, Train Acc: 0.3090, Val Loss: 2.8563, Val Acc: 0.2620
2025-04-12 02:35:19,457 [INFO] Epoch 3/5, Train Loss: 2.4893, Train Acc: 0.3800, Val Loss: 2.7588, Val Acc: 0.2700
2025-04-12 02:35:20,197 [INFO] Epoch 4/5, Train Loss: 2.3744, Train Acc: 0.4220, Val Loss: 2.7452, Val Acc: 0.2660
2025-04-12 02:35:20,904 [INFO] Epoch 5/5, Train Loss: 2.2869, Train Acc: 0.4630, Val Loss: 2.7026, Val Acc: 0.3020
2025-04-12 02:35:20,908 [INFO] 
 Hyperparameters: lr=0.01, reg=0.001
2025-04-12 02:35:21,633 [INFO] Epoch 1/5, Train Loss: 2.1627, Train Acc: 0.2470, Val Loss: 2.3225, Val Acc: 0.2200
2025-04-12 02:35:22,334 [INFO] Epoch 2/5, Train Loss: 1.8837, Train Acc: 0.3650, Val Loss: 2.1451, Val Acc: 0.2720
2025-04-12 02:35:23,043 [INFO] Epoch 3/5, Train Loss: 1.7704, Train Acc: 0.3830, Val Loss: 2.1140, Val Acc: 0.2860
2025-04-12 02:35:23,774 [INFO] Epoch 4/5, Train Loss: 1.6568, Train Acc: 0.4530, Val Loss: 2.0336, Val Acc: 0.3180
2025-04-12 02:35:24,610 [INFO] Epoch 5/5, Train Loss: 1.6050, Train Acc: 0.4620, Val Loss: 2.0425, Val Acc: 0.3020
2025-04-12 02:35:24,613 [INFO] 
 Hyperparameters: lr=0.001, reg=0.1
2025-04-12 02:35:25,367 [INFO] Epoch 1/5, Train Loss: 9.8722, Train Acc: 0.1150, Val Loss: 9.8831, Val Acc: 0.1140
2025-04-12 02:35:26,172 [INFO] Epoch 2/5, Train Loss: 9.7020, Train Acc: 0.1450, Val Loss: 9.7331, Val Acc: 0.1260
2025-04-12 02:35:26,920 [INFO] Epoch 3/5, Train Loss: 9.5749, Train Acc: 0.1590, Val Loss: 9.6246, Val Acc: 0.1320
2025-04-12 02:35:27,661 [INFO] Epoch 4/5, Train Loss: 9.4711, Train Acc: 0.1700, Val Loss: 9.5348, Val Acc: 0.1440
2025-04-12 02:35:28,414 [INFO] Epoch 5/5, Train Loss: 9.3798, Train Acc: 0.1860, Val Loss: 9.4598, Val Acc: 0.1560
2025-04-12 02:35:28,418 [INFO] 
 Hyperparameters: lr=0.001, reg=0.01
2025-04-12 02:35:29,194 [INFO] Epoch 1/5, Train Loss: 3.4193, Train Acc: 0.1250, Val Loss: 3.4668, Val Acc: 0.1060
2025-04-12 02:35:29,975 [INFO] Epoch 2/5, Train Loss: 3.2679, Train Acc: 0.1530, Val Loss: 3.3137, Val Acc: 0.1260
2025-04-12 02:35:30,712 [INFO] Epoch 3/5, Train Loss: 3.1819, Train Acc: 0.1640, Val Loss: 3.2351, Val Acc: 0.1340
2025-04-12 02:35:31,482 [INFO] Epoch 4/5, Train Loss: 3.1172, Train Acc: 0.1770, Val Loss: 3.1802, Val Acc: 0.1420
2025-04-12 02:35:32,224 [INFO] Epoch 5/5, Train Loss: 3.0649, Train Acc: 0.1910, Val Loss: 3.1342, Val Acc: 0.1500
2025-04-12 02:35:32,228 [INFO] 
 Hyperparameters: lr=0.001, reg=0.001
2025-04-12 02:35:32,974 [INFO] Epoch 1/5, Train Loss: 2.6857, Train Acc: 0.1060, Val Loss: 2.6821, Val Acc: 0.0940
2025-04-12 02:35:33,685 [INFO] Epoch 2/5, Train Loss: 2.5824, Train Acc: 0.1240, Val Loss: 2.5931, Val Acc: 0.1140
2025-04-12 02:35:34,417 [INFO] Epoch 3/5, Train Loss: 2.5042, Train Acc: 0.1440, Val Loss: 2.5286, Val Acc: 0.1120
2025-04-12 02:35:35,181 [INFO] Epoch 4/5, Train Loss: 2.4395, Train Acc: 0.1490, Val Loss: 2.4802, Val Acc: 0.1220
2025-04-12 02:35:36,021 [INFO] Epoch 5/5, Train Loss: 2.3821, Train Acc: 0.1630, Val Loss: 2.4384, Val Acc: 0.1320
2025-04-12 02:35:36,809 [INFO] Epoch 1/20, Train Loss: 2.0509, Train Acc: 0.3180, Val Loss: 2.2465, Val Acc: 0.2600
2025-04-12 02:35:37,593 [INFO] Epoch 2/20, Train Loss: 1.9025, Train Acc: 0.3700, Val Loss: 2.2252, Val Acc: 0.2720
2025-04-12 02:35:38,377 [INFO] Epoch 3/20, Train Loss: 1.7119, Train Acc: 0.4240, Val Loss: 2.0456, Val Acc: 0.2980
2025-04-12 02:35:39,178 [INFO] Epoch 4/20, Train Loss: 1.6190, Train Acc: 0.4620, Val Loss: 2.0641, Val Acc: 0.3000
2025-04-12 02:35:39,957 [INFO] Epoch 5/20, Train Loss: 1.5331, Train Acc: 0.4890, Val Loss: 1.9996, Val Acc: 0.3300
2025-04-12 02:35:40,743 [INFO] Epoch 6/20, Train Loss: 1.4368, Train Acc: 0.5350, Val Loss: 1.9538, Val Acc: 0.3640
2025-04-12 02:35:41,497 [INFO] Epoch 7/20, Train Loss: 1.3825, Train Acc: 0.5640, Val Loss: 1.9433, Val Acc: 0.3620
2025-04-12 02:35:42,304 [INFO] Epoch 8/20, Train Loss: 1.3756, Train Acc: 0.5630, Val Loss: 2.0020, Val Acc: 0.3580
2025-04-12 02:35:43,098 [INFO] Epoch 9/20, Train Loss: 1.2966, Train Acc: 0.5880, Val Loss: 1.9302, Val Acc: 0.3500
2025-04-12 02:35:43,955 [INFO] Epoch 10/20, Train Loss: 1.2607, Train Acc: 0.5970, Val Loss: 1.9268, Val Acc: 0.3600
2025-04-12 02:35:44,792 [INFO] Epoch 11/20, Train Loss: 1.2202, Train Acc: 0.6220, Val Loss: 1.9130, Val Acc: 0.3560
2025-04-12 02:35:45,642 [INFO] Epoch 12/20, Train Loss: 1.2006, Train Acc: 0.6240, Val Loss: 1.9195, Val Acc: 0.3600
2025-04-12 02:35:46,443 [INFO] Epoch 13/20, Train Loss: 1.1566, Train Acc: 0.6530, Val Loss: 1.8995, Val Acc: 0.4000
2025-04-12 02:35:47,277 [INFO] Epoch 14/20, Train Loss: 1.1441, Train Acc: 0.6580, Val Loss: 1.8874, Val Acc: 0.3940
2025-04-12 02:35:48,060 [INFO] Epoch 15/20, Train Loss: 1.1171, Train Acc: 0.6620, Val Loss: 1.9209, Val Acc: 0.3900
2025-04-12 02:35:48,932 [INFO] Epoch 16/20, Train Loss: 1.0878, Train Acc: 0.6810, Val Loss: 1.8635, Val Acc: 0.3900
2025-04-12 02:35:49,810 [INFO] Epoch 17/20, Train Loss: 1.0646, Train Acc: 0.6970, Val Loss: 1.8695, Val Acc: 0.3860
2025-04-12 02:35:50,650 [INFO] Epoch 18/20, Train Loss: 1.0441, Train Acc: 0.7020, Val Loss: 1.8766, Val Acc: 0.3760
2025-04-12 02:35:50,580 [INFO] Epoch 19/20, Train Loss: 1.0310, Train Acc: 0.7020, Val Loss: 1.8679, Val Acc: 0.4120
2025-04-12 02:35:51,498 [INFO] Epoch 20/20, Train Loss: 1.0157, Train Acc: 0.7100, Val Loss: 1.8768, Val Acc: 0.3860
2025-04-12 02:35:52,489 [INFO] Test Accuracy: 0.3926
2025-04-12 02:35:52,490 [INFO] Test metrics saved to /home/spoil/cv/assignment01/experiments/results/20250412_023552/test_metrics.csv
2025-04-12 02:35:52,490 [INFO] Training completed.
