2025-04-11 01:02:52,625 [INFO] Starting CIFAR-10 training...
2025-04-11 01:02:54,181 [INFO] Starting hyperparameter search...
2025-04-11 01:02:54,181 [INFO] 
 Hyperparameters: lr=0.1, reg=0.1
2025-04-11 01:02:56,506 [INFO] Epoch 1/5, Train Loss: 10.0116, Train Acc: 0.1370, Val Loss: 10.2376, Val Acc: 0.1260
2025-04-11 01:02:57,258 [INFO] Epoch 2/5, Train Loss: 8.0634, Train Acc: 0.1360, Val Loss: 8.2438, Val Acc: 0.1360
2025-04-11 01:02:57,976 [INFO] Epoch 3/5, Train Loss: 7.8025, Train Acc: 0.1450, Val Loss: 7.9688, Val Acc: 0.1380
2025-04-11 01:02:58,706 [INFO] Epoch 4/5, Train Loss: 6.1384, Train Acc: 0.1490, Val Loss: 6.4328, Val Acc: 0.1240
2025-04-11 01:02:59,393 [INFO] Epoch 5/5, Train Loss: 6.0048, Train Acc: 0.1460, Val Loss: 6.2068, Val Acc: 0.1300
2025-04-11 01:02:59,397 [INFO] 
 Hyperparameters: lr=0.1, reg=0.01
2025-04-11 01:03:00,138 [INFO] Epoch 1/5, Train Loss: 4.4936, Train Acc: 0.1330, Val Loss: 4.7131, Val Acc: 0.1360
2025-04-11 01:03:00,872 [INFO] Epoch 2/5, Train Loss: 4.8175, Train Acc: 0.1350, Val Loss: 5.2250, Val Acc: 0.1220
2025-04-11 01:03:01,576 [INFO] Epoch 3/5, Train Loss: 3.6114, Train Acc: 0.1820, Val Loss: 3.8889, Val Acc: 0.1520
2025-04-11 01:03:02,324 [INFO] Epoch 4/5, Train Loss: 4.5458, Train Acc: 0.2160, Val Loss: 4.7193, Val Acc: 0.1500
2025-04-11 01:03:03,047 [INFO] Epoch 5/5, Train Loss: 4.1534, Train Acc: 0.2260, Val Loss: 4.4927, Val Acc: 0.1760
2025-04-11 01:03:03,051 [INFO] 
 Hyperparameters: lr=0.1, reg=0.001
2025-04-11 01:03:03,766 [INFO] Epoch 1/5, Train Loss: 3.4180, Train Acc: 0.1270, Val Loss: 3.5734, Val Acc: 0.1200
2025-04-11 01:03:04,479 [INFO] Epoch 2/5, Train Loss: 3.9605, Train Acc: 0.1740, Val Loss: 4.1711, Val Acc: 0.1680
2025-04-11 01:03:05,204 [INFO] Epoch 3/5, Train Loss: 5.8630, Train Acc: 0.1150, Val Loss: 6.2936, Val Acc: 0.0920
2025-04-11 01:03:05,974 [INFO] Epoch 4/5, Train Loss: 3.4220, Train Acc: 0.1750, Val Loss: 3.6980, Val Acc: 0.1540
2025-04-11 01:03:06,737 [INFO] Epoch 5/5, Train Loss: 3.2775, Train Acc: 0.1990, Val Loss: 3.5388, Val Acc: 0.1700
2025-04-11 01:03:06,741 [INFO] 
 Hyperparameters: lr=0.01, reg=0.1
2025-04-11 01:03:07,481 [INFO] Epoch 1/5, Train Loss: 9.0289, Train Acc: 0.2680, Val Loss: 9.2779, Val Acc: 0.1820
2025-04-11 01:03:08,204 [INFO] Epoch 2/5, Train Loss: 8.4088, Train Acc: 0.3380, Val Loss: 8.7204, Val Acc: 0.2440
2025-04-11 01:03:08,917 [INFO] Epoch 3/5, Train Loss: 7.9345, Train Acc: 0.4020, Val Loss: 8.3631, Val Acc: 0.2720
2025-04-11 01:03:09,657 [INFO] Epoch 4/5, Train Loss: 7.4906, Train Acc: 0.4770, Val Loss: 7.9582, Val Acc: 0.3220
2025-04-11 01:03:10,421 [INFO] Epoch 5/5, Train Loss: 7.1845, Train Acc: 0.4500, Val Loss: 7.6720, Val Acc: 0.2960
2025-04-11 01:03:10,424 [INFO] 
 Hyperparameters: lr=0.01, reg=0.01
2025-04-11 01:03:11,138 [INFO] Epoch 1/5, Train Loss: 2.8064, Train Acc: 0.2700, Val Loss: 3.0652, Val Acc: 0.2240
2025-04-11 01:03:12,023 [INFO] Epoch 2/5, Train Loss: 2.5461, Train Acc: 0.3260, Val Loss: 2.8951, Val Acc: 0.2600
2025-04-11 01:03:12,848 [INFO] Epoch 3/5, Train Loss: 2.3940, Train Acc: 0.3900, Val Loss: 2.8446, Val Acc: 0.2760
2025-04-11 01:03:13,621 [INFO] Epoch 4/5, Train Loss: 2.2426, Train Acc: 0.4720, Val Loss: 2.7458, Val Acc: 0.3020
2025-04-11 01:03:14,417 [INFO] Epoch 5/5, Train Loss: 2.1682, Train Acc: 0.5070, Val Loss: 2.7208, Val Acc: 0.3220
2025-04-11 01:03:14,421 [INFO] 
 Hyperparameters: lr=0.01, reg=0.001
2025-04-11 01:03:15,186 [INFO] Epoch 1/5, Train Loss: 2.1006, Train Acc: 0.2820, Val Loss: 2.3517, Val Acc: 0.2060
2025-04-11 01:03:15,964 [INFO] Epoch 2/5, Train Loss: 1.8621, Train Acc: 0.3880, Val Loss: 2.1979, Val Acc: 0.2420
2025-04-11 01:03:16,702 [INFO] Epoch 3/5, Train Loss: 1.8417, Train Acc: 0.3390, Val Loss: 2.2434, Val Acc: 0.2620
2025-04-11 01:03:17,562 [INFO] Epoch 4/5, Train Loss: 1.6311, Train Acc: 0.4500, Val Loss: 2.1107, Val Acc: 0.2940
2025-04-11 01:03:18,336 [INFO] Epoch 5/5, Train Loss: 1.5577, Train Acc: 0.4980, Val Loss: 2.0596, Val Acc: 0.2940
2025-04-11 01:03:18,338 [INFO] 
 Hyperparameters: lr=0.001, reg=0.1
2025-04-11 01:03:19,136 [INFO] Epoch 1/5, Train Loss: 9.7785, Train Acc: 0.1060, Val Loss: 9.8202, Val Acc: 0.1060
2025-04-11 01:03:19,878 [INFO] Epoch 2/5, Train Loss: 9.5567, Train Acc: 0.1430, Val Loss: 9.6315, Val Acc: 0.1320
2025-04-11 01:03:20,625 [INFO] Epoch 3/5, Train Loss: 9.4146, Train Acc: 0.1600, Val Loss: 9.5233, Val Acc: 0.1500
2025-04-11 01:03:21,413 [INFO] Epoch 4/5, Train Loss: 9.2963, Train Acc: 0.1810, Val Loss: 9.4283, Val Acc: 0.1580
2025-04-11 01:03:22,134 [INFO] Epoch 5/5, Train Loss: 9.1924, Train Acc: 0.1980, Val Loss: 9.3506, Val Acc: 0.1580
2025-04-11 01:03:22,137 [INFO] 
 Hyperparameters: lr=0.001, reg=0.01
2025-04-11 01:03:20,107 [INFO] Epoch 1/5, Train Loss: 3.5179, Train Acc: 0.0910, Val Loss: 3.6534, Val Acc: 0.0760
2025-04-11 01:03:20,836 [INFO] Epoch 2/5, Train Loss: 3.2946, Train Acc: 0.1200, Val Loss: 3.4435, Val Acc: 0.0940
2025-04-11 01:03:21,554 [INFO] Epoch 3/5, Train Loss: 3.1690, Train Acc: 0.1510, Val Loss: 3.3356, Val Acc: 0.1180
2025-04-11 01:03:22,279 [INFO] Epoch 4/5, Train Loss: 3.0758, Train Acc: 0.1810, Val Loss: 3.2602, Val Acc: 0.1420
2025-04-11 01:03:22,984 [INFO] Epoch 5/5, Train Loss: 2.9997, Train Acc: 0.2020, Val Loss: 3.2012, Val Acc: 0.1480
2025-04-11 01:03:22,987 [INFO] 
 Hyperparameters: lr=0.001, reg=0.001
2025-04-11 01:03:23,723 [INFO] Epoch 1/5, Train Loss: 2.8305, Train Acc: 0.0850, Val Loss: 2.7910, Val Acc: 0.0940
2025-04-11 01:03:24,476 [INFO] Epoch 2/5, Train Loss: 2.6451, Train Acc: 0.1260, Val Loss: 2.6413, Val Acc: 0.0940
2025-04-11 01:03:25,210 [INFO] Epoch 3/5, Train Loss: 2.5300, Train Acc: 0.1470, Val Loss: 2.5614, Val Acc: 0.1180
