2025-04-12 02:15:02,143 [INFO] Starting CIFAR-10 training...
2025-04-12 02:15:03,562 [INFO] Starting hyperparameter search...
2025-04-12 02:15:03,562 [INFO] 
 Hyperparameters: lr=0.1, reg=0.1
2025-04-12 02:15:05,353 [INFO] Epoch 1/5, Train Loss: 9.3621, Train Acc: 0.1240, Val Loss: 9.4412, Val Acc: 0.1240
2025-04-12 02:15:06,082 [INFO] Epoch 2/5, Train Loss: 9.2252, Train Acc: 0.1150, Val Loss: 9.3326, Val Acc: 0.1400
2025-04-12 02:15:06,746 [INFO] Epoch 3/5, Train Loss: 6.0603, Train Acc: 0.1700, Val Loss: 6.3316, Val Acc: 0.1780
2025-04-12 02:15:07,409 [INFO] Epoch 4/5, Train Loss: 6.5330, Train Acc: 0.1530, Val Loss: 6.6914, Val Acc: 0.1540
2025-04-12 02:15:08,104 [INFO] Epoch 5/5, Train Loss: 5.4895, Train Acc: 0.1730, Val Loss: 5.7003, Val Acc: 0.1340
2025-04-12 02:15:08,107 [INFO] 
 Hyperparameters: lr=0.1, reg=0.01
2025-04-12 02:15:08,752 [INFO] Epoch 1/5, Train Loss: 3.9625, Train Acc: 0.1670, Val Loss: 4.1265, Val Acc: 0.1520
2025-04-12 02:15:09,513 [INFO] Epoch 2/5, Train Loss: 3.6455, Train Acc: 0.2040, Val Loss: 3.8015, Val Acc: 0.1800
2025-04-12 02:15:10,189 [INFO] Epoch 3/5, Train Loss: 3.9325, Train Acc: 0.1800, Val Loss: 4.2899, Val Acc: 0.1480
2025-04-12 02:15:10,883 [INFO] Epoch 4/5, Train Loss: 5.4104, Train Acc: 0.1770, Val Loss: 5.9587, Val Acc: 0.1400
2025-04-12 02:15:11,555 [INFO] Epoch 5/5, Train Loss: 3.9812, Train Acc: 0.2320, Val Loss: 4.1841, Val Acc: 0.1840
2025-04-12 02:15:11,558 [INFO] 
 Hyperparameters: lr=0.1, reg=0.001
2025-04-12 02:15:12,281 [INFO] Epoch 1/5, Train Loss: 4.0980, Train Acc: 0.1600, Val Loss: 4.3372, Val Acc: 0.1500
2025-04-12 02:15:12,975 [INFO] Epoch 2/5, Train Loss: 4.3351, Train Acc: 0.1370, Val Loss: 4.4347, Val Acc: 0.1340
2025-04-12 02:15:13,687 [INFO] Epoch 3/5, Train Loss: 3.7098, Train Acc: 0.1520, Val Loss: 4.1617, Val Acc: 0.1140
2025-04-12 02:15:14,366 [INFO] Epoch 4/5, Train Loss: 4.7468, Train Acc: 0.1640, Val Loss: 5.0018, Val Acc: 0.1600
2025-04-12 02:15:15,077 [INFO] Epoch 5/5, Train Loss: 3.0717, Train Acc: 0.2080, Val Loss: 3.2596, Val Acc: 0.1740
2025-04-12 02:15:15,080 [INFO] 
 Hyperparameters: lr=0.01, reg=0.1
2025-04-12 02:15:15,742 [INFO] Epoch 1/5, Train Loss: 8.7943, Train Acc: 0.2670, Val Loss: 9.0348, Val Acc: 0.2140
2025-04-12 02:15:16,461 [INFO] Epoch 2/5, Train Loss: 8.1780, Train Acc: 0.3430, Val Loss: 8.4777, Val Acc: 0.2640
2025-04-12 02:15:17,144 [INFO] Epoch 3/5, Train Loss: 7.7521, Train Acc: 0.3840, Val Loss: 8.1749, Val Acc: 0.2640
2025-04-12 02:15:17,810 [INFO] Epoch 4/5, Train Loss: 7.2483, Train Acc: 0.4530, Val Loss: 7.6979, Val Acc: 0.2940
2025-04-12 02:15:18,500 [INFO] Epoch 5/5, Train Loss: 6.8992, Train Acc: 0.5110, Val Loss: 7.3575, Val Acc: 0.3280
2025-04-12 02:15:18,504 [INFO] 
 Hyperparameters: lr=0.01, reg=0.01
2025-04-12 02:15:18,314 [INFO] Epoch 1/5, Train Loss: 2.7429, Train Acc: 0.2750, Val Loss: 2.9271, Val Acc: 0.2260
2025-04-12 02:15:18,999 [INFO] Epoch 2/5, Train Loss: 2.5030, Train Acc: 0.3630, Val Loss: 2.7950, Val Acc: 0.2620
2025-04-12 02:15:19,664 [INFO] Epoch 3/5, Train Loss: 2.4528, Train Acc: 0.3770, Val Loss: 2.8355, Val Acc: 0.2600
2025-04-12 02:15:20,333 [INFO] Epoch 4/5, Train Loss: 2.2584, Train Acc: 0.4520, Val Loss: 2.6980, Val Acc: 0.2980
2025-04-12 02:15:21,026 [INFO] Epoch 5/5, Train Loss: 2.1858, Train Acc: 0.4740, Val Loss: 2.6527, Val Acc: 0.3280
2025-04-12 02:15:21,030 [INFO] 
 Hyperparameters: lr=0.01, reg=0.001
2025-04-12 02:15:21,772 [INFO] Epoch 1/5, Train Loss: 2.1398, Train Acc: 0.2520, Val Loss: 2.3817, Val Acc: 0.2080
2025-04-12 02:15:22,497 [INFO] Epoch 2/5, Train Loss: 1.9049, Train Acc: 0.3550, Val Loss: 2.2777, Val Acc: 0.2380
2025-04-12 02:15:23,301 [INFO] Epoch 3/5, Train Loss: 1.6947, Train Acc: 0.4310, Val Loss: 2.1589, Val Acc: 0.2600
2025-04-12 02:15:24,013 [INFO] Epoch 4/5, Train Loss: 1.6472, Train Acc: 0.4480, Val Loss: 2.1822, Val Acc: 0.2620
2025-04-12 02:15:24,747 [INFO] Epoch 5/5, Train Loss: 1.5276, Train Acc: 0.5000, Val Loss: 2.0626, Val Acc: 0.3140
2025-04-12 02:15:24,750 [INFO] 
 Hyperparameters: lr=0.001, reg=0.1
2025-04-12 02:15:25,477 [INFO] Epoch 1/5, Train Loss: 10.1226, Train Acc: 0.1100, Val Loss: 10.0687, Val Acc: 0.0940
2025-04-12 02:15:26,176 [INFO] Epoch 2/5, Train Loss: 9.9164, Train Acc: 0.1370, Val Loss: 9.8957, Val Acc: 0.1160
2025-04-12 02:15:26,898 [INFO] Epoch 3/5, Train Loss: 9.7680, Train Acc: 0.1510, Val Loss: 9.7738, Val Acc: 0.1480
2025-04-12 02:15:27,570 [INFO] Epoch 4/5, Train Loss: 9.6476, Train Acc: 0.1730, Val Loss: 9.6759, Val Acc: 0.1540
2025-04-12 02:15:28,239 [INFO] Epoch 5/5, Train Loss: 9.5464, Train Acc: 0.1920, Val Loss: 9.5867, Val Acc: 0.1640
2025-04-12 02:15:28,242 [INFO] 
 Hyperparameters: lr=0.001, reg=0.01
2025-04-12 02:15:28,965 [INFO] Epoch 1/5, Train Loss: 3.3586, Train Acc: 0.1150, Val Loss: 3.3003, Val Acc: 0.1400
2025-04-12 02:15:29,729 [INFO] Epoch 2/5, Train Loss: 3.2018, Train Acc: 0.1450, Val Loss: 3.2096, Val Acc: 0.1500
2025-04-12 02:15:30,414 [INFO] Epoch 3/5, Train Loss: 3.1186, Train Acc: 0.1610, Val Loss: 3.1629, Val Acc: 0.1720
2025-04-12 02:15:31,092 [INFO] Epoch 4/5, Train Loss: 3.0523, Train Acc: 0.1750, Val Loss: 3.1238, Val Acc: 0.1740
2025-04-12 02:15:31,842 [INFO] Epoch 5/5, Train Loss: 2.9978, Train Acc: 0.1920, Val Loss: 3.0888, Val Acc: 0.1840
2025-04-12 02:15:31,845 [INFO] 
 Hyperparameters: lr=0.001, reg=0.001
2025-04-12 02:15:32,514 [INFO] Epoch 1/5, Train Loss: 2.6475, Train Acc: 0.1250, Val Loss: 2.7076, Val Acc: 0.1060
2025-04-12 02:15:33,229 [INFO] Epoch 2/5, Train Loss: 2.4914, Train Acc: 0.1440, Val Loss: 2.5690, Val Acc: 0.1540
2025-04-12 02:15:33,883 [INFO] Epoch 3/5, Train Loss: 2.4013, Train Acc: 0.1740, Val Loss: 2.4923, Val Acc: 0.1700
2025-04-12 02:15:34,590 [INFO] Epoch 4/5, Train Loss: 2.3333, Train Acc: 0.1940, Val Loss: 2.4421, Val Acc: 0.1820
2025-04-12 02:15:35,328 [INFO] Epoch 5/5, Train Loss: 2.2793, Train Acc: 0.2120, Val Loss: 2.3965, Val Acc: 0.1940
2025-04-12 02:15:36,030 [INFO] Epoch 1/20, Train Loss: 2.8646, Train Acc: 0.2430, Val Loss: 3.0641, Val Acc: 0.1860
2025-04-12 02:15:36,793 [INFO] Epoch 2/20, Train Loss: 2.5123, Train Acc: 0.3750, Val Loss: 2.7859, Val Acc: 0.2740
2025-04-12 02:15:37,491 [INFO] Epoch 3/20, Train Loss: 2.3647, Train Acc: 0.4340, Val Loss: 2.7000, Val Acc: 0.3020
2025-04-12 02:15:38,232 [INFO] Epoch 4/20, Train Loss: 2.2678, Train Acc: 0.4560, Val Loss: 2.6874, Val Acc: 0.3080
2025-04-12 02:15:38,921 [INFO] Epoch 5/20, Train Loss: 2.1955, Train Acc: 0.5110, Val Loss: 2.6384, Val Acc: 0.3160
2025-04-12 02:15:39,679 [INFO] Epoch 6/20, Train Loss: 2.1293, Train Acc: 0.5180, Val Loss: 2.6718, Val Acc: 0.3240
2025-04-12 02:15:40,392 [INFO] Epoch 7/20, Train Loss: 2.0684, Train Acc: 0.5550, Val Loss: 2.6413, Val Acc: 0.3340
2025-04-12 02:15:41,132 [INFO] Epoch 8/20, Train Loss: 2.0283, Train Acc: 0.5600, Val Loss: 2.6108, Val Acc: 0.3500
2025-04-12 02:15:41,914 [INFO] Epoch 9/20, Train Loss: 1.9776, Train Acc: 0.5810, Val Loss: 2.5925, Val Acc: 0.3560
2025-04-12 02:15:42,653 [INFO] Epoch 10/20, Train Loss: 1.9500, Train Acc: 0.5910, Val Loss: 2.5861, Val Acc: 0.3640
2025-04-12 02:15:43,420 [INFO] Epoch 11/20, Train Loss: 1.9388, Train Acc: 0.6020, Val Loss: 2.6098, Val Acc: 0.3580
2025-04-12 02:15:44,192 [INFO] Epoch 12/20, Train Loss: 1.8877, Train Acc: 0.6170, Val Loss: 2.5519, Val Acc: 0.3940
2025-04-12 02:15:44,946 [INFO] Epoch 13/20, Train Loss: 1.8680, Train Acc: 0.6340, Val Loss: 2.5754, Val Acc: 0.3680
2025-04-12 02:15:45,649 [INFO] Epoch 14/20, Train Loss: 1.8544, Train Acc: 0.6410, Val Loss: 2.5623, Val Acc: 0.3600
2025-04-12 02:15:46,463 [INFO] Epoch 15/20, Train Loss: 1.8291, Train Acc: 0.6450, Val Loss: 2.5352, Val Acc: 0.3780
2025-04-12 02:15:47,195 [INFO] Epoch 16/20, Train Loss: 1.7994, Train Acc: 0.6750, Val Loss: 2.5284, Val Acc: 0.3900
2025-04-12 02:15:47,940 [INFO] Epoch 17/20, Train Loss: 1.7786, Train Acc: 0.6880, Val Loss: 2.5215, Val Acc: 0.3860
2025-04-12 02:15:48,719 [INFO] Epoch 18/20, Train Loss: 1.7694, Train Acc: 0.6870, Val Loss: 2.5483, Val Acc: 0.3740
2025-04-12 02:15:49,489 [INFO] Epoch 19/20, Train Loss: 1.7603, Train Acc: 0.6880, Val Loss: 2.5240, Val Acc: 0.3800
2025-04-12 02:15:50,202 [INFO] Epoch 20/20, Train Loss: 1.7406, Train Acc: 0.7060, Val Loss: 2.5159, Val Acc: 0.3720
2025-04-12 02:15:50,123 [INFO] Test Accuracy: 0.3564
2025-04-12 02:15:50,124 [INFO] Test metrics saved to /home/spoil/cv/assignment01/experiments/results/{timestamp}/test_metrics.csv
2025-04-12 02:15:50,124 [INFO] Training completed.
