2025-04-12 12:35:26,468 [INFO] Starting CIFAR-10 training...
2025-04-12 12:35:31,871 [INFO] Starting sequential hyperparameter search...
2025-04-12 12:35:31,871 [INFO] 
Optimizing lr...
2025-04-12 12:35:31,871 [INFO] Testing lr = 0.015
2025-04-12 12:36:06,901 [INFO] Epoch 1/5, Train Loss: 1.7880, Train Acc: 0.4830, Val Loss: 1.8891, Val Acc: 0.4560
2025-04-12 12:36:39,737 [INFO] Epoch 2/5, Train Loss: 1.6741, Train Acc: 0.4960, Val Loss: 1.7164, Val Acc: 0.4880
2025-04-12 12:37:12,567 [INFO] Epoch 3/5, Train Loss: 1.6288, Train Acc: 0.5290, Val Loss: 1.7062, Val Acc: 0.4960
2025-04-12 12:37:45,400 [INFO] Epoch 4/5, Train Loss: 1.5810, Train Acc: 0.5360, Val Loss: 1.6218, Val Acc: 0.5220
2025-04-12 12:38:18,493 [INFO] Epoch 5/5, Train Loss: 1.5932, Train Acc: 0.5330, Val Loss: 1.6049, Val Acc: 0.5200
2025-04-12 12:38:18,497 [INFO] lr=0.015, Val Acc: 0.5220
2025-04-12 12:38:18,569 [INFO] Testing lr = 0.01
2025-04-12 12:38:51,033 [INFO] Epoch 1/5, Train Loss: 1.7482, Train Acc: 0.5070, Val Loss: 1.7645, Val Acc: 0.5080
2025-04-12 12:39:22,324 [INFO] Epoch 2/5, Train Loss: 1.5716, Train Acc: 0.5450, Val Loss: 1.6177, Val Acc: 0.5460
2025-04-12 12:39:54,923 [INFO] Epoch 3/5, Train Loss: 1.5423, Train Acc: 0.5610, Val Loss: 1.5803, Val Acc: 0.5280
2025-04-12 12:40:28,562 [INFO] Epoch 4/5, Train Loss: 1.5363, Train Acc: 0.5450, Val Loss: 1.5719, Val Acc: 0.5460
2025-04-12 12:41:01,435 [INFO] Epoch 5/5, Train Loss: 1.5102, Train Acc: 0.5540, Val Loss: 1.5704, Val Acc: 0.5480
2025-04-12 12:41:01,438 [INFO] lr=0.01, Val Acc: 0.5480
2025-04-12 12:41:01,471 [INFO] Testing lr = 0.095
2025-04-12 12:41:34,595 [INFO] Epoch 1/5, Train Loss: 3.3833, Train Acc: 0.1980, Val Loss: 3.5159, Val Acc: 0.1820
2025-04-12 12:42:05,593 [INFO] Epoch 2/5, Train Loss: 3.1577, Train Acc: 0.1760, Val Loss: 3.0648, Val Acc: 0.1680
2025-04-12 12:42:36,921 [INFO] Epoch 3/5, Train Loss: 2.5655, Train Acc: 0.2320, Val Loss: 2.6605, Val Acc: 0.1900
