2025-04-12 02:30:39,913 [INFO] Starting CIFAR-10 training...
2025-04-12 02:30:41,289 [INFO] Starting hyperparameter search...
2025-04-12 02:30:41,290 [INFO] 
 Hyperparameters: lr=0.1, reg=0.1
2025-04-12 02:30:43,263 [INFO] Epoch 1/5, Train Loss: 10.0173, Train Acc: 0.1300, Val Loss: 10.2255, Val Acc: 0.1260
2025-04-12 02:30:44,045 [INFO] Epoch 2/5, Train Loss: 8.3679, Train Acc: 0.1490, Val Loss: 8.4901, Val Acc: 0.1600
2025-04-12 02:30:44,722 [INFO] Epoch 3/5, Train Loss: 7.5360, Train Acc: 0.1520, Val Loss: 7.6368, Val Acc: 0.1600
2025-04-12 02:30:45,413 [INFO] Epoch 4/5, Train Loss: 5.7201, Train Acc: 0.1730, Val Loss: 5.7289, Val Acc: 0.1540
2025-04-12 02:30:46,086 [INFO] Epoch 5/5, Train Loss: 5.3974, Train Acc: 0.1620, Val Loss: 5.6258, Val Acc: 0.1460
2025-04-12 02:30:46,091 [INFO] 
 Hyperparameters: lr=0.1, reg=0.01
2025-04-12 02:30:46,775 [INFO] Epoch 1/5, Train Loss: 5.4100, Train Acc: 0.1490, Val Loss: 5.5788, Val Acc: 0.1420
2025-04-12 02:30:47,447 [INFO] Epoch 2/5, Train Loss: 4.3708, Train Acc: 0.1490, Val Loss: 4.5173, Val Acc: 0.1500
2025-04-12 02:30:48,127 [INFO] Epoch 3/5, Train Loss: 4.2694, Train Acc: 0.1560, Val Loss: 4.3536, Val Acc: 0.1580
2025-04-12 02:30:48,800 [INFO] Epoch 4/5, Train Loss: 5.3466, Train Acc: 0.1130, Val Loss: 5.6087, Val Acc: 0.1140
2025-04-12 02:30:49,489 [INFO] Epoch 5/5, Train Loss: 6.0343, Train Acc: 0.1270, Val Loss: 6.2879, Val Acc: 0.1280
2025-04-12 02:30:49,492 [INFO] 
 Hyperparameters: lr=0.1, reg=0.001
2025-04-12 02:30:50,153 [INFO] Epoch 1/5, Train Loss: 4.0086, Train Acc: 0.1380, Val Loss: 4.2182, Val Acc: 0.1300
2025-04-12 02:30:50,837 [INFO] Epoch 2/5, Train Loss: 3.6619, Train Acc: 0.1180, Val Loss: 3.6780, Val Acc: 0.1280
2025-04-12 02:30:51,513 [INFO] Epoch 3/5, Train Loss: 4.3365, Train Acc: 0.1360, Val Loss: 4.5754, Val Acc: 0.1140
2025-04-12 02:30:52,210 [INFO] Epoch 4/5, Train Loss: 4.1925, Train Acc: 0.1430, Val Loss: 4.2838, Val Acc: 0.1440
2025-04-12 02:30:52,952 [INFO] Epoch 5/5, Train Loss: 3.7387, Train Acc: 0.1500, Val Loss: 3.9396, Val Acc: 0.1320
2025-04-12 02:30:52,955 [INFO] 
 Hyperparameters: lr=0.01, reg=0.1
2025-04-12 02:30:53,753 [INFO] Epoch 1/5, Train Loss: 9.1573, Train Acc: 0.2200, Val Loss: 9.3044, Val Acc: 0.1620
2025-04-12 02:30:54,580 [INFO] Epoch 2/5, Train Loss: 8.3751, Train Acc: 0.3590, Val Loss: 8.5591, Val Acc: 0.2880
2025-04-12 02:30:55,314 [INFO] Epoch 3/5, Train Loss: 7.9646, Train Acc: 0.3720, Val Loss: 8.2243, Val Acc: 0.2900
