2025-04-12 02:30:15,968 [INFO] Starting CIFAR-10 training...
2025-04-12 02:30:17,633 [INFO] Starting hyperparameter search...
2025-04-12 02:30:17,633 [INFO] 
 Hyperparameters: lr=0.1, reg=0.1
2025-04-12 02:30:20,161 [INFO] Epoch 1/5, Train Loss: 9.7710, Train Acc: 0.1240, Val Loss: 9.5011, Val Acc: 0.1400
2025-04-12 02:30:20,827 [INFO] Epoch 2/5, Train Loss: 9.0793, Train Acc: 0.1350, Val Loss: 9.1536, Val Acc: 0.1500
2025-04-12 02:30:21,589 [INFO] Epoch 3/5, Train Loss: 6.6902, Train Acc: 0.1270, Val Loss: 6.9597, Val Acc: 0.1000
2025-04-12 02:30:22,328 [INFO] Epoch 4/5, Train Loss: 8.3842, Train Acc: 0.1190, Val Loss: 8.6965, Val Acc: 0.1040
2025-04-12 02:30:22,992 [INFO] Epoch 5/5, Train Loss: 5.0843, Train Acc: 0.1900, Val Loss: 5.3000, Val Acc: 0.1780
2025-04-12 02:30:22,998 [INFO] 
 Hyperparameters: lr=0.1, reg=0.01
2025-04-12 02:30:23,656 [INFO] Epoch 1/5, Train Loss: 4.3720, Train Acc: 0.1440, Val Loss: 4.5033, Val Acc: 0.1620
2025-04-12 02:30:24,330 [INFO] Epoch 2/5, Train Loss: 5.0927, Train Acc: 0.1480, Val Loss: 5.1648, Val Acc: 0.1220
2025-04-12 02:30:25,032 [INFO] Epoch 3/5, Train Loss: 4.1155, Train Acc: 0.1600, Val Loss: 4.1237, Val Acc: 0.1820
2025-04-12 02:30:25,735 [INFO] Epoch 4/5, Train Loss: 4.3878, Train Acc: 0.1750, Val Loss: 4.5746, Val Acc: 0.1460
2025-04-12 02:30:26,398 [INFO] Epoch 5/5, Train Loss: 3.4424, Train Acc: 0.2220, Val Loss: 3.7914, Val Acc: 0.1500
2025-04-12 02:30:26,401 [INFO] 
 Hyperparameters: lr=0.1, reg=0.001
2025-04-12 02:30:27,055 [INFO] Epoch 1/5, Train Loss: 5.0437, Train Acc: 0.1130, Val Loss: 4.9105, Val Acc: 0.1360
2025-04-12 02:30:27,726 [INFO] Epoch 2/5, Train Loss: 3.8539, Train Acc: 0.1610, Val Loss: 4.1240, Val Acc: 0.1480
2025-04-12 02:30:28,403 [INFO] Epoch 3/5, Train Loss: 3.0107, Train Acc: 0.1730, Val Loss: 3.0739, Val Acc: 0.1880
2025-04-12 02:30:29,108 [INFO] Epoch 4/5, Train Loss: 3.6375, Train Acc: 0.1680, Val Loss: 3.8891, Val Acc: 0.1560
2025-04-12 02:30:29,794 [INFO] Epoch 5/5, Train Loss: 3.1100, Train Acc: 0.1820, Val Loss: 3.4112, Val Acc: 0.1240
2025-04-12 02:30:29,797 [INFO] 
 Hyperparameters: lr=0.01, reg=0.1
2025-04-12 02:30:30,532 [INFO] Epoch 1/5, Train Loss: 8.7896, Train Acc: 0.2680, Val Loss: 8.9331, Val Acc: 0.2240
2025-04-12 02:30:31,223 [INFO] Epoch 2/5, Train Loss: 8.1173, Train Acc: 0.3510, Val Loss: 8.3603, Val Acc: 0.2680
2025-04-12 02:30:31,909 [INFO] Epoch 3/5, Train Loss: 7.6987, Train Acc: 0.3870, Val Loss: 7.9839, Val Acc: 0.2860
2025-04-12 02:30:32,580 [INFO] Epoch 4/5, Train Loss: 7.2741, Train Acc: 0.4520, Val Loss: 7.6568, Val Acc: 0.2960
2025-04-12 02:30:33,265 [INFO] Epoch 5/5, Train Loss: 6.9302, Train Acc: 0.4870, Val Loss: 7.3307, Val Acc: 0.3200
2025-04-12 02:30:33,268 [INFO] 
 Hyperparameters: lr=0.01, reg=0.01
2025-04-12 02:30:33,972 [INFO] Epoch 1/5, Train Loss: 2.7496, Train Acc: 0.2810, Val Loss: 3.0173, Val Acc: 0.1640
2025-04-12 02:30:34,620 [INFO] Epoch 2/5, Train Loss: 2.5213, Train Acc: 0.3700, Val Loss: 2.8303, Val Acc: 0.2220
2025-04-12 02:30:34,391 [INFO] Epoch 3/5, Train Loss: 2.3948, Train Acc: 0.3920, Val Loss: 2.7912, Val Acc: 0.2560
2025-04-12 02:30:35,103 [INFO] Epoch 4/5, Train Loss: 2.2330, Train Acc: 0.4840, Val Loss: 2.6807, Val Acc: 0.2660
2025-04-12 02:30:35,839 [INFO] Epoch 5/5, Train Loss: 2.1695, Train Acc: 0.4920, Val Loss: 2.6838, Val Acc: 0.3060
2025-04-12 02:30:35,843 [INFO] 
 Hyperparameters: lr=0.01, reg=0.001
2025-04-12 02:30:36,587 [INFO] Epoch 1/5, Train Loss: 2.2211, Train Acc: 0.2460, Val Loss: 2.3608, Val Acc: 0.2240
2025-04-12 02:30:37,343 [INFO] Epoch 2/5, Train Loss: 1.9395, Train Acc: 0.3490, Val Loss: 2.2412, Val Acc: 0.2560
2025-04-12 02:30:38,068 [INFO] Epoch 3/5, Train Loss: 1.7748, Train Acc: 0.3820, Val Loss: 2.1815, Val Acc: 0.2520
2025-04-12 02:30:38,759 [INFO] Epoch 4/5, Train Loss: 1.6594, Train Acc: 0.4440, Val Loss: 2.1474, Val Acc: 0.2700
