2025-04-13 00:27:38,191 [INFO] Starting CIFAR-10 training...
2025-04-13 00:27:39,572 [INFO] Starting hyperparameter search...
2025-04-13 00:27:39,572 [INFO] 
 Hyperparameters: lr=0.015, reg=0.1
2025-04-13 00:27:40,715 [INFO] Epoch 1/5, Train Loss: 9.8393, Train Acc: 0.1500, Val Loss: 9.6303, Val Acc: 0.1800
2025-04-13 00:27:40,827 [INFO] Epoch 2/5, Train Loss: 9.4455, Train Acc: 0.1800, Val Loss: 9.4429, Val Acc: 0.2600
2025-04-13 00:27:40,941 [INFO] Epoch 3/5, Train Loss: 9.1655, Train Acc: 0.2800, Val Loss: 9.3701, Val Acc: 0.2400
2025-04-13 00:27:41,037 [INFO] Epoch 4/5, Train Loss: 8.8893, Train Acc: 0.4000, Val Loss: 9.1789, Val Acc: 0.3400
2025-04-13 00:27:41,136 [INFO] Epoch 5/5, Train Loss: 8.7028, Train Acc: 0.5000, Val Loss: 9.1456, Val Acc: 0.2400
2025-04-13 00:27:41,138 [INFO] 
 Hyperparameters: lr=0.015, reg=0.01
2025-04-13 00:27:41,233 [INFO] Epoch 1/5, Train Loss: 3.2067, Train Acc: 0.1300, Val Loss: 3.3788, Val Acc: 0.1200
2025-04-13 00:27:41,329 [INFO] Epoch 2/5, Train Loss: 2.8161, Train Acc: 0.2600, Val Loss: 3.2005, Val Acc: 0.1400
2025-04-13 00:27:41,424 [INFO] Epoch 3/5, Train Loss: 2.6934, Train Acc: 0.2300, Val Loss: 3.2228, Val Acc: 0.2000
2025-04-13 00:27:41,540 [INFO] Epoch 4/5, Train Loss: 2.3965, Train Acc: 0.4700, Val Loss: 3.0479, Val Acc: 0.2400
2025-04-13 00:27:41,643 [INFO] Epoch 5/5, Train Loss: 2.2790, Train Acc: 0.5200, Val Loss: 3.0489, Val Acc: 0.2400
2025-04-13 00:27:41,643 [INFO] 
 Hyperparameters: lr=0.015, reg=0.001
2025-04-13 00:27:41,738 [INFO] Epoch 1/5, Train Loss: 2.4299, Train Acc: 0.1700, Val Loss: 2.5801, Val Acc: 0.1600
2025-04-13 00:27:41,843 [INFO] Epoch 2/5, Train Loss: 2.2287, Train Acc: 0.1900, Val Loss: 2.5412, Val Acc: 0.1600
2025-04-13 00:27:41,947 [INFO] Epoch 3/5, Train Loss: 1.9231, Train Acc: 0.3400, Val Loss: 2.4407, Val Acc: 0.2200
2025-04-13 00:27:42,057 [INFO] Epoch 4/5, Train Loss: 1.7223, Train Acc: 0.4300, Val Loss: 2.4840, Val Acc: 0.2200
2025-04-13 00:27:42,160 [INFO] Epoch 5/5, Train Loss: 1.5931, Train Acc: 0.5200, Val Loss: 2.4288, Val Acc: 0.2000
2025-04-13 00:27:42,161 [INFO] 
 Hyperparameters: lr=0.01, reg=0.1
2025-04-13 00:27:42,257 [INFO] Epoch 1/5, Train Loss: 9.9540, Train Acc: 0.1700, Val Loss: 10.0422, Val Acc: 0.1600
2025-04-13 00:27:42,361 [INFO] Epoch 2/5, Train Loss: 9.6568, Train Acc: 0.1800, Val Loss: 9.9173, Val Acc: 0.1600
2025-04-13 00:27:42,455 [INFO] Epoch 3/5, Train Loss: 9.4237, Train Acc: 0.2700, Val Loss: 9.9246, Val Acc: 0.2000
2025-04-13 00:27:42,550 [INFO] Epoch 4/5, Train Loss: 9.2236, Train Acc: 0.3100, Val Loss: 9.7773, Val Acc: 0.1800
2025-04-13 00:27:42,641 [INFO] Epoch 5/5, Train Loss: 9.0283, Train Acc: 0.3800, Val Loss: 9.6742, Val Acc: 0.1800
2025-04-13 00:27:42,641 [INFO] 
 Hyperparameters: lr=0.01, reg=0.01
2025-04-13 00:27:42,729 [INFO] Epoch 1/5, Train Loss: 3.3559, Train Acc: 0.1500, Val Loss: 3.5727, Val Acc: 0.0400
2025-04-13 00:27:42,816 [INFO] Epoch 2/5, Train Loss: 3.0623, Train Acc: 0.2300, Val Loss: 3.3698, Val Acc: 0.0800
2025-04-13 00:27:42,898 [INFO] Epoch 3/5, Train Loss: 2.8078, Train Acc: 0.3400, Val Loss: 3.2839, Val Acc: 0.1200
2025-04-13 00:27:42,982 [INFO] Epoch 4/5, Train Loss: 2.6053, Train Acc: 0.3500, Val Loss: 3.1851, Val Acc: 0.1000
2025-04-13 00:27:43,083 [INFO] Epoch 5/5, Train Loss: 2.4440, Train Acc: 0.4700, Val Loss: 3.1540, Val Acc: 0.1000
2025-04-13 00:27:43,084 [INFO] 
 Hyperparameters: lr=0.01, reg=0.001
2025-04-13 00:27:43,182 [INFO] Epoch 1/5, Train Loss: 2.4923, Train Acc: 0.1600, Val Loss: 2.8134, Val Acc: 0.1400
2025-04-13 00:27:43,277 [INFO] Epoch 2/5, Train Loss: 2.2431, Train Acc: 0.2400, Val Loss: 2.7514, Val Acc: 0.0800
2025-04-13 00:27:43,365 [INFO] Epoch 3/5, Train Loss: 2.0154, Train Acc: 0.2600, Val Loss: 2.6833, Val Acc: 0.1000
2025-04-13 00:27:43,462 [INFO] Epoch 4/5, Train Loss: 1.8576, Train Acc: 0.2800, Val Loss: 2.6743, Val Acc: 0.1000
2025-04-13 00:27:43,548 [INFO] Epoch 5/5, Train Loss: 1.6941, Train Acc: 0.4900, Val Loss: 2.5816, Val Acc: 0.1000
2025-04-13 00:27:43,548 [INFO] 
 Hyperparameters: lr=0.095, reg=0.1
2025-04-13 00:27:43,642 [INFO] Epoch 1/5, Train Loss: 11.9444, Train Acc: 0.1400, Val Loss: 12.4564, Val Acc: 0.0800
2025-04-13 00:27:43,728 [INFO] Epoch 2/5, Train Loss: 13.0606, Train Acc: 0.1400, Val Loss: 13.3732, Val Acc: 0.1600
2025-04-13 00:27:43,818 [INFO] Epoch 3/5, Train Loss: 13.2209, Train Acc: 0.1500, Val Loss: 13.5010, Val Acc: 0.1400
2025-04-13 00:27:43,901 [INFO] Epoch 4/5, Train Loss: 10.0699, Train Acc: 0.1400, Val Loss: 10.6971, Val Acc: 0.0600
2025-04-13 00:27:43,982 [INFO] Epoch 5/5, Train Loss: 9.8813, Train Acc: 0.1700, Val Loss: 10.5721, Val Acc: 0.0400
2025-04-13 00:27:43,982 [INFO] 
 Hyperparameters: lr=0.095, reg=0.01
2025-04-13 00:27:44,071 [INFO] Epoch 1/5, Train Loss: 5.6187, Train Acc: 0.2700, Val Loss: 6.1129, Val Acc: 0.1600
2025-04-13 00:27:44,181 [INFO] Epoch 2/5, Train Loss: 3.9442, Train Acc: 0.2100, Val Loss: 4.2365, Val Acc: 0.1600
2025-04-13 00:27:44,284 [INFO] Epoch 3/5, Train Loss: 5.1456, Train Acc: 0.2000, Val Loss: 5.3892, Val Acc: 0.1200
2025-04-13 00:27:44,371 [INFO] Epoch 4/5, Train Loss: 4.3925, Train Acc: 0.2100, Val Loss: 4.2907, Val Acc: 0.1600
2025-04-13 00:27:44,453 [INFO] Epoch 5/5, Train Loss: 4.3889, Train Acc: 0.2100, Val Loss: 3.9240, Val Acc: 0.1200
2025-04-13 00:27:44,453 [INFO] 
 Hyperparameters: lr=0.095, reg=0.001
2025-04-13 00:27:44,536 [INFO] Epoch 1/5, Train Loss: 6.5073, Train Acc: 0.1000, Val Loss: 6.8275, Val Acc: 0.0600
2025-04-13 00:27:44,618 [INFO] Epoch 2/5, Train Loss: 5.1012, Train Acc: 0.1400, Val Loss: 5.3395, Val Acc: 0.1400
2025-04-13 00:27:44,717 [INFO] Epoch 3/5, Train Loss: 3.4753, Train Acc: 0.1700, Val Loss: 3.1023, Val Acc: 0.2200
2025-04-13 00:27:44,803 [INFO] Epoch 4/5, Train Loss: 3.6423, Train Acc: 0.0900, Val Loss: 3.6398, Val Acc: 0.1200
2025-04-13 00:27:44,885 [INFO] Epoch 5/5, Train Loss: 5.3555, Train Acc: 0.0900, Val Loss: 5.6698, Val Acc: 0.0800
2025-04-13 00:27:44,988 [INFO] Epoch 1/20, Train Loss: 12.6172, Train Acc: 0.1900, Val Loss: 12.9296, Val Acc: 0.1200
2025-04-13 00:27:45,099 [INFO] Epoch 2/20, Train Loss: 12.1449, Train Acc: 0.2900, Val Loss: 12.5483, Val Acc: 0.1200
2025-04-13 00:27:45,202 [INFO] Epoch 3/20, Train Loss: 11.7464, Train Acc: 0.3800, Val Loss: 12.3339, Val Acc: 0.1600
2025-04-13 00:27:45,317 [INFO] Epoch 4/20, Train Loss: 11.4384, Train Acc: 0.4900, Val Loss: 12.2977, Val Acc: 0.1400
2025-04-13 00:27:45,428 [INFO] Epoch 5/20, Train Loss: 11.1229, Train Acc: 0.6100, Val Loss: 12.0918, Val Acc: 0.2000
2025-04-13 00:27:45,530 [INFO] Epoch 6/20, Train Loss: 10.7925, Train Acc: 0.7500, Val Loss: 11.8235, Val Acc: 0.2400
2025-04-13 00:27:45,630 [INFO] Epoch 7/20, Train Loss: 10.6755, Train Acc: 0.7000, Val Loss: 12.0633, Val Acc: 0.1800
2025-04-13 00:27:45,723 [INFO] Epoch 8/20, Train Loss: 10.6723, Train Acc: 0.5500, Val Loss: 12.4016, Val Acc: 0.1200
2025-04-13 00:27:45,815 [INFO] Epoch 9/20, Train Loss: 10.3163, Train Acc: 0.7700, Val Loss: 11.7609, Val Acc: 0.1600
2025-04-13 00:27:45,916 [INFO] Epoch 10/20, Train Loss: 10.1769, Train Acc: 0.8800, Val Loss: 11.7911, Val Acc: 0.2200
2025-04-13 00:27:46,009 [INFO] Epoch 11/20, Train Loss: 9.9498, Train Acc: 0.9200, Val Loss: 11.5070, Val Acc: 0.2600
2025-04-13 00:27:46,107 [INFO] Epoch 12/20, Train Loss: 9.8661, Train Acc: 0.8900, Val Loss: 11.5448, Val Acc: 0.1800
2025-04-13 00:27:46,199 [INFO] Epoch 13/20, Train Loss: 9.7091, Train Acc: 0.9500, Val Loss: 11.4659, Val Acc: 0.2800
2025-04-13 00:27:46,291 [INFO] Epoch 14/20, Train Loss: 9.6234, Train Acc: 0.9700, Val Loss: 11.4733, Val Acc: 0.1800
2025-04-13 00:27:46,383 [INFO] Epoch 15/20, Train Loss: 9.4849, Train Acc: 0.9600, Val Loss: 11.2020, Val Acc: 0.2600
2025-04-13 00:27:46,472 [INFO] Epoch 16/20, Train Loss: 9.5107, Train Acc: 0.9000, Val Loss: 11.6696, Val Acc: 0.1600
2025-04-13 00:27:46,561 [INFO] Epoch 17/20, Train Loss: 9.3361, Train Acc: 0.9500, Val Loss: 11.0730, Val Acc: 0.3000
2025-04-13 00:27:46,654 [INFO] Epoch 18/20, Train Loss: 9.2067, Train Acc: 0.9800, Val Loss: 11.0481, Val Acc: 0.2800
2025-04-13 00:27:46,754 [INFO] Epoch 19/20, Train Loss: 9.1088, Train Acc: 0.9900, Val Loss: 10.9500, Val Acc: 0.2600
2025-04-13 00:27:46,859 [INFO] Epoch 20/20, Train Loss: 9.0378, Train Acc: 0.9700, Val Loss: 11.0667, Val Acc: 0.2600
2025-04-13 00:27:46,905 [INFO] Test Accuracy: 0.2235
2025-04-13 00:27:46,905 [INFO] Training completed.
