2025-04-13 09:26:34,393 [INFO] Starting CIFAR-10 training...
2025-04-13 09:26:36,247 [INFO] Starting hyperparameter search...
2025-04-13 09:27:12,530 [INFO] Epoch 1/10, Train Loss: 1.5830, Train Acc: 0.4560, Val Loss: 1.6021, Val Acc: 0.4260
2025-04-13 09:27:45,486 [INFO] Epoch 2/10, Train Loss: 1.4517, Train Acc: 0.5080, Val Loss: 1.4614, Val Acc: 0.4940
2025-04-13 09:28:17,706 [INFO] Epoch 3/10, Train Loss: 1.3765, Train Acc: 0.5290, Val Loss: 1.3878, Val Acc: 0.5320
2025-04-13 09:28:50,594 [INFO] Epoch 4/10, Train Loss: 1.3236, Train Acc: 0.5470, Val Loss: 1.3238, Val Acc: 0.5620
2025-04-13 09:29:22,742 [INFO] Epoch 5/10, Train Loss: 1.2925, Train Acc: 0.5470, Val Loss: 1.2873, Val Acc: 0.5780
2025-04-13 09:29:55,070 [INFO] Epoch 6/10, Train Loss: 1.2582, Train Acc: 0.5650, Val Loss: 1.2662, Val Acc: 0.5960
2025-04-13 09:30:27,870 [INFO] Epoch 7/10, Train Loss: 1.2368, Train Acc: 0.5690, Val Loss: 1.2440, Val Acc: 0.5920
2025-04-13 09:31:00,713 [INFO] Epoch 8/10, Train Loss: 1.2163, Train Acc: 0.5840, Val Loss: 1.2252, Val Acc: 0.5960
2025-04-13 09:31:33,568 [INFO] Epoch 9/10, Train Loss: 1.2023, Train Acc: 0.5840, Val Loss: 1.2176, Val Acc: 0.6000
2025-04-13 09:32:07,277 [INFO] Epoch 10/10, Train Loss: 1.1896, Train Acc: 0.5890, Val Loss: 1.1930, Val Acc: 0.6140
2025-04-13 09:32:07,281 [INFO] 实验完成：lr=0.001, reg=0.0001, val_acc=0.6140
2025-04-13 09:32:39,653 [INFO] Epoch 1/10, Train Loss: 1.7021, Train Acc: 0.4330, Val Loss: 1.7536, Val Acc: 0.3980
2025-04-13 09:33:11,642 [INFO] Epoch 2/10, Train Loss: 1.5498, Train Acc: 0.4910, Val Loss: 1.5916, Val Acc: 0.4600
2025-04-13 09:33:43,866 [INFO] Epoch 3/10, Train Loss: 1.4660, Train Acc: 0.5360, Val Loss: 1.5345, Val Acc: 0.4700
2025-04-13 09:34:16,048 [INFO] Epoch 4/10, Train Loss: 1.4026, Train Acc: 0.5540, Val Loss: 1.4522, Val Acc: 0.5340
2025-04-13 09:34:48,230 [INFO] Epoch 5/10, Train Loss: 1.3643, Train Acc: 0.5580, Val Loss: 1.4202, Val Acc: 0.5300
2025-04-13 09:35:21,181 [INFO] Epoch 6/10, Train Loss: 1.3500, Train Acc: 0.5490, Val Loss: 1.4147, Val Acc: 0.5620
2025-04-13 09:35:54,507 [INFO] Epoch 7/10, Train Loss: 1.3062, Train Acc: 0.5800, Val Loss: 1.3824, Val Acc: 0.5440
2025-04-13 09:36:28,465 [INFO] Epoch 8/10, Train Loss: 1.2781, Train Acc: 0.5930, Val Loss: 1.3485, Val Acc: 0.5760
2025-04-13 09:37:00,826 [INFO] Epoch 9/10, Train Loss: 1.2590, Train Acc: 0.5990, Val Loss: 1.3396, Val Acc: 0.5580
2025-04-13 09:37:33,003 [INFO] Epoch 10/10, Train Loss: 1.2443, Train Acc: 0.6060, Val Loss: 1.3163, Val Acc: 0.5680
2025-04-13 09:37:33,004 [INFO] 实验完成：lr=0.001, reg=0.001, val_acc=0.5760
2025-04-13 09:38:05,212 [INFO] Epoch 1/10, Train Loss: 2.6699, Train Acc: 0.4420, Val Loss: 2.6713, Val Acc: 0.4100
2025-04-13 09:38:38,255 [INFO] Epoch 2/10, Train Loss: 2.4841, Train Acc: 0.5010, Val Loss: 2.5013, Val Acc: 0.4900
2025-04-13 09:39:11,439 [INFO] Epoch 3/10, Train Loss: 2.3755, Train Acc: 0.5280, Val Loss: 2.3919, Val Acc: 0.5380
2025-04-13 09:39:44,488 [INFO] Epoch 4/10, Train Loss: 2.2971, Train Acc: 0.5410, Val Loss: 2.3240, Val Acc: 0.5440
2025-04-13 09:40:17,070 [INFO] Epoch 5/10, Train Loss: 2.2306, Train Acc: 0.5560, Val Loss: 2.2600, Val Acc: 0.5480
2025-04-13 09:40:49,134 [INFO] Epoch 6/10, Train Loss: 2.1755, Train Acc: 0.5710, Val Loss: 2.2150, Val Acc: 0.5660
2025-04-13 09:41:21,066 [INFO] Epoch 7/10, Train Loss: 2.1382, Train Acc: 0.5760, Val Loss: 2.1852, Val Acc: 0.5780
2025-04-13 09:41:53,760 [INFO] Epoch 8/10, Train Loss: 2.1027, Train Acc: 0.5930, Val Loss: 2.1668, Val Acc: 0.5740
2025-04-13 09:42:26,669 [INFO] Epoch 9/10, Train Loss: 2.0773, Train Acc: 0.5900, Val Loss: 2.1337, Val Acc: 0.5820
2025-04-13 09:42:59,750 [INFO] Epoch 10/10, Train Loss: 2.0501, Train Acc: 0.5940, Val Loss: 2.1245, Val Acc: 0.5720
2025-04-13 09:42:59,751 [INFO] 实验完成：lr=0.001, reg=0.01, val_acc=0.5820
2025-04-13 09:43:30,906 [INFO] Epoch 1/10, Train Loss: 1.3132, Train Acc: 0.5290, Val Loss: 1.4388, Val Acc: 0.5140
2025-04-13 09:44:04,238 [INFO] Epoch 2/10, Train Loss: 1.2934, Train Acc: 0.5280, Val Loss: 1.3330, Val Acc: 0.5540
2025-04-13 09:44:36,154 [INFO] Epoch 3/10, Train Loss: 1.2521, Train Acc: 0.5550, Val Loss: 1.3601, Val Acc: 0.5440
2025-04-13 09:45:08,065 [INFO] Epoch 4/10, Train Loss: 1.2456, Train Acc: 0.5520, Val Loss: 1.2992, Val Acc: 0.5580
2025-04-13 09:45:39,573 [INFO] Epoch 5/10, Train Loss: 1.2623, Train Acc: 0.5690, Val Loss: 1.3312, Val Acc: 0.5560
2025-04-13 09:46:12,694 [INFO] Epoch 6/10, Train Loss: 1.2636, Train Acc: 0.5590, Val Loss: 1.3459, Val Acc: 0.5280
2025-04-13 09:46:46,510 [INFO] Epoch 7/10, Train Loss: 1.2711, Train Acc: 0.5640, Val Loss: 1.3125, Val Acc: 0.5600
2025-04-13 09:47:20,003 [INFO] Epoch 8/10, Train Loss: 1.1971, Train Acc: 0.5830, Val Loss: 1.3267, Val Acc: 0.5260
2025-04-13 09:47:53,311 [INFO] Epoch 9/10, Train Loss: 1.1689, Train Acc: 0.5830, Val Loss: 1.2994, Val Acc: 0.5400
2025-04-13 09:48:25,428 [INFO] Epoch 10/10, Train Loss: 1.1288, Train Acc: 0.6160, Val Loss: 1.2824, Val Acc: 0.5560
2025-04-13 09:48:25,430 [INFO] 实验完成：lr=0.01, reg=0.0001, val_acc=0.5600
2025-04-13 09:48:57,741 [INFO] Epoch 1/10, Train Loss: 1.4583, Train Acc: 0.5200, Val Loss: 1.5804, Val Acc: 0.4860
2025-04-13 09:49:29,920 [INFO] Epoch 2/10, Train Loss: 1.3947, Train Acc: 0.5390, Val Loss: 1.5000, Val Acc: 0.5200
2025-04-13 09:50:02,015 [INFO] Epoch 3/10, Train Loss: 1.3306, Train Acc: 0.5950, Val Loss: 1.4368, Val Acc: 0.5360
2025-04-13 09:50:37,417 [INFO] Epoch 4/10, Train Loss: 1.3115, Train Acc: 0.5860, Val Loss: 1.3828, Val Acc: 0.5740
2025-04-13 09:51:10,951 [INFO] Epoch 5/10, Train Loss: 1.2845, Train Acc: 0.5920, Val Loss: 1.3882, Val Acc: 0.5580
2025-04-13 09:51:41,286 [INFO] Epoch 6/10, Train Loss: 1.2839, Train Acc: 0.5980, Val Loss: 1.4263, Val Acc: 0.5520
2025-04-13 09:52:14,052 [INFO] Epoch 7/10, Train Loss: 1.2800, Train Acc: 0.6050, Val Loss: 1.3874, Val Acc: 0.5640
2025-04-13 09:52:45,918 [INFO] Epoch 8/10, Train Loss: 1.2863, Train Acc: 0.5960, Val Loss: 1.4600, Val Acc: 0.5700
2025-04-13 09:53:18,087 [INFO] Epoch 9/10, Train Loss: 1.2542, Train Acc: 0.6090, Val Loss: 1.3428, Val Acc: 0.5900
2025-04-13 09:53:50,516 [INFO] Epoch 10/10, Train Loss: 1.2512, Train Acc: 0.6200, Val Loss: 1.3896, Val Acc: 0.5800
2025-04-13 09:53:50,517 [INFO] 实验完成：lr=0.01, reg=0.001, val_acc=0.5900
2025-04-13 09:54:22,746 [INFO] Epoch 1/10, Train Loss: 2.2411, Train Acc: 0.5060, Val Loss: 2.3073, Val Acc: 0.4780
2025-04-13 09:54:57,313 [INFO] Epoch 2/10, Train Loss: 2.0277, Train Acc: 0.5510, Val Loss: 2.0460, Val Acc: 0.5600
2025-04-13 09:55:29,633 [INFO] Epoch 3/10, Train Loss: 1.9062, Train Acc: 0.5490, Val Loss: 1.9675, Val Acc: 0.5240
2025-04-13 09:56:03,653 [INFO] Epoch 4/10, Train Loss: 1.8614, Train Acc: 0.5560, Val Loss: 1.9253, Val Acc: 0.5420
2025-04-13 09:56:36,430 [INFO] Epoch 5/10, Train Loss: 1.8066, Train Acc: 0.5560, Val Loss: 1.8624, Val Acc: 0.5480
2025-04-13 09:57:08,258 [INFO] Epoch 6/10, Train Loss: 1.7350, Train Acc: 0.5640, Val Loss: 1.8328, Val Acc: 0.5280
2025-04-13 09:57:40,507 [INFO] Epoch 7/10, Train Loss: 1.6661, Train Acc: 0.5840, Val Loss: 1.7828, Val Acc: 0.5420
2025-04-13 09:58:12,855 [INFO] Epoch 8/10, Train Loss: 1.6322, Train Acc: 0.5980, Val Loss: 1.7332, Val Acc: 0.5680
2025-04-13 09:58:46,918 [INFO] Epoch 9/10, Train Loss: 1.6134, Train Acc: 0.6030, Val Loss: 1.7124, Val Acc: 0.5760
2025-04-13 09:59:20,622 [INFO] Epoch 10/10, Train Loss: 1.6391, Train Acc: 0.5780, Val Loss: 1.7213, Val Acc: 0.5600
2025-04-13 09:59:20,623 [INFO] 实验完成：lr=0.01, reg=0.01, val_acc=0.5760
2025-04-13 09:59:54,471 [INFO] Epoch 1/10, Train Loss: 4.0435, Train Acc: 0.1840, Val Loss: 3.7704, Val Acc: 0.1900
2025-04-13 10:00:25,429 [INFO] Epoch 2/10, Train Loss: 3.7039, Train Acc: 0.1710, Val Loss: 3.6981, Val Acc: 0.1360
2025-04-13 10:01:00,118 [INFO] Epoch 3/10, Train Loss: 3.3381, Train Acc: 0.1970, Val Loss: 3.2619, Val Acc: 0.2160
2025-04-13 10:01:32,340 [INFO] Epoch 4/10, Train Loss: 3.4524, Train Acc: 0.1950, Val Loss: 3.3732, Val Acc: 0.2000
2025-04-13 10:02:03,982 [INFO] Epoch 5/10, Train Loss: 2.8861, Train Acc: 0.2350, Val Loss: 2.8102, Val Acc: 0.2300
2025-04-13 10:02:39,759 [INFO] Epoch 6/10, Train Loss: 2.7919, Train Acc: 0.2530, Val Loss: 2.7204, Val Acc: 0.2380
2025-04-13 10:03:13,780 [INFO] Epoch 7/10, Train Loss: 2.4125, Train Acc: 0.2470, Val Loss: 2.4804, Val Acc: 0.2560
2025-04-13 10:03:46,482 [INFO] Epoch 8/10, Train Loss: 2.4777, Train Acc: 0.2600, Val Loss: 2.5876, Val Acc: 0.2420
2025-04-13 10:04:19,045 [INFO] Epoch 9/10, Train Loss: 2.7038, Train Acc: 0.2140, Val Loss: 2.6970, Val Acc: 0.2180
2025-04-13 10:04:51,406 [INFO] Epoch 10/10, Train Loss: 2.2677, Train Acc: 0.2970, Val Loss: 2.3385, Val Acc: 0.2860
2025-04-13 10:04:51,411 [INFO] 实验完成：lr=0.1, reg=0.0001, val_acc=0.2860
2025-04-13 10:05:23,681 [INFO] Epoch 1/10, Train Loss: 5.6590, Train Acc: 0.2100, Val Loss: 5.8282, Val Acc: 0.2060
2025-04-13 10:05:55,345 [INFO] Epoch 2/10, Train Loss: 4.7769, Train Acc: 0.1990, Val Loss: 4.9670, Val Acc: 0.1920
2025-04-13 10:06:28,424 [INFO] Epoch 3/10, Train Loss: 4.8322, Train Acc: 0.2360, Val Loss: 4.8670, Val Acc: 0.2200
2025-04-13 10:07:02,504 [INFO] Epoch 4/10, Train Loss: 4.6048, Train Acc: 0.2130, Val Loss: 4.6525, Val Acc: 0.2120
2025-04-13 10:07:35,381 [INFO] Epoch 5/10, Train Loss: 4.3087, Train Acc: 0.2130, Val Loss: 4.4009, Val Acc: 0.2120
2025-04-13 10:08:09,523 [INFO] Epoch 6/10, Train Loss: 4.3481, Train Acc: 0.2090, Val Loss: 4.4756, Val Acc: 0.1940
2025-04-13 10:08:42,224 [INFO] Epoch 7/10, Train Loss: 3.3395, Train Acc: 0.2700, Val Loss: 3.4097, Val Acc: 0.2500
2025-04-13 10:09:13,810 [INFO] Epoch 8/10, Train Loss: 3.0742, Train Acc: 0.3080, Val Loss: 3.2193, Val Acc: 0.3000
2025-04-13 10:09:46,635 [INFO] Epoch 9/10, Train Loss: 3.0268, Train Acc: 0.2880, Val Loss: 3.1785, Val Acc: 0.2620
2025-04-13 10:10:20,174 [INFO] Epoch 10/10, Train Loss: 2.6847, Train Acc: 0.3370, Val Loss: 2.7479, Val Acc: 0.3420
2025-04-13 10:10:20,178 [INFO] 实验完成：lr=0.1, reg=0.001, val_acc=0.3420
2025-04-13 10:10:53,867 [INFO] Epoch 1/10, Train Loss: 7.4391, Train Acc: 0.1830, Val Loss: 7.8579, Val Acc: 0.1680
2025-04-13 10:11:25,976 [INFO] Epoch 2/10, Train Loss: 5.5865, Train Acc: 0.2240, Val Loss: 5.5961, Val Acc: 0.2060
2025-04-13 10:11:58,823 [INFO] Epoch 3/10, Train Loss: 5.2719, Train Acc: 0.1640, Val Loss: 5.1447, Val Acc: 0.1900
2025-04-13 10:12:31,798 [INFO] Epoch 4/10, Train Loss: 5.2466, Train Acc: 0.1590, Val Loss: 5.1045, Val Acc: 0.1580
2025-04-13 10:13:03,776 [INFO] Epoch 5/10, Train Loss: 3.7245, Train Acc: 0.2130, Val Loss: 3.8445, Val Acc: 0.1920
2025-04-13 10:13:35,579 [INFO] Epoch 6/10, Train Loss: 3.6913, Train Acc: 0.2110, Val Loss: 3.7537, Val Acc: 0.1980
2025-04-13 10:14:08,080 [INFO] Epoch 7/10, Train Loss: 3.3161, Train Acc: 0.1710, Val Loss: 3.3059, Val Acc: 0.1520
2025-04-13 10:14:41,301 [INFO] Epoch 8/10, Train Loss: 2.6418, Train Acc: 0.2310, Val Loss: 2.6175, Val Acc: 0.2240
2025-04-13 10:15:14,304 [INFO] Epoch 9/10, Train Loss: 2.5728, Train Acc: 0.2560, Val Loss: 2.5856, Val Acc: 0.2440
2025-04-13 10:15:48,269 [INFO] Epoch 10/10, Train Loss: 2.4587, Train Acc: 0.2590, Val Loss: 2.5618, Val Acc: 0.2280
2025-04-13 10:15:48,270 [INFO] 实验完成：lr=0.1, reg=0.01, val_acc=0.2440
2025-04-13 10:16:18,302 [INFO] Epoch 1/10, Train Loss: 1.8616, Train Acc: 0.3490, Val Loss: 1.8151, Val Acc: 0.3640
2025-04-13 10:16:47,446 [INFO] Epoch 2/10, Train Loss: 1.6885, Train Acc: 0.4060, Val Loss: 1.6840, Val Acc: 0.4100
2025-04-13 10:17:18,097 [INFO] Epoch 3/10, Train Loss: 1.5800, Train Acc: 0.4500, Val Loss: 1.6001, Val Acc: 0.4460
2025-04-13 10:17:46,504 [INFO] Epoch 4/10, Train Loss: 1.5268, Train Acc: 0.4660, Val Loss: 1.5568, Val Acc: 0.4420
2025-04-13 10:18:15,126 [INFO] Epoch 5/10, Train Loss: 1.4822, Train Acc: 0.4700, Val Loss: 1.5239, Val Acc: 0.4600
2025-04-13 10:18:44,361 [INFO] Epoch 6/10, Train Loss: 1.4530, Train Acc: 0.4930, Val Loss: 1.4917, Val Acc: 0.4900
2025-04-13 10:19:13,664 [INFO] Epoch 7/10, Train Loss: 1.4267, Train Acc: 0.4990, Val Loss: 1.4614, Val Acc: 0.4980
2025-04-13 10:19:42,320 [INFO] Epoch 8/10, Train Loss: 1.4156, Train Acc: 0.5080, Val Loss: 1.4545, Val Acc: 0.5120
2025-04-13 10:20:12,051 [INFO] Epoch 9/10, Train Loss: 1.3668, Train Acc: 0.5250, Val Loss: 1.4288, Val Acc: 0.5200
2025-04-13 10:20:40,998 [INFO] Epoch 10/10, Train Loss: 1.3427, Train Acc: 0.5440, Val Loss: 1.4132, Val Acc: 0.5200
2025-04-13 10:20:40,999 [INFO] 实验完成：conv1_filters=16, conv2_filters=16, val_acc=0.5200
2025-04-13 10:21:11,201 [INFO] Epoch 1/10, Train Loss: 1.7526, Train Acc: 0.3940, Val Loss: 1.6945, Val Acc: 0.4140
2025-04-13 10:21:40,885 [INFO] Epoch 2/10, Train Loss: 1.5828, Train Acc: 0.4550, Val Loss: 1.5581, Val Acc: 0.4520
2025-04-13 10:22:09,926 [INFO] Epoch 3/10, Train Loss: 1.4852, Train Acc: 0.4910, Val Loss: 1.4740, Val Acc: 0.4780
2025-04-13 10:22:40,787 [INFO] Epoch 4/10, Train Loss: 1.4193, Train Acc: 0.5130, Val Loss: 1.4290, Val Acc: 0.5000
2025-04-13 10:23:11,264 [INFO] Epoch 5/10, Train Loss: 1.3741, Train Acc: 0.5330, Val Loss: 1.3977, Val Acc: 0.5100
2025-04-13 10:23:40,433 [INFO] Epoch 6/10, Train Loss: 1.3339, Train Acc: 0.5400, Val Loss: 1.3689, Val Acc: 0.5320
2025-04-13 10:24:10,449 [INFO] Epoch 7/10, Train Loss: 1.3086, Train Acc: 0.5520, Val Loss: 1.3380, Val Acc: 0.5480
2025-04-13 10:24:40,290 [INFO] Epoch 8/10, Train Loss: 1.2867, Train Acc: 0.5540, Val Loss: 1.3219, Val Acc: 0.5420
2025-04-13 10:25:09,847 [INFO] Epoch 9/10, Train Loss: 1.2656, Train Acc: 0.5650, Val Loss: 1.3131, Val Acc: 0.5480
2025-04-13 10:25:38,547 [INFO] Epoch 10/10, Train Loss: 1.2515, Train Acc: 0.5610, Val Loss: 1.2908, Val Acc: 0.5460
2025-04-13 10:25:38,548 [INFO] 实验完成：conv1_filters=16, conv2_filters=32, val_acc=0.5480
2025-04-13 10:26:07,774 [INFO] Epoch 1/10, Train Loss: 1.6596, Train Acc: 0.4220, Val Loss: 1.6874, Val Acc: 0.4220
2025-04-13 10:26:38,173 [INFO] Epoch 2/10, Train Loss: 1.5215, Train Acc: 0.4630, Val Loss: 1.5453, Val Acc: 0.4400
2025-04-13 10:27:08,665 [INFO] Epoch 3/10, Train Loss: 1.4302, Train Acc: 0.5030, Val Loss: 1.4686, Val Acc: 0.4820
2025-04-13 10:27:38,022 [INFO] Epoch 4/10, Train Loss: 1.3759, Train Acc: 0.5150, Val Loss: 1.4204, Val Acc: 0.5080
2025-04-13 10:28:08,242 [INFO] Epoch 5/10, Train Loss: 1.3284, Train Acc: 0.5270, Val Loss: 1.3845, Val Acc: 0.5160
2025-04-13 10:28:37,598 [INFO] Epoch 6/10, Train Loss: 1.2961, Train Acc: 0.5590, Val Loss: 1.3607, Val Acc: 0.5340
2025-04-13 10:29:06,567 [INFO] Epoch 7/10, Train Loss: 1.2702, Train Acc: 0.5650, Val Loss: 1.3366, Val Acc: 0.5500
2025-04-13 10:29:34,796 [INFO] Epoch 8/10, Train Loss: 1.2533, Train Acc: 0.5660, Val Loss: 1.3259, Val Acc: 0.5400
2025-04-13 10:30:03,398 [INFO] Epoch 9/10, Train Loss: 1.2363, Train Acc: 0.5710, Val Loss: 1.3081, Val Acc: 0.5440
2025-04-13 10:30:33,429 [INFO] Epoch 10/10, Train Loss: 1.2360, Train Acc: 0.5820, Val Loss: 1.3042, Val Acc: 0.5600
2025-04-13 10:30:33,433 [INFO] 实验完成：conv1_filters=16, conv2_filters=64, val_acc=0.5600
2025-04-13 10:31:08,183 [INFO] Epoch 1/10, Train Loss: 1.8180, Train Acc: 0.3800, Val Loss: 1.8140, Val Acc: 0.3380
2025-04-13 10:31:41,127 [INFO] Epoch 2/10, Train Loss: 1.6499, Train Acc: 0.4330, Val Loss: 1.6600, Val Acc: 0.3880
2025-04-13 10:32:15,709 [INFO] Epoch 3/10, Train Loss: 1.5603, Train Acc: 0.4530, Val Loss: 1.5787, Val Acc: 0.4140
2025-04-13 10:32:49,084 [INFO] Epoch 4/10, Train Loss: 1.4922, Train Acc: 0.4950, Val Loss: 1.5358, Val Acc: 0.4520
2025-04-13 10:33:22,100 [INFO] Epoch 5/10, Train Loss: 1.4400, Train Acc: 0.5060, Val Loss: 1.5044, Val Acc: 0.4660
2025-04-13 10:33:54,671 [INFO] Epoch 6/10, Train Loss: 1.4039, Train Acc: 0.5200, Val Loss: 1.4797, Val Acc: 0.4700
2025-04-13 10:34:28,116 [INFO] Epoch 7/10, Train Loss: 1.3789, Train Acc: 0.5220, Val Loss: 1.4478, Val Acc: 0.5020
2025-04-13 10:35:03,686 [INFO] Epoch 8/10, Train Loss: 1.3559, Train Acc: 0.5390, Val Loss: 1.4333, Val Acc: 0.5120
2025-04-13 10:35:37,005 [INFO] Epoch 9/10, Train Loss: 1.3394, Train Acc: 0.5460, Val Loss: 1.4101, Val Acc: 0.4940
2025-04-13 10:36:10,644 [INFO] Epoch 10/10, Train Loss: 1.3196, Train Acc: 0.5550, Val Loss: 1.3981, Val Acc: 0.5280
2025-04-13 10:36:10,647 [INFO] 实验完成：conv1_filters=32, conv2_filters=16, val_acc=0.5280
2025-04-13 10:36:43,261 [INFO] Epoch 1/10, Train Loss: 1.6901, Train Acc: 0.4090, Val Loss: 1.6953, Val Acc: 0.3920
2025-04-13 10:37:14,684 [INFO] Epoch 2/10, Train Loss: 1.5317, Train Acc: 0.4650, Val Loss: 1.5444, Val Acc: 0.4460
2025-04-13 10:37:46,611 [INFO] Epoch 3/10, Train Loss: 1.4416, Train Acc: 0.4970, Val Loss: 1.4736, Val Acc: 0.4680
2025-04-13 10:38:19,166 [INFO] Epoch 4/10, Train Loss: 1.3909, Train Acc: 0.5130, Val Loss: 1.4325, Val Acc: 0.4880
2025-04-13 10:38:53,728 [INFO] Epoch 5/10, Train Loss: 1.3279, Train Acc: 0.5370, Val Loss: 1.3902, Val Acc: 0.5160
2025-04-13 10:39:26,094 [INFO] Epoch 6/10, Train Loss: 1.2989, Train Acc: 0.5490, Val Loss: 1.3721, Val Acc: 0.5220
2025-04-13 10:39:59,387 [INFO] Epoch 7/10, Train Loss: 1.2661, Train Acc: 0.5740, Val Loss: 1.3491, Val Acc: 0.5240
2025-04-13 10:40:32,946 [INFO] Epoch 8/10, Train Loss: 1.2406, Train Acc: 0.5830, Val Loss: 1.3355, Val Acc: 0.5160
2025-04-13 10:41:09,002 [INFO] Epoch 9/10, Train Loss: 1.2237, Train Acc: 0.5870, Val Loss: 1.3184, Val Acc: 0.5520
2025-04-13 10:41:44,780 [INFO] Epoch 10/10, Train Loss: 1.1988, Train Acc: 0.5930, Val Loss: 1.3152, Val Acc: 0.5540
2025-04-13 10:41:44,783 [INFO] 实验完成：conv1_filters=32, conv2_filters=32, val_acc=0.5540
2025-04-13 10:42:19,191 [INFO] Epoch 1/10, Train Loss: 1.6602, Train Acc: 0.4180, Val Loss: 1.6957, Val Acc: 0.4000
2025-04-13 10:42:55,871 [INFO] Epoch 2/10, Train Loss: 1.4989, Train Acc: 0.4660, Val Loss: 1.5597, Val Acc: 0.4540
2025-04-13 10:43:28,240 [INFO] Epoch 3/10, Train Loss: 1.4130, Train Acc: 0.5180, Val Loss: 1.4816, Val Acc: 0.4780
2025-04-13 10:44:03,380 [INFO] Epoch 4/10, Train Loss: 1.3536, Train Acc: 0.5440, Val Loss: 1.4166, Val Acc: 0.5080
2025-04-13 10:44:37,441 [INFO] Epoch 5/10, Train Loss: 1.2997, Train Acc: 0.5590, Val Loss: 1.3820, Val Acc: 0.5160
2025-04-13 10:45:10,685 [INFO] Epoch 6/10, Train Loss: 1.2580, Train Acc: 0.5750, Val Loss: 1.3312, Val Acc: 0.5400
2025-04-13 10:45:43,527 [INFO] Epoch 7/10, Train Loss: 1.2352, Train Acc: 0.5770, Val Loss: 1.3090, Val Acc: 0.5340
2025-04-13 10:46:17,980 [INFO] Epoch 8/10, Train Loss: 1.2189, Train Acc: 0.5870, Val Loss: 1.2703, Val Acc: 0.5540
2025-04-13 10:46:54,317 [INFO] Epoch 9/10, Train Loss: 1.1824, Train Acc: 0.5990, Val Loss: 1.2619, Val Acc: 0.5740
2025-04-13 10:47:28,235 [INFO] Epoch 10/10, Train Loss: 1.1730, Train Acc: 0.5990, Val Loss: 1.2377, Val Acc: 0.5680
2025-04-13 10:47:28,236 [INFO] 实验完成：conv1_filters=32, conv2_filters=64, val_acc=0.5740
2025-04-13 10:48:12,376 [INFO] Epoch 1/10, Train Loss: 1.6847, Train Acc: 0.4150, Val Loss: 1.7920, Val Acc: 0.3500
2025-04-13 10:48:56,713 [INFO] Epoch 2/10, Train Loss: 1.5441, Train Acc: 0.4560, Val Loss: 1.6390, Val Acc: 0.4280
2025-04-13 10:49:39,728 [INFO] Epoch 3/10, Train Loss: 1.4874, Train Acc: 0.4850, Val Loss: 1.5636, Val Acc: 0.4500
2025-04-13 10:50:24,543 [INFO] Epoch 4/10, Train Loss: 1.4402, Train Acc: 0.4900, Val Loss: 1.5279, Val Acc: 0.4740
2025-04-13 10:51:09,817 [INFO] Epoch 5/10, Train Loss: 1.4095, Train Acc: 0.5000, Val Loss: 1.4836, Val Acc: 0.4920
2025-04-13 10:51:54,878 [INFO] Epoch 6/10, Train Loss: 1.3864, Train Acc: 0.5070, Val Loss: 1.4452, Val Acc: 0.5140
2025-04-13 10:52:40,623 [INFO] Epoch 7/10, Train Loss: 1.3762, Train Acc: 0.5210, Val Loss: 1.4234, Val Acc: 0.5120
2025-04-13 10:53:23,466 [INFO] Epoch 8/10, Train Loss: 1.3665, Train Acc: 0.5170, Val Loss: 1.4140, Val Acc: 0.5180
2025-04-13 10:54:08,205 [INFO] Epoch 9/10, Train Loss: 1.3682, Train Acc: 0.5380, Val Loss: 1.3958, Val Acc: 0.5260
2025-04-13 10:54:52,611 [INFO] Epoch 10/10, Train Loss: 1.3544, Train Acc: 0.5390, Val Loss: 1.3919, Val Acc: 0.5220
2025-04-13 10:54:52,612 [INFO] 实验完成：conv1_filters=64, conv2_filters=16, val_acc=0.5260
2025-04-13 10:55:36,984 [INFO] Epoch 1/10, Train Loss: 1.6639, Train Acc: 0.4210, Val Loss: 1.6096, Val Acc: 0.4300
2025-04-13 10:56:20,594 [INFO] Epoch 2/10, Train Loss: 1.5047, Train Acc: 0.4770, Val Loss: 1.4807, Val Acc: 0.4800
2025-04-13 10:57:06,139 [INFO] Epoch 3/10, Train Loss: 1.4183, Train Acc: 0.5260, Val Loss: 1.4146, Val Acc: 0.5180
2025-04-13 10:57:53,115 [INFO] Epoch 4/10, Train Loss: 1.3624, Train Acc: 0.5330, Val Loss: 1.3772, Val Acc: 0.5320
2025-04-13 10:58:35,615 [INFO] Epoch 5/10, Train Loss: 1.3313, Train Acc: 0.5510, Val Loss: 1.3580, Val Acc: 0.5480
2025-04-13 10:59:21,778 [INFO] Epoch 6/10, Train Loss: 1.2944, Train Acc: 0.5630, Val Loss: 1.3299, Val Acc: 0.5620
2025-04-13 11:00:07,503 [INFO] Epoch 7/10, Train Loss: 1.2691, Train Acc: 0.5700, Val Loss: 1.3123, Val Acc: 0.5660
2025-04-13 11:00:52,533 [INFO] Epoch 8/10, Train Loss: 1.2565, Train Acc: 0.5700, Val Loss: 1.3027, Val Acc: 0.5660
2025-04-13 11:01:36,273 [INFO] Epoch 9/10, Train Loss: 1.2217, Train Acc: 0.5870, Val Loss: 1.2836, Val Acc: 0.5760
2025-04-13 11:02:21,028 [INFO] Epoch 10/10, Train Loss: 1.2143, Train Acc: 0.5880, Val Loss: 1.2786, Val Acc: 0.5600
2025-04-13 11:02:21,030 [INFO] 实验完成：conv1_filters=64, conv2_filters=32, val_acc=0.5760
2025-04-13 11:03:06,873 [INFO] Epoch 1/10, Train Loss: 1.5836, Train Acc: 0.4520, Val Loss: 1.6173, Val Acc: 0.4320
2025-04-13 11:03:54,940 [INFO] Epoch 2/10, Train Loss: 1.4293, Train Acc: 0.5110, Val Loss: 1.4730, Val Acc: 0.4780
2025-04-13 11:04:41,242 [INFO] Epoch 3/10, Train Loss: 1.3578, Train Acc: 0.5340, Val Loss: 1.4093, Val Acc: 0.5260
2025-04-13 11:05:27,934 [INFO] Epoch 4/10, Train Loss: 1.2906, Train Acc: 0.5640, Val Loss: 1.3537, Val Acc: 0.5560
2025-04-13 11:06:12,526 [INFO] Epoch 5/10, Train Loss: 1.2433, Train Acc: 0.5750, Val Loss: 1.3205, Val Acc: 0.5600
2025-04-13 11:07:00,542 [INFO] Epoch 6/10, Train Loss: 1.1960, Train Acc: 0.5870, Val Loss: 1.2906, Val Acc: 0.5760
2025-04-13 11:07:45,755 [INFO] Epoch 7/10, Train Loss: 1.1750, Train Acc: 0.6040, Val Loss: 1.2571, Val Acc: 0.5880
2025-04-13 11:08:33,205 [INFO] Epoch 8/10, Train Loss: 1.1500, Train Acc: 0.6140, Val Loss: 1.2493, Val Acc: 0.6020
2025-04-13 11:09:18,666 [INFO] Epoch 9/10, Train Loss: 1.1314, Train Acc: 0.6070, Val Loss: 1.2271, Val Acc: 0.5940
2025-04-13 11:10:04,885 [INFO] Epoch 10/10, Train Loss: 1.1079, Train Acc: 0.6220, Val Loss: 1.2169, Val Acc: 0.6060
2025-04-13 11:10:04,890 [INFO] 实验完成：conv1_filters=64, conv2_filters=64, val_acc=0.6060
2025-04-13 11:10:51,118 [INFO] Epoch 1/20, Train Loss: 1.6160, Train Acc: 0.4340, Val Loss: 1.6335, Val Acc: 0.4240
2025-04-13 11:11:38,307 [INFO] Epoch 2/20, Train Loss: 1.4511, Train Acc: 0.5120, Val Loss: 1.4743, Val Acc: 0.4840
2025-04-13 11:12:25,220 [INFO] Epoch 3/20, Train Loss: 1.3610, Train Acc: 0.5540, Val Loss: 1.3857, Val Acc: 0.5040
2025-04-13 11:13:13,120 [INFO] Epoch 4/20, Train Loss: 1.2788, Train Acc: 0.5690, Val Loss: 1.3405, Val Acc: 0.5260
2025-04-13 11:13:58,755 [INFO] Epoch 5/20, Train Loss: 1.2341, Train Acc: 0.5920, Val Loss: 1.2956, Val Acc: 0.5680
2025-04-13 11:14:46,250 [INFO] Epoch 6/20, Train Loss: 1.1882, Train Acc: 0.5970, Val Loss: 1.2867, Val Acc: 0.5660
2025-04-13 11:15:33,381 [INFO] Epoch 7/20, Train Loss: 1.1537, Train Acc: 0.6190, Val Loss: 1.2457, Val Acc: 0.5680
2025-04-13 11:16:22,834 [INFO] Epoch 8/20, Train Loss: 1.1223, Train Acc: 0.6330, Val Loss: 1.2151, Val Acc: 0.5860
2025-04-13 11:17:08,988 [INFO] Epoch 9/20, Train Loss: 1.0993, Train Acc: 0.6370, Val Loss: 1.2014, Val Acc: 0.6000
2025-04-13 11:17:55,728 [INFO] Epoch 10/20, Train Loss: 1.0862, Train Acc: 0.6410, Val Loss: 1.2094, Val Acc: 0.6000
2025-04-13 11:18:41,807 [INFO] Epoch 11/20, Train Loss: 1.0635, Train Acc: 0.6590, Val Loss: 1.1798, Val Acc: 0.5840
2025-04-13 11:19:30,207 [INFO] Epoch 12/20, Train Loss: 1.0485, Train Acc: 0.6530, Val Loss: 1.1796, Val Acc: 0.6080
2025-04-13 11:20:16,901 [INFO] Epoch 13/20, Train Loss: 1.0284, Train Acc: 0.6610, Val Loss: 1.1526, Val Acc: 0.6020
2025-04-13 11:21:03,895 [INFO] Epoch 14/20, Train Loss: 1.0307, Train Acc: 0.6630, Val Loss: 1.1446, Val Acc: 0.6080
2025-04-13 11:21:49,973 [INFO] Epoch 15/20, Train Loss: 1.0071, Train Acc: 0.6630, Val Loss: 1.1414, Val Acc: 0.6040
2025-04-13 11:22:37,429 [INFO] Epoch 16/20, Train Loss: 0.9876, Train Acc: 0.6850, Val Loss: 1.1197, Val Acc: 0.6100
2025-04-13 11:23:24,411 [INFO] Epoch 17/20, Train Loss: 0.9817, Train Acc: 0.6800, Val Loss: 1.1014, Val Acc: 0.6120
2025-04-13 11:24:12,103 [INFO] Epoch 18/20, Train Loss: 0.9678, Train Acc: 0.6780, Val Loss: 1.1071, Val Acc: 0.6200
2025-04-13 11:24:57,272 [INFO] Epoch 19/20, Train Loss: 0.9564, Train Acc: 0.6840, Val Loss: 1.0857, Val Acc: 0.6120
2025-04-13 11:25:43,916 [INFO] Epoch 20/20, Train Loss: 0.9462, Train Acc: 0.6900, Val Loss: 1.0903, Val Acc: 0.6340
2025-04-13 11:25:45,764 [INFO] Test Accuracy: 0.6155
2025-04-13 11:25:45,764 [INFO] Training completed.
