2025-04-08 09:17:45,969 [INFO] Starting CIFAR-10 training...
2025-04-08 09:18:14,637 [INFO] W1 norm: 8.168107504873891, W2 norm: 8.00315224801226, W3 norm: 4.455036315491601
2025-04-08 09:18:14,638 [INFO] backward: dW1 max=5.0, dW2 max=5.0, dW3 max=0.20828181546733301
2025-04-08 09:18:18,858 [INFO] W1 norm: 8.209207048466082, W2 norm: 8.299606578801752, W3 norm: 4.454247822171287
2025-04-08 09:18:18,859 [INFO] backward: dW1 max=5.0, dW2 max=5.0, dW3 max=5.0
2025-04-08 09:18:22,837 [INFO] W1 norm: 8.117354361163223, W2 norm: 8.276454997781569, W3 norm: 4.512085432031265
2025-04-08 09:18:22,837 [INFO] backward: dW1 max=5.0, dW2 max=5.0, dW3 max=2.816265977905703
2025-04-08 09:18:27,185 [INFO] W1 norm: 8.192467834343661, W2 norm: 8.506216186426423, W3 norm: 4.509981497678932
2025-04-08 09:18:27,186 [INFO] backward: dW1 max=5.0, dW2 max=5.0, dW3 max=0.8582457767079095
2025-04-08 09:18:31,170 [INFO] W1 norm: 8.323391604692716, W2 norm: 8.801512122592907, W3 norm: 4.506172580442316
2025-04-08 09:18:31,170 [INFO] backward: dW1 max=5.0, dW2 max=5.0, dW3 max=0.26001338367648236
2025-04-08 09:18:35,262 [INFO] W1 norm: 8.463794025239984, W2 norm: 9.062552968518316, W3 norm: 4.5056513599504715
2025-04-08 09:18:35,262 [INFO] backward: dW1 max=5.0, dW2 max=5.0, dW3 max=0.5543939176000644
2025-04-08 09:18:40,116 [INFO] W1 norm: 8.70469236420102, W2 norm: 9.600272790364803, W3 norm: 4.504575561839995
2025-04-08 09:18:40,116 [INFO] backward: dW1 max=5.0, dW2 max=5.0, dW3 max=3.986237179064779
2025-04-08 09:18:44,594 [INFO] W1 norm: 8.469606247136626, W2 norm: 10.03709958666696, W3 norm: 4.509709979635545
2025-04-08 09:18:44,594 [INFO] backward: dW1 max=5.0, dW2 max=5.0, dW3 max=1.3832788293086413
2025-04-08 09:18:48,766 [INFO] W1 norm: 8.839749945138845, W2 norm: 10.917956254772104, W3 norm: 4.50754919147571
2025-04-08 09:18:48,766 [INFO] backward: dW1 max=5.0, dW2 max=5.0, dW3 max=0.9698898121608021
2025-04-08 09:18:53,711 [INFO] W1 norm: 9.276971036414293, W2 norm: 12.389073793727052, W3 norm: 4.506330859927009
2025-04-08 09:18:53,711 [INFO] backward: dW1 max=5.0, dW2 max=5.0, dW3 max=2.535859315971215
2025-04-08 09:18:58,279 [INFO] W1 norm: 8.859850459004987, W2 norm: 11.439559561554077, W3 norm: 4.5048803284524706
2025-04-08 09:18:58,279 [INFO] backward: dW1 max=5.0, dW2 max=5.0, dW3 max=5.0
2025-04-08 09:19:02,442 [INFO] W1 norm: 9.137355024988423, W2 norm: 12.386277175611065, W3 norm: 4.511908059481113
2025-04-08 09:19:02,446 [INFO] backward: dW1 max=5.0, dW2 max=5.0, dW3 max=5.0
2025-04-08 09:19:06,572 [INFO] W1 norm: 9.606726793701187, W2 norm: 13.239928461774868, W3 norm: 4.544414364722921
2025-04-08 09:19:06,572 [INFO] backward: dW1 max=5.0, dW2 max=5.0, dW3 max=5.0
2025-04-08 09:19:11,154 [INFO] W1 norm: 10.084170110775199, W2 norm: 13.911401841922357, W3 norm: 4.555284485695532
2025-04-08 09:19:11,154 [INFO] backward: dW1 max=5.0, dW2 max=5.0, dW3 max=5.0
2025-04-08 09:19:15,704 [INFO] W1 norm: 9.57387341581952, W2 norm: 13.908895502941165, W3 norm: 4.562587549324062
2025-04-08 09:19:15,704 [INFO] backward: dW1 max=5.0, dW2 max=5.0, dW3 max=0.11745917356717649
2025-04-08 09:19:20,297 [INFO] W1 norm: 9.211900484148009, W2 norm: 13.723631446107193, W3 norm: 4.562259495973727
2025-04-08 09:19:20,303 [INFO] backward: dW1 max=5.0, dW2 max=5.0, dW3 max=4.979796920450814
2025-04-08 09:19:24,883 [INFO] W1 norm: 9.582367894043621, W2 norm: 14.460108629476476, W3 norm: 4.56810510988467
2025-04-08 09:19:24,884 [INFO] backward: dW1 max=5.0, dW2 max=5.0, dW3 max=5.0
2025-04-08 09:19:29,530 [INFO] W1 norm: 10.042697590503796, W2 norm: 15.128047349305167, W3 norm: 4.617536070776652
2025-04-08 09:19:29,531 [INFO] backward: dW1 max=5.0, dW2 max=5.0, dW3 max=1.375619834072376
2025-04-08 09:19:33,852 [INFO] W1 norm: 10.514044842278473, W2 norm: 16.129239116277475, W3 norm: 4.6155537595376
2025-04-08 09:19:33,852 [INFO] backward: dW1 max=5.0, dW2 max=5.0, dW3 max=5.0
2025-04-08 09:19:38,020 [INFO] W1 norm: 10.051153947570047, W2 norm: 16.717838863969927, W3 norm: 4.634509915614947
2025-04-08 09:19:38,020 [INFO] backward: dW1 max=5.0, dW2 max=5.0, dW3 max=5.0
2025-04-08 09:19:42,247 [INFO] W1 norm: 9.607840630147939, W2 norm: 15.756540049092074, W3 norm: 4.664431042029658
2025-04-08 09:19:42,247 [INFO] backward: dW1 max=5.0, dW2 max=5.0, dW3 max=3.8005101997216406
2025-04-08 09:19:46,470 [INFO] W1 norm: 10.081590086853891, W2 norm: 17.432698231544254, W3 norm: 4.655184727986434
2025-04-08 09:19:46,470 [INFO] backward: dW1 max=5.0, dW2 max=5.0, dW3 max=3.9233079672663624
2025-04-08 09:19:50,703 [INFO] W1 norm: 10.185848109109896, W2 norm: 18.605764680038305, W3 norm: 4.651553826487021
2025-04-08 09:19:50,704 [INFO] backward: dW1 max=5.0, dW2 max=5.0, dW3 max=4.99039513865979
2025-04-08 09:19:55,249 [INFO] W1 norm: 10.831506638147623, W2 norm: 19.5554318757017, W3 norm: 4.656527331323424
2025-04-08 09:19:55,249 [INFO] backward: dW1 max=5.0, dW2 max=5.0, dW3 max=0.273198154737005
2025-04-08 09:19:59,633 [INFO] W1 norm: 11.534632400392018, W2 norm: 20.22380741604891, W3 norm: 4.655438428050784
2025-04-08 09:19:59,634 [INFO] backward: dW1 max=5.0, dW2 max=5.0, dW3 max=0.1561960198026247
2025-04-08 09:20:04,121 [INFO] W1 norm: 10.910616963319566, W2 norm: 19.41332095799083, W3 norm: 4.655201641860481
2025-04-08 09:20:04,121 [INFO] backward: dW1 max=5.0, dW2 max=5.0, dW3 max=0.0004960426437523872
2025-04-08 09:20:08,416 [INFO] W1 norm: 11.494895990878112, W2 norm: 20.73118625438803, W3 norm: 4.655154704702306
2025-04-08 09:20:08,416 [INFO] backward: dW1 max=5.0, dW2 max=5.0, dW3 max=0.00017354517284545268
2025-04-08 09:20:13,055 [INFO] W1 norm: 10.905844040556714, W2 norm: 19.804621392331022, W3 norm: 4.6551081531552585
2025-04-08 09:20:13,055 [INFO] backward: dW1 max=5.0, dW2 max=5.0, dW3 max=0.007884475149314715
2025-04-08 09:20:17,316 [INFO] W1 norm: 10.547538379595046, W2 norm: 19.46829161577969, W3 norm: 4.65507271110288
2025-04-08 09:20:17,317 [INFO] backward: dW1 max=5.0, dW2 max=5.0, dW3 max=0.9701361186376177
2025-04-08 09:20:21,721 [INFO] W1 norm: 11.175956904787553, W2 norm: 20.437431512432273, W3 norm: 4.651252962810618
2025-04-08 09:20:21,722 [INFO] backward: dW1 max=5.0, dW2 max=5.0, dW3 max=0.0001735399665423307
2025-04-08 09:20:25,871 [INFO] W1 norm: 10.703886139623545, W2 norm: 20.309339537025313, W3 norm: 4.65120645028099
2025-04-08 09:20:25,871 [INFO] backward: dW1 max=5.0, dW2 max=5.0, dW3 max=0.5140006802501831
2025-04-08 09:20:30,412 [INFO] W1 norm: 11.252979961049158, W2 norm: 21.951173281389988, W3 norm: 4.649006826133743
2025-04-08 09:20:30,413 [INFO] backward: dW1 max=5.0, dW2 max=5.0, dW3 max=0.00017353649576035384
2025-04-08 09:20:34,939 [INFO] W1 norm: 10.851139037241538, W2 norm: 21.873132047070555, W3 norm: 4.648960336065481
2025-04-08 09:20:34,939 [INFO] backward: dW1 max=5.0, dW2 max=5.0, dW3 max=0.09579429138094638
2025-04-08 09:20:39,493 [INFO] W1 norm: 11.606363759810014, W2 norm: 23.11004912959047, W3 norm: 4.648731997442046
2025-04-08 09:20:39,494 [INFO] backward: dW1 max=5.0, dW2 max=5.0, dW3 max=5.0
2025-04-08 09:20:43,973 [INFO] W1 norm: 11.095966142685445, W2 norm: 23.90487209327048, W3 norm: 4.657705187691185
2025-04-08 09:20:43,973 [INFO] backward: dW1 max=5.0, dW2 max=5.0, dW3 max=0.08009055258294637
2025-04-08 09:20:48,242 [INFO] W1 norm: 11.762847437783732, W2 norm: 25.45838887650629, W3 norm: 4.657342000003402
2025-04-08 09:20:48,242 [INFO] backward: dW1 max=5.0, dW2 max=5.0, dW3 max=0.3997162708282066
2025-04-08 09:20:52,561 [INFO] W1 norm: 11.323246149264262, W2 norm: 23.81777735376702, W3 norm: 4.654683555640181
2025-04-08 09:20:52,561 [INFO] backward: dW1 max=5.0, dW2 max=5.0, dW3 max=0.11401132412409085
2025-04-08 09:20:56,769 [INFO] W1 norm: 12.034790512565806, W2 norm: 25.28068656298573, W3 norm: 4.654286392737747
2025-04-08 09:20:56,770 [INFO] backward: dW1 max=5.0, dW2 max=5.0, dW3 max=0.00017352608383090955
2025-04-08 09:21:01,102 [INFO] W1 norm: 12.615697262860884, W2 norm: 26.061743482723283, W3 norm: 4.654239849873821
2025-04-08 09:21:01,102 [INFO] backward: dW1 max=5.0, dW2 max=5.0, dW3 max=0.04493552197819404
2025-04-08 09:21:01,435 [INFO] W1 norm: 12.323696023525082, W2 norm: 26.061210724851804, W3 norm: 4.654120683978906
2025-04-08 09:21:01,436 [INFO] backward: dW1 max=5.0, dW2 max=5.0, dW3 max=5.0
2025-04-08 09:21:15,953 [INFO] Epoch 1/20, Train Loss: 13.5191, Train Acc: 0.0920, Val Loss: 13.0858, Val Acc: 0.0920
2025-04-08 09:21:20,906 [INFO] W1 norm: 13.01840926121621, W2 norm: 27.317436441270825, W3 norm: 4.671788405983037
2025-04-08 09:21:20,907 [INFO] backward: dW1 max=5.0, dW2 max=5.0, dW3 max=5.0
2025-04-08 09:21:25,259 [INFO] W1 norm: 12.759870845745747, W2 norm: 27.408744535524256, W3 norm: 4.683048194252147
2025-04-08 09:21:25,259 [INFO] backward: dW1 max=5.0, dW2 max=5.0, dW3 max=0.057887366862503585
2025-04-08 09:21:29,268 [INFO] W1 norm: 12.586823373634227, W2 norm: 27.667910798493168, W3 norm: 4.6828845147058855
2025-04-08 09:21:29,269 [INFO] backward: dW1 max=5.0, dW2 max=5.0, dW3 max=5.0
2025-04-08 09:21:33,453 [INFO] W1 norm: 12.231919714555664, W2 norm: 29.14536091884224, W3 norm: 4.697055203571704
2025-04-08 09:21:33,453 [INFO] backward: dW1 max=5.0, dW2 max=5.0, dW3 max=5.0
2025-04-08 09:21:37,602 [INFO] W1 norm: 11.653991659656942, W2 norm: 29.451843227947165, W3 norm: 4.729686599453365
2025-04-08 09:21:37,602 [INFO] backward: dW1 max=5.0, dW2 max=5.0, dW3 max=0.7137096914010099
2025-04-08 09:21:41,742 [INFO] W1 norm: 11.442027061879264, W2 norm: 29.022127515810652, W3 norm: 4.727415776950117
2025-04-08 09:21:41,743 [INFO] backward: dW1 max=5.0, dW2 max=5.0, dW3 max=0.000783146893503148
2025-04-08 09:21:45,908 [INFO] W1 norm: 11.65006233234169, W2 norm: 29.388962048584084, W3 norm: 4.727367993973592
2025-04-08 09:21:45,908 [INFO] backward: dW1 max=5.0, dW2 max=5.0, dW3 max=0.08682943568918348
2025-04-08 09:21:49,936 [INFO] W1 norm: 11.927859855859207, W2 norm: 30.084606611778135, W3 norm: 4.727230448802564
2025-04-08 09:21:49,936 [INFO] backward: dW1 max=5.0, dW2 max=5.0, dW3 max=0.04058058541668275
2025-04-08 09:21:53,981 [INFO] W1 norm: 11.73670005249837, W2 norm: 29.34424051634486, W3 norm: 4.727091998074647
2025-04-08 09:21:53,981 [INFO] backward: dW1 max=5.0, dW2 max=5.0, dW3 max=0.025185301725903254
2025-04-08 09:21:58,129 [INFO] W1 norm: 12.242548932187338, W2 norm: 29.80330412347779, W3 norm: 4.727015436220468
2025-04-08 09:21:58,129 [INFO] backward: dW1 max=5.0, dW2 max=5.0, dW3 max=5.0
2025-04-08 09:22:02,222 [INFO] W1 norm: 12.331209659955034, W2 norm: 30.89648316725463, W3 norm: 4.730635411971505
2025-04-08 09:22:02,222 [INFO] backward: dW1 max=5.0, dW2 max=5.0, dW3 max=0.00017350361354611578
2025-04-08 09:22:06,342 [INFO] W1 norm: 12.987065486215279, W2 norm: 31.787094515191328, W3 norm: 4.730588342149156
2025-04-08 09:22:06,342 [INFO] backward: dW1 max=5.0, dW2 max=5.0, dW3 max=0.16245033069303783
2025-04-08 09:22:10,424 [INFO] W1 norm: 13.41196757363826, W2 norm: 31.909037803915133, W3 norm: 4.73023369613633
2025-04-08 09:22:10,425 [INFO] backward: dW1 max=5.0, dW2 max=5.0, dW3 max=0.00017350016084138352
2025-04-08 09:22:14,651 [INFO] W1 norm: 12.843655888326243, W2 norm: 31.41288173505803, W3 norm: 4.730186630311053
2025-04-08 09:22:14,651 [INFO] backward: dW1 max=5.0, dW2 max=5.0, dW3 max=0.024971280655666343
2025-04-08 09:22:18,785 [INFO] W1 norm: 12.685686227514058, W2 norm: 31.12916226960826, W3 norm: 4.730130368882651
2025-04-08 09:22:18,786 [INFO] backward: dW1 max=5.0, dW2 max=5.0, dW3 max=5.0
2025-04-08 09:22:22,923 [INFO] W1 norm: 12.234188870004612, W2 norm: 31.511042003801403, W3 norm: 4.736933549975943
2025-04-08 09:22:22,924 [INFO] backward: dW1 max=5.0, dW2 max=5.0, dW3 max=0.647209948129442
2025-04-08 09:22:26,970 [INFO] W1 norm: 12.257653943801712, W2 norm: 31.190327614330563, W3 norm: 4.734710012729342
2025-04-08 09:22:26,971 [INFO] backward: dW1 max=5.0, dW2 max=5.0, dW3 max=5.0
2025-04-08 09:22:31,165 [INFO] W1 norm: 12.63272165019931, W2 norm: 32.693535135238335, W3 norm: 4.739858134301614
2025-04-08 09:22:31,166 [INFO] backward: dW1 max=5.0, dW2 max=5.0, dW3 max=0.013312557251692923
2025-04-08 09:22:37,368 [INFO] W1 norm: 12.183317076771905, W2 norm: 32.03815214151926, W3 norm: 4.739804169502927
2025-04-08 09:22:37,369 [INFO] backward: dW1 max=5.0, dW2 max=5.0, dW3 max=0.0925006656326228
2025-04-08 09:43:37,516 [INFO] W1 norm: 12.808882052565032, W2 norm: 33.02548030150426, W3 norm: 4.739396913504321
2025-04-08 09:43:37,519 [INFO] backward: dW1 max=5.0, dW2 max=5.0, dW3 max=1.8572293611929187
2025-04-08 09:43:42,554 [INFO] W1 norm: 12.913271229431727, W2 norm: 33.14300142479211, W3 norm: 4.735987661153026
2025-04-08 09:43:42,554 [INFO] backward: dW1 max=5.0, dW2 max=5.0, dW3 max=5.0
2025-04-08 09:43:47,656 [INFO] W1 norm: 12.389748735124877, W2 norm: 33.32035870840718, W3 norm: 4.743499975269424
2025-04-08 09:43:47,657 [INFO] backward: dW1 max=5.0, dW2 max=5.0, dW3 max=5.0
2025-04-08 09:43:51,725 [INFO] W1 norm: 12.336236442948472, W2 norm: 33.950804320052484, W3 norm: 4.76972837357609
2025-04-08 09:43:51,726 [INFO] backward: dW1 max=5.0, dW2 max=5.0, dW3 max=0.31977354118061174
2025-04-08 09:43:55,145 [INFO] W1 norm: 12.94636452246868, W2 norm: 35.265577572179865, W3 norm: 4.767972478117876
2025-04-08 09:43:55,145 [INFO] backward: dW1 max=5.0, dW2 max=5.0, dW3 max=1.3301434368889515
2025-04-08 09:43:59,278 [INFO] W1 norm: 12.918623338933504, W2 norm: 35.92735835629879, W3 norm: 4.764843488532716
2025-04-08 09:43:59,278 [INFO] backward: dW1 max=5.0, dW2 max=5.0, dW3 max=0.21016548668706161
2025-04-08 09:44:03,538 [INFO] W1 norm: 13.450550446562286, W2 norm: 37.050526191895536, W3 norm: 4.763826055502044
2025-04-08 09:44:03,539 [INFO] backward: dW1 max=5.0, dW2 max=5.0, dW3 max=0.007457635960237497
2025-04-08 09:44:07,288 [INFO] W1 norm: 13.459252113436774, W2 norm: 37.521480318308214, W3 norm: 4.7637792621201
2025-04-08 09:44:07,288 [INFO] backward: dW1 max=5.0, dW2 max=5.0, dW3 max=0.5387361982775201
2025-04-08 09:44:11,002 [INFO] W1 norm: 14.0142641870306, W2 norm: 38.08968720963137, W3 norm: 4.76291036109316
2025-04-08 09:44:11,003 [INFO] backward: dW1 max=5.0, dW2 max=5.0, dW3 max=0.00017347426774587984
2025-04-08 09:44:14,467 [INFO] W1 norm: 13.517348927681509, W2 norm: 38.065864348925736, W3 norm: 4.7628629701350675
2025-04-08 09:44:14,467 [INFO] backward: dW1 max=5.0, dW2 max=5.0, dW3 max=0.0805541843334225
2025-04-08 09:44:17,775 [INFO] W1 norm: 14.095499911527453, W2 norm: 39.7736466271175, W3 norm: 4.762764581901014
2025-04-08 09:44:17,775 [INFO] backward: dW1 max=5.0, dW2 max=5.0, dW3 max=0.2203647391236662
2025-04-08 09:44:20,977 [INFO] W1 norm: 14.863605761601564, W2 norm: 41.043779982715826, W3 norm: 4.762649581083881
2025-04-08 09:44:20,977 [INFO] backward: dW1 max=5.0, dW2 max=5.0, dW3 max=0.007032143031780086
2025-04-08 09:44:24,355 [INFO] W1 norm: 14.937193763779227, W2 norm: 40.290165839594735, W3 norm: 4.762606118613794
2025-04-08 09:44:24,356 [INFO] backward: dW1 max=5.0, dW2 max=5.0, dW3 max=5.0
2025-04-08 09:44:27,705 [INFO] W1 norm: 14.335134660127322, W2 norm: 40.3949753595866, W3 norm: 4.763082142644387
2025-04-08 09:44:27,705 [INFO] backward: dW1 max=5.0, dW2 max=5.0, dW3 max=1.947796635678926
2025-04-08 09:44:30,992 [INFO] W1 norm: 14.3777107757528, W2 norm: 41.556382017645994, W3 norm: 4.7580111709488575
2025-04-08 09:44:30,992 [INFO] backward: dW1 max=5.0, dW2 max=5.0, dW3 max=0.0049256767397423806
2025-04-08 09:44:34,590 [INFO] W1 norm: 14.27088565003899, W2 norm: 41.57526245601838, W3 norm: 4.757961082124791
2025-04-08 09:44:34,590 [INFO] backward: dW1 max=5.0, dW2 max=5.0, dW3 max=1.5173428908116946
2025-04-08 09:44:37,903 [INFO] W1 norm: 14.051760335276759, W2 norm: 42.27858373506833, W3 norm: 4.756078088306547
2025-04-08 09:44:37,904 [INFO] backward: dW1 max=5.0, dW2 max=5.0, dW3 max=0.28198707524301664
2025-04-08 09:44:41,098 [INFO] W1 norm: 14.74880647612997, W2 norm: 44.063723916147865, W3 norm: 4.755528038858825
2025-04-08 09:44:41,098 [INFO] backward: dW1 max=5.0, dW2 max=5.0, dW3 max=0.34722437406776696
2025-04-08 09:44:44,383 [INFO] W1 norm: 15.3703746076692, W2 norm: 44.56249902062525, W3 norm: 4.754886361511894
2025-04-08 09:44:44,383 [INFO] backward: dW1 max=5.0, dW2 max=5.0, dW3 max=0.009469029678784949
2025-04-08 09:44:47,683 [INFO] W1 norm: 15.777226639747575, W2 norm: 44.68207390033339, W3 norm: 4.754830013892401
2025-04-08 09:44:47,683 [INFO] backward: dW1 max=5.0, dW2 max=5.0, dW3 max=0.038055186243101044
2025-04-08 09:44:47,946 [INFO] W1 norm: 15.915364290728583, W2 norm: 44.692731974628785, W3 norm: 4.75477739191183
2025-04-08 09:44:47,946 [INFO] backward: dW1 max=5.0, dW2 max=5.0, dW3 max=5.0
2025-04-08 09:44:58,394 [INFO] Epoch 2/20, Train Loss: 3.9195, Train Acc: 0.1410, Val Loss: 4.0100, Val Acc: 0.1440
2025-04-08 09:45:02,217 [INFO] W1 norm: 15.481321933155263, W2 norm: 44.94419266221859, W3 norm: 4.797606854274503
2025-04-08 09:45:02,218 [INFO] backward: dW1 max=5.0, dW2 max=5.0, dW3 max=1.0051296409950814
2025-04-08 09:45:07,020 [INFO] W1 norm: 16.236304801738918, W2 norm: 46.046203649678304, W3 norm: 4.797147760657524
2025-04-08 09:45:07,020 [INFO] backward: dW1 max=5.0, dW2 max=5.0, dW3 max=0.4180441471065027
2025-04-08 09:45:11,973 [INFO] W1 norm: 16.824547696717257, W2 norm: 46.70160829810545, W3 norm: 4.795892813295281
2025-04-08 09:45:11,973 [INFO] backward: dW1 max=5.0, dW2 max=5.0, dW3 max=0.02106847444173614
2025-04-08 09:45:16,917 [INFO] W1 norm: 16.421715607701106, W2 norm: 46.69310806306084, W3 norm: 4.795822604436368
2025-04-08 09:45:16,918 [INFO] backward: dW1 max=5.0, dW2 max=5.0, dW3 max=0.6411087358985712
2025-04-08 09:45:21,956 [INFO] W1 norm: 16.518085829116256, W2 norm: 47.644115937189405, W3 norm: 4.793964270836914
2025-04-08 09:45:21,956 [INFO] backward: dW1 max=5.0, dW2 max=5.0, dW3 max=0.5131542373673832
2025-04-08 09:45:27,524 [INFO] W1 norm: 17.349873927731284, W2 norm: 48.615366161901505, W3 norm: 4.792335857179353
2025-04-08 09:45:27,525 [INFO] backward: dW1 max=5.0, dW2 max=5.0, dW3 max=0.02877063343625695
2025-04-08 09:45:32,628 [INFO] W1 norm: 16.77846975262328, W2 norm: 48.35998348855311, W3 norm: 4.792274354985452
2025-04-08 09:45:32,639 [INFO] backward: dW1 max=5.0, dW2 max=5.0, dW3 max=0.3764263845176881
2025-04-08 09:45:37,782 [INFO] W1 norm: 17.704980350781597, W2 norm: 50.693047672271945, W3 norm: 4.791480544361883
2025-04-08 09:45:37,782 [INFO] backward: dW1 max=5.0, dW2 max=5.0, dW3 max=0.04126998113744101
2025-04-08 09:45:42,540 [INFO] W1 norm: 18.548559783246898, W2 norm: 51.552087279123235, W3 norm: 4.791384744311407
2025-04-08 09:45:42,541 [INFO] backward: dW1 max=5.0, dW2 max=5.0, dW3 max=0.2948803164038891
2025-04-08 09:45:47,245 [INFO] W1 norm: 18.587089991505334, W2 norm: 51.55517137742764, W3 norm: 4.791031975282778
2025-04-08 09:45:47,245 [INFO] backward: dW1 max=5.0, dW2 max=5.0, dW3 max=1.4868497143221882
2025-04-08 09:45:52,256 [INFO] W1 norm: 19.396802214937203, W2 norm: 52.39223730276408, W3 norm: 4.786437052351777
2025-04-08 09:45:52,256 [INFO] backward: dW1 max=5.0, dW2 max=5.0, dW3 max=1.0891990529594866
2025-04-08 09:45:57,093 [INFO] W1 norm: 19.52744951827055, W2 norm: 52.60864904841296, W3 norm: 4.784117687838716
2025-04-08 09:45:57,093 [INFO] backward: dW1 max=5.0, dW2 max=5.0, dW3 max=2.5442141154531006
2025-04-08 09:46:02,002 [INFO] W1 norm: 20.35750127388996, W2 norm: 53.19404438920235, W3 norm: 4.779186127963576
2025-04-08 09:46:02,003 [INFO] backward: dW1 max=5.0, dW2 max=5.0, dW3 max=5.0
2025-04-08 09:46:07,346 [INFO] W1 norm: 19.46821317664888, W2 norm: 52.39860021085498, W3 norm: 4.78774401597236
2025-04-08 09:46:07,347 [INFO] backward: dW1 max=5.0, dW2 max=5.0, dW3 max=2.8607301809824683
2025-04-08 09:46:12,147 [INFO] W1 norm: 20.300638876104525, W2 norm: 54.10375054856657, W3 norm: 4.777424443480261
2025-04-08 09:46:12,147 [INFO] backward: dW1 max=5.0, dW2 max=5.0, dW3 max=0.36548210693686156
2025-04-08 09:46:17,198 [INFO] W1 norm: 20.35949253297323, W2 norm: 53.39183508043534, W3 norm: 4.776862720895622
2025-04-08 09:46:17,199 [INFO] backward: dW1 max=5.0, dW2 max=5.0, dW3 max=1.106866220737064
2025-04-08 09:46:22,441 [INFO] W1 norm: 21.155809722354054, W2 norm: 54.263023330253816, W3 norm: 4.77444304136816
2025-04-08 09:46:22,442 [INFO] backward: dW1 max=5.0, dW2 max=5.0, dW3 max=0.4143737837338586
2025-04-08 09:46:27,610 [INFO] W1 norm: 21.170934902951632, W2 norm: 54.14406700839769, W3 norm: 4.774114952437284
2025-04-08 09:46:27,610 [INFO] backward: dW1 max=5.0, dW2 max=5.0, dW3 max=5.0
2025-04-08 09:46:32,462 [INFO] W1 norm: 21.936882690030554, W2 norm: 55.241690084664704, W3 norm: 4.792566121871857
2025-04-08 09:46:32,463 [INFO] backward: dW1 max=5.0, dW2 max=5.0, dW3 max=2.627683997675142
2025-04-08 09:46:37,669 [INFO] W1 norm: 21.316367387427032, W2 norm: 55.168256748335416, W3 norm: 4.785897692142158
2025-04-08 09:46:37,670 [INFO] backward: dW1 max=5.0, dW2 max=5.0, dW3 max=0.3098244021047849
2025-04-08 09:46:42,590 [INFO] W1 norm: 21.8546669214786, W2 norm: 55.6756889173236, W3 norm: 4.785506121361052
2025-04-08 09:46:42,590 [INFO] backward: dW1 max=5.0, dW2 max=5.0, dW3 max=0.8373406930532913
2025-04-08 09:46:47,523 [INFO] W1 norm: 22.71834224402652, W2 norm: 56.48206993552706, W3 norm: 4.784700409015717
2025-04-08 09:46:47,523 [INFO] backward: dW1 max=5.0, dW2 max=5.0, dW3 max=3.459349873362877
2025-04-08 09:46:52,398 [INFO] W1 norm: 23.55747718585658, W2 norm: 56.747224580573736, W3 norm: 4.779882419144506
2025-04-08 09:46:52,399 [INFO] backward: dW1 max=5.0, dW2 max=5.0, dW3 max=1.1365248048243621
2025-04-08 09:46:57,211 [INFO] W1 norm: 24.371839635507385, W2 norm: 57.422792593456535, W3 norm: 4.778903024628791
2025-04-08 09:46:57,212 [INFO] backward: dW1 max=5.0, dW2 max=5.0, dW3 max=0.1973270262812631
2025-04-08 09:47:02,119 [INFO] W1 norm: 25.363559647190506, W2 norm: 58.572982588369804, W3 norm: 4.7787155053742945
2025-04-08 09:47:02,119 [INFO] backward: dW1 max=5.0, dW2 max=5.0, dW3 max=0.3956517955220627
2025-04-08 09:47:06,978 [INFO] W1 norm: 26.04649613981998, W2 norm: 59.13724595650021, W3 norm: 4.778480740956319
2025-04-08 09:47:06,978 [INFO] backward: dW1 max=5.0, dW2 max=5.0, dW3 max=5.0
2025-04-08 09:47:11,856 [INFO] W1 norm: 25.326134902434664, W2 norm: 59.262721805588114, W3 norm: 4.815077646618101
2025-04-08 09:47:11,856 [INFO] backward: dW1 max=5.0, dW2 max=5.0, dW3 max=0.8342318170378177
2025-04-08 09:47:16,834 [INFO] W1 norm: 24.437219899694792, W2 norm: 58.915756499503, W3 norm: 4.811747671927681
2025-04-08 09:47:16,834 [INFO] backward: dW1 max=5.0, dW2 max=5.0, dW3 max=0.1430766228329845
2025-04-08 09:47:21,560 [INFO] W1 norm: 25.499629969936375, W2 norm: 60.9872721695555, W3 norm: 4.811641232877153
2025-04-08 09:47:21,560 [INFO] backward: dW1 max=5.0, dW2 max=5.0, dW3 max=0.6247136537714167
2025-04-08 09:47:26,750 [INFO] W1 norm: 25.02061167302014, W2 norm: 61.44999343354329, W3 norm: 4.810408185128488
2025-04-08 09:47:26,751 [INFO] backward: dW1 max=5.0, dW2 max=5.0, dW3 max=0.06044611850215036
2025-04-08 09:47:31,407 [INFO] W1 norm: 26.053962151432632, W2 norm: 62.52034775191949, W3 norm: 4.810362171809204
2025-04-08 09:47:31,407 [INFO] backward: dW1 max=5.0, dW2 max=5.0, dW3 max=0.6692898738588541
2025-04-08 09:47:36,098 [INFO] W1 norm: 27.072624820760403, W2 norm: 64.07146806997967, W3 norm: 4.809478933506792
2025-04-08 09:47:36,099 [INFO] backward: dW1 max=5.0, dW2 max=5.0, dW3 max=2.896443485693883
2025-04-08 09:47:40,680 [INFO] W1 norm: 26.26628689669728, W2 norm: 63.17628528388785, W3 norm: 4.80137410720528
2025-04-08 09:47:40,681 [INFO] backward: dW1 max=5.0, dW2 max=5.0, dW3 max=0.4062706357255493
2025-04-08 09:47:45,522 [INFO] W1 norm: 26.996823339012156, W2 norm: 64.33232190443461, W3 norm: 4.8007645936322225
2025-04-08 09:47:45,522 [INFO] backward: dW1 max=5.0, dW2 max=5.0, dW3 max=3.8119400754418895
2025-04-08 09:47:50,523 [INFO] W1 norm: 26.343315286146776, W2 norm: 64.19775899046468, W3 norm: 4.795138028288361
2025-04-08 09:47:50,523 [INFO] backward: dW1 max=5.0, dW2 max=5.0, dW3 max=0.9653908073415772
2025-04-08 09:47:55,643 [INFO] W1 norm: 26.84436280640618, W2 norm: 64.58994401163164, W3 norm: 4.793426200864142
2025-04-08 09:47:55,644 [INFO] backward: dW1 max=5.0, dW2 max=5.0, dW3 max=1.2338683470828353
2025-04-08 09:48:00,980 [INFO] W1 norm: 27.07152500455688, W2 norm: 64.70913050577501, W3 norm: 4.789839177817404
2025-04-08 09:48:00,981 [INFO] backward: dW1 max=5.0, dW2 max=5.0, dW3 max=0.4048134092774812
2025-04-08 09:48:05,931 [INFO] W1 norm: 27.73860203383589, W2 norm: 65.39769771681648, W3 norm: 4.7896701574495735
2025-04-08 09:48:05,931 [INFO] backward: dW1 max=5.0, dW2 max=5.0, dW3 max=0.8634308179986363
2025-04-08 09:48:10,884 [INFO] W1 norm: 26.789321922887986, W2 norm: 64.9162909629903, W3 norm: 4.7888704454040045
2025-04-08 09:48:10,885 [INFO] backward: dW1 max=5.0, dW2 max=5.0, dW3 max=0.0589081377636807
2025-04-08 09:48:11,276 [INFO] W1 norm: 27.401769046818067, W2 norm: 65.45518694021273, W3 norm: 4.788769490481316
2025-04-08 09:48:11,334 [INFO] backward: dW1 max=4.724416603456397, dW2 max=5.0, dW3 max=0.00017338487134221743
2025-04-08 09:48:26,821 [INFO] Epoch 3/20, Train Loss: 5.0156, Train Acc: 0.1000, Val Loss: 5.0202, Val Acc: 0.1180
2025-04-08 09:48:31,550 [INFO] W1 norm: 28.187141984152902, W2 norm: 66.38801616033622, W3 norm: 4.788722080466169
2025-04-08 09:48:31,551 [INFO] backward: dW1 max=5.0, dW2 max=5.0, dW3 max=0.554373812061983
2025-04-08 09:48:36,179 [INFO] W1 norm: 28.338074132894107, W2 norm: 67.01131285093898, W3 norm: 4.788361915861205
2025-04-08 09:48:36,179 [INFO] backward: dW1 max=5.0, dW2 max=5.0, dW3 max=1.0202515507572132
2025-04-08 09:48:40,698 [INFO] W1 norm: 29.285363854400813, W2 norm: 68.30835957734159, W3 norm: 4.787794014242951
2025-04-08 09:48:40,699 [INFO] backward: dW1 max=5.0, dW2 max=5.0, dW3 max=0.29137198812431947
2025-04-08 09:48:45,209 [INFO] W1 norm: 30.128850043976605, W2 norm: 69.58198160710712, W3 norm: 4.7875188170299
2025-04-08 09:48:45,209 [INFO] backward: dW1 max=5.0, dW2 max=5.0, dW3 max=0.6360046285684388
2025-04-08 09:48:49,705 [INFO] W1 norm: 30.685320430948167, W2 norm: 70.00560270062631, W3 norm: 4.786407988005318
2025-04-08 09:48:49,705 [INFO] backward: dW1 max=5.0, dW2 max=5.0, dW3 max=2.3739097874612005
2025-04-08 09:48:54,454 [INFO] W1 norm: 31.59930394031453, W2 norm: 71.46467542710724, W3 norm: 4.78337465153901
2025-04-08 09:48:54,455 [INFO] backward: dW1 max=5.0, dW2 max=5.0, dW3 max=1.336145462755106
2025-04-08 09:48:59,088 [INFO] W1 norm: 32.5695146415407, W2 norm: 73.04407987810761, W3 norm: 4.781378405433925
2025-04-08 09:48:59,088 [INFO] backward: dW1 max=5.0, dW2 max=5.0, dW3 max=0.7130395800782366
2025-04-08 09:49:03,595 [INFO] W1 norm: 33.34063483927713, W2 norm: 73.78412671958252, W3 norm: 4.781108138653807
2025-04-08 09:49:03,595 [INFO] backward: dW1 max=5.0, dW2 max=5.0, dW3 max=1.3659703012490294
2025-04-08 09:49:08,252 [INFO] W1 norm: 32.305587802600805, W2 norm: 74.02459871864009, W3 norm: 4.77871287841523
2025-04-08 09:49:08,252 [INFO] backward: dW1 max=5.0, dW2 max=5.0, dW3 max=5.0
2025-04-08 09:49:12,655 [INFO] W1 norm: 31.51626016565832, W2 norm: 73.83284425055282, W3 norm: 4.795527660666166
2025-04-08 09:49:12,655 [INFO] backward: dW1 max=5.0, dW2 max=5.0, dW3 max=2.2061348267046497
2025-04-08 09:49:17,346 [INFO] W1 norm: 30.95475728361148, W2 norm: 74.32515051240975, W3 norm: 4.791535695732955
2025-04-08 09:49:17,346 [INFO] backward: dW1 max=5.0, dW2 max=5.0, dW3 max=5.0
2025-04-08 09:49:21,893 [INFO] W1 norm: 30.113438546869556, W2 norm: 74.69590596563405, W3 norm: 4.78487714731667
2025-04-08 09:49:21,894 [INFO] backward: dW1 max=5.0, dW2 max=5.0, dW3 max=1.867298268991661
2025-04-08 09:49:26,571 [INFO] W1 norm: 29.713506355481634, W2 norm: 74.85214791983384, W3 norm: 4.778089515750921
2025-04-08 09:49:26,571 [INFO] backward: dW1 max=5.0, dW2 max=5.0, dW3 max=1.9626374173915042
2025-04-08 09:49:31,417 [INFO] W1 norm: 30.65914012643262, W2 norm: 76.36136595680806, W3 norm: 4.77487819221348
2025-04-08 09:49:31,417 [INFO] backward: dW1 max=5.0, dW2 max=5.0, dW3 max=1.8855971038588109
2025-04-08 09:49:36,330 [INFO] W1 norm: 31.443631940418907, W2 norm: 77.45135803519987, W3 norm: 4.772006295658881
2025-04-08 09:49:36,331 [INFO] backward: dW1 max=5.0, dW2 max=5.0, dW3 max=3.1427868749287455
2025-04-08 09:49:41,250 [INFO] W1 norm: 30.751481545918885, W2 norm: 77.81558756278925, W3 norm: 4.765322789229353
2025-04-08 09:49:41,251 [INFO] backward: dW1 max=5.0, dW2 max=5.0, dW3 max=5.0
2025-04-08 09:49:45,737 [INFO] W1 norm: 31.36360986503743, W2 norm: 78.46509497734249, W3 norm: 4.76498883358247
2025-04-08 09:49:45,738 [INFO] backward: dW1 max=5.0, dW2 max=5.0, dW3 max=5.0
2025-04-08 09:49:50,249 [INFO] W1 norm: 30.45663630907534, W2 norm: 76.95291627719544, W3 norm: 4.772941465119163
2025-04-08 09:49:50,249 [INFO] backward: dW1 max=5.0, dW2 max=5.0, dW3 max=2.895068836281853
2025-04-08 09:49:54,738 [INFO] W1 norm: 31.317538218642966, W2 norm: 78.60717277093613, W3 norm: 4.768196143593556
2025-04-08 09:49:54,738 [INFO] backward: dW1 max=5.0, dW2 max=5.0, dW3 max=1.7658752079291586
2025-04-08 09:49:59,467 [INFO] W1 norm: 30.48376352778296, W2 norm: 78.75303267534748, W3 norm: 4.764756205167294
2025-04-08 09:49:59,467 [INFO] backward: dW1 max=5.0, dW2 max=5.0, dW3 max=0.8857815222795897
2025-04-08 09:50:04,229 [INFO] W1 norm: 31.415235094190233, W2 norm: 80.74347813000745, W3 norm: 4.764390480768207
2025-04-08 09:50:04,229 [INFO] backward: dW1 max=5.0, dW2 max=5.0, dW3 max=3.4247767905896014
2025-04-08 09:50:08,795 [INFO] W1 norm: 31.602192869064215, W2 norm: 80.99234978410868, W3 norm: 4.761730809426224
2025-04-08 09:50:08,795 [INFO] backward: dW1 max=5.0, dW2 max=5.0, dW3 max=5.0
2025-04-08 09:50:13,312 [INFO] W1 norm: 30.76396466246511, W2 norm: 80.6165395101214, W3 norm: 4.782730140470791
2025-04-08 09:50:13,312 [INFO] backward: dW1 max=5.0, dW2 max=5.0, dW3 max=2.910782200351919
2025-04-08 09:50:17,985 [INFO] W1 norm: 31.52912154547262, W2 norm: 82.2979080702073, W3 norm: 4.780038861415076
2025-04-08 09:50:17,985 [INFO] backward: dW1 max=5.0, dW2 max=5.0, dW3 max=2.348424447170565
2025-04-08 09:50:22,450 [INFO] W1 norm: 32.538613693392634, W2 norm: 84.11368548808005, W3 norm: 4.778300131669981
2025-04-08 09:50:22,451 [INFO] backward: dW1 max=5.0, dW2 max=5.0, dW3 max=1.174820653394583
2025-04-08 09:50:26,923 [INFO] W1 norm: 32.84925755298026, W2 norm: 84.9154901562405, W3 norm: 4.7773410677851516
2025-04-08 09:50:26,924 [INFO] backward: dW1 max=5.0, dW2 max=5.0, dW3 max=1.1567368623882115
2025-04-08 09:50:31,327 [INFO] W1 norm: 33.5509311322718, W2 norm: 85.93577729194432, W3 norm: 4.7764785352889065
2025-04-08 09:50:31,327 [INFO] backward: dW1 max=5.0, dW2 max=5.0, dW3 max=5.0
2025-04-08 09:50:35,935 [INFO] W1 norm: 33.456981593237636, W2 norm: 86.18795477126231, W3 norm: 4.77111725140497
2025-04-08 09:50:35,936 [INFO] backward: dW1 max=5.0, dW2 max=5.0, dW3 max=1.3129251556665609
2025-04-08 09:50:40,597 [INFO] W1 norm: 33.23523835935485, W2 norm: 85.75570238620537, W3 norm: 4.770168013190928
2025-04-08 09:50:40,598 [INFO] backward: dW1 max=5.0, dW2 max=5.0, dW3 max=2.4560950481013313
2025-04-08 09:50:45,078 [INFO] W1 norm: 33.96893445995604, W2 norm: 86.51762643127601, W3 norm: 4.76706311750659
2025-04-08 09:50:45,079 [INFO] backward: dW1 max=5.0, dW2 max=5.0, dW3 max=0.7821136810693555
2025-04-08 09:50:49,616 [INFO] W1 norm: 34.226301084467735, W2 norm: 86.99076087427673, W3 norm: 4.765017441465929
2025-04-08 09:50:49,617 [INFO] backward: dW1 max=5.0, dW2 max=5.0, dW3 max=0.44632162967044786
2025-04-08 09:50:54,081 [INFO] W1 norm: 35.00293494161184, W2 norm: 88.39495170586322, W3 norm: 4.7647976119625195
2025-04-08 09:50:54,081 [INFO] backward: dW1 max=5.0, dW2 max=5.0, dW3 max=1.3896504332181827
2025-04-08 09:50:58,566 [INFO] W1 norm: 35.858861869088194, W2 norm: 89.28946293195835, W3 norm: 4.76390117154252
2025-04-08 09:50:58,566 [INFO] backward: dW1 max=5.0, dW2 max=5.0, dW3 max=5.0
2025-04-08 09:51:03,141 [INFO] W1 norm: 34.93863156936926, W2 norm: 89.09455943941634, W3 norm: 4.762452701447746
2025-04-08 09:51:03,141 [INFO] backward: dW1 max=5.0, dW2 max=5.0, dW3 max=1.9236774000939199
2025-04-08 09:51:07,698 [INFO] W1 norm: 35.89343691539716, W2 norm: 91.07589602396615, W3 norm: 4.760274652966692
2025-04-08 09:51:07,698 [INFO] backward: dW1 max=5.0, dW2 max=5.0, dW3 max=0.6160388923390896
2025-04-08 09:51:12,109 [INFO] W1 norm: 36.688111091760675, W2 norm: 92.10761820066041, W3 norm: 4.759851860372562
2025-04-08 09:51:12,110 [INFO] backward: dW1 max=5.0, dW2 max=5.0, dW3 max=0.39931608381177264
2025-04-08 09:51:16,581 [INFO] W1 norm: 37.68175884478068, W2 norm: 94.63955049120064, W3 norm: 4.759626441309825
2025-04-08 09:51:16,582 [INFO] backward: dW1 max=5.0, dW2 max=5.0, dW3 max=0.7625959500727887
2025-04-08 09:51:21,303 [INFO] W1 norm: 37.230524304380346, W2 norm: 94.37015936433967, W3 norm: 4.759126457958625
2025-04-08 09:51:21,303 [INFO] backward: dW1 max=5.0, dW2 max=5.0, dW3 max=0.578274929432388
2025-04-08 09:51:25,771 [INFO] W1 norm: 38.13166480014987, W2 norm: 96.06528354752183, W3 norm: 4.759028011210995
2025-04-08 09:51:25,771 [INFO] backward: dW1 max=5.0, dW2 max=5.0, dW3 max=0.24885928260337523
2025-04-08 09:51:26,185 [INFO] W1 norm: 39.09101023448669, W2 norm: 97.19980103790822, W3 norm: 4.758909824121288
2025-04-08 09:51:26,186 [INFO] backward: dW1 max=5.0, dW2 max=5.0, dW3 max=0.00017331655705226032
2025-04-08 09:51:39,786 [INFO] Epoch 4/20, Train Loss: 7.9016, Train Acc: 0.0910, Val Loss: 7.8883, Val Acc: 0.1140
2025-04-08 09:51:44,719 [INFO] W1 norm: 39.407221962148675, W2 norm: 97.8450863849957, W3 norm: 4.758862945296286
2025-04-08 09:51:44,719 [INFO] backward: dW1 max=5.0, dW2 max=5.0, dW3 max=0.18044965933572263
2025-04-08 09:51:49,253 [INFO] W1 norm: 40.10894131131372, W2 norm: 98.42349823998428, W3 norm: 4.758791441983625
2025-04-08 09:51:49,253 [INFO] backward: dW1 max=5.0, dW2 max=5.0, dW3 max=1.608239347192356
2025-04-08 09:51:53,760 [INFO] W1 norm: 41.07336094510733, W2 norm: 99.5016809924492, W3 norm: 4.758460832898913
2025-04-08 09:51:53,760 [INFO] backward: dW1 max=5.0, dW2 max=5.0, dW3 max=0.5591774889974594
2025-04-08 09:51:58,231 [INFO] W1 norm: 40.8991787409662, W2 norm: 99.66338861810397, W3 norm: 4.758144407225588
2025-04-08 09:51:58,232 [INFO] backward: dW1 max=5.0, dW2 max=5.0, dW3 max=0.683118976863462
2025-04-08 09:52:02,878 [INFO] W1 norm: 41.26145534160623, W2 norm: 100.64935051111439, W3 norm: 4.7573867647264585
2025-04-08 09:52:02,879 [INFO] backward: dW1 max=5.0, dW2 max=5.0, dW3 max=0.3073564770232204
2025-04-08 09:52:07,416 [INFO] W1 norm: 42.19679548901621, W2 norm: 102.01863312305626, W3 norm: 4.757250326659654
2025-04-08 09:52:07,416 [INFO] backward: dW1 max=5.0, dW2 max=5.0, dW3 max=1.2172511676433673
2025-04-08 09:52:12,084 [INFO] W1 norm: 42.53193595551491, W2 norm: 102.79074219311384, W3 norm: 4.756711121444133
2025-04-08 09:52:12,084 [INFO] backward: dW1 max=5.0, dW2 max=5.0, dW3 max=1.2015964452996333
2025-04-08 09:52:16,527 [INFO] W1 norm: 43.285362421375496, W2 norm: 103.6533051454462, W3 norm: 4.756225841433728
2025-04-08 09:52:16,531 [INFO] backward: dW1 max=5.0, dW2 max=5.0, dW3 max=3.5550505876905367
2025-04-08 09:52:21,204 [INFO] W1 norm: 44.23385231239209, W2 norm: 105.14712438230274, W3 norm: 4.753680769051316
2025-04-08 09:52:21,204 [INFO] backward: dW1 max=5.0, dW2 max=5.0, dW3 max=1.9938248062648785
2025-04-08 09:52:25,880 [INFO] W1 norm: 45.18684273446508, W2 norm: 106.47747413080329, W3 norm: 4.752621042824139
2025-04-08 09:52:25,881 [INFO] backward: dW1 max=5.0, dW2 max=5.0, dW3 max=3.7555307294385347
2025-04-08 09:52:30,361 [INFO] W1 norm: 45.40970084176773, W2 norm: 106.78376494034092, W3 norm: 4.750546599078308
2025-04-08 09:52:30,361 [INFO] backward: dW1 max=5.0, dW2 max=5.0, dW3 max=5.0
2025-04-08 09:52:34,850 [INFO] W1 norm: 44.594677475942106, W2 norm: 106.20184439481204, W3 norm: 4.749940874326281
2025-04-08 09:52:34,850 [INFO] backward: dW1 max=5.0, dW2 max=5.0, dW3 max=1.3285896129281434
2025-04-08 09:52:39,314 [INFO] W1 norm: 45.33949510486454, W2 norm: 106.35233227429894, W3 norm: 4.7488106038965245
2025-04-08 09:52:39,315 [INFO] backward: dW1 max=5.0, dW2 max=5.0, dW3 max=2.7786800203884034
2025-04-08 09:52:43,917 [INFO] W1 norm: 46.28055739594718, W2 norm: 107.46457421864919, W3 norm: 4.746871898378647
2025-04-08 09:52:43,918 [INFO] backward: dW1 max=5.0, dW2 max=5.0, dW3 max=2.596166237797484
2025-04-08 09:52:48,529 [INFO] W1 norm: 46.73202092210445, W2 norm: 107.95252410674856, W3 norm: 4.745915890342856
2025-04-08 09:52:48,530 [INFO] backward: dW1 max=5.0, dW2 max=5.0, dW3 max=5.0
2025-04-08 09:52:53,062 [INFO] W1 norm: 46.938282085830465, W2 norm: 108.58061578958856, W3 norm: 4.747393647183118
2025-04-08 09:52:53,063 [INFO] backward: dW1 max=5.0, dW2 max=5.0, dW3 max=2.143225191729716
2025-04-08 09:52:57,530 [INFO] W1 norm: 46.15533274252501, W2 norm: 107.85501852419547, W3 norm: 4.746049320999493
2025-04-08 09:52:57,566 [INFO] backward: dW1 max=5.0, dW2 max=5.0, dW3 max=2.4823353837952196
2025-04-08 09:53:02,157 [INFO] W1 norm: 47.089136635488444, W2 norm: 109.94319726297863, W3 norm: 4.744493258651661
2025-04-08 09:53:02,157 [INFO] backward: dW1 max=5.0, dW2 max=5.0, dW3 max=5.0
2025-04-08 09:53:06,625 [INFO] W1 norm: 47.533434095196334, W2 norm: 111.10925256878045, W3 norm: 4.739649142853874
2025-04-08 09:53:06,634 [INFO] backward: dW1 max=5.0, dW2 max=5.0, dW3 max=5.0
2025-04-08 09:53:11,873 [INFO] W1 norm: 46.82788382312272, W2 norm: 110.899270351641, W3 norm: 4.737758584603912
2025-04-08 09:53:11,874 [INFO] backward: dW1 max=5.0, dW2 max=5.0, dW3 max=5.0
2025-04-08 09:53:16,317 [INFO] W1 norm: 47.60801801563838, W2 norm: 111.77352218257329, W3 norm: 4.734045543305956
2025-04-08 09:53:16,317 [INFO] backward: dW1 max=5.0, dW2 max=5.0, dW3 max=3.3890528575321794
2025-04-08 09:53:21,447 [INFO] W1 norm: 48.61424920849087, W2 norm: 113.7359949678204, W3 norm: 4.733007137709186
2025-04-08 09:53:21,448 [INFO] backward: dW1 max=5.0, dW2 max=5.0, dW3 max=2.7640652706562427
2025-04-08 09:53:26,210 [INFO] W1 norm: 49.1248096401664, W2 norm: 113.42463267614448, W3 norm: 4.730568466683744
2025-04-08 09:53:26,211 [INFO] backward: dW1 max=5.0, dW2 max=5.0, dW3 max=1.6924413788572021
2025-04-08 09:53:30,726 [INFO] W1 norm: 50.10668719508812, W2 norm: 114.68670339805064, W3 norm: 4.729180563766999
2025-04-08 09:53:30,726 [INFO] backward: dW1 max=5.0, dW2 max=5.0, dW3 max=3.688355579062151
2025-04-08 09:53:35,342 [INFO] W1 norm: 51.08859955749492, W2 norm: 115.81296611499894, W3 norm: 4.727945463697741
2025-04-08 09:53:35,342 [INFO] backward: dW1 max=5.0, dW2 max=5.0, dW3 max=5.0
2025-04-08 09:53:40,015 [INFO] W1 norm: 51.77287812217165, W2 norm: 116.442807510028, W3 norm: 4.726577149486775
2025-04-08 09:53:40,015 [INFO] backward: dW1 max=5.0, dW2 max=5.0, dW3 max=4.859747386987221
2025-04-08 09:53:44,718 [INFO] W1 norm: 52.68851099356553, W2 norm: 116.7811041516486, W3 norm: 4.722605278194963
2025-04-08 09:53:44,718 [INFO] backward: dW1 max=5.0, dW2 max=5.0, dW3 max=2.491377966040756
2025-04-08 09:53:49,416 [INFO] W1 norm: 51.89228367315669, W2 norm: 116.446741119065, W3 norm: 4.7219932312167625
2025-04-08 09:53:49,416 [INFO] backward: dW1 max=5.0, dW2 max=5.0, dW3 max=3.730933242845697
2025-04-08 09:53:54,141 [INFO] W1 norm: 52.885259125961944, W2 norm: 117.8361372768726, W3 norm: 4.720955201625453
2025-04-08 09:53:54,142 [INFO] backward: dW1 max=5.0, dW2 max=5.0, dW3 max=1.4983357080293493
2025-04-08 09:53:59,000 [INFO] W1 norm: 53.028191967462305, W2 norm: 118.13912707572881, W3 norm: 4.720153788090167
2025-04-08 09:53:59,000 [INFO] backward: dW1 max=5.0, dW2 max=5.0, dW3 max=4.171863703548929
2025-04-08 09:54:03,707 [INFO] W1 norm: 54.08853412918359, W2 norm: 118.7043649248931, W3 norm: 4.716114058681363
2025-04-08 09:54:03,707 [INFO] backward: dW1 max=5.0, dW2 max=5.0, dW3 max=3.539817517316897
2025-04-08 09:54:08,518 [INFO] W1 norm: 54.25789450140976, W2 norm: 119.27506211308048, W3 norm: 4.714129146953301
2025-04-08 09:54:08,518 [INFO] backward: dW1 max=5.0, dW2 max=5.0, dW3 max=5.0
2025-04-08 09:54:13,505 [INFO] W1 norm: 55.05265393349398, W2 norm: 120.65710771837614, W3 norm: 4.7118940764928245
2025-04-08 09:54:13,505 [INFO] backward: dW1 max=5.0, dW2 max=5.0, dW3 max=2.962436234271086
2025-04-08 09:54:18,133 [INFO] W1 norm: 56.07337665900647, W2 norm: 122.78409541189977, W3 norm: 4.710944852400812
2025-04-08 09:54:18,134 [INFO] backward: dW1 max=5.0, dW2 max=5.0, dW3 max=5.0
2025-04-08 09:54:22,712 [INFO] W1 norm: 56.83945207734055, W2 norm: 123.49548915782728, W3 norm: 4.707726294531971
2025-04-08 09:54:22,712 [INFO] backward: dW1 max=5.0, dW2 max=5.0, dW3 max=5.0
2025-04-08 09:54:27,249 [INFO] W1 norm: 57.81255716067014, W2 norm: 124.00526656803183, W3 norm: 4.707735554293196
2025-04-08 09:54:27,250 [INFO] backward: dW1 max=5.0, dW2 max=5.0, dW3 max=5.0
2025-04-08 09:54:31,805 [INFO] W1 norm: 56.91051476930627, W2 norm: 122.4585036990948, W3 norm: 4.705209136089697
2025-04-08 09:54:31,805 [INFO] backward: dW1 max=5.0, dW2 max=5.0, dW3 max=5.0
2025-04-08 09:54:36,336 [INFO] W1 norm: 56.03013982360393, W2 norm: 122.27762231907377, W3 norm: 4.702247601730108
2025-04-08 09:54:36,336 [INFO] backward: dW1 max=5.0, dW2 max=5.0, dW3 max=3.534981697647795
2025-04-08 09:54:40,763 [INFO] W1 norm: 57.06247953294345, W2 norm: 123.70856577318523, W3 norm: 4.7003647212849256
2025-04-08 09:54:40,763 [INFO] backward: dW1 max=5.0, dW2 max=5.0, dW3 max=0.9099774835276168
2025-04-08 09:54:41,147 [INFO] W1 norm: 58.04989199696622, W2 norm: 124.96011271965756, W3 norm: 4.700031660483559
2025-04-08 09:54:41,147 [INFO] backward: dW1 max=5.0, dW2 max=5.0, dW3 max=5.0
2025-04-08 09:54:54,353 [INFO] Epoch 5/20, Train Loss: 28.0470, Train Acc: 0.1210, Val Loss: 27.9797, Val Acc: 0.1180
2025-04-08 09:54:59,301 [INFO] W1 norm: 57.529016314885, W2 norm: 124.2715288655373, W3 norm: 4.703099019218182
2025-04-08 09:54:59,302 [INFO] backward: dW1 max=5.0, dW2 max=5.0, dW3 max=5.0
2025-04-08 09:55:04,007 [INFO] W1 norm: 58.54811366612592, W2 norm: 125.42348712174659, W3 norm: 4.769597393197954
2025-04-08 09:55:04,007 [INFO] backward: dW1 max=5.0, dW2 max=5.0, dW3 max=2.3197780330613793
2025-04-08 09:55:08,664 [INFO] W1 norm: 59.475125887007756, W2 norm: 126.38186156965918, W3 norm: 4.765509078114849
2025-04-08 09:55:08,664 [INFO] backward: dW1 max=5.0, dW2 max=5.0, dW3 max=2.6159363171478525
2025-04-08 09:55:13,090 [INFO] W1 norm: 60.512804487631115, W2 norm: 127.79680891702706, W3 norm: 4.765426816876279
2025-04-08 09:55:13,090 [INFO] backward: dW1 max=5.0, dW2 max=5.0, dW3 max=4.221386992093702
2025-04-08 09:55:17,751 [INFO] W1 norm: 59.66789641248989, W2 norm: 127.14821547386764, W3 norm: 4.7588856453882045
2025-04-08 09:55:17,752 [INFO] backward: dW1 max=5.0, dW2 max=5.0, dW3 max=5.0
2025-04-08 09:55:22,451 [INFO] W1 norm: 60.700792785862674, W2 norm: 127.47552519383265, W3 norm: 4.758531529224123
2025-04-08 09:55:22,451 [INFO] backward: dW1 max=5.0, dW2 max=5.0, dW3 max=5.0
2025-04-08 09:55:26,952 [INFO] W1 norm: 60.44369889255785, W2 norm: 128.04878299816977, W3 norm: 4.7541029442008815
2025-04-08 09:55:26,952 [INFO] backward: dW1 max=5.0, dW2 max=5.0, dW3 max=2.1384447480405204
2025-04-08 09:55:31,378 [INFO] W1 norm: 61.50543756737916, W2 norm: 129.5360665180506, W3 norm: 4.753635296380593
2025-04-08 09:55:31,378 [INFO] backward: dW1 max=5.0, dW2 max=5.0, dW3 max=2.166684986425051
2025-04-08 09:55:35,858 [INFO] W1 norm: 62.4509504995338, W2 norm: 130.25811026173142, W3 norm: 4.75195111311354
2025-04-08 09:55:35,858 [INFO] backward: dW1 max=5.0, dW2 max=5.0, dW3 max=1.4215170559917707
2025-04-08 09:55:40,285 [INFO] W1 norm: 63.44864291864216, W2 norm: 132.0288410699104, W3 norm: 4.75176719107706
2025-04-08 09:55:40,286 [INFO] backward: dW1 max=5.0, dW2 max=5.0, dW3 max=4.9936667093466305
2025-04-08 09:55:44,787 [INFO] W1 norm: 64.49904756707289, W2 norm: 132.75860165778266, W3 norm: 4.751274989214025
2025-04-08 09:55:44,787 [INFO] backward: dW1 max=5.0, dW2 max=5.0, dW3 max=2.00300307046334
2025-04-08 09:55:49,311 [INFO] W1 norm: 65.59376606156586, W2 norm: 133.26422137111408, W3 norm: 4.750840154910312
2025-04-08 09:55:49,311 [INFO] backward: dW1 max=5.0, dW2 max=5.0, dW3 max=5.0
2025-04-08 09:55:54,010 [INFO] W1 norm: 66.48769800065025, W2 norm: 133.19743577348788, W3 norm: 4.750415968790205
2025-04-08 09:55:54,010 [INFO] backward: dW1 max=5.0, dW2 max=5.0, dW3 max=0.83308303318731
2025-04-08 09:55:58,666 [INFO] W1 norm: 67.28262899970125, W2 norm: 134.07360417230925, W3 norm: 4.750032509403106
2025-04-08 09:55:58,666 [INFO] backward: dW1 max=5.0, dW2 max=5.0, dW3 max=4.47809998992114
2025-04-08 09:56:03,146 [INFO] W1 norm: 66.98657892835116, W2 norm: 134.40623820253697, W3 norm: 4.7496541725321455
2025-04-08 09:56:03,147 [INFO] backward: dW1 max=5.0, dW2 max=5.0, dW3 max=5.0
2025-04-08 09:56:07,546 [INFO] W1 norm: 65.97726237020605, W2 norm: 133.26335334708358, W3 norm: 4.74941033306186
2025-04-08 09:56:07,546 [INFO] backward: dW1 max=5.0, dW2 max=5.0, dW3 max=1.9858597378038425
2025-04-08 09:56:12,442 [INFO] W1 norm: 67.02765126602216, W2 norm: 134.89496429413424, W3 norm: 4.748766343518755
2025-04-08 09:56:12,442 [INFO] backward: dW1 max=5.0, dW2 max=5.0, dW3 max=4.949708404738793
2025-04-08 09:56:17,264 [INFO] W1 norm: 67.91128487697299, W2 norm: 135.0861665849399, W3 norm: 4.745978147316685
2025-04-08 09:56:17,264 [INFO] backward: dW1 max=5.0, dW2 max=5.0, dW3 max=3.24449933292648
2025-04-08 09:56:21,858 [INFO] W1 norm: 66.86554966099075, W2 norm: 134.134611226094, W3 norm: 4.745333624040984
2025-04-08 09:56:21,858 [INFO] backward: dW1 max=5.0, dW2 max=5.0, dW3 max=1.121884625839623
2025-04-08 09:56:26,358 [INFO] W1 norm: 67.84832490142834, W2 norm: 134.80553859504496, W3 norm: 4.74474138235666
2025-04-08 09:56:26,358 [INFO] backward: dW1 max=5.0, dW2 max=5.0, dW3 max=2.060710930572403
2025-04-08 09:56:31,160 [INFO] W1 norm: 68.5134945357831, W2 norm: 134.95740796924036, W3 norm: 4.743844318811137
2025-04-08 09:56:31,161 [INFO] backward: dW1 max=5.0, dW2 max=5.0, dW3 max=5.0
2025-04-08 09:56:35,825 [INFO] W1 norm: 67.78515726250045, W2 norm: 134.29640036450348, W3 norm: 4.778965182215592
2025-04-08 09:56:35,825 [INFO] backward: dW1 max=5.0, dW2 max=5.0, dW3 max=4.588413645982746
2025-04-08 09:56:40,498 [INFO] W1 norm: 68.59229295006163, W2 norm: 135.5984929761207, W3 norm: 4.772067539520651
2025-04-08 09:56:40,499 [INFO] backward: dW1 max=5.0, dW2 max=5.0, dW3 max=1.4568250643111904
2025-04-08 09:56:45,190 [INFO] W1 norm: 67.6837664203563, W2 norm: 135.53732230924265, W3 norm: 4.771341170652172
2025-04-08 09:56:45,190 [INFO] backward: dW1 max=5.0, dW2 max=5.0, dW3 max=2.652190443628985
2025-04-08 09:56:49,987 [INFO] W1 norm: 67.95633270705974, W2 norm: 136.0079062913618, W3 norm: 4.77081750299652
2025-04-08 09:56:49,987 [INFO] backward: dW1 max=5.0, dW2 max=5.0, dW3 max=4.1864315962016985
2025-04-08 09:56:54,670 [INFO] W1 norm: 67.03200631245505, W2 norm: 135.02522407119815, W3 norm: 4.768902317574014
2025-04-08 09:56:54,670 [INFO] backward: dW1 max=5.0, dW2 max=5.0, dW3 max=4.598535080453519
2025-04-08 09:56:59,153 [INFO] W1 norm: 67.38903886530136, W2 norm: 135.57852940014266, W3 norm: 4.76565470269495
2025-04-08 09:56:59,153 [INFO] backward: dW1 max=5.0, dW2 max=5.0, dW3 max=5.0
2025-04-08 09:57:03,590 [INFO] W1 norm: 68.1795006928811, W2 norm: 136.12656731636397, W3 norm: 4.762453562971216
2025-04-08 09:57:03,591 [INFO] backward: dW1 max=5.0, dW2 max=5.0, dW3 max=4.084403555651568
2025-04-08 09:57:08,033 [INFO] W1 norm: 68.97404510660104, W2 norm: 137.27513677098457, W3 norm: 4.7589212638857745
2025-04-08 09:57:08,034 [INFO] backward: dW1 max=5.0, dW2 max=5.0, dW3 max=2.699551708136636
2025-04-08 09:57:12,435 [INFO] W1 norm: 69.0469752141813, W2 norm: 136.76477113007059, W3 norm: 4.75823587078849
2025-04-08 09:57:12,436 [INFO] backward: dW1 max=5.0, dW2 max=5.0, dW3 max=3.015307426783245
2025-04-08 09:57:16,858 [INFO] W1 norm: 70.10334198263489, W2 norm: 137.9072313915915, W3 norm: 4.757749172750458
2025-04-08 09:57:16,858 [INFO] backward: dW1 max=5.0, dW2 max=5.0, dW3 max=1.4127924641753948
2025-04-08 09:57:21,376 [INFO] W1 norm: 71.14088579213231, W2 norm: 139.56796121843516, W3 norm: 4.757537292088562
2025-04-08 09:57:21,377 [INFO] backward: dW1 max=5.0, dW2 max=5.0, dW3 max=2.8416454018355872
2025-04-08 09:57:26,044 [INFO] W1 norm: 72.17176751525825, W2 norm: 141.23516578808244, W3 norm: 4.757492639435409
2025-04-08 09:57:26,045 [INFO] backward: dW1 max=5.0, dW2 max=5.0, dW3 max=2.17796995294105
2025-04-08 09:57:30,653 [INFO] W1 norm: 73.23614338670923, W2 norm: 142.87607586009213, W3 norm: 4.756899725150197
2025-04-08 09:57:30,654 [INFO] backward: dW1 max=5.0, dW2 max=5.0, dW3 max=3.5433068755211985
2025-04-08 09:57:35,707 [INFO] W1 norm: 73.72826271812231, W2 norm: 142.77836736198196, W3 norm: 4.756571572270071
2025-04-08 09:57:35,710 [INFO] backward: dW1 max=5.0, dW2 max=5.0, dW3 max=2.251808257099015
2025-04-08 09:57:42,214 [INFO] W1 norm: 74.75388390941332, W2 norm: 144.12750780158063, W3 norm: 4.756342428395798
2025-04-08 09:57:42,215 [INFO] backward: dW1 max=5.0, dW2 max=5.0, dW3 max=0.4955783619300944
2025-04-08 09:57:50,589 [INFO] W1 norm: 75.60758218345792, W2 norm: 145.28117679852673, W3 norm: 4.756275333920549
2025-04-08 09:57:50,590 [INFO] backward: dW1 max=5.0, dW2 max=5.0, dW3 max=1.1706055746905784
2025-04-08 09:58:01,246 [INFO] W1 norm: 74.67348664791918, W2 norm: 145.328478872597, W3 norm: 4.7563174145874765
2025-04-08 09:58:01,255 [INFO] backward: dW1 max=5.0, dW2 max=5.0, dW3 max=2.0464092594199452
2025-04-08 09:58:10,464 [INFO] W1 norm: 75.51081683577706, W2 norm: 146.45541078978002, W3 norm: 4.756186538947437
2025-04-08 09:58:10,465 [INFO] backward: dW1 max=5.0, dW2 max=5.0, dW3 max=0.4381614707781051
2025-04-08 09:58:10,959 [INFO] W1 norm: 76.54989732687326, W2 norm: 148.43797274386026, W3 norm: 4.756128698040802
2025-04-08 09:58:10,959 [INFO] backward: dW1 max=5.0, dW2 max=5.0, dW3 max=5.0
2025-04-08 09:58:29,592 [INFO] Epoch 6/20, Train Loss: 16.5922, Train Acc: 0.0990, Val Loss: 16.6280, Val Acc: 0.0880
2025-04-08 09:58:36,293 [INFO] W1 norm: 77.58975241793559, W2 norm: 149.43183173911657, W3 norm: 4.755674918454443
2025-04-08 09:58:36,311 [INFO] backward: dW1 max=5.0, dW2 max=5.0, dW3 max=1.9777150768546397
2025-04-08 09:58:41,747 [INFO] W1 norm: 78.3426718517068, W2 norm: 150.08381384031645, W3 norm: 4.755498991155687
2025-04-08 09:58:41,748 [INFO] backward: dW1 max=5.0, dW2 max=5.0, dW3 max=1.6780800139182306
2025-04-08 09:58:47,148 [INFO] W1 norm: 79.40622567156976, W2 norm: 151.56553592121327, W3 norm: 4.755016079898217
2025-04-08 09:58:47,148 [INFO] backward: dW1 max=5.0, dW2 max=5.0, dW3 max=4.725215339654961
2025-04-08 09:58:52,048 [INFO] W1 norm: 80.4602354790183, W2 norm: 153.23030741243295, W3 norm: 4.755580179327185
2025-04-08 09:58:52,048 [INFO] backward: dW1 max=5.0, dW2 max=5.0, dW3 max=1.4569297623183302
2025-04-08 09:58:56,897 [INFO] W1 norm: 81.3483031965085, W2 norm: 153.21841743054927, W3 norm: 4.75476342078942
2025-04-08 09:58:56,898 [INFO] backward: dW1 max=5.0, dW2 max=5.0, dW3 max=1.8070421205664267
2025-04-08 09:59:02,311 [INFO] W1 norm: 82.4003803127653, W2 norm: 154.8891402957007, W3 norm: 4.754312783117393
2025-04-08 09:59:02,312 [INFO] backward: dW1 max=5.0, dW2 max=5.0, dW3 max=4.2951586997355315
2025-04-08 09:59:07,225 [INFO] W1 norm: 83.24067260829821, W2 norm: 155.022374759697, W3 norm: 4.754240885151845
2025-04-08 09:59:07,225 [INFO] backward: dW1 max=5.0, dW2 max=5.0, dW3 max=1.597729211120863
2025-04-08 09:59:12,231 [INFO] W1 norm: 82.77417871533376, W2 norm: 154.6710036086157, W3 norm: 4.753711915515565
2025-04-08 09:59:12,232 [INFO] backward: dW1 max=5.0, dW2 max=5.0, dW3 max=5.0
2025-04-08 09:59:16,983 [INFO] W1 norm: 83.85754519626512, W2 norm: 156.5311957566826, W3 norm: 4.753840711010482
2025-04-08 09:59:16,983 [INFO] backward: dW1 max=5.0, dW2 max=5.0, dW3 max=2.1411874305865655
2025-04-08 09:59:21,863 [INFO] W1 norm: 84.92873479643114, W2 norm: 157.6445526311415, W3 norm: 4.753546517855848
2025-04-08 09:59:21,863 [INFO] backward: dW1 max=5.0, dW2 max=5.0, dW3 max=5.0
2025-04-08 09:59:25,665 [INFO] W1 norm: 86.01677999678948, W2 norm: 158.418263464877, W3 norm: 4.752716363728452
2025-04-08 09:59:25,665 [INFO] backward: dW1 max=5.0, dW2 max=5.0, dW3 max=2.7445067435826918
2025-04-08 09:59:28,765 [INFO] W1 norm: 87.1205979796486, W2 norm: 159.91688319356163, W3 norm: 4.751881121063879
2025-04-08 09:59:28,765 [INFO] backward: dW1 max=5.0, dW2 max=5.0, dW3 max=1.073242608962306
2025-04-08 09:59:31,668 [INFO] W1 norm: 86.31444561717304, W2 norm: 159.07370517033658, W3 norm: 4.751639202609656
2025-04-08 09:59:31,668 [INFO] backward: dW1 max=5.0, dW2 max=5.0, dW3 max=5.0
2025-04-08 09:59:34,646 [INFO] W1 norm: 87.39397231201175, W2 norm: 159.97602913753641, W3 norm: 4.757533378789259
2025-04-08 09:59:34,646 [INFO] backward: dW1 max=5.0, dW2 max=5.0, dW3 max=4.081340134819491
2025-04-08 09:59:37,521 [INFO] W1 norm: 87.61558086537472, W2 norm: 160.44585697742676, W3 norm: 4.756764881121752
2025-04-08 09:59:37,521 [INFO] backward: dW1 max=5.0, dW2 max=5.0, dW3 max=5.0
2025-04-08 09:59:40,406 [INFO] W1 norm: 88.36987474357386, W2 norm: 160.8707135275183, W3 norm: 4.755278447646419
2025-04-08 09:59:40,407 [INFO] backward: dW1 max=5.0, dW2 max=5.0, dW3 max=5.0
2025-04-08 09:59:43,378 [INFO] W1 norm: 88.63977880724761, W2 norm: 160.72996733205088, W3 norm: 4.759572938733709
2025-04-08 09:59:43,378 [INFO] backward: dW1 max=5.0, dW2 max=5.0, dW3 max=5.0
2025-04-08 09:59:46,427 [INFO] W1 norm: 89.48037572878411, W2 norm: 162.1136116730392, W3 norm: 4.756315556439235
2025-04-08 09:59:46,428 [INFO] backward: dW1 max=5.0, dW2 max=5.0, dW3 max=5.0
2025-04-08 09:59:49,453 [INFO] W1 norm: 90.51316771238608, W2 norm: 163.81103865272974, W3 norm: 4.761844218973894
2025-04-08 09:59:49,454 [INFO] backward: dW1 max=5.0, dW2 max=5.0, dW3 max=4.969643208825852
2025-04-08 09:59:52,544 [INFO] W1 norm: 91.59162508181836, W2 norm: 165.2261269792481, W3 norm: 4.759584328106519
2025-04-08 09:59:52,544 [INFO] backward: dW1 max=5.0, dW2 max=5.0, dW3 max=5.0
2025-04-08 09:59:55,496 [INFO] W1 norm: 90.9465642186021, W2 norm: 164.90390564358088, W3 norm: 4.762114725030519
2025-04-08 09:59:55,496 [INFO] backward: dW1 max=5.0, dW2 max=5.0, dW3 max=5.0
2025-04-08 09:59:58,518 [INFO] W1 norm: 89.98271248956567, W2 norm: 164.36043378287053, W3 norm: 4.758946874321409
2025-04-08 09:59:58,519 [INFO] backward: dW1 max=5.0, dW2 max=5.0, dW3 max=5.0
2025-04-08 10:00:01,693 [INFO] W1 norm: 91.07725801767334, W2 norm: 165.4273118395054, W3 norm: 4.7570736219437695
2025-04-08 10:00:01,693 [INFO] backward: dW1 max=5.0, dW2 max=5.0, dW3 max=5.0
2025-04-08 10:00:04,720 [INFO] W1 norm: 92.1842676763151, W2 norm: 167.09945869742288, W3 norm: 4.75959326608136
2025-04-08 10:00:04,720 [INFO] backward: dW1 max=5.0, dW2 max=5.0, dW3 max=2.627493367980321
2025-04-08 10:00:07,848 [INFO] W1 norm: 92.4163945875438, W2 norm: 167.63888277112846, W3 norm: 4.75470351877798
2025-04-08 10:00:07,848 [INFO] backward: dW1 max=5.0, dW2 max=5.0, dW3 max=5.0
