2025-04-12 02:19:55,165 [INFO] Starting CIFAR-10 training...
2025-04-12 02:19:56,592 [INFO] Starting hyperparameter search...
2025-04-12 02:19:56,592 [INFO] 
 Hyperparameters: lr=0.1, reg=0.1
2025-04-12 02:19:58,547 [INFO] Epoch 1/2, Train Loss: 9.2827, Train Acc: 0.1690, Val Loss: 9.5557, Val Acc: 0.1480
2025-04-12 02:19:59,286 [INFO] Epoch 2/2, Train Loss: 7.1338, Train Acc: 0.1700, Val Loss: 7.2412, Val Acc: 0.1600
2025-04-12 02:19:59,291 [INFO] 
 Hyperparameters: lr=0.1, reg=0.01
2025-04-12 02:20:00,092 [INFO] Epoch 1/2, Train Loss: 4.7019, Train Acc: 0.1720, Val Loss: 4.6057, Val Acc: 0.1500
2025-04-12 02:20:00,946 [INFO] Epoch 2/2, Train Loss: 4.0280, Train Acc: 0.1850, Val Loss: 4.3238, Val Acc: 0.1560
2025-04-12 02:20:00,949 [INFO] 
 Hyperparameters: lr=0.1, reg=0.001
2025-04-12 02:20:01,733 [INFO] Epoch 1/2, Train Loss: 3.5448, Train Acc: 0.1510, Val Loss: 3.7156, Val Acc: 0.1200
2025-04-12 02:20:02,405 [INFO] Epoch 2/2, Train Loss: 3.7260, Train Acc: 0.2010, Val Loss: 3.7190, Val Acc: 0.2260
2025-04-12 02:20:02,409 [INFO] 
 Hyperparameters: lr=0.01, reg=0.1
2025-04-12 02:20:03,078 [INFO] Epoch 1/2, Train Loss: 9.0588, Train Acc: 0.2640, Val Loss: 9.1573, Val Acc: 0.2260
2025-04-12 02:20:02,990 [INFO] Epoch 2/2, Train Loss: 8.3959, Train Acc: 0.3720, Val Loss: 8.5750, Val Acc: 0.2820
2025-04-12 02:20:02,994 [INFO] 
 Hyperparameters: lr=0.01, reg=0.01
2025-04-12 02:20:03,792 [INFO] Epoch 1/2, Train Loss: 2.8205, Train Acc: 0.2660, Val Loss: 2.9545, Val Acc: 0.2420
2025-04-12 02:20:04,563 [INFO] Epoch 2/2, Train Loss: 2.5444, Train Acc: 0.3640, Val Loss: 2.7952, Val Acc: 0.3040
2025-04-12 02:20:04,567 [INFO] 
 Hyperparameters: lr=0.01, reg=0.001
2025-04-12 02:20:05,332 [INFO] Epoch 1/2, Train Loss: 2.0356, Train Acc: 0.3020, Val Loss: 2.1871, Val Acc: 0.2720
2025-04-12 02:20:06,179 [INFO] Epoch 2/2, Train Loss: 1.8225, Train Acc: 0.3930, Val Loss: 2.0591, Val Acc: 0.2980
2025-04-12 02:20:06,183 [INFO] 
 Hyperparameters: lr=0.001, reg=0.1
2025-04-12 02:20:06,987 [INFO] Epoch 1/2, Train Loss: 9.6746, Train Acc: 0.0950, Val Loss: 9.7323, Val Acc: 0.1140
2025-04-12 02:20:07,820 [INFO] Epoch 2/2, Train Loss: 9.4850, Train Acc: 0.1140, Val Loss: 9.5698, Val Acc: 0.1120
2025-04-12 02:20:07,823 [INFO] 
 Hyperparameters: lr=0.001, reg=0.01
2025-04-12 02:20:08,612 [INFO] Epoch 1/2, Train Loss: 3.3847, Train Acc: 0.1250, Val Loss: 3.3895, Val Acc: 0.1280
2025-04-12 02:20:09,371 [INFO] Epoch 2/2, Train Loss: 3.2292, Train Acc: 0.1550, Val Loss: 3.2425, Val Acc: 0.1500
2025-04-12 02:20:09,374 [INFO] 
 Hyperparameters: lr=0.001, reg=0.001
2025-04-12 02:20:10,111 [INFO] Epoch 1/2, Train Loss: 2.7003, Train Acc: 0.1350, Val Loss: 2.6696, Val Acc: 0.1220
2025-04-12 02:20:10,830 [INFO] Epoch 2/2, Train Loss: 2.5648, Train Acc: 0.1520, Val Loss: 2.5547, Val Acc: 0.1300
2025-04-12 02:20:11,574 [INFO] Epoch 1/20, Train Loss: 2.7280, Train Acc: 0.3030, Val Loss: 2.8754, Val Acc: 0.2360
2025-04-12 02:20:12,320 [INFO] Epoch 2/20, Train Loss: 2.4862, Train Acc: 0.3690, Val Loss: 2.7339, Val Acc: 0.2780
2025-04-12 02:20:13,027 [INFO] Epoch 3/20, Train Loss: 2.3510, Train Acc: 0.4100, Val Loss: 2.6306, Val Acc: 0.3300
2025-04-12 02:20:13,697 [INFO] Epoch 4/20, Train Loss: 2.2159, Train Acc: 0.4850, Val Loss: 2.5496, Val Acc: 0.3180
2025-04-12 02:20:14,379 [INFO] Epoch 5/20, Train Loss: 2.1755, Train Acc: 0.5010, Val Loss: 2.5213, Val Acc: 0.3560
2025-04-12 02:20:15,068 [INFO] Epoch 6/20, Train Loss: 2.0940, Train Acc: 0.5120, Val Loss: 2.4948, Val Acc: 0.3420
2025-04-12 02:20:15,765 [INFO] Epoch 7/20, Train Loss: 2.0122, Train Acc: 0.5610, Val Loss: 2.4488, Val Acc: 0.3720
2025-04-12 02:20:16,472 [INFO] Epoch 8/20, Train Loss: 1.9785, Train Acc: 0.5780, Val Loss: 2.4228, Val Acc: 0.3800
2025-04-12 02:20:17,153 [INFO] Epoch 9/20, Train Loss: 1.9143, Train Acc: 0.5980, Val Loss: 2.3881, Val Acc: 0.4160
2025-04-12 02:20:17,802 [INFO] Epoch 10/20, Train Loss: 1.8946, Train Acc: 0.6050, Val Loss: 2.3909, Val Acc: 0.3980
2025-04-12 02:20:18,470 [INFO] Epoch 11/20, Train Loss: 1.8322, Train Acc: 0.6360, Val Loss: 2.3588, Val Acc: 0.3940
2025-04-12 02:20:19,119 [INFO] Epoch 12/20, Train Loss: 1.8236, Train Acc: 0.6120, Val Loss: 2.3641, Val Acc: 0.4140
2025-04-12 02:20:19,799 [INFO] Epoch 13/20, Train Loss: 1.7932, Train Acc: 0.6330, Val Loss: 2.3529, Val Acc: 0.4160
2025-04-12 02:20:20,445 [INFO] Epoch 14/20, Train Loss: 1.7612, Train Acc: 0.6770, Val Loss: 2.3388, Val Acc: 0.4040
2025-04-12 02:20:21,088 [INFO] Epoch 15/20, Train Loss: 1.7337, Train Acc: 0.6800, Val Loss: 2.3120, Val Acc: 0.4200
2025-04-12 02:20:21,738 [INFO] Epoch 16/20, Train Loss: 1.7066, Train Acc: 0.6810, Val Loss: 2.3265, Val Acc: 0.3960
2025-04-12 02:20:22,394 [INFO] Epoch 17/20, Train Loss: 1.6943, Train Acc: 0.6930, Val Loss: 2.3154, Val Acc: 0.4140
2025-04-12 02:20:23,071 [INFO] Epoch 18/20, Train Loss: 1.6865, Train Acc: 0.6900, Val Loss: 2.3267, Val Acc: 0.4080
2025-04-12 02:20:23,720 [INFO] Epoch 19/20, Train Loss: 1.6659, Train Acc: 0.6990, Val Loss: 2.3076, Val Acc: 0.4220
2025-04-12 02:20:24,405 [INFO] Epoch 20/20, Train Loss: 1.6610, Train Acc: 0.7090, Val Loss: 2.3045, Val Acc: 0.4080
2025-04-12 02:20:25,121 [INFO] Test Accuracy: 0.3857
2025-04-12 02:20:25,121 [INFO] Test metrics saved to /home/spoil/cv/assignment01/experiments/results/batch/test_metrics.csv
2025-04-12 02:20:25,121 [INFO] Training completed.
