2025-04-08 11:48:43,583 [INFO] Starting CIFAR-10 training...
2025-04-08 11:48:48,138 [INFO] dW[f]: [[[1.16891910e-07 5.32273362e-08 0.00000000e+00 3.35093661e-08
   3.11911745e-08 1.14625240e-07 0.00000000e+00 3.19547336e-08
   0.00000000e+00 9.65059201e-08 1.26999189e-07 8.11913415e-08
   2.93838162e-08 2.60803469e-08 0.00000000e+00 0.00000000e+00
   0.00000000e+00 0.00000000e+00 5.82894449e-08 0.00000000e+00
   0.00000000e+00 1.40093467e-07 3.20061187e-08 0.00000000e+00
   1.04425784e-07 1.58641450e-07 1.01066545e-07 0.00000000e+00
   1.37880006e-07 4.06643882e-08 0.00000000e+00 1.70123203e-07]
  [5.68541404e-08 3.23257758e-09 0.00000000e+00 2.70459679e-08
   3.10618540e-08 7.19609826e-08 2.03030365e-08 6.91000762e-08
   0.00000000e+00 6.70546355e-08 1.56708740e-07 7.05929373e-08
   3.48741233e-08 1.20128221e-08 0.00000000e+00 0.00000000e+00
   0.00000000e+00 0.00000000e+00 6.76306259e-08 4.27045496e-08
   0.00000000e+00 9.47427805e-08 6.38184377e-08 2.16620010e-08
   1.04552522e-07 1.50931102e-07 1.21001868e-07 2.24795743e-09
   1.06419027e-07 4.55657467e-08 0.00000000e+00 1.27403749e-07]
  [1.87352528e-07 1.03815735e-08 0.00000000e+00 1.56441061e-08
   7.92095586e-08 1.89156525e-07 5.16946845e-08 3.50285186e-08
   0.00000000e+00 1.20786826e-07 8.16512089e-08 4.00765134e-08
   8.34790214e-08 0.00000000e+00 3.00132658e-08 3.30100142e-09
   1.33825409e-08 1.09795677e-07 1.41067404e-07 1.06360715e-07
   0.00000000e+00 1.24660144e-07 4.52263084e-09 0.00000000e+00
   1.53835341e-07 5.89685022e-08 1.18891277e-07 1.41072497e-09
   1.34089241e-07 4.13478375e-08 0.00000000e+00 7.80326628e-08]]

 [[1.37037928e-07 5.25266531e-08 0.00000000e+00 1.04192016e-08
   1.95331299e-08 1.35976433e-07 0.00000000e+00 2.05912567e-08
   0.00000000e+00 1.01866818e-07 1.08720195e-07 4.55440801e-08
   1.66788238e-08 2.47378271e-08 0.00000000e+00 0.00000000e+00
   0.00000000e+00 0.00000000e+00 1.13366963e-07 0.00000000e+00
   0.00000000e+00 1.60344160e-07 0.00000000e+00 9.66980463e-09
   1.36926105e-07 1.46686748e-07 1.32868945e-07 0.00000000e+00
   9.08807146e-08 8.47966230e-08 0.00000000e+00 1.61230354e-07]
  [1.67493071e-07 4.61430275e-08 0.00000000e+00 4.77143746e-08
   4.44869938e-08 8.05625459e-08 3.88847463e-08 6.65067575e-08
   0.00000000e+00 8.61899149e-08 1.16540756e-07 6.10339282e-08
   3.01118805e-08 0.00000000e+00 0.00000000e+00 0.00000000e+00
   0.00000000e+00 0.00000000e+00 1.17471418e-07 2.10151470e-08
   0.00000000e+00 1.54725750e-07 1.42957116e-08 3.12827331e-08
   1.44088627e-07 1.21478613e-07 1.73876512e-07 0.00000000e+00
   1.04802288e-07 6.79550708e-08 0.00000000e+00 1.78871599e-07]
  [3.85277232e-08 2.66507547e-08 0.00000000e+00 7.68279487e-08
   9.34211978e-08 8.80277818e-08 2.49042559e-08 7.81426145e-08
   5.07350232e-08 1.04810996e-07 1.30678416e-07 7.72050482e-08
   2.11047625e-07 4.08514522e-08 2.83667744e-08 6.51901737e-08
   0.00000000e+00 9.14365458e-08 2.16559035e-07 6.90997209e-08
   2.78361754e-08 7.07829743e-08 5.35617713e-08 3.87146497e-08
   1.05922760e-07 1.42416700e-07 1.82516343e-07 6.61019554e-08
   4.28485389e-08 1.38349773e-08 0.00000000e+00 1.11504381e-07]]

 [[1.49980613e-07 3.87077527e-08 0.00000000e+00 1.92335585e-08
   0.00000000e+00 1.15115216e-07 0.00000000e+00 9.47194297e-09
   0.00000000e+00 7.08232562e-08 1.60361180e-07 5.25985395e-08
   1.23769700e-07 0.00000000e+00 0.00000000e+00 0.00000000e+00
   0.00000000e+00 0.00000000e+00 1.32413323e-07 0.00000000e+00
   0.00000000e+00 1.64780730e-07 3.87195065e-08 0.00000000e+00
   1.06955145e-07 8.67949623e-08 1.13603682e-07 0.00000000e+00
   1.14626698e-07 0.00000000e+00 0.00000000e+00 1.45617845e-07]
  [1.80707242e-07 6.00061883e-08 0.00000000e+00 4.81286219e-08
   0.00000000e+00 9.51394792e-08 0.00000000e+00 1.02515843e-08
   0.00000000e+00 1.09684455e-07 1.18844341e-07 1.58740434e-08
   1.15144557e-07 0.00000000e+00 0.00000000e+00 0.00000000e+00
   0.00000000e+00 0.00000000e+00 1.16985540e-07 0.00000000e+00
   0.00000000e+00 1.57555178e-07 0.00000000e+00 0.00000000e+00
   1.42518737e-07 1.17544387e-07 1.62445031e-07 0.00000000e+00
   1.25961749e-07 4.21462098e-08 0.00000000e+00 1.33808551e-07]
  [3.62611889e-08 2.80193284e-09 0.00000000e+00 1.11974841e-07
   1.60134083e-07 4.99903327e-10 4.06152625e-08 9.97711383e-08
   2.37469108e-08 9.47068982e-08 9.31184943e-08 5.92953888e-08
   1.29689044e-07 2.96413710e-08 8.43307133e-08 0.00000000e+00
   2.03704411e-08 1.25377370e-08 5.10700002e-08 1.67814507e-08
   1.32520212e-08 8.96364846e-08 7.16270331e-09 3.61220529e-08
   5.19360063e-08 1.80741407e-07 2.40773942e-07 7.24602524e-08
   1.02604728e-07 6.53090762e-08 0.00000000e+00 1.82974209e-07]]]
2025-04-08 11:48:48,140 [INFO] dW[f]: [[[ 6.17696612e-08  5.00932294e-08  0.00000000e+00  7.28727263e-09
    1.07552694e-09  4.48563336e-08 -1.96845652e-08 -3.50404155e-08
    0.00000000e+00  3.14939034e-08 -2.49358884e-08  1.27488068e-08
   -4.42797122e-09  1.44334595e-08  0.00000000e+00  0.00000000e+00
    0.00000000e+00  0.00000000e+00 -7.28101636e-09 -4.14036832e-08
    0.00000000e+00  4.82367418e-08 -2.98682813e-08 -2.10021330e-08
    3.05814162e-09  1.23080121e-08 -1.62493634e-08 -2.17948013e-09
    3.47027164e-08 -3.51333427e-09  0.00000000e+00  4.66004274e-08]
  [-1.24791253e-07 -6.83275235e-09  0.00000000e+00  1.18784128e-08
   -4.57348224e-08 -1.11433454e-07 -2.98169241e-08  3.51385966e-08
    0.00000000e+00 -5.00527813e-08  7.75447912e-08  3.17372350e-08
   -4.60619595e-08  1.20128221e-08 -2.90990015e-08 -3.20044628e-09
   -1.29748819e-08 -1.06451080e-07 -6.91395812e-08 -6.04162046e-08
    0.00000000e+00 -2.61199652e-08  5.94335753e-08  2.16620010e-08
   -4.45966854e-08  9.37588992e-08  5.73225836e-09  8.80205973e-10
   -2.35855859e-08  5.47744731e-09  0.00000000e+00  5.17481182e-08]
  [-4.13156490e-08 -9.05083431e-08  0.00000000e+00 -5.11560611e-08
    7.29682410e-08  1.80136477e-08  5.16946845e-08  3.50285186e-08
   -4.81291826e-08 -3.98455790e-08 -1.64640319e-09  1.44461227e-08
    6.19497695e-08 -3.37454040e-08  3.00132658e-08 -2.87599097e-08
    1.33825409e-08  8.07913311e-08 -1.34643255e-09  1.06360715e-07
    0.00000000e+00 -2.66547494e-08 -1.03225218e-08 -5.72033614e-08
   -1.94411439e-09 -3.30948712e-08  5.09768832e-08  1.41072497e-09
    2.46235660e-08  1.14414160e-08  0.00000000e+00 -6.43729532e-08]]

 [[-2.53529683e-08  7.78923496e-09  0.00000000e+00 -3.58416974e-08
   -2.35987007e-08  5.78679837e-08 -3.77002388e-08 -4.38895715e-08
    0.00000000e+00  1.83024215e-08 -4.27049634e-09 -1.36306320e-08
   -1.25157883e-08  2.47378271e-08  0.00000000e+00  0.00000000e+00
    0.00000000e+00  0.00000000e+00 -5.26039980e-10 -2.03749834e-08
    0.00000000e+00  1.03316664e-08 -1.38602355e-08 -2.06599936e-08
   -2.77329335e-09  2.89086172e-08 -3.57109392e-08  0.00000000e+00
   -1.07290856e-08  1.89116002e-08  0.00000000e+00 -1.21924569e-08]
  [ 1.30138980e-07  2.03041083e-08  0.00000000e+00 -2.67732404e-08
   -4.60884066e-08 -4.78373297e-09  1.47391240e-08 -9.25547602e-09
   -4.91895325e-08 -1.54283273e-08 -1.01569323e-08 -1.38192992e-08
   -1.74506810e-07 -3.96070349e-08 -2.75026655e-08 -6.32043501e-08
    0.00000000e+00 -8.86512050e-08 -9.24907932e-08 -4.59796576e-08
   -2.69882296e-08  8.60989676e-08 -3.76344606e-08 -6.25259057e-09
    4.13924867e-08 -1.65997885e-08 -3.08001688e-09 -6.40883571e-08
    6.32590020e-08  5.45415347e-08  0.00000000e+00  7.07638659e-08]
  [-1.06730952e-07 -6.06605125e-08 -9.76774841e-08 -1.58455771e-08
    6.82460968e-08 -1.23844293e-07  1.79218955e-08  7.79650657e-08
    5.07350232e-08 -7.06023699e-08  1.25700084e-08  1.94778595e-08
    8.51981184e-08  1.65207830e-09 -3.98329370e-08  2.46335500e-08
   -1.08966211e-07  8.47508957e-08  4.84239930e-08  2.54189165e-09
    2.78361754e-08 -4.00179099e-08  1.83533313e-08  3.87146497e-08
   -6.70957674e-08  9.25710734e-09  1.82516343e-07  1.21092459e-08
    1.22198078e-09  1.05869858e-08 -2.22378251e-08  1.11504381e-07]]

 [[-2.52219238e-08 -1.94705266e-08  0.00000000e+00 -2.74289689e-08
    0.00000000e+00  2.28738761e-08  0.00000000e+00 -4.67357485e-10
    0.00000000e+00 -3.55199899e-08  4.51370760e-08  3.72080513e-08
    1.21326779e-08  0.00000000e+00  0.00000000e+00  0.00000000e+00
    0.00000000e+00  0.00000000e+00  1.89913983e-08  0.00000000e+00
    0.00000000e+00  1.20249988e-08  3.87195065e-08  0.00000000e+00
   -3.12221846e-08 -2.71687868e-08 -4.38929473e-08  0.00000000e+00
   -7.49800317e-09 -4.08623516e-08  0.00000000e+00  1.58853715e-08]
  [ 1.45550642e-07  5.72896080e-08  0.00000000e+00 -6.04352402e-08
   -1.55256077e-07  9.46548039e-08 -3.93780400e-08 -8.64803248e-08
   -2.30235322e-08  1.78625191e-08  2.85624234e-08 -4.16150888e-08
   -1.05938982e-08 -2.87384353e-08 -8.17618304e-08  0.00000000e+00
   -1.97499166e-08 -1.21558123e-08  6.74712342e-08 -1.62702540e-08
   -1.28483380e-08  7.06492011e-08 -6.94451298e-09 -3.50217026e-08
    9.21648054e-08 -5.76912739e-08 -7.09944533e-08 -7.02529676e-08
    2.64825675e-08 -2.11734208e-08  0.00000000e+00 -4.35918963e-08]
  [-5.25713354e-08  2.80193284e-09 -8.20435887e-08  1.00293428e-07
    6.07751349e-08 -1.12352689e-07 -1.54358532e-07  6.44645605e-08
    2.37469108e-08  9.22625984e-08  4.25624535e-08  5.23046024e-08
   -1.44056659e-08  2.96413710e-08 -4.87532024e-08 -6.85686249e-08
    2.00622668e-08 -5.79420706e-08 -1.16638956e-07 -2.04154905e-07
   -8.01281360e-08  4.90770407e-08 -1.04199944e-07  3.61220529e-08
   -3.57675660e-08  1.80741407e-07  7.83041825e-09 -7.35066453e-08
    1.33684924e-09  6.53090762e-08 -7.59738443e-08  8.38943715e-08]]]
2025-04-08 11:48:48,141 [INFO] dW[f]: [[[ 2.38986996e-07  5.99131919e-08  0.00000000e+00  2.20850809e-08
    7.60000932e-08  2.23780075e-07  2.92135966e-08 -1.90683149e-09
    0.00000000e+00  1.45746536e-07  5.22982425e-08  5.06573047e-08
    7.45350931e-08  1.44334595e-08  2.83896409e-08  3.12242744e-09
    1.26585868e-08  1.03856070e-07  1.26155077e-07  5.92032459e-08
    0.00000000e+00  1.66153157e-07 -2.55903108e-08 -2.10021330e-08
    1.48571466e-07  6.80865006e-08  9.62102630e-08 -8.45071021e-10
    1.61538143e-07  3.55977130e-08  0.00000000e+00  1.20411764e-07]
  [ 9.83025679e-08  9.15977215e-08  0.00000000e+00  7.70501596e-08
   -3.96456524e-08  5.55373890e-08 -2.98169241e-08  3.51385966e-08
    4.69559140e-08  1.06663809e-07  1.58811817e-07  5.67428212e-08
   -2.50575367e-08  4.49355979e-08 -2.90990015e-08  2.80789004e-08
   -1.29748819e-08 -7.81537873e-08  6.98025633e-08 -6.04162046e-08
    0.00000000e+00  1.21506251e-07  7.39168404e-08  7.74708882e-08
    1.07385258e-07  1.83577999e-07  7.19910698e-08  8.80205973e-10
    8.32115905e-08  3.46548253e-08  0.00000000e+00  1.90682243e-07]
  [ 1.34993613e-07 -4.72713853e-08  0.00000000e+00  6.58751410e-08
    7.48295986e-08  1.51197916e-07  5.16946845e-08  4.19311106e-08
   -7.00938539e-09  7.41999864e-08  1.45617993e-07  8.85563553e-08
    6.61983005e-08 -3.37454040e-08  3.00132658e-08 -2.87599097e-08
    1.33825409e-08  8.07913311e-08  9.79932594e-08  1.15823091e-07
    0.00000000e+00  1.03329275e-07  9.60165959e-08 -1.49270768e-08
    1.77334183e-07  1.09203751e-07  1.43843832e-07  1.41072497e-09
    1.65330269e-07  3.45356922e-08  0.00000000e+00  1.05722105e-07]]

 [[ 1.10905242e-08  3.29982662e-08  0.00000000e+00  3.68300967e-08
    6.47686990e-08  1.41133735e-07 -1.41432262e-08  3.00257691e-08
    4.79904153e-08  1.17443466e-07  1.19338621e-07  5.93978617e-08
    1.87114812e-07  6.33793420e-08  2.68322196e-08  6.16635868e-08
    0.00000000e+00  8.64901113e-08  2.04317820e-07  4.49866561e-08
    2.63303243e-08  7.72855005e-08  3.68040095e-08  1.59603132e-08
    9.74193731e-08  1.63621014e-07  1.36931834e-07  6.25260439e-08
    2.98014798e-08  3.19981480e-08  0.00000000e+00  9.32798817e-08]
  [ 2.71856614e-07  1.05486946e-07  9.52963524e-08  6.36411375e-08
   -2.15270113e-08  2.01923433e-07  2.15512720e-08 -9.08225540e-09
   -4.91895325e-08  1.55708901e-07  1.05072289e-07  4.25006456e-08
   -5.17251984e-08 -1.36324330e-09  3.90345082e-08 -2.36363950e-08
    1.06309889e-07 -8.21285342e-08  7.15455384e-08  1.89556589e-08
   -2.69882296e-08  1.94198805e-07 -3.28431386e-09 -6.25259057e-09
    2.10193257e-07  1.13313708e-07 -3.08001688e-09 -1.14118542e-08
    1.03870809e-07  5.77103483e-08  2.16957228e-08  7.07638659e-08]
  [ 9.57605375e-08  1.32657828e-07  7.68232129e-09  2.90453990e-08
    1.51259791e-07  1.26221805e-07  8.62073021e-08  7.79650657e-08
    1.44404534e-07  5.99794462e-08  8.63860752e-08  9.92762495e-08
    1.41069795e-07  9.23612825e-08 -3.44340682e-08  7.59468327e-08
   -2.65293193e-08  1.18851422e-07  1.43729936e-07  2.54189165e-09
    2.78361754e-08  8.02882097e-08  5.28431183e-08  3.87146497e-08
    1.55328186e-07  1.77916824e-07  1.98329649e-07  1.21092459e-08
    1.58750745e-07  1.27822652e-07  1.73079357e-08  1.11504381e-07]]

 [[ 9.07764684e-09 -1.68201697e-08  0.00000000e+00  7.84883789e-08
    1.51471324e-07  2.33467362e-08  3.84181023e-08  9.39064706e-08
    2.24622763e-08  5.40635577e-08  1.33218148e-07  9.32957428e-08
    1.34805945e-07  2.80378645e-08  7.97686823e-08  0.00000000e+00
    1.92684632e-08  1.18594842e-08  6.72986693e-08  1.58736260e-08
    1.25351278e-08  9.68124266e-08  4.54947297e-08  3.41679615e-08
    1.79042443e-08  1.43795069e-07  1.83855869e-07  6.85403767e-08
    8.95561259e-08  2.09137054e-08  0.00000000e+00  1.88961241e-07]
  [ 2.32217653e-07  5.72896080e-08  8.00435721e-08 -4.90385912e-08
   -5.83192508e-08  2.04756334e-07  1.50842783e-07 -5.20344326e-08
   -2.30235322e-08  2.02472329e-08  7.78860349e-08 -3.47947202e-08
    1.29988144e-07 -2.87384353e-08  4.80778336e-08  6.68970940e-08
   -1.94492548e-08  5.66058746e-08  2.31091868e-07  1.99280228e-07
    7.82554455e-08  1.10219908e-07  1.01703393e-07 -3.50217026e-08
    1.77730385e-07 -5.76912739e-08  1.56270493e-07  7.21556237e-08
    1.25281789e-07 -2.11734208e-08  7.41217928e-08  5.30726236e-08]
  [ 1.11732568e-07  7.45709566e-08 -1.88438334e-08  1.00293428e-07
    6.07751349e-08 -3.92509038e-08 -4.07197816e-08  6.44645605e-08
    4.51624413e-08  1.11936591e-07  1.16510666e-07  5.23046024e-08
    8.72493680e-08  3.67449739e-08  8.37893031e-08 -6.56397550e-09
    2.00622668e-08 -3.53452112e-08 -5.36094022e-08 -1.51922188e-07
   -8.01281360e-08  1.01429335e-07 -4.73456528e-08  3.61220529e-08
    2.17124992e-08  1.80741407e-07  1.13523948e-07  6.13624371e-09
    7.50001827e-08  7.91361440e-08  1.45852761e-08  1.02645492e-07]]]
2025-04-08 11:48:48,143 [INFO] dW[f]: [[[ 2.41220599e-07  6.08986723e-08  0.00000000e+00  2.27375768e-08
    7.60610576e-08  2.25451778e-07  2.92135966e-08 -1.90683149e-09
    4.70120001e-10  1.47315573e-07  5.31118834e-08  5.09076593e-08
    7.47453882e-08  1.47630805e-08  2.83896409e-08  3.43559452e-09
    1.26585868e-08  1.04139381e-07  1.27546158e-07  5.92032459e-08
    0.00000000e+00  1.67631183e-07 -2.54453052e-08 -2.04433775e-08
    1.50093101e-07  6.89857644e-08  9.68736426e-08 -8.45071021e-10
    1.62607391e-07  3.58898353e-08  0.00000000e+00  1.21802765e-07]
  [ 1.00067766e-07  9.20306075e-08  0.00000000e+00  7.82218695e-08
   -3.96270166e-08  5.68708225e-08 -2.98169241e-08  3.52077049e-08
    4.73676031e-08  1.07805627e-07  1.60286220e-07  5.74848087e-08
   -2.50150006e-08  4.49355979e-08 -2.90990015e-08  2.80789004e-08
   -1.29748819e-08 -7.81537873e-08  7.07971468e-08 -6.03214678e-08
    0.00000000e+00  1.22807644e-07  7.49815017e-08  7.78941560e-08
    1.09180183e-07  1.85002685e-07  7.29208486e-08  8.80205973e-10
    8.46203382e-08  3.48860439e-08  0.00000000e+00  1.92385225e-07]
  [ 1.36274105e-07 -4.66813819e-08  0.00000000e+00  6.71504210e-08
    7.52988739e-08  1.51635073e-07  5.16946845e-08  4.21533246e-08
   -6.57617791e-09  7.50370425e-08  1.47367972e-07  8.90878751e-08
    6.63606668e-08 -3.37454040e-08  3.00132658e-08 -2.87599097e-08
    1.33825409e-08  8.07913311e-08  9.86661411e-08  1.16313823e-07
    0.00000000e+00  1.04691474e-07  9.70455293e-08 -1.45250038e-08
    1.79310756e-07  1.10654840e-07  1.45333062e-07  1.41072497e-09
    1.66656965e-07  3.48726761e-08  0.00000000e+00  1.07543431e-07]]

 [[ 1.25093933e-08  3.38511120e-08  9.54101783e-10  3.77353205e-08
    6.50146063e-08  1.43203275e-07 -1.40750233e-08  3.00275034e-08
    4.79904153e-08  1.19156883e-07  1.20492289e-07  5.99617338e-08
    1.88344095e-07  6.37622367e-08  2.74983861e-08  6.20597390e-08
    1.06436869e-09  8.65554159e-08  2.05960143e-07  4.56367849e-08
    2.63303243e-08  7.83677901e-08  3.71479213e-08  1.59603132e-08
    9.91093971e-08  1.64921701e-07  1.36931834e-07  6.30534382e-08
    3.02080829e-08  3.20298740e-08  2.17216370e-10  9.32798817e-08]
  [ 2.73883947e-07  1.07422439e-07  9.63512089e-08  6.40905835e-08
   -2.06958829e-08  2.04427081e-07  2.22349417e-08 -9.08225540e-09
   -4.82517186e-08  1.57016279e-07  1.05811331e-07  4.32995827e-08
   -5.11658142e-08 -4.55067790e-10  3.90885614e-08 -2.31226493e-08
    1.07135242e-07 -8.17871217e-08  7.24997362e-08  1.89556589e-08
   -2.69882296e-08  1.95403303e-07 -2.93900403e-09 -6.25259057e-09
    2.12420154e-07  1.15002319e-07 -2.92169494e-09 -1.14118542e-08
    1.05447978e-07  5.88841053e-08  2.20916527e-08  7.07638659e-08]
  [ 9.77244664e-08  1.33558026e-07  7.86033783e-09  2.96824024e-08
    1.51259791e-07  1.27877034e-07  8.73096441e-08  7.79650657e-08
    1.45284888e-07  6.16663788e-08  8.71457084e-08  1.00122680e-07
    1.42035528e-07  9.28781817e-08 -3.44340682e-08  7.60352552e-08
   -2.57447731e-08  1.19415898e-07  1.44394908e-07  2.54189165e-09
    2.78361754e-08  8.17601799e-08  5.31858518e-08  3.87146497e-08
    1.57080473e-07  1.78567406e-07  1.98875198e-07  1.21092459e-08
    1.60938458e-07  1.29313621e-07  1.73079357e-08  1.12140292e-07]]

 [[ 9.94535213e-09 -1.68201697e-08  8.01391794e-10  7.86024815e-08
    1.52441850e-07  2.44490666e-08  4.03225826e-08  9.42513409e-08
    2.24622763e-08  5.40874334e-08  1.33711973e-07  9.33640280e-08
    1.36213445e-07  2.80378645e-08  8.10686298e-08  6.69769987e-10
    1.92714734e-08  1.25479224e-08  6.89368300e-08  1.80317055e-08
    1.34472538e-08  9.72086063e-08  4.65825065e-08  3.41679615e-08
    1.87609221e-08  1.43795069e-07  1.86131233e-07  6.99661636e-08
    9.05452982e-08  2.09137054e-08  7.42103270e-10  1.89929041e-07]
  [ 2.33862654e-07  5.80081554e-08  8.06763245e-08 -4.90385912e-08
   -5.83192508e-08  2.05488225e-07  1.51980528e-07 -5.20344326e-08
   -2.28091211e-08  2.04442079e-08  7.86264003e-08 -3.47947202e-08
    1.31005909e-07 -2.86673145e-08  4.94048418e-08  6.75178811e-08
   -1.94492548e-08  5.68321131e-08  2.31722916e-07  1.99803179e-07
    7.82554455e-08  1.10744056e-07  1.02272615e-07 -3.50217026e-08
    1.78305872e-07 -5.76912739e-08  1.57328690e-07  7.29530039e-08
    1.26019303e-07 -2.10349850e-08  7.50284657e-08  5.32603588e-08]
  [ 1.13570899e-07  7.54987358e-08 -1.79736244e-08  1.00293428e-07
    6.09771952e-08 -3.78353349e-08 -4.03642540e-08  6.45322995e-08
    4.54740329e-08  1.13508090e-07  1.17440001e-07  5.27354689e-08
    8.75190784e-08  3.68084186e-08  8.51693083e-08 -6.03591977e-09
    2.00622668e-08 -3.52644083e-08 -5.29299098e-08 -1.50758862e-07
   -8.01281360e-08  1.02309928e-07 -4.70163600e-08  3.68949473e-08
    2.35533961e-08  1.81270366e-07  1.13940030e-07  6.16272624e-09
    7.67796859e-08  7.93278309e-08  1.45852761e-08  1.03922702e-07]]]
