2025-04-10 19:41:25,403 [INFO] Starting CIFAR-10 training...
2025-04-10 19:41:31,388 [INFO] Starting hyperparameter search...
2025-04-10 19:41:31,388 [INFO] 
 Hyperparameters: lr=0.1, reg=0.1
2025-04-10 19:42:19,241 [INFO] Epoch 1/5, Train Loss: 4.9265, Train Acc: 0.1580, Val Loss: 5.1430, Val Acc: 0.1460
2025-04-10 19:43:03,535 [INFO] Epoch 2/5, Train Loss: 3.5250, Train Acc: 0.2240, Val Loss: 3.5533, Val Acc: 0.2180
2025-04-10 19:43:35,196 [INFO] Epoch 3/5, Train Loss: 2.8964, Train Acc: 0.1890, Val Loss: 2.9443, Val Acc: 0.1760
2025-04-10 19:44:04,768 [INFO] Epoch 4/5, Train Loss: 2.5645, Train Acc: 0.2390, Val Loss: 2.5735, Val Acc: 0.2180
2025-04-10 19:44:32,421 [INFO] Epoch 5/5, Train Loss: 2.4115, Train Acc: 0.1770, Val Loss: 2.4453, Val Acc: 0.1680
2025-04-10 19:44:32,427 [INFO] 
 Hyperparameters: lr=0.1, reg=0.01
2025-04-10 19:44:58,734 [INFO] Epoch 1/5, Train Loss: 4.0536, Train Acc: 0.2250, Val Loss: 4.0228, Val Acc: 0.2500
2025-04-10 19:45:26,692 [INFO] Epoch 2/5, Train Loss: 3.9490, Train Acc: 0.1830, Val Loss: 3.8846, Val Acc: 0.1980
2025-04-10 19:45:53,655 [INFO] Epoch 3/5, Train Loss: 2.7232, Train Acc: 0.3000, Val Loss: 2.7117, Val Acc: 0.3060
2025-04-10 19:46:21,123 [INFO] Epoch 4/5, Train Loss: 2.4290, Train Acc: 0.3090, Val Loss: 2.3845, Val Acc: 0.3480
2025-04-10 19:46:48,995 [INFO] Epoch 5/5, Train Loss: 2.3054, Train Acc: 0.3250, Val Loss: 2.2787, Val Acc: 0.3600
2025-04-10 19:46:48,999 [INFO] 
 Hyperparameters: lr=0.1, reg=0.001
2025-04-10 19:47:16,907 [INFO] Epoch 1/5, Train Loss: 3.5655, Train Acc: 0.1680, Val Loss: 3.5060, Val Acc: 0.1760
2025-04-10 19:47:46,689 [INFO] Epoch 2/5, Train Loss: 3.1284, Train Acc: 0.2370, Val Loss: 3.1409, Val Acc: 0.2360
2025-04-10 19:48:15,347 [INFO] Epoch 3/5, Train Loss: 2.9807, Train Acc: 0.2010, Val Loss: 3.0742, Val Acc: 0.1740
2025-04-10 19:48:43,919 [INFO] Epoch 4/5, Train Loss: 2.7200, Train Acc: 0.2580, Val Loss: 2.8159, Val Acc: 0.2560
2025-04-10 19:49:13,582 [INFO] Epoch 5/5, Train Loss: 2.4427, Train Acc: 0.3070, Val Loss: 2.3991, Val Acc: 0.3300
2025-04-10 19:49:13,586 [INFO] 
 Hyperparameters: lr=0.01, reg=0.1
2025-04-10 19:49:43,499 [INFO] Epoch 1/5, Train Loss: 2.0882, Train Acc: 0.5230, Val Loss: 2.1125, Val Acc: 0.5020
2025-04-10 19:50:12,468 [INFO] Epoch 2/5, Train Loss: 1.8229, Train Acc: 0.5000, Val Loss: 1.8164, Val Acc: 0.5000
2025-04-10 19:50:42,336 [INFO] Epoch 3/5, Train Loss: 1.8570, Train Acc: 0.4680, Val Loss: 1.8979, Val Acc: 0.4720
2025-04-10 19:51:10,801 [INFO] Epoch 4/5, Train Loss: 1.8399, Train Acc: 0.4510, Val Loss: 1.7899, Val Acc: 0.4840
2025-04-10 19:51:40,175 [INFO] Epoch 5/5, Train Loss: 1.8024, Train Acc: 0.5080, Val Loss: 1.8008, Val Acc: 0.4980
2025-04-10 19:51:40,177 [INFO] 
 Hyperparameters: lr=0.01, reg=0.01
2025-04-10 19:52:10,342 [INFO] Epoch 1/5, Train Loss: 1.9900, Train Acc: 0.5040, Val Loss: 2.0034, Val Acc: 0.4880
2025-04-10 19:52:38,689 [INFO] Epoch 2/5, Train Loss: 1.8325, Train Acc: 0.5180, Val Loss: 1.8387, Val Acc: 0.4800
2025-04-10 19:53:07,470 [INFO] Epoch 3/5, Train Loss: 1.6898, Train Acc: 0.5640, Val Loss: 1.6762, Val Acc: 0.5760
2025-04-10 19:53:37,126 [INFO] Epoch 4/5, Train Loss: 1.6536, Train Acc: 0.5810, Val Loss: 1.6321, Val Acc: 0.5620
2025-04-10 19:54:06,750 [INFO] Epoch 5/5, Train Loss: 1.6326, Train Acc: 0.5620, Val Loss: 1.5932, Val Acc: 0.5840
2025-04-10 19:54:06,762 [INFO] 
 Hyperparameters: lr=0.01, reg=0.001
2025-04-10 19:54:37,135 [INFO] Epoch 1/5, Train Loss: 1.4533, Train Acc: 0.5140, Val Loss: 1.3934, Val Acc: 0.5120
2025-04-10 19:55:05,350 [INFO] Epoch 2/5, Train Loss: 1.3941, Train Acc: 0.5300, Val Loss: 1.3366, Val Acc: 0.5360
2025-04-10 19:55:34,484 [INFO] Epoch 3/5, Train Loss: 1.3369, Train Acc: 0.5450, Val Loss: 1.2616, Val Acc: 0.5840
2025-04-10 19:56:04,229 [INFO] Epoch 4/5, Train Loss: 1.2738, Train Acc: 0.5760, Val Loss: 1.2040, Val Acc: 0.6040
2025-04-10 19:56:32,882 [INFO] Epoch 5/5, Train Loss: 1.2839, Train Acc: 0.5800, Val Loss: 1.2401, Val Acc: 0.6020
2025-04-10 19:56:32,899 [INFO] 
 Hyperparameters: lr=0.001, reg=0.1
2025-04-10 19:57:04,456 [INFO] Epoch 1/5, Train Loss: 7.3790, Train Acc: 0.4010, Val Loss: 7.3688, Val Acc: 0.4040
2025-04-10 19:57:33,880 [INFO] Epoch 2/5, Train Loss: 5.8325, Train Acc: 0.4680, Val Loss: 5.8193, Val Acc: 0.4780
2025-04-10 19:58:03,020 [INFO] Epoch 3/5, Train Loss: 4.8199, Train Acc: 0.5100, Val Loss: 4.8076, Val Acc: 0.4920
2025-04-10 19:58:34,286 [INFO] Epoch 4/5, Train Loss: 4.1312, Train Acc: 0.5280, Val Loss: 4.1288, Val Acc: 0.5160
2025-04-10 19:59:03,155 [INFO] Epoch 5/5, Train Loss: 3.6937, Train Acc: 0.5080, Val Loss: 3.7023, Val Acc: 0.5000
2025-04-10 19:59:03,187 [INFO] 
 Hyperparameters: lr=0.001, reg=0.01
2025-04-10 19:59:32,959 [INFO] Epoch 1/5, Train Loss: 2.4189, Train Acc: 0.3570, Val Loss: 2.4627, Val Acc: 0.4060
2025-04-10 20:00:02,464 [INFO] Epoch 2/5, Train Loss: 2.2534, Train Acc: 0.4330, Val Loss: 2.2742, Val Acc: 0.4380
2025-04-10 20:00:32,385 [INFO] Epoch 3/5, Train Loss: 2.1406, Train Acc: 0.4800, Val Loss: 2.1593, Val Acc: 0.4740
2025-04-10 20:01:02,228 [INFO] Epoch 4/5, Train Loss: 2.0630, Train Acc: 0.5040, Val Loss: 2.0712, Val Acc: 0.4960
2025-04-10 20:01:34,266 [INFO] Epoch 5/5, Train Loss: 2.0145, Train Acc: 0.5460, Val Loss: 2.0101, Val Acc: 0.5280
2025-04-10 20:01:34,280 [INFO] 
 Hyperparameters: lr=0.001, reg=0.001
2025-04-10 20:02:04,187 [INFO] Epoch 1/5, Train Loss: 1.7703, Train Acc: 0.3930, Val Loss: 1.7902, Val Acc: 0.3860
2025-04-10 20:02:33,752 [INFO] Epoch 2/5, Train Loss: 1.6245, Train Acc: 0.4580, Val Loss: 1.6450, Val Acc: 0.4180
2025-04-10 20:03:03,542 [INFO] Epoch 3/5, Train Loss: 1.5439, Train Acc: 0.4780, Val Loss: 1.5613, Val Acc: 0.4600
2025-04-10 20:03:32,191 [INFO] Epoch 4/5, Train Loss: 1.4925, Train Acc: 0.4970, Val Loss: 1.5117, Val Acc: 0.4680
2025-04-10 20:04:02,754 [INFO] Epoch 5/5, Train Loss: 1.4558, Train Acc: 0.5020, Val Loss: 1.4763, Val Acc: 0.4820
2025-04-10 20:04:33,863 [INFO] Epoch 1/20, Train Loss: 1.4255, Train Acc: 0.5240, Val Loss: 1.4321, Val Acc: 0.5080
2025-04-10 20:05:03,000 [INFO] Epoch 2/20, Train Loss: 1.3850, Train Acc: 0.5390, Val Loss: 1.3129, Val Acc: 0.5500
2025-04-10 20:05:32,470 [INFO] Epoch 3/20, Train Loss: 1.3219, Train Acc: 0.5770, Val Loss: 1.2753, Val Acc: 0.5680
2025-04-10 20:06:00,969 [INFO] Epoch 4/20, Train Loss: 1.2844, Train Acc: 0.5960, Val Loss: 1.2296, Val Acc: 0.5800
2025-04-10 20:06:29,796 [INFO] Epoch 5/20, Train Loss: 1.2626, Train Acc: 0.6090, Val Loss: 1.1895, Val Acc: 0.5960
2025-04-10 20:06:58,772 [INFO] Epoch 6/20, Train Loss: 1.2803, Train Acc: 0.5890, Val Loss: 1.1851, Val Acc: 0.6080
2025-04-10 20:07:27,956 [INFO] Epoch 7/20, Train Loss: 1.2631, Train Acc: 0.5870, Val Loss: 1.2086, Val Acc: 0.6080
