2025-04-12 02:43:20,508 [INFO] Starting CIFAR-10 training...
2025-04-12 02:43:21,875 [INFO] Starting hyperparameter search...
2025-04-12 02:43:21,876 [INFO] 
 Hyperparameters: lr=0.1, reg=0.1
2025-04-12 02:43:23,680 [INFO] Epoch 1/5, Train Loss: 9.7847, Train Acc: 0.1220, Val Loss: 9.9612, Val Acc: 0.1120
2025-04-12 02:43:24,411 [INFO] Epoch 2/5, Train Loss: 6.5502, Train Acc: 0.1590, Val Loss: 6.6427, Val Acc: 0.1360
2025-04-12 02:43:25,107 [INFO] Epoch 3/5, Train Loss: 7.5714, Train Acc: 0.1130, Val Loss: 7.8410, Val Acc: 0.1120
2025-04-12 02:43:25,834 [INFO] Epoch 4/5, Train Loss: 5.4493, Train Acc: 0.1600, Val Loss: 5.6402, Val Acc: 0.1420
2025-04-12 02:43:26,490 [INFO] Epoch 5/5, Train Loss: 4.8653, Train Acc: 0.1770, Val Loss: 5.1112, Val Acc: 0.1500
2025-04-12 02:43:26,501 [INFO] 
 Hyperparameters: lr=0.1, reg=0.01
2025-04-12 02:43:27,185 [INFO] Epoch 1/5, Train Loss: 4.0848, Train Acc: 0.1400, Val Loss: 4.2331, Val Acc: 0.1340
2025-04-12 02:43:27,855 [INFO] Epoch 2/5, Train Loss: 6.0103, Train Acc: 0.1380, Val Loss: 6.2896, Val Acc: 0.1180
2025-04-12 02:43:28,504 [INFO] Epoch 3/5, Train Loss: 5.0162, Train Acc: 0.1650, Val Loss: 5.1873, Val Acc: 0.1520
2025-04-12 02:43:29,163 [INFO] Epoch 4/5, Train Loss: 4.0653, Train Acc: 0.1720, Val Loss: 4.1956, Val Acc: 0.1500
2025-04-12 02:43:29,829 [INFO] Epoch 5/5, Train Loss: 3.5289, Train Acc: 0.2000, Val Loss: 3.6393, Val Acc: 0.1960
2025-04-12 02:43:29,834 [INFO] 
 Hyperparameters: lr=0.1, reg=0.001
2025-04-12 02:43:30,480 [INFO] Epoch 1/5, Train Loss: 4.9696, Train Acc: 0.1320, Val Loss: 5.2066, Val Acc: 0.1240
2025-04-12 02:43:31,293 [INFO] Epoch 2/5, Train Loss: 5.3794, Train Acc: 0.1290, Val Loss: 5.5118, Val Acc: 0.1280
2025-04-12 02:43:32,072 [INFO] Epoch 3/5, Train Loss: 3.7168, Train Acc: 0.1370, Val Loss: 4.0108, Val Acc: 0.1260
2025-04-12 02:43:32,777 [INFO] Epoch 4/5, Train Loss: 2.8457, Train Acc: 0.1850, Val Loss: 2.9976, Val Acc: 0.1580
2025-04-12 02:43:33,482 [INFO] Epoch 5/5, Train Loss: 4.4257, Train Acc: 0.1280, Val Loss: 4.7123, Val Acc: 0.1320
2025-04-12 02:43:33,484 [INFO] 
 Hyperparameters: lr=0.01, reg=0.1
2025-04-12 02:43:34,143 [INFO] Epoch 1/5, Train Loss: 9.1234, Train Acc: 0.2450, Val Loss: 9.3048, Val Acc: 0.1860
2025-04-12 02:43:34,804 [INFO] Epoch 2/5, Train Loss: 8.4640, Train Acc: 0.3370, Val Loss: 8.7380, Val Acc: 0.2360
2025-04-12 02:43:35,475 [INFO] Epoch 3/5, Train Loss: 7.9477, Train Acc: 0.4120, Val Loss: 8.2636, Val Acc: 0.2680
2025-04-12 02:43:36,151 [INFO] Epoch 4/5, Train Loss: 7.5528, Train Acc: 0.4390, Val Loss: 7.8847, Val Acc: 0.2980
2025-04-12 02:43:36,808 [INFO] Epoch 5/5, Train Loss: 7.2005, Train Acc: 0.4840, Val Loss: 7.6010, Val Acc: 0.2960
2025-04-12 02:43:36,810 [INFO] 
 Hyperparameters: lr=0.01, reg=0.01
2025-04-12 02:43:37,469 [INFO] Epoch 1/5, Train Loss: 2.8851, Train Acc: 0.2330, Val Loss: 3.0113, Val Acc: 0.1840
2025-04-12 02:43:38,124 [INFO] Epoch 2/5, Train Loss: 2.5401, Train Acc: 0.3560, Val Loss: 2.7632, Val Acc: 0.2660
2025-04-12 02:43:38,796 [INFO] Epoch 3/5, Train Loss: 2.4724, Train Acc: 0.3460, Val Loss: 2.8002, Val Acc: 0.2640
2025-04-12 02:43:39,442 [INFO] Epoch 4/5, Train Loss: 2.3012, Train Acc: 0.4410, Val Loss: 2.6497, Val Acc: 0.3160
2025-04-12 02:43:40,165 [INFO] Epoch 5/5, Train Loss: 2.2147, Train Acc: 0.4800, Val Loss: 2.6199, Val Acc: 0.3100
2025-04-12 02:43:40,167 [INFO] 
 Hyperparameters: lr=0.01, reg=0.001
2025-04-12 02:43:40,842 [INFO] Epoch 1/5, Train Loss: 2.1348, Train Acc: 0.2600, Val Loss: 2.2613, Val Acc: 0.2220
2025-04-12 02:43:41,507 [INFO] Epoch 2/5, Train Loss: 1.9366, Train Acc: 0.3470, Val Loss: 2.1388, Val Acc: 0.2460
2025-04-12 02:43:42,187 [INFO] Epoch 3/5, Train Loss: 1.7704, Train Acc: 0.4020, Val Loss: 2.0582, Val Acc: 0.2680
2025-04-12 02:43:42,947 [INFO] Epoch 4/5, Train Loss: 1.6977, Train Acc: 0.4050, Val Loss: 2.0625, Val Acc: 0.2740
2025-04-12 02:43:43,707 [INFO] Epoch 5/5, Train Loss: 1.5743, Train Acc: 0.4560, Val Loss: 1.9943, Val Acc: 0.2820
2025-04-12 02:43:43,711 [INFO] 
 Hyperparameters: lr=0.001, reg=0.1
2025-04-12 02:43:44,479 [INFO] Epoch 1/5, Train Loss: 10.2875, Train Acc: 0.1470, Val Loss: 10.2474, Val Acc: 0.1360
2025-04-12 02:43:44,327 [INFO] Epoch 2/5, Train Loss: 10.1010, Train Acc: 0.1670, Val Loss: 10.0797, Val Acc: 0.1680
2025-04-12 02:43:45,025 [INFO] Epoch 3/5, Train Loss: 9.9674, Train Acc: 0.1860, Val Loss: 9.9576, Val Acc: 0.1740
2025-04-12 02:43:45,803 [INFO] Epoch 4/5, Train Loss: 9.8646, Train Acc: 0.2070, Val Loss: 9.8616, Val Acc: 0.1860
2025-04-12 02:43:46,495 [INFO] Epoch 5/5, Train Loss: 9.7753, Train Acc: 0.2150, Val Loss: 9.7835, Val Acc: 0.1980
2025-04-12 02:43:46,499 [INFO] 
 Hyperparameters: lr=0.001, reg=0.01
2025-04-12 02:43:47,175 [INFO] Epoch 1/5, Train Loss: 3.5704, Train Acc: 0.1040, Val Loss: 3.5300, Val Acc: 0.1000
2025-04-12 02:43:47,859 [INFO] Epoch 2/5, Train Loss: 3.3834, Train Acc: 0.1200, Val Loss: 3.3309, Val Acc: 0.1220
2025-04-12 02:43:48,611 [INFO] Epoch 3/5, Train Loss: 3.2775, Train Acc: 0.1270, Val Loss: 3.2368, Val Acc: 0.1220
2025-04-12 02:43:49,421 [INFO] Epoch 4/5, Train Loss: 3.2029, Train Acc: 0.1410, Val Loss: 3.1735, Val Acc: 0.1360
2025-04-12 02:43:50,170 [INFO] Epoch 5/5, Train Loss: 3.1415, Train Acc: 0.1570, Val Loss: 3.1285, Val Acc: 0.1460
2025-04-12 02:43:50,174 [INFO] 
 Hyperparameters: lr=0.001, reg=0.001
2025-04-12 02:43:50,874 [INFO] Epoch 1/5, Train Loss: 2.7072, Train Acc: 0.1150, Val Loss: 2.6740, Val Acc: 0.1140
2025-04-12 02:43:51,697 [INFO] Epoch 2/5, Train Loss: 2.5884, Train Acc: 0.1410, Val Loss: 2.5655, Val Acc: 0.1460
2025-04-12 02:43:52,429 [INFO] Epoch 3/5, Train Loss: 2.5099, Train Acc: 0.1560, Val Loss: 2.5010, Val Acc: 0.1700
2025-04-12 02:43:53,249 [INFO] Epoch 4/5, Train Loss: 2.4438, Train Acc: 0.1730, Val Loss: 2.4499, Val Acc: 0.1800
2025-04-12 02:43:53,981 [INFO] Epoch 5/5, Train Loss: 2.3842, Train Acc: 0.1810, Val Loss: 2.4062, Val Acc: 0.1860
2025-04-12 02:43:57,639 [INFO] Epoch 1/20, Train Loss: 2.7347, Train Acc: 0.2910, Val Loss: 2.9096, Val Acc: 0.2200
2025-04-12 02:43:58,297 [INFO] Epoch 2/20, Train Loss: 2.5088, Train Acc: 0.3330, Val Loss: 2.7915, Val Acc: 0.2680
2025-04-12 02:43:59,013 [INFO] Epoch 3/20, Train Loss: 2.3836, Train Acc: 0.3950, Val Loss: 2.7215, Val Acc: 0.2900
2025-04-12 02:43:59,698 [INFO] Epoch 4/20, Train Loss: 2.3312, Train Acc: 0.4230, Val Loss: 2.7572, Val Acc: 0.2740
2025-04-12 02:44:00,383 [INFO] Epoch 5/20, Train Loss: 2.1490, Train Acc: 0.5100, Val Loss: 2.6004, Val Acc: 0.3300
2025-04-12 02:44:01,167 [INFO] Epoch 6/20, Train Loss: 2.1056, Train Acc: 0.5070, Val Loss: 2.5957, Val Acc: 0.3360
2025-04-12 02:44:01,889 [INFO] Epoch 7/20, Train Loss: 2.0318, Train Acc: 0.5580, Val Loss: 2.5973, Val Acc: 0.3220
2025-04-12 02:44:02,637 [INFO] Epoch 8/20, Train Loss: 1.9790, Train Acc: 0.5790, Val Loss: 2.5143, Val Acc: 0.3800
2025-04-12 02:44:03,422 [INFO] Epoch 9/20, Train Loss: 1.9550, Train Acc: 0.5780, Val Loss: 2.5039, Val Acc: 0.3740
2025-04-12 02:44:04,147 [INFO] Epoch 10/20, Train Loss: 1.9167, Train Acc: 0.6030, Val Loss: 2.5308, Val Acc: 0.3740
2025-04-12 02:44:04,918 [INFO] Epoch 11/20, Train Loss: 1.8669, Train Acc: 0.6310, Val Loss: 2.4776, Val Acc: 0.3740
2025-04-12 02:44:05,648 [INFO] Epoch 12/20, Train Loss: 1.8510, Train Acc: 0.6380, Val Loss: 2.4912, Val Acc: 0.3680
2025-04-12 02:44:06,406 [INFO] Epoch 13/20, Train Loss: 1.8324, Train Acc: 0.6460, Val Loss: 2.5279, Val Acc: 0.3700
2025-04-12 02:44:07,183 [INFO] Epoch 14/20, Train Loss: 1.7993, Train Acc: 0.6590, Val Loss: 2.4724, Val Acc: 0.3780
2025-04-12 02:44:07,909 [INFO] Epoch 15/20, Train Loss: 1.7864, Train Acc: 0.6580, Val Loss: 2.4714, Val Acc: 0.3980
2025-04-12 02:44:08,618 [INFO] Epoch 16/20, Train Loss: 1.7588, Train Acc: 0.6750, Val Loss: 2.4596, Val Acc: 0.3780
2025-04-12 02:44:09,348 [INFO] Epoch 17/20, Train Loss: 1.7514, Train Acc: 0.6690, Val Loss: 2.4913, Val Acc: 0.3580
2025-04-12 02:44:10,088 [INFO] Epoch 18/20, Train Loss: 1.7367, Train Acc: 0.6870, Val Loss: 2.4678, Val Acc: 0.3840
2025-04-12 02:44:10,825 [INFO] Epoch 19/20, Train Loss: 1.7111, Train Acc: 0.7050, Val Loss: 2.4597, Val Acc: 0.3720
2025-04-12 02:44:11,598 [INFO] Epoch 20/20, Train Loss: 1.6958, Train Acc: 0.7060, Val Loss: 2.4520, Val Acc: 0.3780
2025-04-12 02:44:12,401 [INFO] Test Accuracy: 0.3692
2025-04-12 02:44:12,401 [INFO] Training completed.
