2025-04-08 10:13:33,087 [INFO] Starting CIFAR-10 training...
2025-04-08 10:13:42,772 [INFO] W1 norm: 7.822716587262707, W2 norm: 7.963501059794607, W3 norm: 4.4475060246246185
2025-04-08 10:13:42,772 [INFO] backward: dW1 max=5.0, dW2 max=5.0, dW3 max=0.4510796428157932
2025-04-08 10:13:46,019 [INFO] W1 norm: 7.850606349057527, W2 norm: 8.292148057170584, W3 norm: 4.446186041935308
2025-04-08 10:13:46,019 [INFO] backward: dW1 max=5.0, dW2 max=5.0, dW3 max=0.9058827034465484
2025-04-08 10:13:49,017 [INFO] W1 norm: 7.820384565021852, W2 norm: 8.438233020106829, W3 norm: 4.444974281093755
2025-04-08 10:13:49,017 [INFO] backward: dW1 max=5.0, dW2 max=5.0, dW3 max=0.32991202263515074
2025-04-08 10:13:51,776 [INFO] W1 norm: 7.9152809753963425, W2 norm: 8.369911739123351, W3 norm: 4.443737930654566
2025-04-08 10:13:51,776 [INFO] backward: dW1 max=5.0, dW2 max=2.050374248049689, dW3 max=0.014962220121522448
2025-04-08 10:13:54,566 [INFO] W1 norm: 7.9444151438478094, W2 norm: 8.368972521497712, W3 norm: 4.443644051272952
2025-04-08 10:13:54,566 [INFO] backward: dW1 max=5.0, dW2 max=2.9590033629301096, dW3 max=0.01113052512784496
2025-04-08 10:13:57,485 [INFO] W1 norm: 8.03291803204129, W2 norm: 8.368346993351041, W3 norm: 4.443566263243335
2025-04-08 10:13:57,486 [INFO] backward: dW1 max=5.0, dW2 max=4.7832810022151895, dW3 max=0.0200510145757694
2025-04-08 10:14:00,320 [INFO] W1 norm: 8.064235973811963, W2 norm: 8.364153584681528, W3 norm: 4.4434621952597855
2025-04-08 10:14:00,320 [INFO] backward: dW1 max=5.0, dW2 max=4.979864084049516, dW3 max=0.014877809357456306
2025-04-08 10:14:03,028 [INFO] W1 norm: 8.164258099622861, W2 norm: 8.376516040396693, W3 norm: 4.4434302682934925
2025-04-08 10:14:03,028 [INFO] backward: dW1 max=5.0, dW2 max=5.0, dW3 max=0.04268120619446766
2025-04-08 10:14:05,766 [INFO] W1 norm: 8.257358162749265, W2 norm: 8.36586891031956, W3 norm: 4.443288819702654
2025-04-08 10:14:05,766 [INFO] backward: dW1 max=5.0, dW2 max=3.1017754666939172, dW3 max=0.010934400490511502
2025-04-08 10:14:08,530 [INFO] W1 norm: 8.271932714927917, W2 norm: 8.371306096345199, W3 norm: 4.443215486598713
2025-04-08 10:14:08,530 [INFO] backward: dW1 max=5.0, dW2 max=4.416071158246054, dW3 max=0.08349604484413871
2025-04-08 10:14:11,347 [INFO] W1 norm: 8.358317793976951, W2 norm: 8.415995717452821, W3 norm: 4.443036248276795
2025-04-08 10:14:11,347 [INFO] backward: dW1 max=5.0, dW2 max=5.0, dW3 max=0.047739458683924485
2025-04-08 10:14:14,208 [INFO] W1 norm: 8.502165149759575, W2 norm: 8.450760741815305, W3 norm: 4.4430949799103
2025-04-08 10:14:14,208 [INFO] backward: dW1 max=5.0, dW2 max=5.0, dW3 max=0.06319547051220158
2025-04-08 10:14:17,072 [INFO] W1 norm: 8.56861679184166, W2 norm: 8.447617156295046, W3 norm: 4.442951412953343
2025-04-08 10:14:17,072 [INFO] backward: dW1 max=5.0, dW2 max=5.0, dW3 max=0.13698485999704116
2025-04-08 10:14:19,815 [INFO] W1 norm: 8.602891211753569, W2 norm: 8.446221354225717, W3 norm: 4.442301881532081
2025-04-08 10:14:19,816 [INFO] backward: dW1 max=5.0, dW2 max=3.594943177576299, dW3 max=0.06061099987351757
2025-04-08 10:14:22,527 [INFO] W1 norm: 8.656334485069381, W2 norm: 8.439615863128047, W3 norm: 4.442149765663254
2025-04-08 10:14:22,528 [INFO] backward: dW1 max=5.0, dW2 max=2.1650461165041412, dW3 max=0.0070395930110144075
2025-04-08 10:14:25,198 [INFO] W1 norm: 8.752390168615902, W2 norm: 8.45260354300617, W3 norm: 4.442149241743022
2025-04-08 10:14:25,198 [INFO] backward: dW1 max=5.0, dW2 max=5.0, dW3 max=0.06795318616012846
2025-04-08 10:14:27,908 [INFO] W1 norm: 8.882613781382153, W2 norm: 8.503049405578903, W3 norm: 4.442057411631868
2025-04-08 10:14:27,908 [INFO] backward: dW1 max=5.0, dW2 max=5.0, dW3 max=0.13466480983747073
2025-04-08 10:14:30,585 [INFO] W1 norm: 8.884748635395606, W2 norm: 8.558918993374022, W3 norm: 4.441648160168996
2025-04-08 10:14:30,585 [INFO] backward: dW1 max=5.0, dW2 max=5.0, dW3 max=0.7329157322245928
2025-04-08 10:14:33,343 [INFO] W1 norm: 8.850072974318252, W2 norm: 8.643450686890743, W3 norm: 4.439979396859991
2025-04-08 10:14:33,343 [INFO] backward: dW1 max=5.0, dW2 max=5.0, dW3 max=0.6183143999829518
2025-04-08 10:14:36,048 [INFO] W1 norm: 8.85385934600329, W2 norm: 8.661927427958187, W3 norm: 4.43788028572357
2025-04-08 10:14:36,049 [INFO] backward: dW1 max=5.0, dW2 max=5.0, dW3 max=0.08142226144453511
2025-04-08 10:14:38,784 [INFO] W1 norm: 9.024776743384281, W2 norm: 8.728580272983319, W3 norm: 4.437648996169763
2025-04-08 10:14:38,785 [INFO] backward: dW1 max=5.0, dW2 max=5.0, dW3 max=0.31152650209545596
2025-04-08 10:14:41,447 [INFO] W1 norm: 9.007524926216583, W2 norm: 8.761786019034956, W3 norm: 4.436748502022908
2025-04-08 10:14:41,447 [INFO] backward: dW1 max=5.0, dW2 max=5.0, dW3 max=0.0760884879292943
2025-04-08 10:14:44,131 [INFO] W1 norm: 9.047018905154687, W2 norm: 8.80330608184399, W3 norm: 4.436552042560214
2025-04-08 10:14:44,131 [INFO] backward: dW1 max=5.0, dW2 max=5.0, dW3 max=0.12645683082211456
2025-04-08 10:14:46,816 [INFO] W1 norm: 9.016721748888942, W2 norm: 8.796278538194708, W3 norm: 4.436248149816048
2025-04-08 10:14:46,816 [INFO] backward: dW1 max=5.0, dW2 max=3.657923424169031, dW3 max=0.047692155296323736
2025-04-08 10:14:49,486 [INFO] W1 norm: 9.3202592875922, W2 norm: 8.821479623987939, W3 norm: 4.436138964743781
2025-04-08 10:14:49,486 [INFO] backward: dW1 max=4.970151586470817, dW2 max=5.0, dW3 max=0.060472562575827206
2025-04-08 10:14:52,127 [INFO] W1 norm: 9.29085202147018, W2 norm: 8.881297753083349, W3 norm: 4.435993526603596
2025-04-08 10:14:52,127 [INFO] backward: dW1 max=5.0, dW2 max=5.0, dW3 max=0.10630264146144099
2025-04-08 10:14:54,769 [INFO] W1 norm: 9.306036489689687, W2 norm: 8.905426391837976, W3 norm: 4.435931165061535
2025-04-08 10:14:54,770 [INFO] backward: dW1 max=5.0, dW2 max=5.0, dW3 max=0.40357221049986436
2025-04-08 10:14:57,513 [INFO] W1 norm: 9.388896533607728, W2 norm: 9.03357745796444, W3 norm: 4.434973836693176
2025-04-08 10:14:57,513 [INFO] backward: dW1 max=5.0, dW2 max=5.0, dW3 max=0.3585554292810126
2025-04-08 10:15:00,401 [INFO] W1 norm: 9.488570581921396, W2 norm: 9.008501919292037, W3 norm: 4.4340867277343685
2025-04-08 10:15:00,401 [INFO] backward: dW1 max=5.0, dW2 max=4.727217236656688, dW3 max=0.04851204426164511
2025-04-08 10:15:03,183 [INFO] W1 norm: 9.542815311281377, W2 norm: 9.063349590861904, W3 norm: 4.434121018464098
2025-04-08 10:15:03,184 [INFO] backward: dW1 max=5.0, dW2 max=5.0, dW3 max=0.29159864864243107
2025-04-08 10:15:05,880 [INFO] W1 norm: 9.56535981526871, W2 norm: 9.169600713160465, W3 norm: 4.433718890454412
2025-04-08 10:15:05,880 [INFO] backward: dW1 max=5.0, dW2 max=5.0, dW3 max=0.7923447241445195
2025-04-08 10:15:08,598 [INFO] W1 norm: 9.59886566478983, W2 norm: 9.189800676063843, W3 norm: 4.432487072816302
2025-04-08 10:15:08,598 [INFO] backward: dW1 max=5.0, dW2 max=5.0, dW3 max=0.19980517146699772
2025-04-08 10:15:11,247 [INFO] W1 norm: 9.70719162013708, W2 norm: 9.226100703866887, W3 norm: 4.43208483426717
2025-04-08 10:15:11,247 [INFO] backward: dW1 max=5.0, dW2 max=3.0182338245849554, dW3 max=0.06645444679013532
2025-04-08 10:15:13,881 [INFO] W1 norm: 9.691781341949843, W2 norm: 9.26647152887807, W3 norm: 4.432129883784249
2025-04-08 10:15:13,882 [INFO] backward: dW1 max=5.0, dW2 max=5.0, dW3 max=0.189169455124553
2025-04-08 10:15:16,668 [INFO] W1 norm: 9.775857382633282, W2 norm: 9.303889073223543, W3 norm: 4.431492141970443
2025-04-08 10:15:16,668 [INFO] backward: dW1 max=5.0, dW2 max=5.0, dW3 max=0.16444429341898556
2025-04-08 10:15:19,368 [INFO] W1 norm: 9.787951846665496, W2 norm: 9.367969988426559, W3 norm: 4.431064092216348
2025-04-08 10:15:19,368 [INFO] backward: dW1 max=5.0, dW2 max=5.0, dW3 max=0.11846342054881163
2025-04-08 10:15:22,533 [INFO] W1 norm: 9.874671498490695, W2 norm: 9.374624956677232, W3 norm: 4.430747283204922
2025-04-08 10:15:22,534 [INFO] backward: dW1 max=5.0, dW2 max=5.0, dW3 max=0.13306410283907674
2025-04-08 10:15:25,824 [INFO] W1 norm: 10.040094627037805, W2 norm: 9.44456295560436, W3 norm: 4.4307416508282484
2025-04-08 10:15:25,824 [INFO] backward: dW1 max=5.0, dW2 max=5.0, dW3 max=0.24230706689936163
2025-04-08 10:15:28,697 [INFO] W1 norm: 10.220314799491183, W2 norm: 9.497110613109419, W3 norm: 4.430527692137959
2025-04-08 10:15:28,698 [INFO] backward: dW1 max=5.0, dW2 max=5.0, dW3 max=0.585367284621645
2025-04-08 10:15:28,918 [INFO] W1 norm: 10.148491177857379, W2 norm: 9.493279396134431, W3 norm: 4.429809118665326
2025-04-08 10:15:28,919 [INFO] backward: dW1 max=1.1446527728206928, dW2 max=2.0080065261921387, dW3 max=0.17004624408871238
2025-04-08 10:15:38,086 [INFO] Epoch 1/20, Train Loss: 2.3796, Train Acc: 0.1660, Val Loss: 2.4849, Val Acc: 0.1460
2025-04-08 10:15:41,187 [INFO] W1 norm: 10.136917370908037, W2 norm: 9.505818062971501, W3 norm: 4.430012015729435
2025-04-08 10:15:41,187 [INFO] backward: dW1 max=5.0, dW2 max=5.0, dW3 max=0.21263768137946362
2025-04-08 10:15:44,377 [INFO] W1 norm: 10.323604805091112, W2 norm: 9.623868294541126, W3 norm: 4.4297316487480405
2025-04-08 10:15:44,378 [INFO] backward: dW1 max=5.0, dW2 max=5.0, dW3 max=0.8102166560723453
2025-04-08 10:15:47,315 [INFO] W1 norm: 10.305067938002493, W2 norm: 9.58360742639014, W3 norm: 4.429518258251237
2025-04-08 10:15:47,315 [INFO] backward: dW1 max=5.0, dW2 max=5.0, dW3 max=0.4573894189707836
2025-04-08 10:15:50,045 [INFO] W1 norm: 10.320955861625265, W2 norm: 9.657457868882407, W3 norm: 4.428411300036646
2025-04-08 10:15:50,046 [INFO] backward: dW1 max=5.0, dW2 max=5.0, dW3 max=0.6842763633662635
2025-04-08 10:15:52,887 [INFO] W1 norm: 10.340826774095994, W2 norm: 9.611265793405213, W3 norm: 4.427837324635464
2025-04-08 10:15:52,888 [INFO] backward: dW1 max=5.0, dW2 max=5.0, dW3 max=0.15873036895607603
2025-04-08 10:15:55,657 [INFO] W1 norm: 10.47173924062432, W2 norm: 9.748034040248331, W3 norm: 4.427646532304486
2025-04-08 10:15:55,658 [INFO] backward: dW1 max=5.0, dW2 max=5.0, dW3 max=0.4961823145768608
2025-04-08 10:15:58,441 [INFO] W1 norm: 10.47972609091167, W2 norm: 9.806618662242453, W3 norm: 4.427027769639141
2025-04-08 10:15:58,441 [INFO] backward: dW1 max=5.0, dW2 max=5.0, dW3 max=0.34321292339664733
2025-04-08 10:16:01,320 [INFO] W1 norm: 10.490453702870212, W2 norm: 9.960196888038906, W3 norm: 4.426301636745398
2025-04-08 10:16:01,321 [INFO] backward: dW1 max=5.0, dW2 max=5.0, dW3 max=1.1317590564548523
2025-04-08 10:16:04,265 [INFO] W1 norm: 10.734782787901441, W2 norm: 10.102304182844557, W3 norm: 4.425642711579703
2025-04-08 10:16:04,265 [INFO] backward: dW1 max=5.0, dW2 max=5.0, dW3 max=0.839922274310431
2025-04-08 10:16:07,214 [INFO] W1 norm: 10.730035322341077, W2 norm: 10.313979795810047, W3 norm: 4.425203277232712
2025-04-08 10:16:07,214 [INFO] backward: dW1 max=5.0, dW2 max=5.0, dW3 max=1.3559726329375104
2025-04-08 10:16:10,233 [INFO] W1 norm: 10.577258873753216, W2 norm: 10.37349818957875, W3 norm: 4.424327995064999
2025-04-08 10:16:10,234 [INFO] backward: dW1 max=5.0, dW2 max=5.0, dW3 max=2.1589612102330666
2025-04-08 10:16:13,213 [INFO] W1 norm: 10.773070390196942, W2 norm: 10.40373443423793, W3 norm: 4.42341132348438
2025-04-08 10:16:13,213 [INFO] backward: dW1 max=5.0, dW2 max=5.0, dW3 max=0.2963314726081709
2025-04-08 10:16:16,130 [INFO] W1 norm: 10.847824756393695, W2 norm: 10.384535152311662, W3 norm: 4.422640969829975
2025-04-08 10:16:16,130 [INFO] backward: dW1 max=5.0, dW2 max=5.0, dW3 max=0.19155911708890636
2025-04-08 10:16:18,934 [INFO] W1 norm: 11.093091573815366, W2 norm: 10.477712950214396, W3 norm: 4.422173672710643
2025-04-08 10:16:18,934 [INFO] backward: dW1 max=5.0, dW2 max=5.0, dW3 max=0.06500262788758611
2025-04-08 10:16:21,830 [INFO] W1 norm: 11.3366765572534, W2 norm: 10.62099699177262, W3 norm: 4.4220623951450735
2025-04-08 10:16:21,831 [INFO] backward: dW1 max=5.0, dW2 max=5.0, dW3 max=1.5193187605129728
2025-04-08 10:16:24,763 [INFO] W1 norm: 11.151029768009137, W2 norm: 10.62107972904376, W3 norm: 4.421943224529185
2025-04-08 10:16:24,763 [INFO] backward: dW1 max=5.0, dW2 max=5.0, dW3 max=0.12291832950259958
2025-04-08 10:16:27,535 [INFO] W1 norm: 11.224150530391652, W2 norm: 10.878714173845403, W3 norm: 4.421808279306187
2025-04-08 10:16:27,535 [INFO] backward: dW1 max=5.0, dW2 max=5.0, dW3 max=0.2594096414369323
2025-04-08 10:16:30,237 [INFO] W1 norm: 11.395470065199687, W2 norm: 11.022108357529207, W3 norm: 4.421469452173749
2025-04-08 10:16:30,238 [INFO] backward: dW1 max=5.0, dW2 max=5.0, dW3 max=0.39345484110380874
2025-04-08 10:16:32,915 [INFO] W1 norm: 11.582486160050486, W2 norm: 11.478355833068166, W3 norm: 4.420122672609769
2025-04-08 10:16:32,916 [INFO] backward: dW1 max=5.0, dW2 max=5.0, dW3 max=0.3848473208900625
2025-04-08 10:16:35,600 [INFO] W1 norm: 11.566051837675124, W2 norm: 11.372125231188301, W3 norm: 4.4196694656945
2025-04-08 10:16:35,601 [INFO] backward: dW1 max=5.0, dW2 max=5.0, dW3 max=0.29184251801068023
2025-04-08 10:16:38,296 [INFO] W1 norm: 11.794345944163164, W2 norm: 11.803525550556541, W3 norm: 4.41909631140594
2025-04-08 10:16:38,297 [INFO] backward: dW1 max=5.0, dW2 max=5.0, dW3 max=0.6537062766966616
2025-04-08 10:16:40,947 [INFO] W1 norm: 11.806473632021952, W2 norm: 12.130836646825188, W3 norm: 4.418210338887535
2025-04-08 10:16:40,948 [INFO] backward: dW1 max=5.0, dW2 max=5.0, dW3 max=1.0492941303804109
2025-04-08 10:16:43,596 [INFO] W1 norm: 11.79555908525986, W2 norm: 12.3013347306034, W3 norm: 4.417754450539056
2025-04-08 10:16:43,596 [INFO] backward: dW1 max=5.0, dW2 max=5.0, dW3 max=0.3841501049142575
2025-04-08 10:16:46,242 [INFO] W1 norm: 12.083736076280006, W2 norm: 12.856470981356878, W3 norm: 4.417323661405811
2025-04-08 10:16:46,242 [INFO] backward: dW1 max=5.0, dW2 max=5.0, dW3 max=3.1391354069390713
2025-04-08 10:16:48,912 [INFO] W1 norm: 11.83653383226115, W2 norm: 12.501211810241472, W3 norm: 4.420002320070038
2025-04-08 10:16:48,912 [INFO] backward: dW1 max=5.0, dW2 max=5.0, dW3 max=0.966336926489656
2025-04-08 10:16:51,689 [INFO] W1 norm: 12.108719476799546, W2 norm: 12.949290909593332, W3 norm: 4.418997984635506
2025-04-08 10:16:51,690 [INFO] backward: dW1 max=5.0, dW2 max=5.0, dW3 max=0.13568471832458226
2025-04-08 10:16:54,341 [INFO] W1 norm: 12.57203793916741, W2 norm: 13.523580109610977, W3 norm: 4.418906736033104
2025-04-08 10:16:54,341 [INFO] backward: dW1 max=5.0, dW2 max=5.0, dW3 max=0.4294781946717264
2025-04-08 10:16:56,961 [INFO] W1 norm: 12.470763953080752, W2 norm: 13.404812195126869, W3 norm: 4.418267811514967
2025-04-08 10:16:56,962 [INFO] backward: dW1 max=5.0, dW2 max=5.0, dW3 max=1.1083644956220287
2025-04-08 10:16:59,570 [INFO] W1 norm: 12.275342286880344, W2 norm: 13.647014147079494, W3 norm: 4.416433696492067
2025-04-08 10:16:59,571 [INFO] backward: dW1 max=5.0, dW2 max=5.0, dW3 max=0.5379753930195199
2025-04-08 10:17:02,201 [INFO] W1 norm: 12.388547377529383, W2 norm: 14.082127214864583, W3 norm: 4.4160993503519315
2025-04-08 10:17:02,201 [INFO] backward: dW1 max=5.0, dW2 max=5.0, dW3 max=0.17946600253632777
2025-04-08 10:17:04,989 [INFO] W1 norm: 12.552907032853067, W2 norm: 14.302064320476621, W3 norm: 4.41609841914788
2025-04-08 10:17:04,989 [INFO] backward: dW1 max=5.0, dW2 max=5.0, dW3 max=1.0054968561164883
2025-04-08 10:17:08,001 [INFO] W1 norm: 12.627750215249891, W2 norm: 14.812602257784889, W3 norm: 4.415222333007228
2025-04-08 10:17:08,001 [INFO] backward: dW1 max=5.0, dW2 max=5.0, dW3 max=5.0
2025-04-08 10:17:10,933 [INFO] W1 norm: 12.40866491797327, W2 norm: 14.251364259310089, W3 norm: 4.4203501253919555
2025-04-08 10:17:10,934 [INFO] backward: dW1 max=5.0, dW2 max=5.0, dW3 max=0.391397521395071
2025-04-08 10:17:13,894 [INFO] W1 norm: 12.33232913825097, W2 norm: 14.578505554840378, W3 norm: 4.418362479839027
2025-04-08 10:17:13,894 [INFO] backward: dW1 max=5.0, dW2 max=5.0, dW3 max=0.048934802513901934
2025-04-08 10:17:16,717 [INFO] W1 norm: 12.554975129752119, W2 norm: 14.877570301340459, W3 norm: 4.418332889949394
2025-04-08 10:17:16,717 [INFO] backward: dW1 max=5.0, dW2 max=5.0, dW3 max=0.445747225376002
2025-04-08 10:17:19,477 [INFO] W1 norm: 12.728043471424414, W2 norm: 15.372077414047682, W3 norm: 4.417873524680531
2025-04-08 10:17:19,477 [INFO] backward: dW1 max=5.0, dW2 max=5.0, dW3 max=0.7038137912036958
2025-04-08 10:17:22,250 [INFO] W1 norm: 12.643716877346007, W2 norm: 15.54211634250811, W3 norm: 4.416759971661263
2025-04-08 10:17:22,250 [INFO] backward: dW1 max=5.0, dW2 max=5.0, dW3 max=0.9202087717592555
2025-04-08 10:17:25,071 [INFO] W1 norm: 12.623712045331391, W2 norm: 15.531920717619695, W3 norm: 4.4155061505042505
2025-04-08 10:17:25,072 [INFO] backward: dW1 max=5.0, dW2 max=5.0, dW3 max=0.8103071899599887
2025-04-08 10:17:27,878 [INFO] W1 norm: 12.652471691190687, W2 norm: 16.00067206210532, W3 norm: 4.414636518673151
2025-04-08 10:17:27,878 [INFO] backward: dW1 max=5.0, dW2 max=5.0, dW3 max=4.673817842609852
2025-04-08 10:17:28,100 [INFO] W1 norm: 12.473616321207878, W2 norm: 15.547717993129785, W3 norm: 4.418953771037764
2025-04-08 10:17:28,100 [INFO] backward: dW1 max=0.8913462386157645, dW2 max=3.3150614834860863, dW3 max=0.4078922089597971
2025-04-08 10:17:36,930 [INFO] Epoch 2/20, Train Loss: 2.7585, Train Acc: 0.1590, Val Loss: 2.6659, Val Acc: 0.1640
2025-04-08 10:17:39,949 [INFO] W1 norm: 12.575517625032836, W2 norm: 15.661542834038663, W3 norm: 4.418595004635733
2025-04-08 10:17:39,950 [INFO] backward: dW1 max=5.0, dW2 max=5.0, dW3 max=0.33759352665536607
2025-04-08 10:17:42,912 [INFO] W1 norm: 12.799991378086741, W2 norm: 16.008467157269234, W3 norm: 4.4171752401919635
2025-04-08 10:17:42,912 [INFO] backward: dW1 max=5.0, dW2 max=5.0, dW3 max=0.2551143241443351
2025-04-08 10:17:45,769 [INFO] W1 norm: 13.003561818458126, W2 norm: 16.678649569397177, W3 norm: 4.416777557488125
2025-04-08 10:17:45,769 [INFO] backward: dW1 max=5.0, dW2 max=5.0, dW3 max=0.19458418285187307
2025-04-08 10:17:48,514 [INFO] W1 norm: 13.305444258411024, W2 norm: 17.470219703533754, W3 norm: 4.416494656135418
2025-04-08 10:17:48,514 [INFO] backward: dW1 max=5.0, dW2 max=5.0, dW3 max=0.35913498087572315
2025-04-08 10:17:51,371 [INFO] W1 norm: 13.685364642605261, W2 norm: 18.57028000627384, W3 norm: 4.415473543566865
2025-04-08 10:17:51,371 [INFO] backward: dW1 max=5.0, dW2 max=5.0, dW3 max=4.9690619346497416
2025-04-08 10:17:54,079 [INFO] W1 norm: 13.412126352992866, W2 norm: 17.952415135272012, W3 norm: 4.41951119927189
2025-04-08 10:17:54,080 [INFO] backward: dW1 max=5.0, dW2 max=5.0, dW3 max=3.8648246411523015
2025-04-08 10:17:56,842 [INFO] W1 norm: 13.777211610057133, W2 norm: 18.67920202638904, W3 norm: 4.42625945067918
2025-04-08 10:17:56,843 [INFO] backward: dW1 max=5.0, dW2 max=5.0, dW3 max=0.07510420606419498
2025-04-08 10:17:59,557 [INFO] W1 norm: 14.193028915399733, W2 norm: 19.155612318858942, W3 norm: 4.426083803800215
2025-04-08 10:17:59,558 [INFO] backward: dW1 max=5.0, dW2 max=5.0, dW3 max=2.215439875385359
2025-04-08 10:18:02,309 [INFO] W1 norm: 13.883321847431247, W2 norm: 18.339991751931905, W3 norm: 4.424681245029293
2025-04-08 10:18:02,309 [INFO] backward: dW1 max=5.0, dW2 max=5.0, dW3 max=0.3788912640952932
2025-04-08 10:18:04,982 [INFO] W1 norm: 14.182927588075803, W2 norm: 19.142738896576514, W3 norm: 4.424351736814596
2025-04-08 10:18:04,982 [INFO] backward: dW1 max=5.0, dW2 max=5.0, dW3 max=2.430173179583355
2025-04-08 10:18:07,669 [INFO] W1 norm: 14.418464904573687, W2 norm: 20.488751147535048, W3 norm: 4.425170462553124
2025-04-08 10:18:07,669 [INFO] backward: dW1 max=5.0, dW2 max=5.0, dW3 max=0.21016917600754448
2025-04-08 10:18:10,337 [INFO] W1 norm: 14.659032150045189, W2 norm: 20.87925838970577, W3 norm: 4.424857931664705
2025-04-08 10:18:10,337 [INFO] backward: dW1 max=5.0, dW2 max=5.0, dW3 max=0.7906896949912589
2025-04-08 10:18:13,010 [INFO] W1 norm: 14.9997635250228, W2 norm: 21.79191518414691, W3 norm: 4.423717489342823
2025-04-08 10:18:13,011 [INFO] backward: dW1 max=5.0, dW2 max=5.0, dW3 max=5.0
2025-04-08 10:18:15,656 [INFO] W1 norm: 14.652241190207793, W2 norm: 21.66780073982067, W3 norm: 4.442229955041103
2025-04-08 10:18:15,656 [INFO] backward: dW1 max=5.0, dW2 max=5.0, dW3 max=0.5107100806333505
2025-04-08 10:18:18,356 [INFO] W1 norm: 14.534505741021995, W2 norm: 22.195320879017153, W3 norm: 4.440305279404235
2025-04-08 10:18:18,356 [INFO] backward: dW1 max=5.0, dW2 max=5.0, dW3 max=2.6674365376551434
2025-04-08 10:18:20,992 [INFO] W1 norm: 14.89656293564224, W2 norm: 22.753040022351747, W3 norm: 4.440429198070537
2025-04-08 10:18:20,993 [INFO] backward: dW1 max=5.0, dW2 max=5.0, dW3 max=5.0
2025-04-08 10:18:23,706 [INFO] W1 norm: 14.788674191797172, W2 norm: 22.707629111859433, W3 norm: 4.448618413966605
2025-04-08 10:18:23,706 [INFO] backward: dW1 max=5.0, dW2 max=5.0, dW3 max=5.0
2025-04-08 10:18:26,334 [INFO] W1 norm: 14.914268509004467, W2 norm: 23.39807425735357, W3 norm: 4.4598345465664035
2025-04-08 10:18:26,334 [INFO] backward: dW1 max=5.0, dW2 max=5.0, dW3 max=0.703325200831939
2025-04-08 10:18:28,992 [INFO] W1 norm: 15.231958290133509, W2 norm: 24.291257626262215, W3 norm: 4.457060549768937
2025-04-08 10:18:28,992 [INFO] backward: dW1 max=5.0, dW2 max=5.0, dW3 max=0.22941872548748274
2025-04-08 10:18:31,638 [INFO] W1 norm: 15.684468394261229, W2 norm: 25.390515478447135, W3 norm: 4.456730451612461
2025-04-08 10:18:31,638 [INFO] backward: dW1 max=5.0, dW2 max=5.0, dW3 max=1.809528839480982
2025-04-08 10:18:34,340 [INFO] W1 norm: 16.004306874631396, W2 norm: 25.990066304932764, W3 norm: 4.4538301329972665
2025-04-08 10:18:34,340 [INFO] backward: dW1 max=5.0, dW2 max=5.0, dW3 max=0.012267308046184757
2025-04-08 10:18:37,002 [INFO] W1 norm: 16.250822881729967, W2 norm: 26.712686849885564, W3 norm: 4.45375599397182
2025-04-08 10:18:37,002 [INFO] backward: dW1 max=5.0, dW2 max=5.0, dW3 max=2.6805875265577352
2025-04-08 10:18:39,671 [INFO] W1 norm: 16.52341952720942, W2 norm: 28.15287250580099, W3 norm: 4.452186644215643
2025-04-08 10:18:39,671 [INFO] backward: dW1 max=5.0, dW2 max=5.0, dW3 max=5.0
2025-04-08 10:18:42,345 [INFO] W1 norm: 16.06234696756978, W2 norm: 27.84326722948354, W3 norm: 4.459726433583481
2025-04-08 10:18:42,345 [INFO] backward: dW1 max=5.0, dW2 max=5.0, dW3 max=2.2273199894326456
2025-04-08 10:18:45,117 [INFO] W1 norm: 15.68678177138948, W2 norm: 27.50623223274211, W3 norm: 4.456950831375842
2025-04-08 10:18:45,118 [INFO] backward: dW1 max=5.0, dW2 max=5.0, dW3 max=0.1365590263847665
2025-04-08 10:18:48,015 [INFO] W1 norm: 16.117293920729796, W2 norm: 28.763444638102882, W3 norm: 4.456558797199623
2025-04-08 10:18:48,015 [INFO] backward: dW1 max=5.0, dW2 max=5.0, dW3 max=3.1493274588091515
2025-04-08 10:18:50,853 [INFO] W1 norm: 15.669892966820944, W2 norm: 27.822795807842287, W3 norm: 4.450973792619725
2025-04-08 10:18:50,859 [INFO] backward: dW1 max=5.0, dW2 max=5.0, dW3 max=3.3224804438418567
2025-04-08 10:18:53,708 [INFO] W1 norm: 16.035693311001438, W2 norm: 29.27989629459277, W3 norm: 4.451825357653627
2025-04-08 10:18:53,708 [INFO] backward: dW1 max=5.0, dW2 max=5.0, dW3 max=0.16723234026914724
2025-04-08 10:18:56,640 [INFO] W1 norm: 16.266801439513017, W2 norm: 29.653805622102425, W3 norm: 4.451445871651384
2025-04-08 10:18:56,640 [INFO] backward: dW1 max=5.0, dW2 max=5.0, dW3 max=0.22527865038211078
2025-04-08 10:18:59,453 [INFO] W1 norm: 16.834627406268535, W2 norm: 30.605421041996177, W3 norm: 4.451226058502668
2025-04-08 10:18:59,453 [INFO] backward: dW1 max=5.0, dW2 max=5.0, dW3 max=5.0
2025-04-08 10:19:02,215 [INFO] W1 norm: 17.133708838414893, W2 norm: 31.20209702932899, W3 norm: 4.473538755736346
2025-04-08 10:19:02,215 [INFO] backward: dW1 max=5.0, dW2 max=5.0, dW3 max=0.2401820829902787
2025-04-08 10:19:05,031 [INFO] W1 norm: 17.635054850737824, W2 norm: 32.48688779635425, W3 norm: 4.472625544015629
2025-04-08 10:19:05,031 [INFO] backward: dW1 max=5.0, dW2 max=5.0, dW3 max=5.0
2025-04-08 10:19:07,949 [INFO] W1 norm: 17.14367464194687, W2 norm: 31.520731399885666, W3 norm: 4.473624185162543
2025-04-08 10:19:07,950 [INFO] backward: dW1 max=5.0, dW2 max=5.0, dW3 max=0.18676075588755991
2025-04-08 10:19:10,799 [INFO] W1 norm: 17.645644760960952, W2 norm: 32.61513433914319, W3 norm: 4.473270636959835
2025-04-08 10:19:10,800 [INFO] backward: dW1 max=5.0, dW2 max=5.0, dW3 max=0.8538986736329623
2025-04-08 10:19:13,628 [INFO] W1 norm: 18.13258117248751, W2 norm: 33.51772887760541, W3 norm: 4.471302274462649
2025-04-08 10:19:13,628 [INFO] backward: dW1 max=5.0, dW2 max=5.0, dW3 max=0.15027435734428526
2025-04-08 10:19:16,565 [INFO] W1 norm: 18.624259087709635, W2 norm: 34.86209688093881, W3 norm: 4.470874407409256
2025-04-08 10:19:16,565 [INFO] backward: dW1 max=5.0, dW2 max=5.0, dW3 max=5.0
2025-04-08 10:19:19,592 [INFO] W1 norm: 18.107749632702436, W2 norm: 34.605601886206365, W3 norm: 4.47628255662926
2025-04-08 10:19:19,593 [INFO] backward: dW1 max=5.0, dW2 max=5.0, dW3 max=0.7352972369142093
2025-04-08 10:19:22,266 [INFO] W1 norm: 17.644969910419782, W2 norm: 33.79590782869067, W3 norm: 4.474344771423365
2025-04-08 10:19:22,266 [INFO] backward: dW1 max=5.0, dW2 max=5.0, dW3 max=0.025331868762461726
2025-04-08 10:19:25,040 [INFO] W1 norm: 18.105039295662028, W2 norm: 35.03639165847736, W3 norm: 4.474314004214019
2025-04-08 10:19:25,041 [INFO] backward: dW1 max=5.0, dW2 max=5.0, dW3 max=0.04781066849980678
2025-04-08 10:19:25,294 [INFO] W1 norm: 18.575302378376865, W2 norm: 35.76372119075356, W3 norm: 4.4742682232251765
2025-04-08 10:19:25,294 [INFO] backward: dW1 max=5.0, dW2 max=5.0, dW3 max=2.575993973276778
2025-04-08 10:19:34,198 [INFO] Epoch 3/20, Train Loss: 6.8204, Train Acc: 0.1200, Val Loss: 7.1089, Val Acc: 0.1320
2025-04-08 10:19:37,163 [INFO] W1 norm: 18.176093277776342, W2 norm: 34.92081294323157, W3 norm: 4.475226119692024
2025-04-08 10:19:37,163 [INFO] backward: dW1 max=5.0, dW2 max=5.0, dW3 max=2.009604271847442
2025-04-08 10:19:39,926 [INFO] W1 norm: 18.634586220233995, W2 norm: 36.14955013172317, W3 norm: 4.469154428547047
2025-04-08 10:19:39,926 [INFO] backward: dW1 max=5.0, dW2 max=5.0, dW3 max=0.5908782803856284
2025-04-08 10:19:42,706 [INFO] W1 norm: 18.1597346387073, W2 norm: 35.53844287637568, W3 norm: 4.466698002065158
2025-04-08 10:19:42,707 [INFO] backward: dW1 max=5.0, dW2 max=5.0, dW3 max=0.4781903261022746
2025-04-08 10:19:45,669 [INFO] W1 norm: 18.620964732625634, W2 norm: 37.06028208800792, W3 norm: 4.465467026713138
2025-04-08 10:19:45,670 [INFO] backward: dW1 max=5.0, dW2 max=5.0, dW3 max=5.0
2025-04-08 10:19:48,548 [INFO] W1 norm: 19.032678534269834, W2 norm: 37.77834809121489, W3 norm: 4.4777332291273355
2025-04-08 10:19:48,548 [INFO] backward: dW1 max=5.0, dW2 max=5.0, dW3 max=0.6014054590948931
2025-04-08 10:19:51,424 [INFO] W1 norm: 18.643471904977805, W2 norm: 37.7966391545807, W3 norm: 4.476510295421397
2025-04-08 10:19:51,424 [INFO] backward: dW1 max=5.0, dW2 max=5.0, dW3 max=0.2849691236385147
2025-04-08 10:19:54,096 [INFO] W1 norm: 19.120891228856266, W2 norm: 39.13875086576913, W3 norm: 4.476069397172886
2025-04-08 10:19:54,096 [INFO] backward: dW1 max=5.0, dW2 max=5.0, dW3 max=0.6566905535539082
2025-04-08 10:19:56,742 [INFO] W1 norm: 18.692748197949346, W2 norm: 38.50352570159253, W3 norm: 4.474628279063087
2025-04-08 10:19:56,742 [INFO] backward: dW1 max=5.0, dW2 max=5.0, dW3 max=0.06179818766017182
2025-04-08 10:19:59,412 [INFO] W1 norm: 19.205035301103063, W2 norm: 39.99308561668233, W3 norm: 4.47449047049932
2025-04-08 10:19:59,412 [INFO] backward: dW1 max=5.0, dW2 max=5.0, dW3 max=2.967894612704122
2025-04-08 10:20:02,115 [INFO] W1 norm: 18.97141559076435, W2 norm: 40.05345497460736, W3 norm: 4.469263313592283
2025-04-08 10:20:02,115 [INFO] backward: dW1 max=5.0, dW2 max=5.0, dW3 max=5.0
2025-04-08 10:20:04,862 [INFO] W1 norm: 18.452428031733206, W2 norm: 39.29677990214064, W3 norm: 4.474162455339164
2025-04-08 10:20:04,862 [INFO] backward: dW1 max=5.0, dW2 max=5.0, dW3 max=4.45039990938772
2025-04-08 10:20:07,637 [INFO] W1 norm: 18.665035336702008, W2 norm: 40.937012035333176, W3 norm: 4.4741260610496205
2025-04-08 10:20:07,638 [INFO] backward: dW1 max=5.0, dW2 max=5.0, dW3 max=0.030235993417342184
2025-04-08 10:20:10,745 [INFO] W1 norm: 19.149808153461812, W2 norm: 42.503027379243456, W3 norm: 4.474083145093202
2025-04-08 10:20:10,747 [INFO] backward: dW1 max=5.0, dW2 max=5.0, dW3 max=2.129031737423958
2025-04-08 10:20:13,678 [INFO] W1 norm: 19.60132638894936, W2 norm: 42.91963120518367, W3 norm: 4.470856991149734
2025-04-08 10:20:13,678 [INFO] backward: dW1 max=5.0, dW2 max=5.0, dW3 max=0.0418547029964011
2025-04-08 10:20:16,444 [INFO] W1 norm: 20.21532019222513, W2 norm: 44.143540434942985, W3 norm: 4.470777178485257
2025-04-08 10:20:16,444 [INFO] backward: dW1 max=5.0, dW2 max=5.0, dW3 max=5.0
2025-04-08 10:20:19,197 [INFO] W1 norm: 19.71631748234402, W2 norm: 44.02347994675477, W3 norm: 4.4825234795578375
2025-04-08 10:20:19,197 [INFO] backward: dW1 max=5.0, dW2 max=5.0, dW3 max=0.13916386072074885
2025-04-08 10:20:22,022 [INFO] W1 norm: 20.273403251146174, W2 norm: 45.06418705053925, W3 norm: 4.482318117414379
2025-04-08 10:20:22,023 [INFO] backward: dW1 max=5.0, dW2 max=5.0, dW3 max=5.0
2025-04-08 10:20:24,711 [INFO] W1 norm: 19.75674213312057, W2 norm: 44.624541501300904, W3 norm: 4.490375721703051
2025-04-08 10:20:24,712 [INFO] backward: dW1 max=5.0, dW2 max=5.0, dW3 max=0.20926064651641313
2025-04-08 10:20:27,615 [INFO] W1 norm: 20.188257410465265, W2 norm: 45.25948490256236, W3 norm: 4.490141953466822
2025-04-08 10:20:27,615 [INFO] backward: dW1 max=5.0, dW2 max=5.0, dW3 max=5.0
2025-04-08 10:20:30,415 [INFO] W1 norm: 20.424043879090146, W2 norm: 46.40951253283789, W3 norm: 4.4945381569428475
2025-04-08 10:20:30,416 [INFO] backward: dW1 max=5.0, dW2 max=5.0, dW3 max=0.03773065714296606
2025-04-08 10:20:33,145 [INFO] W1 norm: 20.992688087534415, W2 norm: 47.7080679531208, W3 norm: 4.494492430998554
2025-04-08 10:20:33,146 [INFO] backward: dW1 max=5.0, dW2 max=5.0, dW3 max=5.0
2025-04-08 10:20:36,170 [INFO] W1 norm: 20.524036231171, W2 norm: 47.605628500536604, W3 norm: 4.525247322490159
2025-04-08 10:20:36,170 [INFO] backward: dW1 max=5.0, dW2 max=5.0, dW3 max=0.13409715899549943
2025-04-08 10:20:39,073 [INFO] W1 norm: 20.91799599011359, W2 norm: 48.44337497186983, W3 norm: 4.524913719790439
2025-04-08 10:20:39,073 [INFO] backward: dW1 max=5.0, dW2 max=5.0, dW3 max=0.23504011977352493
2025-04-08 10:20:41,776 [INFO] W1 norm: 21.244339955815157, W2 norm: 49.428490879959334, W3 norm: 4.524635463333836
2025-04-08 10:20:41,777 [INFO] backward: dW1 max=5.0, dW2 max=5.0, dW3 max=0.6943718422608386
2025-04-08 10:20:44,717 [INFO] W1 norm: 21.82197803672593, W2 norm: 50.87765994329099, W3 norm: 4.5232431978561305
2025-04-08 10:20:44,717 [INFO] backward: dW1 max=5.0, dW2 max=5.0, dW3 max=3.822288470731737
2025-04-08 10:20:47,561 [INFO] W1 norm: 21.33746738070867, W2 norm: 50.04187499837216, W3 norm: 4.5171770189576925
2025-04-08 10:20:47,561 [INFO] backward: dW1 max=5.0, dW2 max=5.0, dW3 max=0.12076411316048369
2025-04-08 10:20:50,250 [INFO] W1 norm: 21.811591700313237, W2 norm: 51.5597843842465, W3 norm: 4.517041116718678
2025-04-08 10:20:50,250 [INFO] backward: dW1 max=5.0, dW2 max=5.0, dW3 max=0.09983783998295974
2025-04-08 10:20:52,940 [INFO] W1 norm: 22.361737775952797, W2 norm: 53.018690301715445, W3 norm: 4.516919201363222
2025-04-08 10:20:52,940 [INFO] backward: dW1 max=5.0, dW2 max=5.0, dW3 max=2.83918688772947
2025-04-08 10:20:55,625 [INFO] W1 norm: 22.84279231553202, W2 norm: 54.03660197914433, W3 norm: 4.510954293044407
2025-04-08 10:20:55,625 [INFO] backward: dW1 max=5.0, dW2 max=5.0, dW3 max=0.23236075497079337
2025-04-08 10:20:58,270 [INFO] W1 norm: 23.426882579871116, W2 norm: 55.75334255913941, W3 norm: 4.510620086457291
2025-04-08 10:20:58,270 [INFO] backward: dW1 max=5.0, dW2 max=5.0, dW3 max=5.0
2025-04-08 10:21:00,971 [INFO] W1 norm: 22.8554996756925, W2 norm: 55.41337746292896, W3 norm: 4.528701530386891
2025-04-08 10:21:00,971 [INFO] backward: dW1 max=5.0, dW2 max=5.0, dW3 max=0.20650802145149505
2025-04-08 10:21:03,623 [INFO] W1 norm: 23.51553059399642, W2 norm: 57.002901515208535, W3 norm: 4.528335841039453
2025-04-08 10:21:03,623 [INFO] backward: dW1 max=5.0, dW2 max=5.0, dW3 max=0.7594528828690984
2025-04-08 10:21:06,285 [INFO] W1 norm: 23.488802273922733, W2 norm: 57.628364820542096, W3 norm: 4.525940174436483
2025-04-08 10:21:06,286 [INFO] backward: dW1 max=5.0, dW2 max=5.0, dW3 max=0.14576680773607503
2025-04-08 10:21:09,009 [INFO] W1 norm: 24.138001184315105, W2 norm: 58.594557812668164, W3 norm: 4.5258903708324665
2025-04-08 10:21:09,009 [INFO] backward: dW1 max=5.0, dW2 max=5.0, dW3 max=0.17032104763825795
2025-04-08 10:21:11,755 [INFO] W1 norm: 24.70466788046305, W2 norm: 60.71771324632743, W3 norm: 4.5258122302573005
2025-04-08 10:21:11,755 [INFO] backward: dW1 max=5.0, dW2 max=5.0, dW3 max=0.07836505035860539
2025-04-08 10:21:14,788 [INFO] W1 norm: 25.059912296070603, W2 norm: 61.58311989449735, W3 norm: 4.525746262071131
2025-04-08 10:21:14,789 [INFO] backward: dW1 max=5.0, dW2 max=5.0, dW3 max=0.5115006443203842
2025-04-08 10:21:17,787 [INFO] W1 norm: 25.68578175132428, W2 norm: 62.7961103760301, W3 norm: 4.525495702524063
2025-04-08 10:21:17,787 [INFO] backward: dW1 max=5.0, dW2 max=5.0, dW3 max=0.2486853470369408
2025-04-08 10:21:20,496 [INFO] W1 norm: 26.18795023723138, W2 norm: 63.61605823312246, W3 norm: 4.5254106831791345
2025-04-08 10:21:20,497 [INFO] backward: dW1 max=5.0, dW2 max=5.0, dW3 max=0.15768262844285086
2025-04-08 10:21:23,277 [INFO] W1 norm: 26.825905416753855, W2 norm: 64.44878541757954, W3 norm: 4.5253347898334475
2025-04-08 10:21:23,277 [INFO] backward: dW1 max=5.0, dW2 max=5.0, dW3 max=0.21172093227858793
2025-04-08 10:21:23,493 [INFO] W1 norm: 27.55408431715423, W2 norm: 66.10225457774453, W3 norm: 4.525155081534078
2025-04-08 10:21:23,494 [INFO] backward: dW1 max=5.0, dW2 max=5.0, dW3 max=0.00015701345701276965
2025-04-08 10:21:31,781 [INFO] Epoch 4/20, Train Loss: 4.9033, Train Acc: 0.1380, Val Loss: 4.8840, Val Acc: 0.1100
2025-04-08 10:21:34,883 [INFO] W1 norm: 26.918870162986373, W2 norm: 65.80192694196789, W3 norm: 4.525116283985699
2025-04-08 10:21:34,883 [INFO] backward: dW1 max=5.0, dW2 max=5.0, dW3 max=0.22136662564265297
2025-04-08 10:21:37,669 [INFO] W1 norm: 27.229382104323285, W2 norm: 66.49942615066237, W3 norm: 4.524822206483845
2025-04-08 10:21:37,670 [INFO] backward: dW1 max=5.0, dW2 max=5.0, dW3 max=0.37344389171305686
2025-04-08 10:21:40,680 [INFO] W1 norm: 27.833190885796995, W2 norm: 68.36964929101218, W3 norm: 4.524400322669535
2025-04-08 10:21:40,680 [INFO] backward: dW1 max=5.0, dW2 max=5.0, dW3 max=0.07774779662318951
2025-04-08 10:21:43,606 [INFO] W1 norm: 28.4663990689318, W2 norm: 70.05790122605826, W3 norm: 4.524284484796824
2025-04-08 10:21:43,606 [INFO] backward: dW1 max=5.0, dW2 max=5.0, dW3 max=0.2615325923543813
2025-04-08 10:21:46,489 [INFO] W1 norm: 28.077453424831518, W2 norm: 70.11354196373455, W3 norm: 4.524187421465289
2025-04-08 10:21:46,490 [INFO] backward: dW1 max=5.0, dW2 max=5.0, dW3 max=0.23198783682512875
2025-04-08 10:21:49,544 [INFO] W1 norm: 28.782949125358954, W2 norm: 71.5283507748366, W3 norm: 4.523972850385346
2025-04-08 10:21:49,544 [INFO] backward: dW1 max=5.0, dW2 max=5.0, dW3 max=2.9663826749882105
2025-04-08 10:21:52,607 [INFO] W1 norm: 28.262348217612757, W2 norm: 71.62117254494737, W3 norm: 4.517978636814057
2025-04-08 10:21:52,607 [INFO] backward: dW1 max=5.0, dW2 max=5.0, dW3 max=0.13300356224842938
2025-04-08 10:21:55,581 [INFO] W1 norm: 28.92132092010865, W2 norm: 72.07563963850075, W3 norm: 4.517925084183638
2025-04-08 10:21:55,581 [INFO] backward: dW1 max=5.0, dW2 max=5.0, dW3 max=0.006032764873590854
2025-04-08 10:21:58,662 [INFO] W1 norm: 29.495432053830598, W2 norm: 74.04576563446713, W3 norm: 4.517888217060325
2025-04-08 10:21:58,663 [INFO] backward: dW1 max=5.0, dW2 max=5.0, dW3 max=0.12374805624551613
2025-04-08 10:22:01,515 [INFO] W1 norm: 30.00297619077695, W2 norm: 74.71910877396013, W3 norm: 4.5177539579951995
2025-04-08 10:22:01,515 [INFO] backward: dW1 max=5.0, dW2 max=5.0, dW3 max=1.6291132257631296
2025-04-08 10:22:04,344 [INFO] W1 norm: 30.4605133213316, W2 norm: 75.7383077622919, W3 norm: 4.514970153126858
2025-04-08 10:22:04,344 [INFO] backward: dW1 max=5.0, dW2 max=5.0, dW3 max=0.1592378835812078
2025-04-08 10:22:07,139 [INFO] W1 norm: 31.127706340152706, W2 norm: 76.9401663190596, W3 norm: 4.514879038113369
2025-04-08 10:22:07,139 [INFO] backward: dW1 max=5.0, dW2 max=5.0, dW3 max=1.8897612556015275
2025-04-08 10:22:10,321 [INFO] W1 norm: 31.837015796222236, W2 norm: 78.51727736938409, W3 norm: 4.513520469684689
2025-04-08 10:22:10,322 [INFO] backward: dW1 max=5.0, dW2 max=5.0, dW3 max=0.05061210130539016
2025-04-08 10:22:13,051 [INFO] W1 norm: 32.55764496567016, W2 norm: 80.36694429268628, W3 norm: 4.513489986107013
2025-04-08 10:22:13,051 [INFO] backward: dW1 max=5.0, dW2 max=5.0, dW3 max=0.0643483253521247
2025-04-08 10:22:15,896 [INFO] W1 norm: 33.26539208299009, W2 norm: 81.5766276894539, W3 norm: 4.513433625321492
2025-04-08 10:22:15,896 [INFO] backward: dW1 max=5.0, dW2 max=5.0, dW3 max=0.0018999664433534246
2025-04-08 10:22:18,796 [INFO] W1 norm: 33.98584414041236, W2 norm: 82.41747091817892, W3 norm: 4.5133956366998005
2025-04-08 10:22:18,796 [INFO] backward: dW1 max=5.0, dW2 max=5.0, dW3 max=0.04746294043488082
2025-04-08 10:22:21,816 [INFO] W1 norm: 34.75895928598616, W2 norm: 84.4231181342833, W3 norm: 4.513326613728615
2025-04-08 10:22:21,816 [INFO] backward: dW1 max=5.0, dW2 max=5.0, dW3 max=0.0026979571275702716
2025-04-08 10:22:24,699 [INFO] W1 norm: 35.47035237216828, W2 norm: 85.63182947031072, W3 norm: 4.5132883951598
2025-04-08 10:22:24,700 [INFO] backward: dW1 max=5.0, dW2 max=5.0, dW3 max=0.00015465131308897224
2025-04-08 10:22:27,567 [INFO] W1 norm: 36.0027554392054, W2 norm: 86.81565968378669, W3 norm: 4.513251634143741
2025-04-08 10:22:27,567 [INFO] backward: dW1 max=5.0, dW2 max=5.0, dW3 max=0.025700207546335424
2025-04-08 10:22:30,498 [INFO] W1 norm: 35.61610167736153, W2 norm: 86.53532912518052, W3 norm: 4.5131821897423094
2025-04-08 10:22:30,498 [INFO] backward: dW1 max=5.0, dW2 max=5.0, dW3 max=0.0696719917959856
2025-04-08 10:22:33,263 [INFO] W1 norm: 36.12005686603154, W2 norm: 87.57008789352074, W3 norm: 4.513077679586573
2025-04-08 10:22:33,263 [INFO] backward: dW1 max=5.0, dW2 max=5.0, dW3 max=0.09596164504948075
2025-04-08 10:22:35,948 [INFO] W1 norm: 36.9050666127893, W2 norm: 89.43851755374469, W3 norm: 4.513037426464769
2025-04-08 10:22:35,948 [INFO] backward: dW1 max=5.0, dW2 max=5.0, dW3 max=0.0012804799524409685
2025-04-08 10:22:39,021 [INFO] W1 norm: 37.71797280622775, W2 norm: 90.47047542301748, W3 norm: 4.5130007299129815
2025-04-08 10:22:39,021 [INFO] backward: dW1 max=5.0, dW2 max=5.0, dW3 max=0.02629513696433067
2025-04-08 10:22:42,080 [INFO] W1 norm: 38.57760356587011, W2 norm: 92.0875124839544, W3 norm: 4.512943134729768
2025-04-08 10:22:42,081 [INFO] backward: dW1 max=5.0, dW2 max=5.0, dW3 max=0.05007237259306123
2025-04-08 10:22:45,034 [INFO] W1 norm: 39.12812499130981, W2 norm: 92.75819626884, W3 norm: 4.512866196861734
2025-04-08 10:22:45,034 [INFO] backward: dW1 max=5.0, dW2 max=5.0, dW3 max=0.010186529203245653
2025-04-08 10:22:47,971 [INFO] W1 norm: 39.91309151138131, W2 norm: 94.304638881807, W3 norm: 4.512828381616563
2025-04-08 10:22:47,971 [INFO] backward: dW1 max=5.0, dW2 max=5.0, dW3 max=0.0067960897608434125
2025-04-08 10:22:50,924 [INFO] W1 norm: 40.654904339891196, W2 norm: 95.50567871274117, W3 norm: 4.51279026657181
2025-04-08 10:22:50,924 [INFO] backward: dW1 max=5.0, dW2 max=5.0, dW3 max=0.296717883859975
2025-04-08 10:22:53,825 [INFO] W1 norm: 41.39494420919304, W2 norm: 96.21258518322178, W3 norm: 4.512709537900176
2025-04-08 10:22:53,827 [INFO] backward: dW1 max=5.0, dW2 max=5.0, dW3 max=0.7925746309042957
2025-04-08 10:22:56,576 [INFO] W1 norm: 42.15722187261928, W2 norm: 97.22087516087873, W3 norm: 4.511940467698944
2025-04-08 10:22:56,576 [INFO] backward: dW1 max=5.0, dW2 max=5.0, dW3 max=5.0
2025-04-08 10:22:59,293 [INFO] W1 norm: 41.59021792539721, W2 norm: 97.46477363189607, W3 norm: 4.5070064813293875
2025-04-08 10:22:59,293 [INFO] backward: dW1 max=5.0, dW2 max=5.0, dW3 max=0.8242652298345008
2025-04-08 10:23:01,987 [INFO] W1 norm: 42.33225910644023, W2 norm: 98.05126172905615, W3 norm: 4.506375509052804
2025-04-08 10:23:01,987 [INFO] backward: dW1 max=5.0, dW2 max=5.0, dW3 max=3.391038996912748
2025-04-08 10:23:04,762 [INFO] W1 norm: 43.15194223817729, W2 norm: 99.27197797406666, W3 norm: 4.503169661071202
2025-04-08 10:23:04,762 [INFO] backward: dW1 max=5.0, dW2 max=5.0, dW3 max=0.34252675513793535
2025-04-08 10:23:07,654 [INFO] W1 norm: 43.692877433311054, W2 norm: 100.90013488247064, W3 norm: 4.502776420681996
2025-04-08 10:23:07,654 [INFO] backward: dW1 max=5.0, dW2 max=5.0, dW3 max=0.1870611232041902
2025-04-08 10:23:10,506 [INFO] W1 norm: 44.556447553835554, W2 norm: 102.65051545068397, W3 norm: 4.5026293628642335
2025-04-08 10:23:10,506 [INFO] backward: dW1 max=5.0, dW2 max=5.0, dW3 max=0.801718942613994
2025-04-08 10:23:13,492 [INFO] W1 norm: 45.04722483229351, W2 norm: 103.80666946423204, W3 norm: 4.5021267239765335
2025-04-08 10:23:13,492 [INFO] backward: dW1 max=5.0, dW2 max=5.0, dW3 max=0.08327558060635769
2025-04-08 10:23:16,443 [INFO] W1 norm: 45.931202663055295, W2 norm: 105.76118040171285, W3 norm: 4.502102902696219
2025-04-08 10:23:16,444 [INFO] backward: dW1 max=5.0, dW2 max=5.0, dW3 max=0.029886621411873076
2025-04-08 10:23:19,331 [INFO] W1 norm: 46.736787426394045, W2 norm: 106.56991113811401, W3 norm: 4.502063578442425
2025-04-08 10:23:19,331 [INFO] backward: dW1 max=5.0, dW2 max=5.0, dW3 max=0.08101022743093089
2025-04-08 10:23:22,222 [INFO] W1 norm: 47.162101756411445, W2 norm: 107.66019137975789, W3 norm: 4.502039155048363
2025-04-08 10:23:22,222 [INFO] backward: dW1 max=5.0, dW2 max=5.0, dW3 max=0.0001546261221460386
2025-04-08 10:23:25,063 [INFO] W1 norm: 47.94074807523422, W2 norm: 108.84381783181574, W3 norm: 4.502002485658068
2025-04-08 10:23:25,063 [INFO] backward: dW1 max=5.0, dW2 max=5.0, dW3 max=0.07956485765278155
2025-04-08 10:23:25,280 [INFO] W1 norm: 48.784151484385085, W2 norm: 110.2833139127807, W3 norm: 4.501943401955046
2025-04-08 10:23:25,280 [INFO] backward: dW1 max=5.0, dW2 max=5.0, dW3 max=0.9583388808950201
2025-04-08 10:23:33,688 [INFO] Epoch 5/20, Train Loss: 12.2991, Train Acc: 0.1820, Val Loss: 12.2628, Val Acc: 0.1380
2025-04-08 10:23:36,776 [INFO] W1 norm: 49.512518935819486, W2 norm: 111.76522368914183, W3 norm: 4.501572003844824
2025-04-08 10:23:36,777 [INFO] backward: dW1 max=5.0, dW2 max=5.0, dW3 max=5.0
2025-04-08 10:23:39,682 [INFO] W1 norm: 48.965205004663595, W2 norm: 112.01517184247702, W3 norm: 4.498246441067413
2025-04-08 10:23:39,682 [INFO] backward: dW1 max=5.0, dW2 max=5.0, dW3 max=0.8389968026381165
2025-04-08 10:23:42,563 [INFO] W1 norm: 49.799710844025974, W2 norm: 112.96974825084271, W3 norm: 4.4976568482397195
2025-04-08 10:23:42,563 [INFO] backward: dW1 max=5.0, dW2 max=5.0, dW3 max=0.49529282662983815
2025-04-08 10:23:45,531 [INFO] W1 norm: 49.36844237565003, W2 norm: 112.53156828675706, W3 norm: 4.497394637292155
2025-04-08 10:23:45,531 [INFO] backward: dW1 max=5.0, dW2 max=5.0, dW3 max=0.6667972165362075
2025-04-08 10:23:48,336 [INFO] W1 norm: 50.14571621610355, W2 norm: 113.09413146510362, W3 norm: 4.496723815580872
2025-04-08 10:23:48,336 [INFO] backward: dW1 max=5.0, dW2 max=5.0, dW3 max=4.075572815866043
2025-04-08 10:23:51,131 [INFO] W1 norm: 50.946496876246336, W2 norm: 113.77649336675178, W3 norm: 4.493953142512581
2025-04-08 10:23:51,131 [INFO] backward: dW1 max=5.0, dW2 max=5.0, dW3 max=1.1050964630724602
2025-04-08 10:23:53,898 [INFO] W1 norm: 51.70522521499101, W2 norm: 115.45972311346775, W3 norm: 4.492689436990513
2025-04-08 10:23:53,899 [INFO] backward: dW1 max=5.0, dW2 max=5.0, dW3 max=1.380223864571099
2025-04-08 10:23:56,605 [INFO] W1 norm: 52.43326633626307, W2 norm: 115.81721193874043, W3 norm: 4.491667030754138
2025-04-08 10:23:56,605 [INFO] backward: dW1 max=5.0, dW2 max=5.0, dW3 max=0.3982866525022073
2025-04-08 10:23:59,285 [INFO] W1 norm: 53.29767869695271, W2 norm: 117.71307365388637, W3 norm: 4.491512434648379
2025-04-08 10:23:59,285 [INFO] backward: dW1 max=5.0, dW2 max=5.0, dW3 max=0.3317220020252653
2025-04-08 10:24:01,963 [INFO] W1 norm: 53.82204625236861, W2 norm: 117.89882549729379, W3 norm: 4.491251018056652
2025-04-08 10:24:01,963 [INFO] backward: dW1 max=5.0, dW2 max=5.0, dW3 max=1.63146853754492
2025-04-08 10:24:04,657 [INFO] W1 norm: 54.060683637891145, W2 norm: 117.79962552585992, W3 norm: 4.489798701119202
2025-04-08 10:24:04,659 [INFO] backward: dW1 max=5.0, dW2 max=5.0, dW3 max=4.138203324141383
2025-04-08 10:24:07,343 [INFO] W1 norm: 54.83464297399807, W2 norm: 118.50170400867073, W3 norm: 4.486851801447575
2025-04-08 10:24:07,343 [INFO] backward: dW1 max=5.0, dW2 max=5.0, dW3 max=5.0
2025-04-08 10:24:10,013 [INFO] W1 norm: 55.679839986871215, W2 norm: 119.59018486519305, W3 norm: 4.481776939340297
2025-04-08 10:24:10,014 [INFO] backward: dW1 max=5.0, dW2 max=5.0, dW3 max=2.8761838382199896
2025-04-08 10:24:12,679 [INFO] W1 norm: 56.55150440802969, W2 norm: 121.11748617451576, W3 norm: 4.479452398066268
2025-04-08 10:24:12,680 [INFO] backward: dW1 max=5.0, dW2 max=5.0, dW3 max=2.0476788577157468
2025-04-08 10:24:15,339 [INFO] W1 norm: 57.38714854571237, W2 norm: 122.72755831652076, W3 norm: 4.477824262674494
2025-04-08 10:24:15,339 [INFO] backward: dW1 max=5.0, dW2 max=5.0, dW3 max=5.0
2025-04-08 10:24:17,950 [INFO] W1 norm: 56.7361256395672, W2 norm: 121.6531252302821, W3 norm: 4.477134054663774
2025-04-08 10:24:17,951 [INFO] backward: dW1 max=5.0, dW2 max=5.0, dW3 max=1.3347777608037517
2025-04-08 10:24:20,625 [INFO] W1 norm: 57.27046072972442, W2 norm: 122.75763972195318, W3 norm: 4.475521667429602
2025-04-08 10:24:20,625 [INFO] backward: dW1 max=5.0, dW2 max=5.0, dW3 max=2.6489827942199704
2025-04-08 10:24:23,268 [INFO] W1 norm: 57.62313372192419, W2 norm: 123.24226341138875, W3 norm: 4.473149341757623
2025-04-08 10:24:23,268 [INFO] backward: dW1 max=5.0, dW2 max=5.0, dW3 max=2.4118528714984193
2025-04-08 10:24:25,935 [INFO] W1 norm: 58.40998299360323, W2 norm: 124.51988273542806, W3 norm: 4.469436465565261
2025-04-08 10:24:25,935 [INFO] backward: dW1 max=5.0, dW2 max=5.0, dW3 max=1.4751087710083368
2025-04-08 10:24:28,611 [INFO] W1 norm: 58.7541440717735, W2 norm: 125.48244608858153, W3 norm: 4.468036301872263
2025-04-08 10:24:28,611 [INFO] backward: dW1 max=5.0, dW2 max=5.0, dW3 max=1.0766116244067752
2025-04-08 10:24:31,324 [INFO] W1 norm: 59.632494525872126, W2 norm: 126.874157240853, W3 norm: 4.467664836811126
2025-04-08 10:24:31,325 [INFO] backward: dW1 max=5.0, dW2 max=5.0, dW3 max=4.176668271109648
2025-04-08 10:24:33,967 [INFO] W1 norm: 60.46860423672241, W2 norm: 128.8440544358185, W3 norm: 4.465993194546804
2025-04-08 10:24:33,968 [INFO] backward: dW1 max=5.0, dW2 max=5.0, dW3 max=1.2531948077141248
2025-04-08 10:24:36,671 [INFO] W1 norm: 61.33018188408562, W2 norm: 130.40714729371024, W3 norm: 4.465288683243306
2025-04-08 10:24:36,672 [INFO] backward: dW1 max=5.0, dW2 max=5.0, dW3 max=2.1345324535278785
2025-04-08 10:24:39,344 [INFO] W1 norm: 62.19854660027245, W2 norm: 131.63798217953982, W3 norm: 4.4646511312067
2025-04-08 10:24:39,344 [INFO] backward: dW1 max=5.0, dW2 max=5.0, dW3 max=0.3162173498155987
2025-04-08 10:24:41,998 [INFO] W1 norm: 62.95758995650273, W2 norm: 132.60828690099547, W3 norm: 4.464524583111966
2025-04-08 10:24:41,998 [INFO] backward: dW1 max=5.0, dW2 max=5.0, dW3 max=1.8596817465828133
2025-04-08 10:24:44,656 [INFO] W1 norm: 63.63928780860189, W2 norm: 133.40056206620986, W3 norm: 4.463555906452612
2025-04-08 10:24:44,657 [INFO] backward: dW1 max=5.0, dW2 max=5.0, dW3 max=0.3540380678411924
2025-04-08 10:24:47,319 [INFO] W1 norm: 64.50330804099235, W2 norm: 134.1892278584264, W3 norm: 4.463342662315914
2025-04-08 10:24:47,322 [INFO] backward: dW1 max=5.0, dW2 max=5.0, dW3 max=2.9385715438481883
2025-04-08 10:24:50,117 [INFO] W1 norm: 65.33015358574742, W2 norm: 135.324336865495, W3 norm: 4.462904537370095
2025-04-08 10:24:50,117 [INFO] backward: dW1 max=5.0, dW2 max=5.0, dW3 max=0.676686860390429
2025-04-08 10:24:52,839 [INFO] W1 norm: 66.15053508886483, W2 norm: 135.98261878144038, W3 norm: 4.462856354304434
2025-04-08 10:24:52,839 [INFO] backward: dW1 max=5.0, dW2 max=5.0, dW3 max=2.5582599438134146
2025-04-08 10:24:55,499 [INFO] W1 norm: 66.3362124028441, W2 norm: 136.2807100729677, W3 norm: 4.46203533757527
2025-04-08 10:24:55,499 [INFO] backward: dW1 max=5.0, dW2 max=5.0, dW3 max=5.0
2025-04-08 10:24:58,145 [INFO] W1 norm: 66.84164798458578, W2 norm: 136.4652008607508, W3 norm: 4.461936408166802
2025-04-08 10:24:58,146 [INFO] backward: dW1 max=5.0, dW2 max=5.0, dW3 max=2.7618431649239557
2025-04-08 10:25:00,777 [INFO] W1 norm: 66.37718272893251, W2 norm: 135.6097296655256, W3 norm: 4.460428876950615
2025-04-08 10:25:00,777 [INFO] backward: dW1 max=5.0, dW2 max=5.0, dW3 max=0.8226807588601467
2025-04-08 10:25:03,458 [INFO] W1 norm: 66.71986598376111, W2 norm: 136.7000604975779, W3 norm: 4.459359856350722
2025-04-08 10:25:03,458 [INFO] backward: dW1 max=5.0, dW2 max=5.0, dW3 max=3.1892428868084637
2025-04-08 10:25:06,075 [INFO] W1 norm: 67.07160538248245, W2 norm: 136.87169595390506, W3 norm: 4.457777548459926
2025-04-08 10:25:06,075 [INFO] backward: dW1 max=5.0, dW2 max=5.0, dW3 max=2.355787943355956
2025-04-08 10:25:08,705 [INFO] W1 norm: 67.95402064451139, W2 norm: 137.99542281960464, W3 norm: 4.456363702597666
2025-04-08 10:25:08,705 [INFO] backward: dW1 max=5.0, dW2 max=5.0, dW3 max=3.169286028541184
2025-04-08 10:25:11,324 [INFO] W1 norm: 68.11033728166869, W2 norm: 138.41258783906648, W3 norm: 4.455204524199599
2025-04-08 10:25:11,325 [INFO] backward: dW1 max=5.0, dW2 max=5.0, dW3 max=0.4303201348714415
2025-04-08 10:25:14,002 [INFO] W1 norm: 68.87663122585609, W2 norm: 139.9523043422875, W3 norm: 4.455076370179793
2025-04-08 10:25:14,003 [INFO] backward: dW1 max=5.0, dW2 max=5.0, dW3 max=0.07869112680797778
2025-04-08 10:25:16,685 [INFO] W1 norm: 69.57514276861947, W2 norm: 141.73255979159538, W3 norm: 4.455046941090076
2025-04-08 10:25:16,686 [INFO] backward: dW1 max=5.0, dW2 max=5.0, dW3 max=0.6670140867727852
2025-04-08 10:25:19,341 [INFO] W1 norm: 70.39327402815088, W2 norm: 143.03535216695437, W3 norm: 4.454758119160877
2025-04-08 10:25:19,342 [INFO] backward: dW1 max=5.0, dW2 max=5.0, dW3 max=4.288320919555559
2025-04-08 10:25:19,558 [INFO] W1 norm: 69.8711756704544, W2 norm: 141.62478728075, W3 norm: 4.453316548502218
2025-04-08 10:25:19,558 [INFO] backward: dW1 max=5.0, dW2 max=5.0, dW3 max=0.00015265467936677226
2025-04-08 10:25:27,578 [INFO] Epoch 6/20, Train Loss: 16.3904, Train Acc: 0.1580, Val Loss: 16.5090, Val Acc: 0.1440
2025-04-08 10:25:30,289 [INFO] W1 norm: 70.5017882277399, W2 norm: 141.93427039640855, W3 norm: 4.453282089587679
2025-04-08 10:25:30,289 [INFO] backward: dW1 max=5.0, dW2 max=5.0, dW3 max=5.0
2025-04-08 10:25:32,930 [INFO] W1 norm: 71.32485290708588, W2 norm: 143.04016361484787, W3 norm: 4.452425062041901
2025-04-08 10:25:32,930 [INFO] backward: dW1 max=5.0, dW2 max=5.0, dW3 max=1.5382286053645073
2025-04-08 10:25:35,611 [INFO] W1 norm: 72.16358828697781, W2 norm: 144.55704292560935, W3 norm: 4.451130810135265
2025-04-08 10:25:35,611 [INFO] backward: dW1 max=5.0, dW2 max=5.0, dW3 max=5.0
2025-04-08 10:25:38,362 [INFO] W1 norm: 71.71163819825095, W2 norm: 143.34313230860437, W3 norm: 4.451450463830059
2025-04-08 10:25:38,362 [INFO] backward: dW1 max=5.0, dW2 max=5.0, dW3 max=1.6314380307427545
2025-04-08 10:25:41,076 [INFO] W1 norm: 72.55364489826418, W2 norm: 144.26167568715582, W3 norm: 4.450455156352978
2025-04-08 10:25:41,076 [INFO] backward: dW1 max=5.0, dW2 max=5.0, dW3 max=3.2604338181224266
2025-04-08 10:25:43,771 [INFO] W1 norm: 72.09889152331667, W2 norm: 143.81815522078074, W3 norm: 4.449655893249426
2025-04-08 10:25:43,771 [INFO] backward: dW1 max=5.0, dW2 max=5.0, dW3 max=2.813052588109054
2025-04-08 10:25:46,487 [INFO] W1 norm: 72.92077874311747, W2 norm: 145.75481966903544, W3 norm: 4.448859804984029
2025-04-08 10:25:46,487 [INFO] backward: dW1 max=5.0, dW2 max=5.0, dW3 max=0.7370247520981218
2025-04-08 10:25:49,170 [INFO] W1 norm: 73.62378797696253, W2 norm: 146.76382194354474, W3 norm: 4.448704790083666
2025-04-08 10:25:49,170 [INFO] backward: dW1 max=5.0, dW2 max=5.0, dW3 max=0.08822526316818274
2025-04-08 10:25:51,843 [INFO] W1 norm: 74.2694842828788, W2 norm: 147.2304853330303, W3 norm: 4.448644811845727
2025-04-08 10:25:51,844 [INFO] backward: dW1 max=5.0, dW2 max=5.0, dW3 max=1.2331705591451312
2025-04-08 10:25:54,469 [INFO] W1 norm: 75.07877776420078, W2 norm: 148.70697665071944, W3 norm: 4.448611015601324
2025-04-08 10:25:54,469 [INFO] backward: dW1 max=5.0, dW2 max=5.0, dW3 max=2.542093117916308
2025-04-08 10:25:57,293 [INFO] W1 norm: 75.57026266794772, W2 norm: 150.07315559923785, W3 norm: 4.447108172050543
2025-04-08 10:25:57,294 [INFO] backward: dW1 max=5.0, dW2 max=5.0, dW3 max=0.42291227965173045
2025-04-08 10:25:59,985 [INFO] W1 norm: 76.34781324154858, W2 norm: 151.5740936946869, W3 norm: 4.446900086499308
2025-04-08 10:25:59,986 [INFO] backward: dW1 max=5.0, dW2 max=5.0, dW3 max=0.8507191779813773
2025-04-08 10:26:02,649 [INFO] W1 norm: 75.61189894507267, W2 norm: 151.28223037961143, W3 norm: 4.446615991121493
2025-04-08 10:26:02,649 [INFO] backward: dW1 max=5.0, dW2 max=5.0, dW3 max=1.2955488234849157
2025-04-08 10:26:05,273 [INFO] W1 norm: 76.45420090233947, W2 norm: 152.22015401611628, W3 norm: 4.44576673838724
2025-04-08 10:26:05,274 [INFO] backward: dW1 max=5.0, dW2 max=5.0, dW3 max=2.0743324707507487
2025-04-08 10:26:07,996 [INFO] W1 norm: 77.1505400171948, W2 norm: 153.02690007459194, W3 norm: 4.445110885993154
2025-04-08 10:26:07,996 [INFO] backward: dW1 max=5.0, dW2 max=5.0, dW3 max=5.0
2025-04-08 10:26:10,758 [INFO] W1 norm: 76.39002029211713, W2 norm: 152.60251960824695, W3 norm: 4.445953237762778
2025-04-08 10:26:10,758 [INFO] backward: dW1 max=5.0, dW2 max=5.0, dW3 max=2.256632915089194
2025-04-08 10:26:13,599 [INFO] W1 norm: 77.23117294926931, W2 norm: 153.05597340757816, W3 norm: 4.4440958494561125
2025-04-08 10:26:13,599 [INFO] backward: dW1 max=5.0, dW2 max=5.0, dW3 max=0.3298726399992097
2025-04-08 10:26:16,237 [INFO] W1 norm: 78.07096141104479, W2 norm: 154.7941814322973, W3 norm: 4.443985823326349
2025-04-08 10:26:16,238 [INFO] backward: dW1 max=5.0, dW2 max=5.0, dW3 max=2.6558366638642332
2025-04-08 10:26:18,945 [INFO] W1 norm: 78.81660859401728, W2 norm: 155.18828485133452, W3 norm: 4.442878564049122
2025-04-08 10:26:18,946 [INFO] backward: dW1 max=5.0, dW2 max=5.0, dW3 max=0.7882197949140237
2025-04-08 10:26:21,631 [INFO] W1 norm: 79.23884099228432, W2 norm: 155.59068454996594, W3 norm: 4.442523709273072
2025-04-08 10:26:21,632 [INFO] backward: dW1 max=5.0, dW2 max=5.0, dW3 max=0.25668442858724755
2025-04-08 10:26:24,349 [INFO] W1 norm: 80.023579145282, W2 norm: 156.54846552775481, W3 norm: 4.442394373218553
2025-04-08 10:26:24,349 [INFO] backward: dW1 max=5.0, dW2 max=5.0, dW3 max=1.6818239957208565
2025-04-08 10:26:27,074 [INFO] W1 norm: 80.83828203289877, W2 norm: 157.90001709881943, W3 norm: 4.441863792543334
2025-04-08 10:26:27,075 [INFO] backward: dW1 max=5.0, dW2 max=5.0, dW3 max=3.353031472438107
2025-04-08 10:26:29,752 [INFO] W1 norm: 81.20036919213148, W2 norm: 157.9833999428678, W3 norm: 4.440936374064196
2025-04-08 10:26:29,752 [INFO] backward: dW1 max=5.0, dW2 max=5.0, dW3 max=0.15675492590145562
2025-04-08 10:26:32,400 [INFO] W1 norm: 81.92394528502587, W2 norm: 159.15782640635567, W3 norm: 4.440832050876862
2025-04-08 10:26:32,401 [INFO] backward: dW1 max=5.0, dW2 max=5.0, dW3 max=2.803924035206348
2025-04-08 10:26:35,089 [INFO] W1 norm: 82.78351789792247, W2 norm: 160.81416266931328, W3 norm: 4.43985119827375
2025-04-08 10:26:35,089 [INFO] backward: dW1 max=5.0, dW2 max=5.0, dW3 max=3.9575068939940325
2025-04-08 10:26:37,791 [INFO] W1 norm: 82.9496043266288, W2 norm: 161.14953850917647, W3 norm: 4.438538337233797
2025-04-08 10:26:37,791 [INFO] backward: dW1 max=5.0, dW2 max=5.0, dW3 max=0.5235433362125468
2025-04-08 10:26:40,528 [INFO] W1 norm: 83.77302471297791, W2 norm: 162.68461139838365, W3 norm: 4.438370826908452
2025-04-08 10:26:40,528 [INFO] backward: dW1 max=5.0, dW2 max=5.0, dW3 max=4.622382898384064
2025-04-08 10:26:43,185 [INFO] W1 norm: 84.06905578567343, W2 norm: 162.60876845897621, W3 norm: 4.438106397463181
2025-04-08 10:26:43,186 [INFO] backward: dW1 max=5.0, dW2 max=5.0, dW3 max=1.701474853171274
2025-04-08 10:26:45,873 [INFO] W1 norm: 84.73142024950536, W2 norm: 163.05706167977857, W3 norm: 4.436601082833497
2025-04-08 10:26:45,874 [INFO] backward: dW1 max=5.0, dW2 max=5.0, dW3 max=3.3682248466553864
2025-04-08 10:26:48,561 [INFO] W1 norm: 85.49453294358054, W2 norm: 164.0982414677525, W3 norm: 4.436085605255052
2025-04-08 10:26:48,562 [INFO] backward: dW1 max=5.0, dW2 max=5.0, dW3 max=4.982492345120484
2025-04-08 10:26:51,286 [INFO] W1 norm: 86.18316218114023, W2 norm: 164.77399556657264, W3 norm: 4.433881016506765
2025-04-08 10:26:51,286 [INFO] backward: dW1 max=5.0, dW2 max=5.0, dW3 max=5.0
2025-04-08 10:26:53,965 [INFO] W1 norm: 86.67076739151123, W2 norm: 165.74305636351068, W3 norm: 4.431436582834417
2025-04-08 10:26:53,965 [INFO] backward: dW1 max=5.0, dW2 max=5.0, dW3 max=5.0
2025-04-08 10:26:56,599 [INFO] W1 norm: 86.32585286708185, W2 norm: 164.78184597661124, W3 norm: 4.436280811097028
2025-04-08 10:26:56,599 [INFO] backward: dW1 max=5.0, dW2 max=5.0, dW3 max=5.0
2025-04-08 10:26:59,217 [INFO] W1 norm: 87.07500520769396, W2 norm: 166.37711402824823, W3 norm: 4.43280803590028
2025-04-08 10:26:59,217 [INFO] backward: dW1 max=5.0, dW2 max=5.0, dW3 max=3.597210519261045
2025-04-08 10:27:01,825 [INFO] W1 norm: 87.88223906958298, W2 norm: 168.12468268827277, W3 norm: 4.4317942482936115
2025-04-08 10:27:01,825 [INFO] backward: dW1 max=5.0, dW2 max=5.0, dW3 max=3.315248520037366
2025-04-08 10:27:04,420 [INFO] W1 norm: 88.69090133769775, W2 norm: 169.8796863657381, W3 norm: 4.431676418267704
2025-04-08 10:27:04,420 [INFO] backward: dW1 max=5.0, dW2 max=5.0, dW3 max=3.1933536880412103
2025-04-08 10:27:07,119 [INFO] W1 norm: 89.56868459418826, W2 norm: 171.33641694877375, W3 norm: 4.429674623949378
2025-04-08 10:27:07,120 [INFO] backward: dW1 max=5.0, dW2 max=5.0, dW3 max=5.0
2025-04-08 10:27:09,840 [INFO] W1 norm: 89.10651588023107, W2 norm: 171.19297209498032, W3 norm: 4.427988416190805
2025-04-08 10:27:09,840 [INFO] backward: dW1 max=5.0, dW2 max=5.0, dW3 max=4.726207767822408
2025-04-08 10:27:12,560 [INFO] W1 norm: 89.68060439231937, W2 norm: 172.46860128988843, W3 norm: 4.427647136577484
2025-04-08 10:27:12,560 [INFO] backward: dW1 max=5.0, dW2 max=5.0, dW3 max=1.7371867901375555
2025-04-08 10:27:12,770 [INFO] W1 norm: 90.01939222748227, W2 norm: 172.64993107582143, W3 norm: 4.426709847542167
2025-04-08 10:27:12,770 [INFO] backward: dW1 max=5.0, dW2 max=5.0, dW3 max=2.0933114053319195
2025-04-08 10:27:21,120 [INFO] Epoch 7/20, Train Loss: 21.0481, Train Acc: 0.1140, Val Loss: 21.0602, Val Acc: 0.0940
2025-04-08 10:27:23,998 [INFO] W1 norm: 89.25821715773698, W2 norm: 171.18253050607936, W3 norm: 4.42656978391828
2025-04-08 10:27:23,998 [INFO] backward: dW1 max=5.0, dW2 max=5.0, dW3 max=1.8154972820446558
2025-04-08 10:27:26,651 [INFO] W1 norm: 90.071762952917, W2 norm: 173.04551707730198, W3 norm: 4.426046867525218
2025-04-08 10:27:26,651 [INFO] backward: dW1 max=5.0, dW2 max=5.0, dW3 max=1.7233835504704174
2025-04-08 10:27:29,312 [INFO] W1 norm: 90.54905784889041, W2 norm: 173.41561861734687, W3 norm: 4.425512781388884
2025-04-08 10:27:29,312 [INFO] backward: dW1 max=5.0, dW2 max=5.0, dW3 max=5.0
2025-04-08 10:27:31,959 [INFO] W1 norm: 91.09315336007786, W2 norm: 174.014992783021, W3 norm: 4.424267982619192
2025-04-08 10:27:31,960 [INFO] backward: dW1 max=5.0, dW2 max=5.0, dW3 max=1.4711534014120413
2025-04-08 10:27:34,683 [INFO] W1 norm: 90.41967038733794, W2 norm: 173.675926844277, W3 norm: 4.423843145396649
2025-04-08 10:27:34,683 [INFO] backward: dW1 max=5.0, dW2 max=5.0, dW3 max=1.9793182584042666
2025-04-08 10:27:37,349 [INFO] W1 norm: 91.21850178832938, W2 norm: 175.27734433956866, W3 norm: 4.423495524604562
2025-04-08 10:27:37,350 [INFO] backward: dW1 max=5.0, dW2 max=5.0, dW3 max=0.7072807852760961
2025-04-08 10:27:40,056 [INFO] W1 norm: 92.01057468118759, W2 norm: 177.02863807851898, W3 norm: 4.423107129295172
2025-04-08 10:27:40,056 [INFO] backward: dW1 max=5.0, dW2 max=5.0, dW3 max=1.3579303504790567
2025-04-08 10:27:42,732 [INFO] W1 norm: 92.83020305731935, W2 norm: 178.27294477427142, W3 norm: 4.423018857503341
2025-04-08 10:27:42,732 [INFO] backward: dW1 max=5.0, dW2 max=5.0, dW3 max=2.5442471464023684
2025-04-08 10:27:45,411 [INFO] W1 norm: 93.63471908898988, W2 norm: 179.79621862037337, W3 norm: 4.422440160691615
2025-04-08 10:27:45,411 [INFO] backward: dW1 max=5.0, dW2 max=5.0, dW3 max=2.5440075381223477
