2025-04-13 02:13:10,342 [INFO] Starting CIFAR-10 training...
2025-04-13 02:13:11,736 [INFO] Starting hyperparameter search...
2025-04-13 02:13:13,597 [INFO] Epoch 1/5, Train Loss: 2.6320, Train Acc: 0.1240, Val Loss: 2.6694, Val Acc: 0.0200
2025-04-13 02:13:14,371 [INFO] Epoch 2/5, Train Loss: 2.4432, Train Acc: 0.1550, Val Loss: 2.5640, Val Acc: 0.0400
2025-04-13 02:13:15,134 [INFO] Epoch 3/5, Train Loss: 2.3129, Train Acc: 0.1950, Val Loss: 2.4816, Val Acc: 0.0600
2025-04-13 02:13:15,870 [INFO] Epoch 4/5, Train Loss: 2.2097, Train Acc: 0.2230, Val Loss: 2.4400, Val Acc: 0.0600
2025-04-13 02:13:15,414 [INFO] Epoch 5/5, Train Loss: 2.1300, Train Acc: 0.2670, Val Loss: 2.3906, Val Acc: 0.0800
2025-04-13 02:13:15,417 [INFO] 实验完成：lr=0.001, reg=0.0, val_acc=0.0800
2025-04-13 02:13:16,146 [INFO] Epoch 1/5, Train Loss: 2.6631, Train Acc: 0.1210, Val Loss: 2.6989, Val Acc: 0.1200
2025-04-13 02:13:16,900 [INFO] Epoch 2/5, Train Loss: 2.4663, Train Acc: 0.1500, Val Loss: 2.5386, Val Acc: 0.1400
2025-04-13 02:13:17,675 [INFO] Epoch 3/5, Train Loss: 2.3419, Train Acc: 0.1810, Val Loss: 2.4275, Val Acc: 0.1600
2025-04-13 02:13:18,423 [INFO] Epoch 4/5, Train Loss: 2.2490, Train Acc: 0.2200, Val Loss: 2.3663, Val Acc: 0.1800
2025-04-13 02:13:19,174 [INFO] Epoch 5/5, Train Loss: 2.1741, Train Acc: 0.2390, Val Loss: 2.3523, Val Acc: 0.1800
2025-04-13 02:13:19,175 [INFO] 实验完成：lr=0.001, reg=0.0001, val_acc=0.1800
2025-04-13 02:13:19,908 [INFO] Epoch 1/5, Train Loss: 2.6790, Train Acc: 0.1120, Val Loss: 2.6514, Val Acc: 0.1200
2025-04-13 02:13:20,652 [INFO] Epoch 2/5, Train Loss: 2.5126, Train Acc: 0.1510, Val Loss: 2.5031, Val Acc: 0.1200
2025-04-13 02:13:21,403 [INFO] Epoch 3/5, Train Loss: 2.3892, Train Acc: 0.1860, Val Loss: 2.3915, Val Acc: 0.1600
2025-04-13 02:13:22,198 [INFO] Epoch 4/5, Train Loss: 2.3022, Train Acc: 0.2200, Val Loss: 2.3391, Val Acc: 0.1800
2025-04-13 02:13:22,965 [INFO] Epoch 5/5, Train Loss: 2.2352, Train Acc: 0.2440, Val Loss: 2.2805, Val Acc: 0.2000
2025-04-13 02:13:22,967 [INFO] 实验完成：lr=0.001, reg=0.001, val_acc=0.2000
2025-04-13 02:13:23,728 [INFO] Epoch 1/5, Train Loss: 2.0156, Train Acc: 0.2800, Val Loss: 2.0697, Val Acc: 0.2600
2025-04-13 02:13:24,492 [INFO] Epoch 2/5, Train Loss: 1.6886, Train Acc: 0.3880, Val Loss: 2.1239, Val Acc: 0.2600
2025-04-13 02:13:25,275 [INFO] Epoch 3/5, Train Loss: 1.5635, Train Acc: 0.4530, Val Loss: 2.0672, Val Acc: 0.2600
2025-04-13 02:13:26,060 [INFO] Epoch 4/5, Train Loss: 1.3890, Train Acc: 0.5010, Val Loss: 2.0042, Val Acc: 0.3400
2025-04-13 02:13:26,822 [INFO] Epoch 5/5, Train Loss: 1.2605, Train Acc: 0.5540, Val Loss: 2.0107, Val Acc: 0.3000
2025-04-13 02:13:26,823 [INFO] 实验完成：lr=0.01, reg=0.0, val_acc=0.3400
2025-04-13 02:13:27,605 [INFO] Epoch 1/5, Train Loss: 1.9779, Train Acc: 0.3390, Val Loss: 2.1590, Val Acc: 0.3200
2025-04-13 02:13:28,355 [INFO] Epoch 2/5, Train Loss: 1.7742, Train Acc: 0.3730, Val Loss: 2.3045, Val Acc: 0.2000
2025-04-13 02:13:29,164 [INFO] Epoch 3/5, Train Loss: 1.5219, Train Acc: 0.4620, Val Loss: 1.9219, Val Acc: 0.4000
2025-04-13 02:13:29,931 [INFO] Epoch 4/5, Train Loss: 1.4446, Train Acc: 0.5060, Val Loss: 2.0190, Val Acc: 0.2200
2025-04-13 02:13:30,714 [INFO] Epoch 5/5, Train Loss: 1.3813, Train Acc: 0.5150, Val Loss: 2.0732, Val Acc: 0.2600
2025-04-13 02:13:30,715 [INFO] 实验完成：lr=0.01, reg=0.0001, val_acc=0.4000
2025-04-13 02:13:31,480 [INFO] Epoch 1/5, Train Loss: 2.1554, Train Acc: 0.2950, Val Loss: 2.4084, Val Acc: 0.1600
2025-04-13 02:13:32,241 [INFO] Epoch 2/5, Train Loss: 1.7468, Train Acc: 0.4080, Val Loss: 2.2226, Val Acc: 0.2200
2025-04-13 02:13:32,969 [INFO] Epoch 3/5, Train Loss: 1.5778, Train Acc: 0.4880, Val Loss: 2.0174, Val Acc: 0.3000
2025-04-13 02:13:33,740 [INFO] Epoch 4/5, Train Loss: 1.5446, Train Acc: 0.4680, Val Loss: 2.0687, Val Acc: 0.3200
2025-04-13 02:13:34,513 [INFO] Epoch 5/5, Train Loss: 1.3903, Train Acc: 0.5760, Val Loss: 2.0822, Val Acc: 0.2600
2025-04-13 02:13:34,514 [INFO] 实验完成：lr=0.01, reg=0.001, val_acc=0.3200
2025-04-13 02:13:35,279 [INFO] Epoch 1/5, Train Loss: 6.6481, Train Acc: 0.1220, Val Loss: 7.4453, Val Acc: 0.1400
2025-04-13 02:13:36,076 [INFO] Epoch 2/5, Train Loss: 6.4312, Train Acc: 0.1640, Val Loss: 7.6916, Val Acc: 0.1200
2025-04-13 02:13:36,829 [INFO] Epoch 3/5, Train Loss: 3.8965, Train Acc: 0.1660, Val Loss: 4.1952, Val Acc: 0.1800
2025-04-13 02:13:37,569 [INFO] Epoch 4/5, Train Loss: 3.5555, Train Acc: 0.1680, Val Loss: 3.7873, Val Acc: 0.1800
2025-04-13 02:13:38,317 [INFO] Epoch 5/5, Train Loss: 5.3074, Train Acc: 0.1330, Val Loss: 6.3398, Val Acc: 0.1200
2025-04-13 02:13:38,318 [INFO] 实验完成：lr=0.1, reg=0.0, val_acc=0.1800
2025-04-13 02:13:39,102 [INFO] Epoch 1/5, Train Loss: 9.2217, Train Acc: 0.0960, Val Loss: 9.0070, Val Acc: 0.1200
2025-04-13 02:13:39,861 [INFO] Epoch 2/5, Train Loss: 5.2465, Train Acc: 0.1170, Val Loss: 6.0991, Val Acc: 0.0800
2025-04-13 02:13:40,629 [INFO] Epoch 3/5, Train Loss: 5.8066, Train Acc: 0.1490, Val Loss: 6.2383, Val Acc: 0.1400
2025-04-13 02:13:41,363 [INFO] Epoch 4/5, Train Loss: 3.9745, Train Acc: 0.1750, Val Loss: 4.3881, Val Acc: 0.1400
2025-04-13 02:13:42,092 [INFO] Epoch 5/5, Train Loss: 4.2295, Train Acc: 0.2330, Val Loss: 4.7258, Val Acc: 0.1600
2025-04-13 02:13:42,095 [INFO] 实验完成：lr=0.1, reg=0.0001, val_acc=0.1600
2025-04-13 02:13:42,851 [INFO] Epoch 1/5, Train Loss: 5.0533, Train Acc: 0.1240, Val Loss: 5.0759, Val Acc: 0.0800
2025-04-13 02:13:43,613 [INFO] Epoch 2/5, Train Loss: 7.8300, Train Acc: 0.1280, Val Loss: 8.2264, Val Acc: 0.1600
2025-04-13 02:13:44,366 [INFO] Epoch 3/5, Train Loss: 3.6997, Train Acc: 0.2040, Val Loss: 3.7385, Val Acc: 0.1200
2025-04-13 02:13:45,108 [INFO] Epoch 4/5, Train Loss: 4.9857, Train Acc: 0.1840, Val Loss: 4.8124, Val Acc: 0.2000
2025-04-13 02:13:45,848 [INFO] Epoch 5/5, Train Loss: 5.4166, Train Acc: 0.1470, Val Loss: 6.2073, Val Acc: 0.0600
2025-04-13 02:13:45,849 [INFO] 实验完成：lr=0.1, reg=0.001, val_acc=0.2000
2025-04-13 02:13:46,437 [INFO] Epoch 1/5, Train Loss: 4.3649, Train Acc: 0.1570, Val Loss: 4.3763, Val Acc: 0.1400
2025-04-13 02:13:47,041 [INFO] Epoch 2/5, Train Loss: 3.4681, Train Acc: 0.1790, Val Loss: 4.4319, Val Acc: 0.0600
2025-04-13 02:13:47,641 [INFO] Epoch 3/5, Train Loss: 3.8945, Train Acc: 0.1830, Val Loss: 4.1667, Val Acc: 0.1400
2025-04-13 02:13:47,058 [INFO] Epoch 4/5, Train Loss: 2.9380, Train Acc: 0.1730, Val Loss: 3.3393, Val Acc: 0.1000
2025-04-13 02:13:47,675 [INFO] Epoch 5/5, Train Loss: 5.0057, Train Acc: 0.2060, Val Loss: 5.7722, Val Acc: 0.1600
2025-04-13 02:13:47,678 [INFO] 实验完成：conv1_filters=16, conv2_filters=32, val_acc=0.1600
2025-04-13 02:13:48,295 [INFO] Epoch 1/5, Train Loss: 9.0132, Train Acc: 0.1120, Val Loss: 8.6390, Val Acc: 0.1400
2025-04-13 02:13:48,899 [INFO] Epoch 2/5, Train Loss: 7.7367, Train Acc: 0.1240, Val Loss: 9.6210, Val Acc: 0.1600
2025-04-13 02:13:49,501 [INFO] Epoch 3/5, Train Loss: 4.2990, Train Acc: 0.2050, Val Loss: 3.8889, Val Acc: 0.2000
2025-04-13 02:13:50,086 [INFO] Epoch 4/5, Train Loss: 4.2679, Train Acc: 0.1620, Val Loss: 4.3204, Val Acc: 0.1800
2025-04-13 02:13:50,700 [INFO] Epoch 5/5, Train Loss: 4.1277, Train Acc: 0.2130, Val Loss: 4.7053, Val Acc: 0.1400
2025-04-13 02:13:50,702 [INFO] 实验完成：conv1_filters=16, conv2_filters=64, val_acc=0.2000
2025-04-13 02:13:51,395 [INFO] Epoch 1/5, Train Loss: 7.8445, Train Acc: 0.1380, Val Loss: 7.8667, Val Acc: 0.1600
2025-04-13 02:13:52,123 [INFO] Epoch 2/5, Train Loss: 8.0859, Train Acc: 0.1670, Val Loss: 8.9041, Val Acc: 0.0800
2025-04-13 02:13:52,804 [INFO] Epoch 3/5, Train Loss: 7.1271, Train Acc: 0.1740, Val Loss: 9.1098, Val Acc: 0.0600
2025-04-13 02:13:53,515 [INFO] Epoch 4/5, Train Loss: 8.2431, Train Acc: 0.1520, Val Loss: 10.3047, Val Acc: 0.0800
2025-04-13 02:13:54,212 [INFO] Epoch 5/5, Train Loss: 6.2125, Train Acc: 0.1530, Val Loss: 6.2323, Val Acc: 0.0800
2025-04-13 02:13:54,213 [INFO] 实验完成：conv1_filters=16, conv2_filters=128, val_acc=0.1600
2025-04-13 02:13:54,925 [INFO] Epoch 1/5, Train Loss: 4.9842, Train Acc: 0.1720, Val Loss: 6.2515, Val Acc: 0.0400
2025-04-13 02:13:55,699 [INFO] Epoch 2/5, Train Loss: 5.1748, Train Acc: 0.1780, Val Loss: 4.8550, Val Acc: 0.1400
2025-04-13 02:13:56,388 [INFO] Epoch 3/5, Train Loss: 3.0270, Train Acc: 0.2010, Val Loss: 4.0781, Val Acc: 0.1000
2025-04-13 02:13:57,120 [INFO] Epoch 4/5, Train Loss: 4.0514, Train Acc: 0.1760, Val Loss: 4.3523, Val Acc: 0.1600
2025-04-13 02:13:57,845 [INFO] Epoch 5/5, Train Loss: 3.0818, Train Acc: 0.1730, Val Loss: 3.6700, Val Acc: 0.0800
2025-04-13 02:13:57,845 [INFO] 实验完成：conv1_filters=32, conv2_filters=32, val_acc=0.1600
2025-04-13 02:13:58,558 [INFO] Epoch 1/5, Train Loss: 5.7791, Train Acc: 0.1270, Val Loss: 6.5984, Val Acc: 0.0800
2025-04-13 02:13:59,287 [INFO] Epoch 2/5, Train Loss: 6.1616, Train Acc: 0.1580, Val Loss: 7.7979, Val Acc: 0.1000
2025-04-13 02:14:00,014 [INFO] Epoch 3/5, Train Loss: 5.1783, Train Acc: 0.1640, Val Loss: 5.2260, Val Acc: 0.1200
2025-04-13 02:14:00,769 [INFO] Epoch 4/5, Train Loss: 6.1684, Train Acc: 0.1690, Val Loss: 7.6864, Val Acc: 0.0600
2025-04-13 02:14:01,516 [INFO] Epoch 5/5, Train Loss: 6.5994, Train Acc: 0.1340, Val Loss: 7.2236, Val Acc: 0.1400
2025-04-13 02:14:01,519 [INFO] 实验完成：conv1_filters=32, conv2_filters=64, val_acc=0.1400
2025-04-13 02:14:02,435 [INFO] Epoch 1/5, Train Loss: 10.3103, Train Acc: 0.1050, Val Loss: 10.2610, Val Acc: 0.1400
2025-04-13 02:14:03,335 [INFO] Epoch 2/5, Train Loss: 8.2915, Train Acc: 0.1220, Val Loss: 7.7919, Val Acc: 0.1600
2025-04-13 02:14:04,236 [INFO] Epoch 3/5, Train Loss: 8.3410, Train Acc: 0.1150, Val Loss: 8.9597, Val Acc: 0.1000
2025-04-13 02:14:05,130 [INFO] Epoch 4/5, Train Loss: 11.3031, Train Acc: 0.1070, Val Loss: 12.0298, Val Acc: 0.1400
2025-04-13 02:14:06,036 [INFO] Epoch 5/5, Train Loss: 9.0979, Train Acc: 0.1190, Val Loss: 9.1424, Val Acc: 0.1600
2025-04-13 02:14:06,037 [INFO] 实验完成：conv1_filters=32, conv2_filters=128, val_acc=0.1600
2025-04-13 02:14:07,068 [INFO] Epoch 1/5, Train Loss: 3.6142, Train Acc: 0.1850, Val Loss: 4.2627, Val Acc: 0.1400
2025-04-13 02:14:08,082 [INFO] Epoch 2/5, Train Loss: 4.4974, Train Acc: 0.1350, Val Loss: 5.0386, Val Acc: 0.0400
2025-04-13 02:14:09,092 [INFO] Epoch 3/5, Train Loss: 3.1667, Train Acc: 0.2010, Val Loss: 3.6267, Val Acc: 0.1000
2025-04-13 02:14:10,096 [INFO] Epoch 4/5, Train Loss: 3.9449, Train Acc: 0.1930, Val Loss: 4.4485, Val Acc: 0.1400
2025-04-13 02:14:11,113 [INFO] Epoch 5/5, Train Loss: 3.9766, Train Acc: 0.1740, Val Loss: 4.1774, Val Acc: 0.1800
2025-04-13 02:14:11,116 [INFO] 实验完成：conv1_filters=64, conv2_filters=32, val_acc=0.1800
2025-04-13 02:14:12,244 [INFO] Epoch 1/5, Train Loss: 10.7321, Train Acc: 0.0980, Val Loss: 11.7674, Val Acc: 0.0800
2025-04-13 02:14:13,361 [INFO] Epoch 2/5, Train Loss: 5.3532, Train Acc: 0.1900, Val Loss: 6.6458, Val Acc: 0.1600
2025-04-13 02:14:14,505 [INFO] Epoch 3/5, Train Loss: 6.6416, Train Acc: 0.1290, Val Loss: 6.9210, Val Acc: 0.1400
2025-04-13 02:14:15,633 [INFO] Epoch 4/5, Train Loss: 3.6260, Train Acc: 0.1980, Val Loss: 4.5721, Val Acc: 0.0800
2025-04-13 02:14:16,761 [INFO] Epoch 5/5, Train Loss: 6.7662, Train Acc: 0.1360, Val Loss: 7.2717, Val Acc: 0.2000
2025-04-13 02:14:16,764 [INFO] 实验完成：conv1_filters=64, conv2_filters=64, val_acc=0.2000
2025-04-13 02:14:18,306 [INFO] Epoch 1/5, Train Loss: 9.6718, Train Acc: 0.1080, Val Loss: 10.0587, Val Acc: 0.1200
2025-04-13 02:14:18,584 [INFO] Epoch 2/5, Train Loss: 6.7289, Train Acc: 0.1840, Val Loss: 6.7686, Val Acc: 0.1200
2025-04-13 02:14:20,127 [INFO] Epoch 3/5, Train Loss: 5.5790, Train Acc: 0.2140, Val Loss: 5.6919, Val Acc: 0.1400
2025-04-13 02:14:21,684 [INFO] Epoch 4/5, Train Loss: 6.7185, Train Acc: 0.1680, Val Loss: 6.6873, Val Acc: 0.1800
2025-04-13 02:14:23,232 [INFO] Epoch 5/5, Train Loss: 4.6775, Train Acc: 0.1670, Val Loss: 4.7040, Val Acc: 0.1800
2025-04-13 02:14:23,233 [INFO] 实验完成：conv1_filters=64, conv2_filters=128, val_acc=0.1800
