2025-04-12 02:33:36,874 [INFO] Starting CIFAR-10 training...
2025-04-12 02:33:38,612 [INFO] Starting hyperparameter search...
2025-04-12 02:33:38,612 [INFO] 
 Hyperparameters: lr=0.1, reg=0.1
2025-04-12 02:33:40,651 [INFO] Epoch 1/5, Train Loss: 8.5924, Train Acc: 0.1430, Val Loss: 8.9186, Val Acc: 0.0840
2025-04-12 02:33:41,486 [INFO] Epoch 2/5, Train Loss: 7.6384, Train Acc: 0.1700, Val Loss: 7.8626, Val Acc: 0.1480
2025-04-12 02:33:42,290 [INFO] Epoch 3/5, Train Loss: 6.2287, Train Acc: 0.1600, Val Loss: 6.4946, Val Acc: 0.1380
2025-04-12 02:33:43,078 [INFO] Epoch 4/5, Train Loss: 5.7727, Train Acc: 0.1670, Val Loss: 5.8828, Val Acc: 0.1560
2025-04-12 02:33:43,867 [INFO] Epoch 5/5, Train Loss: 5.4409, Train Acc: 0.1310, Val Loss: 5.6215, Val Acc: 0.1200
2025-04-12 02:33:43,874 [INFO] 
 Hyperparameters: lr=0.1, reg=0.01
2025-04-12 02:33:43,816 [INFO] Epoch 1/5, Train Loss: 5.9193, Train Acc: 0.1190, Val Loss: 6.3506, Val Acc: 0.0840
2025-04-12 02:33:44,614 [INFO] Epoch 2/5, Train Loss: 4.8873, Train Acc: 0.1260, Val Loss: 5.0049, Val Acc: 0.0940
2025-04-12 02:33:45,490 [INFO] Epoch 3/5, Train Loss: 5.4225, Train Acc: 0.1270, Val Loss: 5.5896, Val Acc: 0.1360
2025-04-12 02:33:46,351 [INFO] Epoch 4/5, Train Loss: 3.8997, Train Acc: 0.1750, Val Loss: 4.2661, Val Acc: 0.1440
2025-04-12 02:33:47,179 [INFO] Epoch 5/5, Train Loss: 4.6477, Train Acc: 0.1940, Val Loss: 4.8662, Val Acc: 0.1360
2025-04-12 02:33:47,183 [INFO] 
 Hyperparameters: lr=0.1, reg=0.001
2025-04-12 02:33:48,034 [INFO] Epoch 1/5, Train Loss: 3.6617, Train Acc: 0.1340, Val Loss: 3.6222, Val Acc: 0.1140
2025-04-12 02:33:48,830 [INFO] Epoch 2/5, Train Loss: 3.9764, Train Acc: 0.1570, Val Loss: 4.0513, Val Acc: 0.1340
2025-04-12 02:33:49,687 [INFO] Epoch 3/5, Train Loss: 4.0269, Train Acc: 0.1230, Val Loss: 4.1643, Val Acc: 0.1260
2025-04-12 02:33:50,484 [INFO] Epoch 4/5, Train Loss: 5.7512, Train Acc: 0.1230, Val Loss: 5.9780, Val Acc: 0.1200
2025-04-12 02:33:51,257 [INFO] Epoch 5/5, Train Loss: 4.1221, Train Acc: 0.1360, Val Loss: 4.4794, Val Acc: 0.0860
2025-04-12 02:33:51,260 [INFO] 
 Hyperparameters: lr=0.01, reg=0.1
2025-04-12 02:33:52,125 [INFO] Epoch 1/5, Train Loss: 8.9389, Train Acc: 0.2750, Val Loss: 9.1926, Val Acc: 0.2060
2025-04-12 02:33:52,901 [INFO] Epoch 2/5, Train Loss: 8.3011, Train Acc: 0.3830, Val Loss: 8.6661, Val Acc: 0.2560
2025-04-12 02:33:53,669 [INFO] Epoch 3/5, Train Loss: 7.7779, Train Acc: 0.4170, Val Loss: 8.2097, Val Acc: 0.2780
2025-04-12 02:33:54,446 [INFO] Epoch 4/5, Train Loss: 7.3887, Train Acc: 0.4550, Val Loss: 7.9018, Val Acc: 0.3040
2025-04-12 02:33:55,208 [INFO] Epoch 5/5, Train Loss: 6.9881, Train Acc: 0.5300, Val Loss: 7.5090, Val Acc: 0.3220
2025-04-12 02:33:55,212 [INFO] 
 Hyperparameters: lr=0.01, reg=0.01
2025-04-12 02:33:55,993 [INFO] Epoch 1/5, Train Loss: 2.9077, Train Acc: 0.2500, Val Loss: 3.0872, Val Acc: 0.1740
2025-04-12 02:33:56,811 [INFO] Epoch 2/5, Train Loss: 2.6101, Train Acc: 0.3360, Val Loss: 2.8714, Val Acc: 0.2540
2025-04-12 02:33:57,601 [INFO] Epoch 3/5, Train Loss: 2.4558, Train Acc: 0.3680, Val Loss: 2.7928, Val Acc: 0.2620
2025-04-12 02:33:58,341 [INFO] Epoch 4/5, Train Loss: 2.3657, Train Acc: 0.4010, Val Loss: 2.7382, Val Acc: 0.2860
2025-04-12 02:33:59,156 [INFO] Epoch 5/5, Train Loss: 2.2406, Train Acc: 0.4800, Val Loss: 2.6525, Val Acc: 0.3300
2025-04-12 02:33:59,160 [INFO] 
 Hyperparameters: lr=0.01, reg=0.001
2025-04-12 02:34:00,003 [INFO] Epoch 1/5, Train Loss: 2.1623, Train Acc: 0.2630, Val Loss: 2.3124, Val Acc: 0.2280
2025-04-12 02:34:00,744 [INFO] Epoch 2/5, Train Loss: 1.9250, Train Acc: 0.3380, Val Loss: 2.1490, Val Acc: 0.2660
2025-04-12 02:34:01,530 [INFO] Epoch 3/5, Train Loss: 1.7880, Train Acc: 0.3850, Val Loss: 2.1188, Val Acc: 0.2820
2025-04-12 02:34:02,298 [INFO] Epoch 4/5, Train Loss: 1.6665, Train Acc: 0.4520, Val Loss: 2.0509, Val Acc: 0.3400
2025-04-12 02:34:03,110 [INFO] Epoch 5/5, Train Loss: 1.5663, Train Acc: 0.4770, Val Loss: 2.0497, Val Acc: 0.3240
2025-04-12 02:34:03,114 [INFO] 
 Hyperparameters: lr=0.001, reg=0.1
2025-04-12 02:34:03,880 [INFO] Epoch 1/5, Train Loss: 9.9138, Train Acc: 0.1210, Val Loss: 9.9586, Val Acc: 0.0880
2025-04-12 02:34:04,703 [INFO] Epoch 2/5, Train Loss: 9.6516, Train Acc: 0.1420, Val Loss: 9.7339, Val Acc: 0.1060
2025-04-12 02:34:05,565 [INFO] Epoch 3/5, Train Loss: 9.4953, Train Acc: 0.1580, Val Loss: 9.6117, Val Acc: 0.1060
2025-04-12 02:34:06,329 [INFO] Epoch 4/5, Train Loss: 9.3778, Train Acc: 0.1770, Val Loss: 9.5177, Val Acc: 0.1300
2025-04-12 02:34:07,143 [INFO] Epoch 5/5, Train Loss: 9.2734, Train Acc: 0.2000, Val Loss: 9.4270, Val Acc: 0.1400
2025-04-12 02:34:07,147 [INFO] 
 Hyperparameters: lr=0.001, reg=0.01
2025-04-12 02:34:07,930 [INFO] Epoch 1/5, Train Loss: 3.4464, Train Acc: 0.1150, Val Loss: 3.4147, Val Acc: 0.1100
2025-04-12 02:34:08,697 [INFO] Epoch 2/5, Train Loss: 3.2918, Train Acc: 0.1290, Val Loss: 3.2521, Val Acc: 0.1400
2025-04-12 02:34:09,520 [INFO] Epoch 3/5, Train Loss: 3.2016, Train Acc: 0.1490, Val Loss: 3.1787, Val Acc: 0.1700
2025-04-12 02:34:10,340 [INFO] Epoch 4/5, Train Loss: 3.1272, Train Acc: 0.1760, Val Loss: 3.1188, Val Acc: 0.1760
2025-04-12 02:34:11,080 [INFO] Epoch 5/5, Train Loss: 3.0660, Train Acc: 0.1870, Val Loss: 3.0739, Val Acc: 0.1800
2025-04-12 02:34:11,083 [INFO] 
 Hyperparameters: lr=0.001, reg=0.001
2025-04-12 02:34:11,924 [INFO] Epoch 1/5, Train Loss: 2.6586, Train Acc: 0.1180, Val Loss: 2.6916, Val Acc: 0.0980
2025-04-12 02:34:12,724 [INFO] Epoch 2/5, Train Loss: 2.5044, Train Acc: 0.1520, Val Loss: 2.5655, Val Acc: 0.1160
2025-04-12 02:34:13,495 [INFO] Epoch 3/5, Train Loss: 2.4045, Train Acc: 0.1700, Val Loss: 2.4902, Val Acc: 0.1420
2025-04-12 02:34:14,279 [INFO] Epoch 4/5, Train Loss: 2.3261, Train Acc: 0.1890, Val Loss: 2.4356, Val Acc: 0.1600
2025-04-12 02:34:15,070 [INFO] Epoch 5/5, Train Loss: 2.2631, Train Acc: 0.2080, Val Loss: 2.3877, Val Acc: 0.1740
2025-04-12 02:34:15,888 [INFO] Epoch 1/20, Train Loss: 2.1251, Train Acc: 0.2780, Val Loss: 2.2823, Val Acc: 0.2100
2025-04-12 02:34:15,761 [INFO] Epoch 2/20, Train Loss: 1.8923, Train Acc: 0.3540, Val Loss: 2.1774, Val Acc: 0.2680
2025-04-12 02:34:16,640 [INFO] Epoch 3/20, Train Loss: 1.7460, Train Acc: 0.4100, Val Loss: 2.1202, Val Acc: 0.2600
2025-04-12 02:34:17,512 [INFO] Epoch 4/20, Train Loss: 1.6023, Train Acc: 0.4850, Val Loss: 2.0573, Val Acc: 0.2880
2025-04-12 02:34:18,355 [INFO] Epoch 5/20, Train Loss: 1.5302, Train Acc: 0.4950, Val Loss: 1.9780, Val Acc: 0.3460
2025-04-12 02:34:19,204 [INFO] Epoch 6/20, Train Loss: 1.4458, Train Acc: 0.5250, Val Loss: 1.9489, Val Acc: 0.2960
2025-04-12 02:34:20,065 [INFO] Epoch 7/20, Train Loss: 1.3708, Train Acc: 0.5740, Val Loss: 1.9155, Val Acc: 0.3480
2025-04-12 02:34:20,909 [INFO] Epoch 8/20, Train Loss: 1.3677, Train Acc: 0.5760, Val Loss: 1.9409, Val Acc: 0.3300
2025-04-12 02:34:21,674 [INFO] Epoch 9/20, Train Loss: 1.2911, Train Acc: 0.6090, Val Loss: 1.9148, Val Acc: 0.3340
2025-04-12 02:34:22,476 [INFO] Epoch 10/20, Train Loss: 1.2570, Train Acc: 0.6100, Val Loss: 1.8861, Val Acc: 0.3580
2025-04-12 02:34:23,314 [INFO] Epoch 11/20, Train Loss: 1.2456, Train Acc: 0.6020, Val Loss: 1.9071, Val Acc: 0.3620
2025-04-12 02:34:24,179 [INFO] Epoch 12/20, Train Loss: 1.2075, Train Acc: 0.6210, Val Loss: 1.8669, Val Acc: 0.3720
2025-04-12 02:34:25,017 [INFO] Epoch 13/20, Train Loss: 1.1747, Train Acc: 0.6360, Val Loss: 1.8388, Val Acc: 0.3700
2025-04-12 02:34:25,858 [INFO] Epoch 14/20, Train Loss: 1.1624, Train Acc: 0.6360, Val Loss: 1.8759, Val Acc: 0.3600
2025-04-12 02:34:26,655 [INFO] Epoch 15/20, Train Loss: 1.1518, Train Acc: 0.6450, Val Loss: 1.8505, Val Acc: 0.3800
2025-04-12 02:34:27,487 [INFO] Epoch 16/20, Train Loss: 1.1218, Train Acc: 0.6600, Val Loss: 1.8485, Val Acc: 0.3680
2025-04-12 02:34:28,362 [INFO] Epoch 17/20, Train Loss: 1.1493, Train Acc: 0.6490, Val Loss: 1.8694, Val Acc: 0.3940
2025-04-12 02:34:29,191 [INFO] Epoch 18/20, Train Loss: 1.0941, Train Acc: 0.6680, Val Loss: 1.8292, Val Acc: 0.3760
2025-04-12 02:34:29,993 [INFO] Epoch 19/20, Train Loss: 1.0905, Train Acc: 0.6660, Val Loss: 1.8498, Val Acc: 0.3740
2025-04-12 02:34:30,802 [INFO] Epoch 20/20, Train Loss: 1.0828, Train Acc: 0.6770, Val Loss: 1.8269, Val Acc: 0.3760
2025-04-12 02:34:31,644 [INFO] Test Accuracy: 0.3786
2025-04-12 02:34:31,645 [INFO] Test metrics saved to /home/spoil/cv/assignment01/experiments/results/20250412_023336/test_metrics.csv
2025-04-12 02:34:31,645 [INFO] Training completed.
