2025-04-09 02:26:14,769 [INFO] Starting CIFAR-10 training...
2025-04-09 02:26:18,727 [INFO] Starting hyperparameter search...
2025-04-09 02:26:18,727 [INFO] 
 Hyperparameters: lr=0.1, reg=0.1
2025-04-09 02:26:20,659 [INFO] Epoch 1/20, Train Loss: 8.5261, Train Acc: 0.2000, Val Loss: 8.5119, Val Acc: 0.1980
2025-04-09 02:26:21,653 [INFO] Epoch 2/20, Train Loss: 8.1004, Train Acc: 0.1620, Val Loss: 8.1771, Val Acc: 0.1600
2025-04-09 02:26:22,580 [INFO] Epoch 3/20, Train Loss: 8.2852, Train Acc: 0.1670, Val Loss: 8.3527, Val Acc: 0.2040
2025-04-09 02:26:23,551 [INFO] Epoch 4/20, Train Loss: 7.1280, Train Acc: 0.1710, Val Loss: 7.4025, Val Acc: 0.1360
2025-04-09 02:26:24,518 [INFO] Epoch 5/20, Train Loss: 6.0575, Train Acc: 0.2020, Val Loss: 6.1429, Val Acc: 0.1680
2025-04-09 02:26:25,464 [INFO] Epoch 6/20, Train Loss: 6.2274, Train Acc: 0.1410, Val Loss: 6.4685, Val Acc: 0.1480
2025-04-09 02:26:26,490 [INFO] Epoch 7/20, Train Loss: 4.8156, Train Acc: 0.1760, Val Loss: 5.0853, Val Acc: 0.1280
2025-04-09 02:26:27,541 [INFO] Epoch 8/20, Train Loss: 8.0965, Train Acc: 0.1090, Val Loss: 8.4601, Val Acc: 0.1140
2025-04-09 02:26:28,606 [INFO] Epoch 9/20, Train Loss: 5.3085, Train Acc: 0.1890, Val Loss: 5.3962, Val Acc: 0.1600
2025-04-09 02:26:29,574 [INFO] Epoch 10/20, Train Loss: 5.6465, Train Acc: 0.1920, Val Loss: 6.0547, Val Acc: 0.1440
2025-04-09 02:26:30,523 [INFO] Epoch 11/20, Train Loss: 5.3343, Train Acc: 0.2030, Val Loss: 5.5169, Val Acc: 0.2040
2025-04-09 02:26:31,510 [INFO] Epoch 12/20, Train Loss: 4.8256, Train Acc: 0.2240, Val Loss: 5.0894, Val Acc: 0.1820
2025-04-09 02:26:32,472 [INFO] Epoch 13/20, Train Loss: 6.1699, Train Acc: 0.1530, Val Loss: 6.5166, Val Acc: 0.1240
2025-04-09 02:26:33,429 [INFO] Epoch 14/20, Train Loss: 5.4129, Train Acc: 0.2010, Val Loss: 5.4979, Val Acc: 0.1800
2025-04-09 02:26:34,456 [INFO] Epoch 15/20, Train Loss: 4.9732, Train Acc: 0.2080, Val Loss: 5.2336, Val Acc: 0.1680
2025-04-09 02:26:35,471 [INFO] Epoch 16/20, Train Loss: 4.9029, Train Acc: 0.1610, Val Loss: 5.1220, Val Acc: 0.1360
2025-04-09 02:26:36,474 [INFO] Epoch 17/20, Train Loss: 4.4954, Train Acc: 0.2700, Val Loss: 4.7546, Val Acc: 0.2080
2025-04-09 02:26:37,472 [INFO] Epoch 18/20, Train Loss: 7.4302, Train Acc: 0.1420, Val Loss: 7.8786, Val Acc: 0.1180
2025-04-09 02:26:38,441 [INFO] Epoch 19/20, Train Loss: 5.3085, Train Acc: 0.1710, Val Loss: 5.4001, Val Acc: 0.1900
2025-04-09 02:26:39,420 [INFO] Epoch 20/20, Train Loss: 4.1357, Train Acc: 0.2140, Val Loss: 4.2561, Val Acc: 0.1940
2025-04-09 02:26:39,426 [INFO] 
 Hyperparameters: lr=0.1, reg=0.01
2025-04-09 02:26:40,387 [INFO] Epoch 1/20, Train Loss: 3.9739, Train Acc: 0.1620, Val Loss: 4.0706, Val Acc: 0.1580
2025-04-09 02:26:41,415 [INFO] Epoch 2/20, Train Loss: 4.3522, Train Acc: 0.1560, Val Loss: 4.5012, Val Acc: 0.1540
2025-04-09 02:26:42,377 [INFO] Epoch 3/20, Train Loss: 4.2564, Train Acc: 0.1860, Val Loss: 4.5406, Val Acc: 0.1520
2025-04-09 02:26:43,433 [INFO] Epoch 4/20, Train Loss: 4.7613, Train Acc: 0.1800, Val Loss: 5.0319, Val Acc: 0.1340
2025-04-09 02:26:44,361 [INFO] Epoch 5/20, Train Loss: 5.3466, Train Acc: 0.1980, Val Loss: 5.3550, Val Acc: 0.1800
2025-04-09 02:26:45,254 [INFO] Epoch 6/20, Train Loss: 5.0533, Train Acc: 0.2060, Val Loss: 5.2466, Val Acc: 0.1980
2025-04-09 02:26:46,179 [INFO] Epoch 7/20, Train Loss: 5.1994, Train Acc: 0.1610, Val Loss: 5.3481, Val Acc: 0.1640
2025-04-09 02:26:47,071 [INFO] Epoch 8/20, Train Loss: 5.5160, Train Acc: 0.1550, Val Loss: 5.7030, Val Acc: 0.1540
2025-04-09 02:26:47,983 [INFO] Epoch 9/20, Train Loss: 4.7519, Train Acc: 0.1620, Val Loss: 5.0637, Val Acc: 0.1420
2025-04-09 02:26:48,879 [INFO] Epoch 10/20, Train Loss: 4.2137, Train Acc: 0.2180, Val Loss: 4.5045, Val Acc: 0.1900
2025-04-09 02:26:49,765 [INFO] Epoch 11/20, Train Loss: 4.6814, Train Acc: 0.2170, Val Loss: 5.0997, Val Acc: 0.1540
2025-04-09 02:26:50,670 [INFO] Epoch 12/20, Train Loss: 4.8676, Train Acc: 0.2060, Val Loss: 5.1133, Val Acc: 0.1600
2025-04-09 02:26:51,542 [INFO] Epoch 13/20, Train Loss: 4.9047, Train Acc: 0.1950, Val Loss: 5.1562, Val Acc: 0.1840
2025-04-09 02:26:50,600 [INFO] Epoch 14/20, Train Loss: 4.6085, Train Acc: 0.2310, Val Loss: 4.7510, Val Acc: 0.2260
2025-04-09 02:26:51,547 [INFO] Epoch 15/20, Train Loss: 7.0625, Train Acc: 0.1640, Val Loss: 7.3472, Val Acc: 0.1580
2025-04-09 02:26:52,464 [INFO] Epoch 16/20, Train Loss: 5.4994, Train Acc: 0.1960, Val Loss: 5.8595, Val Acc: 0.1680
2025-04-09 02:26:53,385 [INFO] Epoch 17/20, Train Loss: 5.1586, Train Acc: 0.1720, Val Loss: 5.5382, Val Acc: 0.1500
2025-04-09 02:26:54,297 [INFO] Epoch 18/20, Train Loss: 4.9494, Train Acc: 0.1920, Val Loss: 5.2343, Val Acc: 0.1680
2025-04-09 02:26:55,188 [INFO] Epoch 19/20, Train Loss: 5.0805, Train Acc: 0.2190, Val Loss: 5.6054, Val Acc: 0.1500
2025-04-09 02:26:56,088 [INFO] Epoch 20/20, Train Loss: 5.4676, Train Acc: 0.1390, Val Loss: 5.8494, Val Acc: 0.1240
2025-04-09 02:26:56,092 [INFO] 
 Hyperparameters: lr=0.1, reg=0.001
2025-04-09 02:26:56,988 [INFO] Epoch 1/20, Train Loss: 4.8865, Train Acc: 0.1320, Val Loss: 4.9455, Val Acc: 0.1320
2025-04-09 02:26:57,904 [INFO] Epoch 2/20, Train Loss: 5.7320, Train Acc: 0.1660, Val Loss: 5.6982, Val Acc: 0.1620
2025-04-09 02:26:58,795 [INFO] Epoch 3/20, Train Loss: 3.5945, Train Acc: 0.1950, Val Loss: 3.7220, Val Acc: 0.1740
2025-04-09 02:26:59,715 [INFO] Epoch 4/20, Train Loss: 3.7221, Train Acc: 0.1610, Val Loss: 4.1325, Val Acc: 0.1560
2025-04-09 02:27:00,639 [INFO] Epoch 5/20, Train Loss: 4.2381, Train Acc: 0.1680, Val Loss: 4.5624, Val Acc: 0.1480
2025-04-09 02:27:01,584 [INFO] Epoch 6/20, Train Loss: 3.4031, Train Acc: 0.1930, Val Loss: 3.4432, Val Acc: 0.1720
2025-04-09 02:27:02,541 [INFO] Epoch 7/20, Train Loss: 4.6159, Train Acc: 0.1460, Val Loss: 4.8266, Val Acc: 0.1460
2025-04-09 02:27:03,481 [INFO] Epoch 8/20, Train Loss: 3.1314, Train Acc: 0.2390, Val Loss: 3.3629, Val Acc: 0.1860
2025-04-09 02:27:04,390 [INFO] Epoch 9/20, Train Loss: 3.1714, Train Acc: 0.2090, Val Loss: 3.4232, Val Acc: 0.1480
2025-04-09 02:27:05,381 [INFO] Epoch 10/20, Train Loss: 2.9068, Train Acc: 0.2240, Val Loss: 3.2421, Val Acc: 0.1640
2025-04-09 02:27:06,269 [INFO] Epoch 11/20, Train Loss: 4.2684, Train Acc: 0.1890, Val Loss: 4.6166, Val Acc: 0.1820
2025-04-09 02:27:07,230 [INFO] Epoch 12/20, Train Loss: 3.1353, Train Acc: 0.2660, Val Loss: 3.4591, Val Acc: 0.2040
2025-04-09 02:27:08,177 [INFO] Epoch 13/20, Train Loss: 2.4011, Train Acc: 0.2750, Val Loss: 2.7481, Val Acc: 0.2120
2025-04-09 02:27:09,124 [INFO] Epoch 14/20, Train Loss: 4.0616, Train Acc: 0.1830, Val Loss: 4.3144, Val Acc: 0.1580
2025-04-09 02:27:10,059 [INFO] Epoch 15/20, Train Loss: 3.1346, Train Acc: 0.2900, Val Loss: 3.4579, Val Acc: 0.2320
2025-04-09 02:27:11,025 [INFO] Epoch 16/20, Train Loss: 3.5684, Train Acc: 0.2420, Val Loss: 4.0361, Val Acc: 0.1800
2025-04-09 02:27:11,984 [INFO] Epoch 17/20, Train Loss: 3.3949, Train Acc: 0.1940, Val Loss: 3.6938, Val Acc: 0.1540
2025-04-09 02:27:12,956 [INFO] Epoch 18/20, Train Loss: 4.6476, Train Acc: 0.1910, Val Loss: 5.2493, Val Acc: 0.1400
2025-04-09 02:27:13,920 [INFO] Epoch 19/20, Train Loss: 3.2185, Train Acc: 0.2420, Val Loss: 3.6560, Val Acc: 0.1740
2025-04-09 02:27:15,094 [INFO] Epoch 20/20, Train Loss: 3.3940, Train Acc: 0.2740, Val Loss: 3.8256, Val Acc: 0.2260
2025-04-09 02:27:15,099 [INFO] 
 Hyperparameters: lr=0.01, reg=0.1
2025-04-09 02:27:16,204 [INFO] Epoch 1/20, Train Loss: 9.1203, Train Acc: 0.2490, Val Loss: 9.2394, Val Acc: 0.1720
2025-04-09 02:27:17,259 [INFO] Epoch 2/20, Train Loss: 8.4112, Train Acc: 0.3220, Val Loss: 8.5916, Val Acc: 0.2640
2025-04-09 02:27:18,322 [INFO] Epoch 3/20, Train Loss: 7.8639, Train Acc: 0.3990, Val Loss: 8.1090, Val Acc: 0.3060
2025-04-09 02:27:19,382 [INFO] Epoch 4/20, Train Loss: 7.4344, Train Acc: 0.4410, Val Loss: 7.7335, Val Acc: 0.3060
2025-04-09 02:27:20,352 [INFO] Epoch 5/20, Train Loss: 6.9793, Train Acc: 0.4910, Val Loss: 7.3293, Val Acc: 0.3300
2025-04-09 02:27:21,385 [INFO] Epoch 6/20, Train Loss: 6.6116, Train Acc: 0.5180, Val Loss: 6.9855, Val Acc: 0.3480
2025-04-09 02:27:20,629 [INFO] Epoch 7/20, Train Loss: 6.3005, Train Acc: 0.5380, Val Loss: 6.7080, Val Acc: 0.3240
2025-04-09 02:27:21,637 [INFO] Epoch 8/20, Train Loss: 5.9796, Train Acc: 0.5540, Val Loss: 6.4120, Val Acc: 0.3500
2025-04-09 02:27:22,705 [INFO] Epoch 9/20, Train Loss: 5.6742, Train Acc: 0.6040, Val Loss: 6.1388, Val Acc: 0.3840
2025-04-09 02:27:23,828 [INFO] Epoch 10/20, Train Loss: 5.4873, Train Acc: 0.5610, Val Loss: 6.0044, Val Acc: 0.3280
2025-04-09 02:27:24,932 [INFO] Epoch 11/20, Train Loss: 5.1770, Train Acc: 0.6260, Val Loss: 5.7113, Val Acc: 0.3840
2025-04-09 02:27:25,985 [INFO] Epoch 12/20, Train Loss: 4.9663, Train Acc: 0.6370, Val Loss: 5.4958, Val Acc: 0.3820
2025-04-09 02:27:27,066 [INFO] Epoch 13/20, Train Loss: 4.7900, Train Acc: 0.6380, Val Loss: 5.3385, Val Acc: 0.3840
2025-04-09 02:27:28,109 [INFO] Epoch 14/20, Train Loss: 4.5836, Train Acc: 0.6290, Val Loss: 5.1548, Val Acc: 0.3940
2025-04-09 02:27:29,223 [INFO] Epoch 15/20, Train Loss: 4.4103, Train Acc: 0.6480, Val Loss: 4.9738, Val Acc: 0.3840
2025-04-09 02:27:30,208 [INFO] Epoch 16/20, Train Loss: 4.2558, Train Acc: 0.6370, Val Loss: 4.8355, Val Acc: 0.3920
2025-04-09 02:27:31,295 [INFO] Epoch 17/20, Train Loss: 4.0762, Train Acc: 0.6690, Val Loss: 4.6841, Val Acc: 0.3680
2025-04-09 02:27:32,357 [INFO] Epoch 18/20, Train Loss: 3.9917, Train Acc: 0.6410, Val Loss: 4.5815, Val Acc: 0.3960
2025-04-09 02:27:33,445 [INFO] Epoch 19/20, Train Loss: 3.7799, Train Acc: 0.6950, Val Loss: 4.3937, Val Acc: 0.4180
2025-04-09 02:27:34,538 [INFO] Epoch 20/20, Train Loss: 3.6886, Train Acc: 0.6720, Val Loss: 4.3280, Val Acc: 0.4020
2025-04-09 02:27:34,540 [INFO] 
 Hyperparameters: lr=0.01, reg=0.01
2025-04-09 02:27:35,634 [INFO] Epoch 1/20, Train Loss: 2.8639, Train Acc: 0.2530, Val Loss: 2.9233, Val Acc: 0.2420
2025-04-09 02:27:36,674 [INFO] Epoch 2/20, Train Loss: 2.5447, Train Acc: 0.3460, Val Loss: 2.7178, Val Acc: 0.2860
2025-04-09 02:27:37,682 [INFO] Epoch 3/20, Train Loss: 2.4307, Train Acc: 0.3750, Val Loss: 2.6998, Val Acc: 0.3160
2025-04-09 02:27:38,694 [INFO] Epoch 4/20, Train Loss: 2.2450, Train Acc: 0.4750, Val Loss: 2.5728, Val Acc: 0.3180
2025-04-09 02:27:39,831 [INFO] Epoch 5/20, Train Loss: 2.1687, Train Acc: 0.4870, Val Loss: 2.5743, Val Acc: 0.3280
2025-04-09 02:27:40,837 [INFO] Epoch 6/20, Train Loss: 2.0405, Train Acc: 0.5520, Val Loss: 2.4891, Val Acc: 0.3560
2025-04-09 02:27:41,822 [INFO] Epoch 7/20, Train Loss: 1.9745, Train Acc: 0.5630, Val Loss: 2.4498, Val Acc: 0.3840
2025-04-09 02:27:42,812 [INFO] Epoch 8/20, Train Loss: 1.9174, Train Acc: 0.5960, Val Loss: 2.4279, Val Acc: 0.3840
2025-04-09 02:27:43,785 [INFO] Epoch 9/20, Train Loss: 1.8377, Train Acc: 0.6220, Val Loss: 2.4046, Val Acc: 0.4000
2025-04-09 02:27:44,799 [INFO] Epoch 10/20, Train Loss: 1.7935, Train Acc: 0.6520, Val Loss: 2.4055, Val Acc: 0.3840
2025-04-09 02:27:45,765 [INFO] Epoch 11/20, Train Loss: 1.7245, Train Acc: 0.6760, Val Loss: 2.3663, Val Acc: 0.4080
2025-04-09 02:27:46,789 [INFO] Epoch 12/20, Train Loss: 1.7221, Train Acc: 0.6670, Val Loss: 2.3869, Val Acc: 0.4160
2025-04-09 02:27:47,816 [INFO] Epoch 13/20, Train Loss: 1.6823, Train Acc: 0.7000, Val Loss: 2.3950, Val Acc: 0.3860
2025-04-09 02:27:48,889 [INFO] Epoch 14/20, Train Loss: 1.6061, Train Acc: 0.7290, Val Loss: 2.3440, Val Acc: 0.4100
2025-04-09 02:27:49,868 [INFO] Epoch 15/20, Train Loss: 1.6117, Train Acc: 0.7330, Val Loss: 2.3788, Val Acc: 0.4300
2025-04-09 02:27:50,810 [INFO] Epoch 16/20, Train Loss: 1.5378, Train Acc: 0.7740, Val Loss: 2.3374, Val Acc: 0.4360
2025-04-09 02:27:51,820 [INFO] Epoch 17/20, Train Loss: 1.5274, Train Acc: 0.7540, Val Loss: 2.3390, Val Acc: 0.4440
2025-04-09 02:27:52,788 [INFO] Epoch 18/20, Train Loss: 1.5097, Train Acc: 0.7710, Val Loss: 2.3295, Val Acc: 0.4300
2025-04-09 02:27:51,833 [INFO] Epoch 19/20, Train Loss: 1.4738, Train Acc: 0.7910, Val Loss: 2.3364, Val Acc: 0.4280
2025-04-09 02:27:52,802 [INFO] Epoch 20/20, Train Loss: 1.4996, Train Acc: 0.7520, Val Loss: 2.3413, Val Acc: 0.4360
2025-04-09 02:27:52,804 [INFO] 
 Hyperparameters: lr=0.01, reg=0.001
2025-04-09 02:27:53,833 [INFO] Epoch 1/20, Train Loss: 2.0502, Train Acc: 0.2920, Val Loss: 2.2313, Val Acc: 0.2300
2025-04-09 02:27:54,853 [INFO] Epoch 2/20, Train Loss: 1.8660, Train Acc: 0.3490, Val Loss: 2.1251, Val Acc: 0.2540
2025-04-09 02:27:55,860 [INFO] Epoch 3/20, Train Loss: 1.6953, Train Acc: 0.4240, Val Loss: 2.0207, Val Acc: 0.2960
2025-04-09 02:27:56,841 [INFO] Epoch 4/20, Train Loss: 1.5789, Train Acc: 0.4570, Val Loss: 1.9672, Val Acc: 0.3080
2025-04-09 02:27:57,829 [INFO] Epoch 5/20, Train Loss: 1.5155, Train Acc: 0.4960, Val Loss: 1.9701, Val Acc: 0.2960
2025-04-09 02:27:58,802 [INFO] Epoch 6/20, Train Loss: 1.4746, Train Acc: 0.5100, Val Loss: 1.9534, Val Acc: 0.2920
2025-04-09 02:27:59,797 [INFO] Epoch 7/20, Train Loss: 1.3503, Train Acc: 0.5690, Val Loss: 1.8564, Val Acc: 0.3540
2025-04-09 02:28:00,775 [INFO] Epoch 8/20, Train Loss: 1.2883, Train Acc: 0.5700, Val Loss: 1.8824, Val Acc: 0.3360
2025-04-09 02:28:01,848 [INFO] Epoch 9/20, Train Loss: 1.2522, Train Acc: 0.5980, Val Loss: 1.8603, Val Acc: 0.3520
2025-04-09 02:28:02,972 [INFO] Epoch 10/20, Train Loss: 1.2105, Train Acc: 0.6350, Val Loss: 1.8506, Val Acc: 0.3520
2025-04-09 02:28:04,143 [INFO] Epoch 11/20, Train Loss: 1.1359, Train Acc: 0.6700, Val Loss: 1.8204, Val Acc: 0.3640
2025-04-09 02:28:05,262 [INFO] Epoch 12/20, Train Loss: 1.1363, Train Acc: 0.6620, Val Loss: 1.8413, Val Acc: 0.3720
2025-04-09 02:28:06,346 [INFO] Epoch 13/20, Train Loss: 1.0634, Train Acc: 0.6860, Val Loss: 1.8309, Val Acc: 0.3600
2025-04-09 02:28:07,455 [INFO] Epoch 14/20, Train Loss: 1.0414, Train Acc: 0.6960, Val Loss: 1.8318, Val Acc: 0.3800
2025-04-09 02:28:08,797 [INFO] Epoch 15/20, Train Loss: 1.0172, Train Acc: 0.7090, Val Loss: 1.8346, Val Acc: 0.3940
2025-04-09 02:28:09,917 [INFO] Epoch 16/20, Train Loss: 0.9756, Train Acc: 0.7160, Val Loss: 1.7927, Val Acc: 0.3900
2025-04-09 02:28:11,027 [INFO] Epoch 17/20, Train Loss: 0.9950, Train Acc: 0.7300, Val Loss: 1.8580, Val Acc: 0.3780
2025-04-09 02:28:12,094 [INFO] Epoch 18/20, Train Loss: 0.9075, Train Acc: 0.7620, Val Loss: 1.7866, Val Acc: 0.3760
2025-04-09 02:28:13,111 [INFO] Epoch 19/20, Train Loss: 0.8986, Train Acc: 0.7710, Val Loss: 1.7894, Val Acc: 0.3920
2025-04-09 02:28:14,191 [INFO] Epoch 20/20, Train Loss: 0.8822, Train Acc: 0.7640, Val Loss: 1.8097, Val Acc: 0.3780
2025-04-09 02:28:14,193 [INFO] 
 Hyperparameters: lr=0.001, reg=0.1
2025-04-09 02:28:15,235 [INFO] Epoch 1/20, Train Loss: 10.1459, Train Acc: 0.0900, Val Loss: 10.1259, Val Acc: 0.0980
2025-04-09 02:28:16,291 [INFO] Epoch 2/20, Train Loss: 9.9162, Train Acc: 0.1120, Val Loss: 9.9212, Val Acc: 0.1160
2025-04-09 02:28:17,286 [INFO] Epoch 3/20, Train Loss: 9.7539, Train Acc: 0.1430, Val Loss: 9.7794, Val Acc: 0.1440
2025-04-09 02:28:18,289 [INFO] Epoch 4/20, Train Loss: 9.6195, Train Acc: 0.1630, Val Loss: 9.6575, Val Acc: 0.1560
2025-04-09 02:28:19,288 [INFO] Epoch 5/20, Train Loss: 9.4957, Train Acc: 0.1820, Val Loss: 9.5478, Val Acc: 0.1780
2025-04-09 02:28:20,300 [INFO] Epoch 6/20, Train Loss: 9.3823, Train Acc: 0.1990, Val Loss: 9.4435, Val Acc: 0.1960
2025-04-09 02:28:21,299 [INFO] Epoch 7/20, Train Loss: 9.2805, Train Acc: 0.2230, Val Loss: 9.3510, Val Acc: 0.2140
2025-04-09 02:28:22,350 [INFO] Epoch 8/20, Train Loss: 9.1866, Train Acc: 0.2360, Val Loss: 9.2653, Val Acc: 0.2220
2025-04-09 02:28:21,494 [INFO] Epoch 9/20, Train Loss: 9.0984, Train Acc: 0.2530, Val Loss: 9.1923, Val Acc: 0.2220
2025-04-09 02:28:22,448 [INFO] Epoch 10/20, Train Loss: 9.0143, Train Acc: 0.2650, Val Loss: 9.1092, Val Acc: 0.2360
2025-04-09 02:28:23,464 [INFO] Epoch 11/20, Train Loss: 8.9383, Train Acc: 0.2740, Val Loss: 9.0389, Val Acc: 0.2400
2025-04-09 02:28:24,458 [INFO] Epoch 12/20, Train Loss: 8.8643, Train Acc: 0.2990, Val Loss: 8.9693, Val Acc: 0.2500
2025-04-09 02:28:25,424 [INFO] Epoch 13/20, Train Loss: 8.7930, Train Acc: 0.3110, Val Loss: 8.9038, Val Acc: 0.2560
2025-04-09 02:28:26,453 [INFO] Epoch 14/20, Train Loss: 8.7199, Train Acc: 0.3260, Val Loss: 8.8403, Val Acc: 0.2540
2025-04-09 02:28:27,448 [INFO] Epoch 15/20, Train Loss: 8.6537, Train Acc: 0.3340, Val Loss: 8.7836, Val Acc: 0.2680
2025-04-09 02:28:28,464 [INFO] Epoch 16/20, Train Loss: 8.5881, Train Acc: 0.3360, Val Loss: 8.7253, Val Acc: 0.2720
2025-04-09 02:28:29,501 [INFO] Epoch 17/20, Train Loss: 8.5264, Train Acc: 0.3540, Val Loss: 8.6685, Val Acc: 0.2700
2025-04-09 02:28:30,480 [INFO] Epoch 18/20, Train Loss: 8.4689, Train Acc: 0.3640, Val Loss: 8.6182, Val Acc: 0.2760
2025-04-09 02:28:31,492 [INFO] Epoch 19/20, Train Loss: 8.4080, Train Acc: 0.3700, Val Loss: 8.5606, Val Acc: 0.2820
2025-04-09 02:28:32,489 [INFO] Epoch 20/20, Train Loss: 8.3531, Train Acc: 0.3710, Val Loss: 8.5128, Val Acc: 0.2780
2025-04-09 02:28:32,492 [INFO] 
 Hyperparameters: lr=0.001, reg=0.01
2025-04-09 02:28:33,530 [INFO] Epoch 1/20, Train Loss: 3.2876, Train Acc: 0.1400, Val Loss: 3.3179, Val Acc: 0.1280
2025-04-09 02:28:34,503 [INFO] Epoch 2/20, Train Loss: 3.1166, Train Acc: 0.1760, Val Loss: 3.1512, Val Acc: 0.1580
2025-04-09 02:28:35,543 [INFO] Epoch 3/20, Train Loss: 3.0159, Train Acc: 0.2000, Val Loss: 3.0540, Val Acc: 0.1920
2025-04-09 02:28:36,591 [INFO] Epoch 4/20, Train Loss: 2.9395, Train Acc: 0.2200, Val Loss: 2.9868, Val Acc: 0.2080
2025-04-09 02:28:37,587 [INFO] Epoch 5/20, Train Loss: 2.8777, Train Acc: 0.2430, Val Loss: 2.9388, Val Acc: 0.2280
2025-04-09 02:28:38,599 [INFO] Epoch 6/20, Train Loss: 2.8260, Train Acc: 0.2660, Val Loss: 2.8965, Val Acc: 0.2340
2025-04-09 02:28:39,640 [INFO] Epoch 7/20, Train Loss: 2.7809, Train Acc: 0.2790, Val Loss: 2.8602, Val Acc: 0.2400
2025-04-09 02:28:40,639 [INFO] Epoch 8/20, Train Loss: 2.7394, Train Acc: 0.2970, Val Loss: 2.8263, Val Acc: 0.2440
2025-04-09 02:28:41,617 [INFO] Epoch 9/20, Train Loss: 2.7019, Train Acc: 0.3050, Val Loss: 2.8006, Val Acc: 0.2500
2025-04-09 02:28:42,653 [INFO] Epoch 10/20, Train Loss: 2.6683, Train Acc: 0.3120, Val Loss: 2.7755, Val Acc: 0.2680
2025-04-09 02:28:43,724 [INFO] Epoch 11/20, Train Loss: 2.6363, Train Acc: 0.3210, Val Loss: 2.7534, Val Acc: 0.2700
2025-04-09 02:28:44,725 [INFO] Epoch 12/20, Train Loss: 2.6083, Train Acc: 0.3320, Val Loss: 2.7309, Val Acc: 0.2700
2025-04-09 02:28:45,739 [INFO] Epoch 13/20, Train Loss: 2.5808, Train Acc: 0.3370, Val Loss: 2.7136, Val Acc: 0.2720
2025-04-09 02:28:46,692 [INFO] Epoch 14/20, Train Loss: 2.5563, Train Acc: 0.3400, Val Loss: 2.6979, Val Acc: 0.2840
2025-04-09 02:28:47,694 [INFO] Epoch 15/20, Train Loss: 2.5330, Train Acc: 0.3500, Val Loss: 2.6780, Val Acc: 0.2960
2025-04-09 02:28:48,713 [INFO] Epoch 16/20, Train Loss: 2.5116, Train Acc: 0.3570, Val Loss: 2.6684, Val Acc: 0.2820
2025-04-09 02:28:49,654 [INFO] Epoch 17/20, Train Loss: 2.4904, Train Acc: 0.3610, Val Loss: 2.6558, Val Acc: 0.2940
2025-04-09 02:28:50,525 [INFO] Epoch 18/20, Train Loss: 2.4710, Train Acc: 0.3720, Val Loss: 2.6382, Val Acc: 0.2940
2025-04-09 02:28:51,473 [INFO] Epoch 19/20, Train Loss: 2.4501, Train Acc: 0.3820, Val Loss: 2.6264, Val Acc: 0.3080
2025-04-09 02:28:52,411 [INFO] Epoch 20/20, Train Loss: 2.4324, Train Acc: 0.3890, Val Loss: 2.6215, Val Acc: 0.3220
2025-04-09 02:28:52,415 [INFO] 
 Hyperparameters: lr=0.001, reg=0.001
2025-04-09 02:28:53,306 [INFO] Epoch 1/20, Train Loss: 2.7613, Train Acc: 0.1160, Val Loss: 2.6536, Val Acc: 0.1220
2025-04-09 02:28:52,355 [INFO] Epoch 2/20, Train Loss: 2.6236, Train Acc: 0.1230, Val Loss: 2.5244, Val Acc: 0.1380
2025-04-09 02:28:53,308 [INFO] Epoch 3/20, Train Loss: 2.5322, Train Acc: 0.1490, Val Loss: 2.4478, Val Acc: 0.1600
2025-04-09 02:28:54,259 [INFO] Epoch 4/20, Train Loss: 2.4562, Train Acc: 0.1640, Val Loss: 2.3867, Val Acc: 0.1720
2025-04-09 02:28:55,231 [INFO] Epoch 5/20, Train Loss: 2.3925, Train Acc: 0.1760, Val Loss: 2.3371, Val Acc: 0.1940
2025-04-09 02:28:56,144 [INFO] Epoch 6/20, Train Loss: 2.3385, Train Acc: 0.1770, Val Loss: 2.2937, Val Acc: 0.2220
2025-04-09 02:28:57,085 [INFO] Epoch 7/20, Train Loss: 2.2876, Train Acc: 0.1940, Val Loss: 2.2582, Val Acc: 0.2260
2025-04-09 02:28:58,032 [INFO] Epoch 8/20, Train Loss: 2.2443, Train Acc: 0.2030, Val Loss: 2.2238, Val Acc: 0.2420
2025-04-09 02:28:58,963 [INFO] Epoch 9/20, Train Loss: 2.2044, Train Acc: 0.2100, Val Loss: 2.1921, Val Acc: 0.2580
2025-04-09 02:28:59,919 [INFO] Epoch 10/20, Train Loss: 2.1669, Train Acc: 0.2250, Val Loss: 2.1668, Val Acc: 0.2520
2025-04-09 02:29:00,830 [INFO] Epoch 11/20, Train Loss: 2.1318, Train Acc: 0.2300, Val Loss: 2.1464, Val Acc: 0.2660
2025-04-09 02:29:01,790 [INFO] Epoch 12/20, Train Loss: 2.0986, Train Acc: 0.2430, Val Loss: 2.1190, Val Acc: 0.2760
2025-04-09 02:29:02,748 [INFO] Epoch 13/20, Train Loss: 2.0694, Train Acc: 0.2550, Val Loss: 2.0984, Val Acc: 0.2880
2025-04-09 02:29:03,816 [INFO] Epoch 14/20, Train Loss: 2.0393, Train Acc: 0.2650, Val Loss: 2.0754, Val Acc: 0.2940
2025-04-09 02:29:04,798 [INFO] Epoch 15/20, Train Loss: 2.0125, Train Acc: 0.2790, Val Loss: 2.0555, Val Acc: 0.3000
2025-04-09 02:29:05,734 [INFO] Epoch 16/20, Train Loss: 1.9865, Train Acc: 0.2980, Val Loss: 2.0405, Val Acc: 0.3000
2025-04-09 02:29:06,711 [INFO] Epoch 17/20, Train Loss: 1.9627, Train Acc: 0.3080, Val Loss: 2.0200, Val Acc: 0.3000
2025-04-09 02:29:07,704 [INFO] Epoch 18/20, Train Loss: 1.9404, Train Acc: 0.3150, Val Loss: 2.0072, Val Acc: 0.3000
2025-04-09 02:29:08,663 [INFO] Epoch 19/20, Train Loss: 1.9185, Train Acc: 0.3230, Val Loss: 1.9966, Val Acc: 0.3060
2025-04-09 02:29:09,616 [INFO] Epoch 20/20, Train Loss: 1.8983, Train Acc: 0.3250, Val Loss: 1.9847, Val Acc: 0.3020
2025-04-09 02:29:10,639 [INFO] Epoch 1/20, Train Loss: 2.1525, Train Acc: 0.2620, Val Loss: 2.2667, Val Acc: 0.2460
2025-04-09 02:29:11,729 [INFO] Epoch 2/20, Train Loss: 1.9187, Train Acc: 0.3360, Val Loss: 2.1426, Val Acc: 0.2800
2025-04-09 02:29:12,705 [INFO] Epoch 3/20, Train Loss: 1.7155, Train Acc: 0.4120, Val Loss: 1.9807, Val Acc: 0.2940
2025-04-09 02:29:13,687 [INFO] Epoch 4/20, Train Loss: 1.5867, Train Acc: 0.4650, Val Loss: 1.9600, Val Acc: 0.2880
2025-04-09 02:29:14,725 [INFO] Epoch 5/20, Train Loss: 1.5139, Train Acc: 0.5060, Val Loss: 1.9782, Val Acc: 0.3080
2025-04-09 02:29:15,751 [INFO] Epoch 6/20, Train Loss: 1.4190, Train Acc: 0.5370, Val Loss: 1.9343, Val Acc: 0.3180
2025-04-09 02:29:16,685 [INFO] Epoch 7/20, Train Loss: 1.3054, Train Acc: 0.5810, Val Loss: 1.8426, Val Acc: 0.3620
2025-04-09 02:29:17,647 [INFO] Epoch 8/20, Train Loss: 1.2690, Train Acc: 0.5990, Val Loss: 1.8441, Val Acc: 0.3740
2025-04-09 02:29:18,624 [INFO] Epoch 9/20, Train Loss: 1.2295, Train Acc: 0.6220, Val Loss: 1.8803, Val Acc: 0.3200
2025-04-09 02:29:19,593 [INFO] Epoch 10/20, Train Loss: 1.1677, Train Acc: 0.6320, Val Loss: 1.8289, Val Acc: 0.3560
2025-04-09 02:29:20,618 [INFO] Epoch 11/20, Train Loss: 1.1225, Train Acc: 0.6700, Val Loss: 1.8247, Val Acc: 0.3900
2025-04-09 02:29:21,556 [INFO] Epoch 12/20, Train Loss: 1.1040, Train Acc: 0.6480, Val Loss: 1.8609, Val Acc: 0.3660
2025-04-09 02:29:22,486 [INFO] Epoch 13/20, Train Loss: 1.0168, Train Acc: 0.7040, Val Loss: 1.8016, Val Acc: 0.3680
2025-04-09 02:29:23,428 [INFO] Epoch 14/20, Train Loss: 1.0092, Train Acc: 0.7030, Val Loss: 1.8276, Val Acc: 0.3980
2025-04-09 02:29:22,545 [INFO] Epoch 15/20, Train Loss: 0.9674, Train Acc: 0.7340, Val Loss: 1.7766, Val Acc: 0.3980
2025-04-09 02:29:23,508 [INFO] Epoch 16/20, Train Loss: 0.9499, Train Acc: 0.7170, Val Loss: 1.8289, Val Acc: 0.3500
2025-04-09 02:29:24,504 [INFO] Epoch 17/20, Train Loss: 0.8972, Train Acc: 0.7700, Val Loss: 1.7862, Val Acc: 0.4000
2025-04-09 02:29:25,426 [INFO] Epoch 18/20, Train Loss: 0.8716, Train Acc: 0.7820, Val Loss: 1.7764, Val Acc: 0.3920
2025-04-09 02:29:26,359 [INFO] Epoch 19/20, Train Loss: 0.8920, Train Acc: 0.7720, Val Loss: 1.8644, Val Acc: 0.3660
2025-04-09 02:29:27,331 [INFO] Epoch 20/20, Train Loss: 0.8364, Train Acc: 0.7940, Val Loss: 1.7903, Val Acc: 0.3820
