2025-04-09 03:00:30,782 [INFO] Starting CIFAR-10 training...
2025-04-09 03:00:34,853 [INFO] Starting hyperparameter search...
2025-04-09 03:00:34,853 [INFO] 
 Hyperparameters: lr=0.1, reg=0.1
2025-04-09 03:01:13,948 [INFO] Epoch 1/2, Train Loss: 4.4471, Train Acc: 0.1500, Val Loss: 4.5574, Val Acc: 0.1700
2025-04-09 03:01:51,311 [INFO] Epoch 2/2, Train Loss: 3.8600, Train Acc: 0.1530, Val Loss: 3.7702, Val Acc: 0.1800
2025-04-09 03:01:51,322 [INFO] 
 Hyperparameters: lr=0.1, reg=0.01
2025-04-09 03:02:30,785 [INFO] Epoch 1/2, Train Loss: 4.3832, Train Acc: 0.2020, Val Loss: 4.3704, Val Acc: 0.2200
2025-04-09 03:03:13,783 [INFO] Epoch 2/2, Train Loss: 3.7206, Train Acc: 0.1610, Val Loss: 3.6900, Val Acc: 0.1860
2025-04-09 03:03:13,787 [INFO] 
 Hyperparameters: lr=0.1, reg=0.001
2025-04-09 03:03:58,481 [INFO] Epoch 1/2, Train Loss: 3.1797, Train Acc: 0.2360, Val Loss: 3.1766, Val Acc: 0.2260
2025-04-09 03:04:38,952 [INFO] Epoch 2/2, Train Loss: 3.0904, Train Acc: 0.1790, Val Loss: 3.0484, Val Acc: 0.2040
2025-04-09 03:04:38,966 [INFO] 
 Hyperparameters: lr=0.01, reg=0.1
2025-04-09 03:05:18,037 [INFO] Epoch 1/2, Train Loss: 2.1932, Train Acc: 0.4870, Val Loss: 2.1986, Val Acc: 0.4660
2025-04-09 03:05:54,915 [INFO] Epoch 2/2, Train Loss: 1.8643, Train Acc: 0.4790, Val Loss: 1.8562, Val Acc: 0.5060
2025-04-09 03:05:54,932 [INFO] 
 Hyperparameters: lr=0.01, reg=0.01
2025-04-09 03:06:31,524 [INFO] Epoch 1/2, Train Loss: 1.9537, Train Acc: 0.5260, Val Loss: 1.9881, Val Acc: 0.5240
2025-04-09 03:07:08,414 [INFO] Epoch 2/2, Train Loss: 1.7567, Train Acc: 0.5810, Val Loss: 1.7597, Val Acc: 0.5700
2025-04-09 03:07:08,451 [INFO] 
 Hyperparameters: lr=0.01, reg=0.001
