2025-04-12 12:42:54,510 [INFO] Starting CIFAR-10 training...
2025-04-12 12:42:56,703 [INFO] Starting sequential hyperparameter search...
2025-04-12 12:42:56,703 [INFO] 
Optimizing lr...
2025-04-12 12:42:56,703 [INFO] Testing lr = 0.015
2025-04-12 12:43:33,785 [INFO] Epoch 1/5, Train Loss: 1.8394, Train Acc: 0.4690, Val Loss: 1.9069, Val Acc: 0.4220
2025-04-12 12:44:06,873 [INFO] Epoch 2/5, Train Loss: 1.6758, Train Acc: 0.5230, Val Loss: 1.7320, Val Acc: 0.4740
2025-04-12 12:44:40,682 [INFO] Epoch 3/5, Train Loss: 1.6621, Train Acc: 0.5250, Val Loss: 1.7546, Val Acc: 0.4700
2025-04-12 12:45:13,908 [INFO] Epoch 4/5, Train Loss: 1.6074, Train Acc: 0.5190, Val Loss: 1.6779, Val Acc: 0.4820
2025-04-12 12:45:45,583 [INFO] Epoch 5/5, Train Loss: 1.5600, Train Acc: 0.5410, Val Loss: 1.6306, Val Acc: 0.5120
2025-04-12 12:45:45,591 [INFO] lr=0.015, Val Acc: 0.5120
2025-04-12 12:45:45,664 [INFO] Testing lr = 0.01
2025-04-12 12:46:17,277 [INFO] Epoch 1/5, Train Loss: 1.7701, Train Acc: 0.5130, Val Loss: 1.8583, Val Acc: 0.4300
2025-04-12 12:46:48,563 [INFO] Epoch 2/5, Train Loss: 1.6062, Train Acc: 0.5550, Val Loss: 1.7111, Val Acc: 0.4960
2025-04-12 12:47:23,351 [INFO] Epoch 3/5, Train Loss: 1.4952, Train Acc: 0.5710, Val Loss: 1.5778, Val Acc: 0.5340
2025-04-12 12:47:55,812 [INFO] Epoch 4/5, Train Loss: 1.4473, Train Acc: 0.5900, Val Loss: 1.5521, Val Acc: 0.5340
2025-04-12 12:48:28,285 [INFO] Epoch 5/5, Train Loss: 1.4103, Train Acc: 0.6160, Val Loss: 1.5344, Val Acc: 0.5360
2025-04-12 12:48:28,288 [INFO] lr=0.01, Val Acc: 0.5360
2025-04-12 12:48:28,315 [INFO] Testing lr = 0.0095
2025-04-12 12:49:00,867 [INFO] Epoch 1/5, Train Loss: 1.7949, Train Acc: 0.4950, Val Loss: 1.8530, Val Acc: 0.4540
2025-04-12 12:49:34,190 [INFO] Epoch 2/5, Train Loss: 1.6168, Train Acc: 0.5430, Val Loss: 1.7044, Val Acc: 0.5120
2025-04-12 12:50:06,469 [INFO] Epoch 3/5, Train Loss: 1.5663, Train Acc: 0.5600, Val Loss: 1.6604, Val Acc: 0.5200
2025-04-12 12:50:38,156 [INFO] Epoch 4/5, Train Loss: 1.4953, Train Acc: 0.5850, Val Loss: 1.6200, Val Acc: 0.5280
2025-04-12 12:51:11,155 [INFO] Epoch 5/5, Train Loss: 1.4777, Train Acc: 0.5930, Val Loss: 1.5973, Val Acc: 0.5260
2025-04-12 12:51:11,158 [INFO] lr=0.0095, Val Acc: 0.5280
2025-04-12 12:51:11,198 [INFO] Best lr: 0.01, Best Val Acc: 0.5360
2025-04-12 12:51:11,199 [INFO] 
Optimizing lr_decay...
2025-04-12 12:51:11,199 [INFO] Testing lr_decay = 0.9
2025-04-12 12:51:43,902 [INFO] Epoch 1/5, Train Loss: 1.7776, Train Acc: 0.5030, Val Loss: 1.8234, Val Acc: 0.4580
2025-04-12 12:52:17,116 [INFO] Epoch 2/5, Train Loss: 1.5924, Train Acc: 0.5500, Val Loss: 1.6440, Val Acc: 0.5380
2025-04-12 12:52:49,097 [INFO] Epoch 3/5, Train Loss: 1.5219, Train Acc: 0.5680, Val Loss: 1.5814, Val Acc: 0.5260
2025-04-12 12:53:21,122 [INFO] Epoch 4/5, Train Loss: 1.5107, Train Acc: 0.5630, Val Loss: 1.5787, Val Acc: 0.5340
2025-04-12 12:53:52,928 [INFO] Epoch 5/5, Train Loss: 1.4814, Train Acc: 0.5890, Val Loss: 1.5556, Val Acc: 0.5460
2025-04-12 12:53:52,934 [INFO] lr_decay=0.9, Val Acc: 0.5460
2025-04-12 12:53:52,969 [INFO] Testing lr_decay = 0.95
2025-04-12 12:54:23,850 [INFO] Epoch 1/5, Train Loss: 1.8112, Train Acc: 0.4610, Val Loss: 1.8674, Val Acc: 0.4360
2025-04-12 12:54:57,010 [INFO] Epoch 2/5, Train Loss: 1.6037, Train Acc: 0.5480, Val Loss: 1.7020, Val Acc: 0.4840
2025-04-12 12:55:28,704 [INFO] Epoch 3/5, Train Loss: 1.5439, Train Acc: 0.5620, Val Loss: 1.6312, Val Acc: 0.5120
2025-04-12 12:56:02,103 [INFO] Epoch 4/5, Train Loss: 1.4963, Train Acc: 0.5740, Val Loss: 1.6163, Val Acc: 0.5020
2025-04-12 12:56:35,050 [INFO] Epoch 5/5, Train Loss: 1.5011, Train Acc: 0.5550, Val Loss: 1.5886, Val Acc: 0.5100
2025-04-12 12:56:35,052 [INFO] lr_decay=0.95, Val Acc: 0.5120
2025-04-12 12:56:35,091 [INFO] Best lr_decay: 0.9, Best Val Acc: 0.5460
2025-04-12 12:56:35,098 [INFO] Results saved to /home/spoil/cv/assignment01/experiments/results/hyperparam_results.csv
2025-04-12 12:56:35,098 [INFO] Best hyperparameters: {'lr': 0.01, 'reg_lambda': 0.01, 'batch_size': 32, 'epochs': 5, 'lr_decay': 0.9, 'max_grad_norm': 5.0, 'val_batch_size': 32, 'conv1_filters': 16, 'kernel1_size': (3, 3), 'conv1_stride': 1, 'conv1_padding': 1, 'conv2_filters': 16, 'kernel2_size': (3, 3), 'conv2_stride': 1, 'conv2_padding': 0, 'pool_size': 2, 'pool_stride': 2, 'bn_epsilon': 1e-05}, Best Val Acc: 0.5460
2025-04-12 12:57:06,740 [INFO] Epoch 1/5, Train Loss: 1.7972, Train Acc: 0.4910, Val Loss: 1.8692, Val Acc: 0.4360
2025-04-12 12:57:40,323 [INFO] Epoch 2/5, Train Loss: 1.6395, Train Acc: 0.5240, Val Loss: 1.7158, Val Acc: 0.4820
2025-04-12 12:58:13,345 [INFO] Epoch 3/5, Train Loss: 1.5515, Train Acc: 0.5620, Val Loss: 1.6577, Val Acc: 0.5140
2025-04-12 12:58:45,807 [INFO] Epoch 4/5, Train Loss: 1.5231, Train Acc: 0.5630, Val Loss: 1.5973, Val Acc: 0.5400
2025-04-12 12:59:18,374 [INFO] Epoch 5/5, Train Loss: 1.5069, Train Acc: 0.5700, Val Loss: 1.5842, Val Acc: 0.5140
2025-04-12 12:59:19,317 [INFO] Test Accuracy: 0.5321
2025-04-12 12:59:19,318 [INFO] Training completed.
