2025-04-09 02:48:38,051 [INFO] Starting CIFAR-10 training...
2025-04-09 02:48:40,740 [INFO] Starting hyperparameter search...
2025-04-09 02:48:40,741 [INFO] 
 Hyperparameters: lr=0.1, reg=0.1
2025-04-09 02:48:43,403 [INFO] Epoch 1/2, Train Loss: 10.3719, Train Acc: 0.1230, Val Loss: 10.2654, Val Acc: 0.1200
2025-04-09 02:48:44,355 [INFO] Epoch 2/2, Train Loss: 7.5274, Train Acc: 0.1650, Val Loss: 7.6401, Val Acc: 0.1580
2025-04-09 02:48:44,364 [INFO] 
 Hyperparameters: lr=0.1, reg=0.01
2025-04-09 02:48:45,231 [INFO] Epoch 1/2, Train Loss: 4.5342, Train Acc: 0.1780, Val Loss: 4.5436, Val Acc: 0.1620
2025-04-09 02:48:46,091 [INFO] Epoch 2/2, Train Loss: 4.8330, Train Acc: 0.1570, Val Loss: 4.8144, Val Acc: 0.1560
2025-04-09 02:48:46,099 [INFO] 
 Hyperparameters: lr=0.1, reg=0.001
2025-04-09 02:48:46,906 [INFO] Epoch 1/2, Train Loss: 3.2109, Train Acc: 0.1710, Val Loss: 3.2865, Val Acc: 0.1560
2025-04-09 02:48:47,722 [INFO] Epoch 2/2, Train Loss: 5.1473, Train Acc: 0.1400, Val Loss: 5.2760, Val Acc: 0.1240
2025-04-09 02:48:47,726 [INFO] 
 Hyperparameters: lr=0.01, reg=0.1
2025-04-09 02:48:48,659 [INFO] Epoch 1/2, Train Loss: 9.0302, Train Acc: 0.2760, Val Loss: 9.1422, Val Acc: 0.2120
2025-04-09 02:48:49,593 [INFO] Epoch 2/2, Train Loss: 8.4344, Train Acc: 0.3360, Val Loss: 8.6294, Val Acc: 0.2740
2025-04-09 02:48:49,600 [INFO] 
 Hyperparameters: lr=0.01, reg=0.01
2025-04-09 02:48:50,551 [INFO] Epoch 1/2, Train Loss: 2.8481, Train Acc: 0.2300, Val Loss: 2.9352, Val Acc: 0.2160
2025-04-09 02:48:51,471 [INFO] Epoch 2/2, Train Loss: 2.5492, Train Acc: 0.3310, Val Loss: 2.7242, Val Acc: 0.2760
2025-04-09 02:48:51,475 [INFO] 
 Hyperparameters: lr=0.01, reg=0.001
2025-04-09 02:48:52,435 [INFO] Epoch 1/2, Train Loss: 2.0526, Train Acc: 0.3130, Val Loss: 2.2001, Val Acc: 0.2660
2025-04-09 02:48:53,397 [INFO] Epoch 2/2, Train Loss: 1.8381, Train Acc: 0.3710, Val Loss: 2.0230, Val Acc: 0.3040
2025-04-09 02:48:53,400 [INFO] 
 Hyperparameters: lr=0.001, reg=0.1
2025-04-09 02:48:54,351 [INFO] Epoch 1/2, Train Loss: 10.0457, Train Acc: 0.1280, Val Loss: 10.0042, Val Acc: 0.1200
2025-04-09 02:48:55,277 [INFO] Epoch 2/2, Train Loss: 9.8861, Train Acc: 0.1420, Val Loss: 9.8637, Val Acc: 0.1320
2025-04-09 02:48:55,280 [INFO] 
 Hyperparameters: lr=0.001, reg=0.01
2025-04-09 02:48:56,198 [INFO] Epoch 1/2, Train Loss: 3.1194, Train Acc: 0.1730, Val Loss: 3.1595, Val Acc: 0.1620
2025-04-09 02:48:57,153 [INFO] Epoch 2/2, Train Loss: 3.0177, Train Acc: 0.1950, Val Loss: 3.0736, Val Acc: 0.1860
2025-04-09 02:48:57,159 [INFO] 
 Hyperparameters: lr=0.001, reg=0.001
2025-04-09 02:48:56,769 [INFO] Epoch 1/2, Train Loss: 2.7121, Train Acc: 0.1200, Val Loss: 2.6888, Val Acc: 0.1280
2025-04-09 02:48:57,828 [INFO] Epoch 2/2, Train Loss: 2.5461, Train Acc: 0.1620, Val Loss: 2.5496, Val Acc: 0.1440
2025-04-09 02:48:58,865 [INFO] Epoch 1/20, Train Loss: 2.1340, Train Acc: 0.2710, Val Loss: 2.2449, Val Acc: 0.2340
2025-04-09 02:48:59,937 [INFO] Epoch 2/20, Train Loss: 1.9594, Train Acc: 0.3160, Val Loss: 2.1053, Val Acc: 0.2820
2025-04-09 02:49:00,913 [INFO] Epoch 3/20, Train Loss: 1.7157, Train Acc: 0.4280, Val Loss: 1.9519, Val Acc: 0.3220
2025-04-09 02:49:01,863 [INFO] Epoch 4/20, Train Loss: 1.6632, Train Acc: 0.4270, Val Loss: 1.9786, Val Acc: 0.3140
2025-04-09 02:49:02,769 [INFO] Epoch 5/20, Train Loss: 1.5449, Train Acc: 0.4910, Val Loss: 1.8957, Val Acc: 0.3460
2025-04-09 02:49:03,649 [INFO] Epoch 6/20, Train Loss: 1.4932, Train Acc: 0.4970, Val Loss: 1.8634, Val Acc: 0.3520
2025-04-09 02:49:04,518 [INFO] Epoch 7/20, Train Loss: 1.4203, Train Acc: 0.5330, Val Loss: 1.8507, Val Acc: 0.3640
2025-04-09 02:49:05,358 [INFO] Epoch 8/20, Train Loss: 1.3625, Train Acc: 0.5540, Val Loss: 1.8396, Val Acc: 0.3660
2025-04-09 02:49:06,319 [INFO] Epoch 9/20, Train Loss: 1.2724, Train Acc: 0.5940, Val Loss: 1.7828, Val Acc: 0.3920
2025-04-09 02:49:07,262 [INFO] Epoch 10/20, Train Loss: 1.2955, Train Acc: 0.5710, Val Loss: 1.8335, Val Acc: 0.3640
2025-04-09 02:49:08,212 [INFO] Epoch 11/20, Train Loss: 1.2116, Train Acc: 0.6110, Val Loss: 1.7724, Val Acc: 0.4080
2025-04-09 02:49:09,138 [INFO] Epoch 12/20, Train Loss: 1.1727, Train Acc: 0.6370, Val Loss: 1.8164, Val Acc: 0.3900
2025-04-09 02:49:10,071 [INFO] Epoch 13/20, Train Loss: 1.1196, Train Acc: 0.6610, Val Loss: 1.7836, Val Acc: 0.4020
2025-04-09 02:49:11,003 [INFO] Epoch 14/20, Train Loss: 1.0894, Train Acc: 0.6900, Val Loss: 1.7716, Val Acc: 0.4060
2025-04-09 02:49:11,856 [INFO] Epoch 15/20, Train Loss: 1.0761, Train Acc: 0.6890, Val Loss: 1.7940, Val Acc: 0.4200
2025-04-09 02:49:12,733 [INFO] Epoch 16/20, Train Loss: 1.0086, Train Acc: 0.7230, Val Loss: 1.7415, Val Acc: 0.4180
2025-04-09 02:49:13,710 [INFO] Epoch 17/20, Train Loss: 1.0008, Train Acc: 0.7090, Val Loss: 1.7566, Val Acc: 0.4160
2025-04-09 02:49:14,806 [INFO] Epoch 18/20, Train Loss: 0.9991, Train Acc: 0.7140, Val Loss: 1.7723, Val Acc: 0.4220
2025-04-09 02:49:15,779 [INFO] Epoch 19/20, Train Loss: 0.9705, Train Acc: 0.7230, Val Loss: 1.7590, Val Acc: 0.4240
2025-04-09 02:49:16,799 [INFO] Epoch 20/20, Train Loss: 0.9254, Train Acc: 0.7680, Val Loss: 1.7546, Val Acc: 0.4240
