2025-04-13 12:02:39,485 [INFO] Starting CIFAR-10 training...
2025-04-13 12:02:40,890 [INFO] Starting hyperparameter search...
2025-04-13 12:03:08,952 [INFO] Epoch 1/5, Train Loss: 1.8016, Train Acc: 0.3480, Val Loss: 1.8918, Val Acc: 0.3180
2025-04-13 12:03:35,050 [INFO] Epoch 2/5, Train Loss: 1.6655, Train Acc: 0.4160, Val Loss: 1.7628, Val Acc: 0.3800
2025-04-13 12:04:01,667 [INFO] Epoch 3/5, Train Loss: 1.5944, Train Acc: 0.4430, Val Loss: 1.6882, Val Acc: 0.3840
2025-04-13 12:04:28,927 [INFO] Epoch 4/5, Train Loss: 1.5415, Train Acc: 0.4590, Val Loss: 1.6442, Val Acc: 0.3980
2025-04-13 12:04:56,445 [INFO] Epoch 5/5, Train Loss: 1.5042, Train Acc: 0.4860, Val Loss: 1.6077, Val Acc: 0.4280
2025-04-13 12:04:56,448 [INFO] 实验完成：conv1_filters=16, conv2_filters=16, val_acc=0.4280
2025-04-13 12:05:23,401 [INFO] Epoch 1/5, Train Loss: 1.7248, Train Acc: 0.3970, Val Loss: 1.8195, Val Acc: 0.3400
2025-04-13 12:05:51,388 [INFO] Epoch 2/5, Train Loss: 1.5628, Train Acc: 0.4690, Val Loss: 1.6743, Val Acc: 0.4120
2025-04-13 12:06:19,525 [INFO] Epoch 3/5, Train Loss: 1.4634, Train Acc: 0.4890, Val Loss: 1.5814, Val Acc: 0.4140
2025-04-13 12:06:48,614 [INFO] Epoch 4/5, Train Loss: 1.4046, Train Acc: 0.5180, Val Loss: 1.5329, Val Acc: 0.4480
2025-04-13 12:07:17,836 [INFO] Epoch 5/5, Train Loss: 1.3686, Train Acc: 0.5190, Val Loss: 1.4981, Val Acc: 0.4460
2025-04-13 12:07:17,837 [INFO] 实验完成：conv1_filters=16, conv2_filters=32, val_acc=0.4480
2025-04-13 12:07:46,130 [INFO] Epoch 1/5, Train Loss: 1.6283, Train Acc: 0.4350, Val Loss: 1.6739, Val Acc: 0.3700
2025-04-13 12:08:14,639 [INFO] Epoch 2/5, Train Loss: 1.4734, Train Acc: 0.4770, Val Loss: 1.5592, Val Acc: 0.4300
2025-04-13 12:08:44,201 [INFO] Epoch 3/5, Train Loss: 1.3943, Train Acc: 0.5030, Val Loss: 1.4974, Val Acc: 0.4460
2025-04-13 12:09:12,502 [INFO] Epoch 4/5, Train Loss: 1.3261, Train Acc: 0.5310, Val Loss: 1.4461, Val Acc: 0.4660
2025-04-13 12:09:42,015 [INFO] Epoch 5/5, Train Loss: 1.2902, Train Acc: 0.5590, Val Loss: 1.4232, Val Acc: 0.4760
2025-04-13 12:09:42,019 [INFO] 实验完成：conv1_filters=16, conv2_filters=64, val_acc=0.4760
2025-04-13 12:10:15,202 [INFO] Epoch 1/5, Train Loss: 1.7412, Train Acc: 0.3850, Val Loss: 1.8869, Val Acc: 0.3040
2025-04-13 12:10:49,612 [INFO] Epoch 2/5, Train Loss: 1.5862, Train Acc: 0.4500, Val Loss: 1.7394, Val Acc: 0.3860
2025-04-13 12:11:23,393 [INFO] Epoch 3/5, Train Loss: 1.4980, Train Acc: 0.4770, Val Loss: 1.6632, Val Acc: 0.4100
2025-04-13 12:11:57,576 [INFO] Epoch 4/5, Train Loss: 1.4424, Train Acc: 0.4920, Val Loss: 1.6117, Val Acc: 0.4360
2025-04-13 12:12:31,702 [INFO] Epoch 5/5, Train Loss: 1.4017, Train Acc: 0.5060, Val Loss: 1.5689, Val Acc: 0.4260
2025-04-13 12:12:31,703 [INFO] 实验完成：conv1_filters=32, conv2_filters=16, val_acc=0.4360
2025-04-13 12:13:04,794 [INFO] Epoch 1/5, Train Loss: 1.6244, Train Acc: 0.4310, Val Loss: 1.7775, Val Acc: 0.3460
2025-04-13 12:13:37,561 [INFO] Epoch 2/5, Train Loss: 1.4791, Train Acc: 0.4850, Val Loss: 1.6255, Val Acc: 0.3960
2025-04-13 12:14:11,019 [INFO] Epoch 3/5, Train Loss: 1.3934, Train Acc: 0.5100, Val Loss: 1.5359, Val Acc: 0.4220
2025-04-13 12:14:45,389 [INFO] Epoch 4/5, Train Loss: 1.3472, Train Acc: 0.5280, Val Loss: 1.4792, Val Acc: 0.4720
2025-04-13 12:15:18,990 [INFO] Epoch 5/5, Train Loss: 1.3138, Train Acc: 0.5540, Val Loss: 1.4290, Val Acc: 0.4940
2025-04-13 12:15:18,993 [INFO] 实验完成：conv1_filters=32, conv2_filters=32, val_acc=0.4940
2025-04-13 12:15:52,910 [INFO] Epoch 1/5, Train Loss: 1.6628, Train Acc: 0.4050, Val Loss: 1.7590, Val Acc: 0.3580
2025-04-13 12:16:25,989 [INFO] Epoch 2/5, Train Loss: 1.4806, Train Acc: 0.4840, Val Loss: 1.5823, Val Acc: 0.4160
2025-04-13 12:16:59,034 [INFO] Epoch 3/5, Train Loss: 1.3965, Train Acc: 0.5120, Val Loss: 1.5001, Val Acc: 0.4480
2025-04-13 12:17:31,993 [INFO] Epoch 4/5, Train Loss: 1.3349, Train Acc: 0.5290, Val Loss: 1.4319, Val Acc: 0.4760
2025-04-13 12:18:05,402 [INFO] Epoch 5/5, Train Loss: 1.2883, Train Acc: 0.5460, Val Loss: 1.4041, Val Acc: 0.5000
2025-04-13 12:18:05,406 [INFO] 实验完成：conv1_filters=32, conv2_filters=64, val_acc=0.5000
2025-04-13 12:18:49,853 [INFO] Epoch 1/5, Train Loss: 1.7286, Train Acc: 0.3840, Val Loss: 1.8002, Val Acc: 0.3720
2025-04-13 12:19:33,409 [INFO] Epoch 2/5, Train Loss: 1.5483, Train Acc: 0.4530, Val Loss: 1.6676, Val Acc: 0.4200
2025-04-13 12:20:19,086 [INFO] Epoch 3/5, Train Loss: 1.4609, Train Acc: 0.4860, Val Loss: 1.5757, Val Acc: 0.4500
2025-04-13 12:21:03,010 [INFO] Epoch 4/5, Train Loss: 1.4110, Train Acc: 0.4990, Val Loss: 1.5300, Val Acc: 0.4620
2025-04-13 12:21:45,936 [INFO] Epoch 5/5, Train Loss: 1.3760, Train Acc: 0.5110, Val Loss: 1.4858, Val Acc: 0.4600
2025-04-13 12:21:45,937 [INFO] 实验完成：conv1_filters=64, conv2_filters=16, val_acc=0.4620
2025-04-13 12:22:28,902 [INFO] Epoch 1/5, Train Loss: 1.6567, Train Acc: 0.4060, Val Loss: 1.7337, Val Acc: 0.3960
2025-04-13 12:23:13,254 [INFO] Epoch 2/5, Train Loss: 1.4679, Train Acc: 0.4740, Val Loss: 1.5722, Val Acc: 0.4260
2025-04-13 12:23:57,209 [INFO] Epoch 3/5, Train Loss: 1.3732, Train Acc: 0.5150, Val Loss: 1.4864, Val Acc: 0.4600
2025-04-13 12:24:39,892 [INFO] Epoch 4/5, Train Loss: 1.3048, Train Acc: 0.5500, Val Loss: 1.4436, Val Acc: 0.5020
2025-04-13 12:25:23,052 [INFO] Epoch 5/5, Train Loss: 1.2495, Train Acc: 0.5680, Val Loss: 1.4044, Val Acc: 0.5020
2025-04-13 12:25:23,052 [INFO] 实验完成：conv1_filters=64, conv2_filters=32, val_acc=0.5020
2025-04-13 12:26:08,229 [INFO] Epoch 1/5, Train Loss: 1.5651, Train Acc: 0.4530, Val Loss: 1.6804, Val Acc: 0.3860
2025-04-13 12:26:55,380 [INFO] Epoch 2/5, Train Loss: 1.4086, Train Acc: 0.5100, Val Loss: 1.5438, Val Acc: 0.4580
2025-04-13 12:27:41,018 [INFO] Epoch 3/5, Train Loss: 1.3243, Train Acc: 0.5460, Val Loss: 1.4622, Val Acc: 0.4840
2025-04-13 12:28:28,596 [INFO] Epoch 4/5, Train Loss: 1.2530, Train Acc: 0.5680, Val Loss: 1.4132, Val Acc: 0.4940
2025-04-13 12:29:14,632 [INFO] Epoch 5/5, Train Loss: 1.2125, Train Acc: 0.5820, Val Loss: 1.3565, Val Acc: 0.5120
2025-04-13 12:29:14,636 [INFO] 实验完成：conv1_filters=64, conv2_filters=64, val_acc=0.5120
2025-04-13 12:30:00,164 [INFO] Epoch 1/20, Train Loss: 1.6170, Train Acc: 0.4250, Val Loss: 1.7114, Val Acc: 0.3700
2025-04-13 12:30:46,561 [INFO] Epoch 2/20, Train Loss: 1.4574, Train Acc: 0.4910, Val Loss: 1.5862, Val Acc: 0.4080
2025-04-13 12:31:32,394 [INFO] Epoch 3/20, Train Loss: 1.3527, Train Acc: 0.5290, Val Loss: 1.4896, Val Acc: 0.4520
2025-04-13 12:32:19,075 [INFO] Epoch 4/20, Train Loss: 1.2920, Train Acc: 0.5550, Val Loss: 1.4287, Val Acc: 0.4820
2025-04-13 12:33:05,344 [INFO] Epoch 5/20, Train Loss: 1.2327, Train Acc: 0.5800, Val Loss: 1.3671, Val Acc: 0.5120
2025-04-13 12:33:51,146 [INFO] Epoch 6/20, Train Loss: 1.2020, Train Acc: 0.5900, Val Loss: 1.3328, Val Acc: 0.5280
2025-04-13 12:34:36,874 [INFO] Epoch 7/20, Train Loss: 1.1668, Train Acc: 0.6010, Val Loss: 1.2878, Val Acc: 0.5460
2025-04-13 12:35:23,822 [INFO] Epoch 8/20, Train Loss: 1.1407, Train Acc: 0.6080, Val Loss: 1.2645, Val Acc: 0.5560
2025-04-13 12:36:10,474 [INFO] Epoch 9/20, Train Loss: 1.1247, Train Acc: 0.6200, Val Loss: 1.2467, Val Acc: 0.5680
2025-04-13 12:36:56,257 [INFO] Epoch 10/20, Train Loss: 1.0927, Train Acc: 0.6300, Val Loss: 1.2328, Val Acc: 0.5740
2025-04-13 12:37:41,966 [INFO] Epoch 11/20, Train Loss: 1.0904, Train Acc: 0.6230, Val Loss: 1.2085, Val Acc: 0.5800
2025-04-13 12:38:27,232 [INFO] Epoch 12/20, Train Loss: 1.0677, Train Acc: 0.6270, Val Loss: 1.2006, Val Acc: 0.5920
2025-04-13 12:39:15,014 [INFO] Epoch 13/20, Train Loss: 1.0447, Train Acc: 0.6380, Val Loss: 1.1845, Val Acc: 0.6060
2025-04-13 12:40:01,755 [INFO] Epoch 14/20, Train Loss: 1.0355, Train Acc: 0.6320, Val Loss: 1.1644, Val Acc: 0.5920
2025-04-13 12:40:48,589 [INFO] Epoch 15/20, Train Loss: 1.0217, Train Acc: 0.6400, Val Loss: 1.1663, Val Acc: 0.5980
2025-04-13 12:41:34,344 [INFO] Epoch 16/20, Train Loss: 1.0076, Train Acc: 0.6430, Val Loss: 1.1498, Val Acc: 0.6220
2025-04-13 12:42:19,827 [INFO] Epoch 17/20, Train Loss: 1.0029, Train Acc: 0.6470, Val Loss: 1.1310, Val Acc: 0.6040
2025-04-13 12:43:06,977 [INFO] Epoch 18/20, Train Loss: 0.9923, Train Acc: 0.6490, Val Loss: 1.1312, Val Acc: 0.6220
2025-04-13 12:43:52,914 [INFO] Epoch 19/20, Train Loss: 0.9879, Train Acc: 0.6530, Val Loss: 1.1355, Val Acc: 0.6060
2025-04-13 12:44:38,344 [INFO] Epoch 20/20, Train Loss: 0.9672, Train Acc: 0.6590, Val Loss: 1.1124, Val Acc: 0.6160
2025-04-13 12:44:40,074 [INFO] Test Accuracy: 0.6123
2025-04-13 12:44:40,074 [INFO] Training completed.
