2025-04-11 01:30:52,933 [INFO] Starting CIFAR-10 training...
2025-04-11 01:30:54,243 [INFO] Starting hyperparameter search...
2025-04-11 01:30:54,243 [INFO] 
 Hyperparameters: lr=0.1, reg=0.1
2025-04-11 01:30:58,782 [INFO] Epoch 1/5, Train Loss: 1.7601, Val Loss: 2.6197, Val Acc: 0.1674
2025-04-11 01:31:01,785 [INFO] Epoch 2/5, Train Loss: 1.7234, Val Loss: 2.2282, Val Acc: 0.1872
2025-04-11 01:31:05,140 [INFO] Epoch 3/5, Train Loss: 1.7208, Val Loss: 7.7521, Val Acc: 0.0988
2025-04-11 01:31:05,594 [INFO] Epoch 4/5, Train Loss: 1.7131, Val Loss: 3.3142, Val Acc: 0.1344
2025-04-11 01:31:09,013 [INFO] Epoch 5/5, Train Loss: 1.7065, Val Loss: 2.3176, Val Acc: 0.2010
2025-04-11 01:31:09,019 [INFO] 
 Hyperparameters: lr=0.1, reg=0.01
2025-04-11 01:31:12,142 [INFO] Epoch 1/5, Train Loss: 1.4306, Val Loss: 1.5701, Val Acc: 0.4632
2025-04-11 01:31:15,405 [INFO] Epoch 2/5, Train Loss: 1.1684, Val Loss: 1.6346, Val Acc: 0.4454
2025-04-11 01:31:19,042 [INFO] Epoch 3/5, Train Loss: 1.1218, Val Loss: 1.5786, Val Acc: 0.4986
2025-04-11 01:31:22,727 [INFO] Epoch 4/5, Train Loss: 1.0930, Val Loss: 3.0671, Val Acc: 0.2714
2025-04-11 01:31:26,644 [INFO] Epoch 5/5, Train Loss: 1.0784, Val Loss: 2.7105, Val Acc: 0.2352
2025-04-11 01:31:26,648 [INFO] 
 Hyperparameters: lr=0.1, reg=0.001
2025-04-11 01:31:30,869 [INFO] Epoch 1/5, Train Loss: 1.3865, Val Loss: 3.6173, Val Acc: 0.2374
2025-04-11 01:31:34,250 [INFO] Epoch 2/5, Train Loss: 1.0464, Val Loss: 3.3469, Val Acc: 0.2890
2025-04-11 01:31:35,045 [INFO] Epoch 3/5, Train Loss: 0.9558, Val Loss: 1.3188, Val Acc: 0.5480
2025-04-11 01:31:38,394 [INFO] Epoch 4/5, Train Loss: 0.8955, Val Loss: 2.0781, Val Acc: 0.4196
2025-04-11 01:31:41,750 [INFO] Epoch 5/5, Train Loss: 0.8548, Val Loss: 2.0774, Val Acc: 0.4834
2025-04-11 01:31:41,755 [INFO] 
 Hyperparameters: lr=0.01, reg=0.1
2025-04-11 01:31:45,154 [INFO] Epoch 1/5, Train Loss: 1.5512, Val Loss: 1.8408, Val Acc: 0.3838
2025-04-11 01:31:48,298 [INFO] Epoch 2/5, Train Loss: 1.3693, Val Loss: 3.3843, Val Acc: 0.1550
2025-04-11 01:31:51,703 [INFO] Epoch 3/5, Train Loss: 1.3345, Val Loss: 1.6165, Val Acc: 0.4180
2025-04-11 01:31:55,684 [INFO] Epoch 4/5, Train Loss: 1.3202, Val Loss: 1.7873, Val Acc: 0.3344
2025-04-11 01:31:59,140 [INFO] Epoch 5/5, Train Loss: 1.3149, Val Loss: 2.2705, Val Acc: 0.2522
2025-04-11 01:31:59,143 [INFO] 
 Hyperparameters: lr=0.01, reg=0.01
