2025-04-09 03:07:36,175 [INFO] Starting CIFAR-10 training...
2025-04-09 03:07:41,758 [INFO] Starting hyperparameter search...
2025-04-09 03:07:41,758 [INFO] 
 Hyperparameters: lr=0.1, reg=0.1
2025-04-09 03:08:26,068 [INFO] Epoch 1/5, Train Loss: 4.5804, Train Acc: 0.1810, Val Loss: 4.6527, Val Acc: 0.1720
2025-04-09 03:09:03,870 [INFO] Epoch 2/5, Train Loss: 3.4857, Train Acc: 0.1600, Val Loss: 3.4528, Val Acc: 0.1680
2025-04-09 03:09:44,762 [INFO] Epoch 3/5, Train Loss: 2.9824, Train Acc: 0.2000, Val Loss: 2.9602, Val Acc: 0.2240
2025-04-09 03:10:26,668 [INFO] Epoch 4/5, Train Loss: 2.5572, Train Acc: 0.1810, Val Loss: 2.5800, Val Acc: 0.1640
2025-04-09 03:11:04,614 [INFO] Epoch 5/5, Train Loss: 2.4911, Train Acc: 0.1750, Val Loss: 2.4314, Val Acc: 0.2100
2025-04-09 03:11:04,638 [INFO] 
 Hyperparameters: lr=0.1, reg=0.01
2025-04-09 03:11:47,174 [INFO] Epoch 1/5, Train Loss: 4.1847, Train Acc: 0.2240, Val Loss: 4.0849, Val Acc: 0.2160
2025-04-09 03:12:30,786 [INFO] Epoch 2/5, Train Loss: 4.2762, Train Acc: 0.1740, Val Loss: 4.3182, Val Acc: 0.1580
2025-04-09 03:13:10,968 [INFO] Epoch 3/5, Train Loss: 2.9958, Train Acc: 0.1460, Val Loss: 2.9594, Val Acc: 0.1720
2025-04-09 03:13:54,425 [INFO] Epoch 4/5, Train Loss: 2.4976, Train Acc: 0.2310, Val Loss: 2.4161, Val Acc: 0.2800
2025-04-09 03:14:36,365 [INFO] Epoch 5/5, Train Loss: 2.3087, Train Acc: 0.2920, Val Loss: 2.2700, Val Acc: 0.2980
2025-04-09 03:14:36,370 [INFO] 
 Hyperparameters: lr=0.1, reg=0.001
2025-04-09 03:15:21,595 [INFO] Epoch 1/5, Train Loss: 4.0198, Train Acc: 0.1880, Val Loss: 3.9290, Val Acc: 0.1760
2025-04-09 03:16:04,382 [INFO] Epoch 2/5, Train Loss: 3.1610, Train Acc: 0.2160, Val Loss: 3.0691, Val Acc: 0.2460
2025-04-09 03:16:44,168 [INFO] Epoch 3/5, Train Loss: 3.8106, Train Acc: 0.2040, Val Loss: 3.9109, Val Acc: 0.1820
2025-04-09 03:17:25,467 [INFO] Epoch 4/5, Train Loss: 2.5970, Train Acc: 0.3050, Val Loss: 2.5482, Val Acc: 0.3100
2025-04-09 03:18:07,783 [INFO] Epoch 5/5, Train Loss: 2.5350, Train Acc: 0.3040, Val Loss: 2.4858, Val Acc: 0.3020
2025-04-09 03:18:07,799 [INFO] 
 Hyperparameters: lr=0.01, reg=0.1
2025-04-09 03:18:47,048 [INFO] Epoch 1/5, Train Loss: 2.2536, Train Acc: 0.4400, Val Loss: 2.2334, Val Acc: 0.4340
2025-04-09 03:19:26,889 [INFO] Epoch 2/5, Train Loss: 1.8058, Train Acc: 0.5140, Val Loss: 1.8471, Val Acc: 0.4620
2025-04-09 03:20:05,954 [INFO] Epoch 3/5, Train Loss: 1.9198, Train Acc: 0.4600, Val Loss: 1.8980, Val Acc: 0.4700
2025-04-09 03:20:45,016 [INFO] Epoch 4/5, Train Loss: 1.9393, Train Acc: 0.4770, Val Loss: 1.9450, Val Acc: 0.4560
2025-04-09 03:21:25,706 [INFO] Epoch 5/5, Train Loss: 1.9713, Train Acc: 0.4560, Val Loss: 1.9307, Val Acc: 0.4660
2025-04-09 03:21:25,729 [INFO] 
 Hyperparameters: lr=0.01, reg=0.01
2025-04-09 03:22:07,143 [INFO] Epoch 1/5, Train Loss: 2.0055, Train Acc: 0.5160, Val Loss: 2.0423, Val Acc: 0.4920
2025-04-09 03:22:46,226 [INFO] Epoch 2/5, Train Loss: 1.7769, Train Acc: 0.5740, Val Loss: 1.8046, Val Acc: 0.5400
2025-04-09 03:23:28,690 [INFO] Epoch 3/5, Train Loss: 1.6495, Train Acc: 0.5940, Val Loss: 1.7059, Val Acc: 0.5560
2025-04-09 03:24:12,541 [INFO] Epoch 4/5, Train Loss: 1.6308, Train Acc: 0.5960, Val Loss: 1.6804, Val Acc: 0.5500
2025-04-09 03:24:53,175 [INFO] Epoch 5/5, Train Loss: 1.5881, Train Acc: 0.5860, Val Loss: 1.6576, Val Acc: 0.5520
2025-04-09 03:24:53,191 [INFO] 
 Hyperparameters: lr=0.01, reg=0.001
2025-04-09 03:25:35,817 [INFO] Epoch 1/5, Train Loss: 1.4991, Train Acc: 0.5030, Val Loss: 1.5384, Val Acc: 0.4900
2025-04-09 03:26:15,081 [INFO] Epoch 2/5, Train Loss: 1.4216, Train Acc: 0.5370, Val Loss: 1.4265, Val Acc: 0.5360
2025-04-09 03:26:57,031 [INFO] Epoch 3/5, Train Loss: 1.3335, Train Acc: 0.5670, Val Loss: 1.3907, Val Acc: 0.5380
2025-04-09 03:27:35,786 [INFO] Epoch 4/5, Train Loss: 1.2712, Train Acc: 0.5930, Val Loss: 1.3258, Val Acc: 0.5780
2025-04-09 03:28:15,341 [INFO] Epoch 5/5, Train Loss: 1.2656, Train Acc: 0.5800, Val Loss: 1.3406, Val Acc: 0.5540
2025-04-09 03:28:15,359 [INFO] 
 Hyperparameters: lr=0.001, reg=0.1
2025-04-09 03:28:52,975 [INFO] Epoch 1/5, Train Loss: 7.1645, Train Acc: 0.4080, Val Loss: 7.1904, Val Acc: 0.3640
2025-04-09 03:29:32,582 [INFO] Epoch 2/5, Train Loss: 5.6892, Train Acc: 0.4730, Val Loss: 5.7347, Val Acc: 0.4340
2025-04-09 03:30:12,080 [INFO] Epoch 3/5, Train Loss: 4.7112, Train Acc: 0.5000, Val Loss: 4.7579, Val Acc: 0.4440
2025-04-09 03:30:49,512 [INFO] Epoch 4/5, Train Loss: 4.0163, Train Acc: 0.5160, Val Loss: 4.0610, Val Acc: 0.4620
2025-04-09 03:31:28,898 [INFO] Epoch 5/5, Train Loss: 3.5559, Train Acc: 0.5280, Val Loss: 3.5897, Val Acc: 0.4600
2025-04-09 03:31:28,915 [INFO] 
 Hyperparameters: lr=0.001, reg=0.01
2025-04-09 03:32:09,113 [INFO] Epoch 1/5, Train Loss: 2.4616, Train Acc: 0.3980, Val Loss: 2.5081, Val Acc: 0.3640
2025-04-09 03:32:48,848 [INFO] Epoch 2/5, Train Loss: 2.2818, Train Acc: 0.4550, Val Loss: 2.3416, Val Acc: 0.3980
2025-04-09 03:33:26,464 [INFO] Epoch 3/5, Train Loss: 2.1727, Train Acc: 0.4930, Val Loss: 2.2247, Val Acc: 0.4500
2025-04-09 03:34:06,248 [INFO] Epoch 4/5, Train Loss: 2.1117, Train Acc: 0.5050, Val Loss: 2.1561, Val Acc: 0.4700
2025-04-09 03:34:45,902 [INFO] Epoch 5/5, Train Loss: 2.0692, Train Acc: 0.5150, Val Loss: 2.1186, Val Acc: 0.4760
2025-04-09 03:34:45,922 [INFO] 
 Hyperparameters: lr=0.001, reg=0.001
2025-04-09 03:35:23,735 [INFO] Epoch 1/5, Train Loss: 1.8150, Train Acc: 0.3780, Val Loss: 1.7836, Val Acc: 0.3840
2025-04-09 03:36:03,646 [INFO] Epoch 2/5, Train Loss: 1.6533, Train Acc: 0.4490, Val Loss: 1.6710, Val Acc: 0.4300
2025-04-09 03:36:42,925 [INFO] Epoch 3/5, Train Loss: 1.5407, Train Acc: 0.4910, Val Loss: 1.6027, Val Acc: 0.4420
2025-04-09 03:37:22,242 [INFO] Epoch 4/5, Train Loss: 1.4736, Train Acc: 0.5160, Val Loss: 1.5504, Val Acc: 0.4660
2025-04-09 03:38:00,023 [INFO] Epoch 5/5, Train Loss: 1.4309, Train Acc: 0.5220, Val Loss: 1.5115, Val Acc: 0.4880
2025-04-09 03:38:39,302 [INFO] Epoch 1/20, Train Loss: 1.4057, Train Acc: 0.5340, Val Loss: 1.4465, Val Acc: 0.5080
2025-04-09 03:39:18,837 [INFO] Epoch 2/20, Train Loss: 1.3038, Train Acc: 0.5830, Val Loss: 1.3516, Val Acc: 0.5340
2025-04-09 03:39:57,968 [INFO] Epoch 3/20, Train Loss: 1.2919, Train Acc: 0.5920, Val Loss: 1.3302, Val Acc: 0.5520
2025-04-09 03:40:37,580 [INFO] Epoch 4/20, Train Loss: 1.2547, Train Acc: 0.6020, Val Loss: 1.2742, Val Acc: 0.5980
2025-04-09 03:41:14,016 [INFO] Epoch 5/20, Train Loss: 1.2225, Train Acc: 0.6160, Val Loss: 1.2691, Val Acc: 0.5940
2025-04-09 03:41:52,678 [INFO] Epoch 6/20, Train Loss: 1.2462, Train Acc: 0.6130, Val Loss: 1.3281, Val Acc: 0.5520
2025-04-09 03:42:32,453 [INFO] Epoch 7/20, Train Loss: 1.2188, Train Acc: 0.6190, Val Loss: 1.2724, Val Acc: 0.5980
2025-04-09 03:43:11,991 [INFO] Epoch 8/20, Train Loss: 1.2634, Train Acc: 0.6020, Val Loss: 1.2984, Val Acc: 0.5720
2025-04-09 03:43:49,732 [INFO] Epoch 9/20, Train Loss: 1.2162, Train Acc: 0.6310, Val Loss: 1.2659, Val Acc: 0.6080
2025-04-09 03:44:29,385 [INFO] Epoch 10/20, Train Loss: 1.2152, Train Acc: 0.6250, Val Loss: 1.2638, Val Acc: 0.6140
2025-04-09 03:45:09,274 [INFO] Epoch 11/20, Train Loss: 1.2118, Train Acc: 0.6190, Val Loss: 1.2481, Val Acc: 0.6180
2025-04-09 03:45:48,838 [INFO] Epoch 12/20, Train Loss: 1.2641, Train Acc: 0.6050, Val Loss: 1.2498, Val Acc: 0.6040
2025-04-09 03:46:27,203 [INFO] Epoch 13/20, Train Loss: 1.2104, Train Acc: 0.6140, Val Loss: 1.2183, Val Acc: 0.6100
2025-04-09 03:47:06,009 [INFO] Epoch 14/20, Train Loss: 1.1863, Train Acc: 0.6350, Val Loss: 1.2086, Val Acc: 0.6220
2025-04-09 03:47:46,737 [INFO] Epoch 15/20, Train Loss: 1.1762, Train Acc: 0.6320, Val Loss: 1.2333, Val Acc: 0.6380
2025-04-09 03:48:25,047 [INFO] Epoch 16/20, Train Loss: 1.2014, Train Acc: 0.6410, Val Loss: 1.2383, Val Acc: 0.6260
2025-04-09 03:49:03,076 [INFO] Epoch 17/20, Train Loss: 1.1972, Train Acc: 0.6370, Val Loss: 1.2223, Val Acc: 0.6300
2025-04-09 03:49:43,482 [INFO] Epoch 18/20, Train Loss: 1.1765, Train Acc: 0.6430, Val Loss: 1.2114, Val Acc: 0.6420
2025-04-09 03:50:21,888 [INFO] Epoch 19/20, Train Loss: 1.1792, Train Acc: 0.6500, Val Loss: 1.2339, Val Acc: 0.6360
2025-04-09 03:51:02,255 [INFO] Epoch 20/20, Train Loss: 1.1701, Train Acc: 0.6430, Val Loss: 1.2077, Val Acc: 0.6420
2025-04-09 03:51:03,746 [INFO] Test Accuracy: 0.5929
2025-04-09 03:51:03,746 [INFO] Training completed.
