2025-04-11 01:03:26,504 [INFO] Starting CIFAR-10 training...
2025-04-11 01:03:27,859 [INFO] Starting hyperparameter search...
2025-04-11 01:03:27,860 [INFO] 
 Hyperparameters: lr=0.1, reg=0.1
2025-04-11 01:03:29,825 [INFO] Epoch 1/5, Train Loss: 10.5594, Train Acc: 0.0940, Val Loss: 10.5398, Val Acc: 0.1200
2025-04-11 01:03:30,562 [INFO] Epoch 2/5, Train Loss: 7.9539, Train Acc: 0.1580, Val Loss: 7.9666, Val Acc: 0.1340
2025-04-11 01:03:31,312 [INFO] Epoch 3/5, Train Loss: 6.3289, Train Acc: 0.1740, Val Loss: 6.4193, Val Acc: 0.1400
2025-04-11 01:03:32,106 [INFO] Epoch 4/5, Train Loss: 5.7233, Train Acc: 0.1590, Val Loss: 6.0247, Val Acc: 0.1400
2025-04-11 01:03:32,833 [INFO] Epoch 5/5, Train Loss: 6.2640, Train Acc: 0.1550, Val Loss: 6.4545, Val Acc: 0.1300
2025-04-11 01:03:32,837 [INFO] 
 Hyperparameters: lr=0.1, reg=0.01
2025-04-11 01:03:33,563 [INFO] Epoch 1/5, Train Loss: 3.6691, Train Acc: 0.1650, Val Loss: 3.8278, Val Acc: 0.1440
2025-04-11 01:03:34,288 [INFO] Epoch 2/5, Train Loss: 3.9488, Train Acc: 0.1860, Val Loss: 4.1061, Val Acc: 0.1600
2025-04-11 01:03:35,043 [INFO] Epoch 3/5, Train Loss: 3.8717, Train Acc: 0.1870, Val Loss: 4.2610, Val Acc: 0.1500
2025-04-11 01:03:35,831 [INFO] Epoch 4/5, Train Loss: 3.9034, Train Acc: 0.2130, Val Loss: 4.2674, Val Acc: 0.1800
2025-04-11 01:03:36,601 [INFO] Epoch 5/5, Train Loss: 4.3895, Train Acc: 0.1520, Val Loss: 4.6067, Val Acc: 0.1440
2025-04-11 01:03:36,603 [INFO] 
 Hyperparameters: lr=0.1, reg=0.001
2025-04-11 01:03:37,348 [INFO] Epoch 1/5, Train Loss: 3.1347, Train Acc: 0.1550, Val Loss: 3.3369, Val Acc: 0.1120
2025-04-11 01:03:38,079 [INFO] Epoch 2/5, Train Loss: 3.9598, Train Acc: 0.1650, Val Loss: 4.3087, Val Acc: 0.1180
2025-04-11 01:03:38,806 [INFO] Epoch 3/5, Train Loss: 3.5921, Train Acc: 0.1650, Val Loss: 3.7296, Val Acc: 0.1240
2025-04-11 01:03:39,604 [INFO] Epoch 4/5, Train Loss: 4.0811, Train Acc: 0.1250, Val Loss: 4.3189, Val Acc: 0.0980
2025-04-11 01:03:40,435 [INFO] Epoch 5/5, Train Loss: 3.6726, Train Acc: 0.1630, Val Loss: 4.0862, Val Acc: 0.1440
2025-04-11 01:03:40,438 [INFO] 
 Hyperparameters: lr=0.01, reg=0.1
2025-04-11 01:03:41,263 [INFO] Epoch 1/5, Train Loss: 9.1521, Train Acc: 0.2740, Val Loss: 9.3602, Val Acc: 0.1940
2025-04-11 01:03:42,060 [INFO] Epoch 2/5, Train Loss: 8.5402, Train Acc: 0.3410, Val Loss: 8.8456, Val Acc: 0.2220
2025-04-11 01:03:42,965 [INFO] Epoch 3/5, Train Loss: 8.0298, Train Acc: 0.3950, Val Loss: 8.3814, Val Acc: 0.2620
2025-04-11 01:03:43,809 [INFO] Epoch 4/5, Train Loss: 7.6233, Train Acc: 0.4290, Val Loss: 8.0294, Val Acc: 0.2540
2025-04-11 01:03:44,617 [INFO] Epoch 5/5, Train Loss: 7.2323, Train Acc: 0.4830, Val Loss: 7.6945, Val Acc: 0.2880
2025-04-11 01:03:44,620 [INFO] 
 Hyperparameters: lr=0.01, reg=0.01
2025-04-11 01:03:45,463 [INFO] Epoch 1/5, Train Loss: 2.7888, Train Acc: 0.2900, Val Loss: 3.0206, Val Acc: 0.1960
2025-04-11 01:03:46,269 [INFO] Epoch 2/5, Train Loss: 2.5895, Train Acc: 0.3320, Val Loss: 2.8919, Val Acc: 0.2380
2025-04-11 01:03:47,183 [INFO] Epoch 3/5, Train Loss: 2.4084, Train Acc: 0.4180, Val Loss: 2.8353, Val Acc: 0.2600
2025-04-11 01:03:47,994 [INFO] Epoch 4/5, Train Loss: 2.3026, Train Acc: 0.4680, Val Loss: 2.7949, Val Acc: 0.2600
2025-04-11 01:03:48,849 [INFO] Epoch 5/5, Train Loss: 2.2062, Train Acc: 0.4870, Val Loss: 2.7294, Val Acc: 0.2660
2025-04-11 01:03:48,853 [INFO] 
 Hyperparameters: lr=0.01, reg=0.001
2025-04-11 01:03:49,654 [INFO] Epoch 1/5, Train Loss: 2.1266, Train Acc: 0.2610, Val Loss: 2.3332, Val Acc: 0.1860
2025-04-11 01:03:50,497 [INFO] Epoch 2/5, Train Loss: 1.9452, Train Acc: 0.3250, Val Loss: 2.2967, Val Acc: 0.2400
2025-04-11 01:03:51,378 [INFO] Epoch 3/5, Train Loss: 1.7418, Train Acc: 0.4160, Val Loss: 2.1634, Val Acc: 0.2580
2025-04-11 01:03:52,191 [INFO] Epoch 4/5, Train Loss: 1.6627, Train Acc: 0.4440, Val Loss: 2.1052, Val Acc: 0.2820
2025-04-11 01:03:50,176 [INFO] Epoch 5/5, Train Loss: 1.6154, Train Acc: 0.4640, Val Loss: 2.1091, Val Acc: 0.2580
2025-04-11 01:03:50,179 [INFO] 
 Hyperparameters: lr=0.001, reg=0.1
2025-04-11 01:03:51,005 [INFO] Epoch 1/5, Train Loss: 10.1271, Train Acc: 0.1150, Val Loss: 10.2167, Val Acc: 0.1060
2025-04-11 01:03:51,885 [INFO] Epoch 2/5, Train Loss: 9.9024, Train Acc: 0.1290, Val Loss: 9.9906, Val Acc: 0.1260
2025-04-11 01:03:52,681 [INFO] Epoch 3/5, Train Loss: 9.7556, Train Acc: 0.1610, Val Loss: 9.8558, Val Acc: 0.1440
2025-04-11 01:03:53,501 [INFO] Epoch 4/5, Train Loss: 9.6382, Train Acc: 0.1780, Val Loss: 9.7489, Val Acc: 0.1560
2025-04-11 01:03:54,280 [INFO] Epoch 5/5, Train Loss: 9.5376, Train Acc: 0.2100, Val Loss: 9.6585, Val Acc: 0.1600
2025-04-11 01:03:54,284 [INFO] 
 Hyperparameters: lr=0.001, reg=0.01
2025-04-11 01:03:55,081 [INFO] Epoch 1/5, Train Loss: 3.3959, Train Acc: 0.1260, Val Loss: 3.4637, Val Acc: 0.1200
2025-04-11 01:03:55,903 [INFO] Epoch 2/5, Train Loss: 3.2475, Train Acc: 0.1520, Val Loss: 3.3286, Val Acc: 0.1200
2025-04-11 01:03:56,721 [INFO] Epoch 3/5, Train Loss: 3.1592, Train Acc: 0.1600, Val Loss: 3.2595, Val Acc: 0.1300
2025-04-11 01:03:57,542 [INFO] Epoch 4/5, Train Loss: 3.0845, Train Acc: 0.1720, Val Loss: 3.2097, Val Acc: 0.1480
2025-04-11 01:03:58,331 [INFO] Epoch 5/5, Train Loss: 3.0240, Train Acc: 0.1940, Val Loss: 3.1599, Val Acc: 0.1620
2025-04-11 01:03:58,335 [INFO] 
 Hyperparameters: lr=0.001, reg=0.001
2025-04-11 01:03:59,157 [INFO] Epoch 1/5, Train Loss: 2.7133, Train Acc: 0.1260, Val Loss: 2.7590, Val Acc: 0.1340
2025-04-11 01:03:59,932 [INFO] Epoch 2/5, Train Loss: 2.5771, Train Acc: 0.1340, Val Loss: 2.6533, Val Acc: 0.1400
2025-04-11 01:04:00,785 [INFO] Epoch 3/5, Train Loss: 2.4909, Train Acc: 0.1560, Val Loss: 2.5911, Val Acc: 0.1540
2025-04-11 01:04:01,539 [INFO] Epoch 4/5, Train Loss: 2.4173, Train Acc: 0.1740, Val Loss: 2.5405, Val Acc: 0.1600
2025-04-11 01:04:02,431 [INFO] Epoch 5/5, Train Loss: 2.3591, Train Acc: 0.1950, Val Loss: 2.5008, Val Acc: 0.1600
2025-04-11 01:04:03,231 [INFO] Epoch 1/20, Train Loss: 9.0881, Train Acc: 0.2640, Val Loss: 9.2570, Val Acc: 0.2160
2025-04-11 01:04:03,984 [INFO] Epoch 2/20, Train Loss: 8.3916, Train Acc: 0.3580, Val Loss: 8.6712, Val Acc: 0.2580
2025-04-11 01:04:04,811 [INFO] Epoch 3/20, Train Loss: 7.9141, Train Acc: 0.4230, Val Loss: 8.2489, Val Acc: 0.2660
2025-04-11 01:04:05,607 [INFO] Epoch 4/20, Train Loss: 7.4926, Train Acc: 0.4350, Val Loss: 7.9525, Val Acc: 0.2720
2025-04-11 01:04:06,371 [INFO] Epoch 5/20, Train Loss: 7.1495, Train Acc: 0.4840, Val Loss: 7.5809, Val Acc: 0.3020
2025-04-11 01:04:07,229 [INFO] Epoch 6/20, Train Loss: 6.8257, Train Acc: 0.5280, Val Loss: 7.3104, Val Acc: 0.3240
2025-04-11 01:04:08,089 [INFO] Epoch 7/20, Train Loss: 6.5600, Train Acc: 0.5260, Val Loss: 7.1159, Val Acc: 0.3120
2025-04-11 01:04:08,924 [INFO] Epoch 8/20, Train Loss: 6.2909, Train Acc: 0.5870, Val Loss: 6.8606, Val Acc: 0.3100
2025-04-11 01:04:09,763 [INFO] Epoch 9/20, Train Loss: 6.0746, Train Acc: 0.5900, Val Loss: 6.6887, Val Acc: 0.3080
2025-04-11 01:04:10,520 [INFO] Epoch 10/20, Train Loss: 5.8874, Train Acc: 0.5820, Val Loss: 6.5218, Val Acc: 0.3120
2025-04-11 01:04:11,438 [INFO] Epoch 11/20, Train Loss: 5.7286, Train Acc: 0.6020, Val Loss: 6.3679, Val Acc: 0.3240
2025-04-11 01:04:12,307 [INFO] Epoch 12/20, Train Loss: 5.5593, Train Acc: 0.6020, Val Loss: 6.2166, Val Acc: 0.3220
2025-04-11 01:04:13,132 [INFO] Epoch 13/20, Train Loss: 5.4212, Train Acc: 0.6170, Val Loss: 6.1020, Val Acc: 0.3260
2025-04-11 01:04:14,001 [INFO] Epoch 14/20, Train Loss: 5.2781, Train Acc: 0.6360, Val Loss: 5.9484, Val Acc: 0.3240
2025-04-11 01:04:14,843 [INFO] Epoch 15/20, Train Loss: 5.1625, Train Acc: 0.6220, Val Loss: 5.8648, Val Acc: 0.3300
2025-04-11 01:04:15,693 [INFO] Epoch 16/20, Train Loss: 5.0331, Train Acc: 0.6510, Val Loss: 5.7426, Val Acc: 0.3260
2025-04-11 01:04:16,431 [INFO] Epoch 17/20, Train Loss: 4.9395, Train Acc: 0.6670, Val Loss: 5.6814, Val Acc: 0.3300
2025-04-11 01:04:17,156 [INFO] Epoch 18/20, Train Loss: 4.8758, Train Acc: 0.6520, Val Loss: 5.6105, Val Acc: 0.3300
2025-04-11 01:04:17,971 [INFO] Epoch 19/20, Train Loss: 4.7765, Train Acc: 0.6510, Val Loss: 5.5202, Val Acc: 0.3420
2025-04-11 01:04:18,772 [INFO] Epoch 20/20, Train Loss: 4.7012, Train Acc: 0.6620, Val Loss: 5.4662, Val Acc: 0.3140
2025-04-11 01:04:19,645 [INFO] Test Accuracy: 0.3766
2025-04-11 01:04:19,645 [INFO] Training completed.
