2025-04-11 00:55:25,532 [INFO] Starting CIFAR-10 training...
2025-04-11 00:55:25,042 [INFO] Starting hyperparameter search...
2025-04-11 00:55:25,042 [INFO] 
 Hyperparameters: lr=0.1, reg=0.1
2025-04-11 00:55:27,008 [INFO] Epoch 1/5, Train Loss: 8.9262, Train Acc: 0.1540, Val Loss: 9.0271, Val Acc: 0.1040
2025-04-11 00:55:27,723 [INFO] Epoch 2/5, Train Loss: 7.6827, Train Acc: 0.1600, Val Loss: 7.8033, Val Acc: 0.1660
2025-04-11 00:55:28,520 [INFO] Epoch 3/5, Train Loss: 6.3364, Train Acc: 0.1630, Val Loss: 6.2954, Val Acc: 0.1460
2025-04-11 00:55:29,332 [INFO] Epoch 4/5, Train Loss: 5.6509, Train Acc: 0.1690, Val Loss: 5.8479, Val Acc: 0.1460
2025-04-11 00:55:30,094 [INFO] Epoch 5/5, Train Loss: 4.4969, Train Acc: 0.2600, Val Loss: 4.6632, Val Acc: 0.1840
2025-04-11 00:55:30,100 [INFO] 
 Hyperparameters: lr=0.1, reg=0.01
2025-04-11 00:55:30,871 [INFO] Epoch 1/5, Train Loss: 5.0086, Train Acc: 0.1480, Val Loss: 5.2941, Val Acc: 0.1540
2025-04-11 00:55:31,634 [INFO] Epoch 2/5, Train Loss: 4.9103, Train Acc: 0.1250, Val Loss: 4.8247, Val Acc: 0.1260
2025-04-11 00:55:32,416 [INFO] Epoch 3/5, Train Loss: 4.6173, Train Acc: 0.1550, Val Loss: 5.0769, Val Acc: 0.1360
2025-04-11 00:55:33,181 [INFO] Epoch 4/5, Train Loss: 4.7517, Train Acc: 0.1700, Val Loss: 4.9684, Val Acc: 0.1560
2025-04-11 00:55:34,000 [INFO] Epoch 5/5, Train Loss: 3.9202, Train Acc: 0.1890, Val Loss: 4.3142, Val Acc: 0.1280
2025-04-11 00:55:34,002 [INFO] 
 Hyperparameters: lr=0.1, reg=0.001
2025-04-11 00:55:34,831 [INFO] Epoch 1/5, Train Loss: 3.3372, Train Acc: 0.1540, Val Loss: 3.3299, Val Acc: 0.1520
2025-04-11 00:55:35,611 [INFO] Epoch 2/5, Train Loss: 5.0245, Train Acc: 0.1360, Val Loss: 5.2738, Val Acc: 0.1300
2025-04-11 00:55:36,377 [INFO] Epoch 3/5, Train Loss: 3.6450, Train Acc: 0.1330, Val Loss: 3.6721, Val Acc: 0.1160
2025-04-11 00:55:37,184 [INFO] Epoch 4/5, Train Loss: 2.9720, Train Acc: 0.1840, Val Loss: 3.1836, Val Acc: 0.1700
2025-04-11 00:55:37,951 [INFO] Epoch 5/5, Train Loss: 3.0692, Train Acc: 0.1670, Val Loss: 3.2962, Val Acc: 0.1600
2025-04-11 00:55:37,954 [INFO] 
 Hyperparameters: lr=0.01, reg=0.1
2025-04-11 00:55:38,711 [INFO] Epoch 1/5, Train Loss: 9.1323, Train Acc: 0.2320, Val Loss: 9.3079, Val Acc: 0.1880
2025-04-11 00:55:39,482 [INFO] Epoch 2/5, Train Loss: 8.4518, Train Acc: 0.3350, Val Loss: 8.6852, Val Acc: 0.2640
2025-04-11 00:55:40,295 [INFO] Epoch 3/5, Train Loss: 8.0111, Train Acc: 0.3710, Val Loss: 8.2844, Val Acc: 0.2800
2025-04-11 00:55:41,135 [INFO] Epoch 4/5, Train Loss: 7.5507, Train Acc: 0.4220, Val Loss: 7.8971, Val Acc: 0.2820
2025-04-11 00:55:41,944 [INFO] Epoch 5/5, Train Loss: 7.1863, Train Acc: 0.4700, Val Loss: 7.5230, Val Acc: 0.3380
2025-04-11 00:55:41,948 [INFO] 
 Hyperparameters: lr=0.01, reg=0.01
2025-04-11 00:55:42,741 [INFO] Epoch 1/5, Train Loss: 2.8370, Train Acc: 0.2610, Val Loss: 2.9841, Val Acc: 0.1940
2025-04-11 00:55:43,560 [INFO] Epoch 2/5, Train Loss: 2.6265, Train Acc: 0.3300, Val Loss: 2.8236, Val Acc: 0.2540
2025-04-11 00:55:44,441 [INFO] Epoch 3/5, Train Loss: 2.4477, Train Acc: 0.4020, Val Loss: 2.7005, Val Acc: 0.2960
2025-04-11 00:55:45,248 [INFO] Epoch 4/5, Train Loss: 2.3556, Train Acc: 0.4350, Val Loss: 2.6288, Val Acc: 0.3220
2025-04-11 00:55:46,016 [INFO] Epoch 5/5, Train Loss: 2.2531, Train Acc: 0.4790, Val Loss: 2.6031, Val Acc: 0.3540
2025-04-11 00:55:46,020 [INFO] 
 Hyperparameters: lr=0.01, reg=0.001
2025-04-11 00:55:46,774 [INFO] Epoch 1/5, Train Loss: 2.1929, Train Acc: 0.2610, Val Loss: 2.3133, Val Acc: 0.2000
2025-04-11 00:55:47,646 [INFO] Epoch 2/5, Train Loss: 1.9685, Train Acc: 0.3070, Val Loss: 2.1885, Val Acc: 0.2360
2025-04-11 00:55:48,423 [INFO] Epoch 3/5, Train Loss: 1.8050, Train Acc: 0.3690, Val Loss: 2.0824, Val Acc: 0.2940
2025-04-11 00:55:49,207 [INFO] Epoch 4/5, Train Loss: 1.6959, Train Acc: 0.4390, Val Loss: 2.0665, Val Acc: 0.2940
2025-04-11 00:55:50,076 [INFO] Epoch 5/5, Train Loss: 1.6456, Train Acc: 0.4370, Val Loss: 2.0554, Val Acc: 0.2740
2025-04-11 00:55:50,078 [INFO] 
 Hyperparameters: lr=0.001, reg=0.1
2025-04-11 00:55:50,920 [INFO] Epoch 1/5, Train Loss: 9.7158, Train Acc: 0.1220, Val Loss: 9.7376, Val Acc: 0.1200
2025-04-11 00:55:51,734 [INFO] Epoch 2/5, Train Loss: 9.5253, Train Acc: 0.1410, Val Loss: 9.5405, Val Acc: 0.1380
2025-04-11 00:55:52,726 [INFO] Epoch 3/5, Train Loss: 9.3908, Train Acc: 0.1630, Val Loss: 9.4116, Val Acc: 0.1520
2025-04-11 00:55:53,637 [INFO] Epoch 4/5, Train Loss: 9.2832, Train Acc: 0.1780, Val Loss: 9.3161, Val Acc: 0.1600
2025-04-11 00:55:54,427 [INFO] Epoch 5/5, Train Loss: 9.1918, Train Acc: 0.2010, Val Loss: 9.2337, Val Acc: 0.1680
2025-04-11 00:55:54,430 [INFO] 
 Hyperparameters: lr=0.001, reg=0.01
2025-04-11 00:55:55,182 [INFO] Epoch 1/5, Train Loss: 3.3145, Train Acc: 0.1230, Val Loss: 3.3142, Val Acc: 0.1220
2025-04-11 00:55:55,955 [INFO] Epoch 2/5, Train Loss: 3.1916, Train Acc: 0.1380, Val Loss: 3.2147, Val Acc: 0.1460
2025-04-11 00:55:56,702 [INFO] Epoch 3/5, Train Loss: 3.1092, Train Acc: 0.1690, Val Loss: 3.1511, Val Acc: 0.1640
2025-04-11 00:55:54,664 [INFO] Epoch 4/5, Train Loss: 3.0417, Train Acc: 0.1820, Val Loss: 3.0939, Val Acc: 0.1800
2025-04-11 00:55:55,428 [INFO] Epoch 5/5, Train Loss: 2.9883, Train Acc: 0.2050, Val Loss: 3.0540, Val Acc: 0.1880
2025-04-11 00:55:55,431 [INFO] 
 Hyperparameters: lr=0.001, reg=0.001
2025-04-11 00:55:56,264 [INFO] Epoch 1/5, Train Loss: 2.6322, Train Acc: 0.1240, Val Loss: 2.6887, Val Acc: 0.0920
2025-04-11 00:55:57,026 [INFO] Epoch 2/5, Train Loss: 2.5064, Train Acc: 0.1500, Val Loss: 2.5792, Val Acc: 0.1300
2025-04-11 00:55:57,786 [INFO] Epoch 3/5, Train Loss: 2.4213, Train Acc: 0.1670, Val Loss: 2.5074, Val Acc: 0.1520
2025-04-11 00:55:58,641 [INFO] Epoch 4/5, Train Loss: 2.3519, Train Acc: 0.1930, Val Loss: 2.4476, Val Acc: 0.1680
2025-04-11 00:55:59,375 [INFO] Epoch 5/5, Train Loss: 2.2962, Train Acc: 0.2110, Val Loss: 2.3981, Val Acc: 0.1860
2025-04-11 00:56:00,157 [INFO] Epoch 1/20, Train Loss: 2.8754, Train Acc: 0.2290, Val Loss: 2.9709, Val Acc: 0.2080
2025-04-11 00:56:00,931 [INFO] Epoch 2/20, Train Loss: 2.5886, Train Acc: 0.3170, Val Loss: 2.8079, Val Acc: 0.2360
2025-04-11 00:56:01,750 [INFO] Epoch 3/20, Train Loss: 2.4190, Train Acc: 0.3780, Val Loss: 2.6756, Val Acc: 0.2820
2025-04-11 00:56:02,458 [INFO] Epoch 4/20, Train Loss: 2.3293, Train Acc: 0.4030, Val Loss: 2.6366, Val Acc: 0.2820
2025-04-11 00:56:03,292 [INFO] Epoch 5/20, Train Loss: 2.2329, Train Acc: 0.4710, Val Loss: 2.6239, Val Acc: 0.2940
2025-04-11 00:56:04,045 [INFO] Epoch 6/20, Train Loss: 2.1385, Train Acc: 0.5100, Val Loss: 2.5632, Val Acc: 0.3360
2025-04-11 00:56:04,795 [INFO] Epoch 7/20, Train Loss: 2.1196, Train Acc: 0.5130, Val Loss: 2.5306, Val Acc: 0.3300
2025-04-11 00:56:05,506 [INFO] Epoch 8/20, Train Loss: 2.0598, Train Acc: 0.5420, Val Loss: 2.5080, Val Acc: 0.3500
2025-04-11 00:56:06,242 [INFO] Epoch 9/20, Train Loss: 1.9718, Train Acc: 0.5910, Val Loss: 2.4831, Val Acc: 0.3520
2025-04-11 00:56:06,989 [INFO] Epoch 10/20, Train Loss: 1.9353, Train Acc: 0.6080, Val Loss: 2.4883, Val Acc: 0.3720
2025-04-11 00:56:07,743 [INFO] Epoch 11/20, Train Loss: 1.9069, Train Acc: 0.6090, Val Loss: 2.4805, Val Acc: 0.3840
2025-04-11 00:56:08,617 [INFO] Epoch 12/20, Train Loss: 1.8827, Train Acc: 0.6160, Val Loss: 2.4497, Val Acc: 0.3940
2025-04-11 00:56:09,420 [INFO] Epoch 13/20, Train Loss: 1.8406, Train Acc: 0.6460, Val Loss: 2.4398, Val Acc: 0.3800
2025-04-11 00:56:10,254 [INFO] Epoch 14/20, Train Loss: 1.8247, Train Acc: 0.6420, Val Loss: 2.4561, Val Acc: 0.3740
2025-04-11 00:56:11,083 [INFO] Epoch 15/20, Train Loss: 1.8023, Train Acc: 0.6560, Val Loss: 2.4265, Val Acc: 0.4100
2025-04-11 00:56:11,853 [INFO] Epoch 16/20, Train Loss: 1.7755, Train Acc: 0.6660, Val Loss: 2.4327, Val Acc: 0.4080
2025-04-11 00:56:12,607 [INFO] Epoch 17/20, Train Loss: 1.7507, Train Acc: 0.6810, Val Loss: 2.4139, Val Acc: 0.3980
2025-04-11 00:56:13,431 [INFO] Epoch 18/20, Train Loss: 1.7372, Train Acc: 0.6930, Val Loss: 2.4293, Val Acc: 0.3940
2025-04-11 00:56:14,257 [INFO] Epoch 19/20, Train Loss: 1.7108, Train Acc: 0.7020, Val Loss: 2.4125, Val Acc: 0.4040
2025-04-11 00:56:15,003 [INFO] Epoch 20/20, Train Loss: 1.7124, Train Acc: 0.7050, Val Loss: 2.4174, Val Acc: 0.3860
2025-04-11 00:56:15,778 [INFO] Test Accuracy: 0.3724
2025-04-11 00:56:15,778 [INFO] Training completed.
