2025-04-12 02:48:52,790 [INFO] Starting CIFAR-10 training...
2025-04-12 02:48:54,141 [INFO] Starting hyperparameter search...
2025-04-12 02:48:54,141 [INFO] 
 Hyperparameters: lr=0.1, reg=0.1
2025-04-12 02:48:56,065 [INFO] Epoch 1/5, Train Loss: 8.4370, Train Acc: 0.2000, Val Loss: 8.6573, Val Acc: 0.1400
2025-04-12 02:48:56,802 [INFO] Epoch 2/5, Train Loss: 6.7041, Train Acc: 0.1590, Val Loss: 6.7071, Val Acc: 0.1260
2025-04-12 02:48:57,466 [INFO] Epoch 3/5, Train Loss: 6.7418, Train Acc: 0.1450, Val Loss: 6.9315, Val Acc: 0.1440
2025-04-12 02:48:58,116 [INFO] Epoch 4/5, Train Loss: 7.1495, Train Acc: 0.1270, Val Loss: 7.1751, Val Acc: 0.1180
2025-04-12 02:48:58,880 [INFO] Epoch 5/5, Train Loss: 5.9152, Train Acc: 0.1390, Val Loss: 6.0271, Val Acc: 0.1140
2025-04-12 02:48:58,884 [INFO] 
 Hyperparameters: lr=0.1, reg=0.01
2025-04-12 02:48:59,586 [INFO] Epoch 1/5, Train Loss: 5.2287, Train Acc: 0.1480, Val Loss: 5.4839, Val Acc: 0.1200
2025-04-12 02:48:59,393 [INFO] Epoch 2/5, Train Loss: 4.0970, Train Acc: 0.1940, Val Loss: 4.2291, Val Acc: 0.1600
2025-04-12 02:49:00,140 [INFO] Epoch 3/5, Train Loss: 5.6363, Train Acc: 0.1570, Val Loss: 5.9764, Val Acc: 0.1340
2025-04-12 02:49:00,819 [INFO] Epoch 4/5, Train Loss: 4.1011, Train Acc: 0.1690, Val Loss: 4.2269, Val Acc: 0.1660
2025-04-12 02:49:01,543 [INFO] Epoch 5/5, Train Loss: 4.8544, Train Acc: 0.1990, Val Loss: 5.1421, Val Acc: 0.1840
2025-04-12 02:49:01,546 [INFO] 
 Hyperparameters: lr=0.1, reg=0.001
2025-04-12 02:49:02,286 [INFO] Epoch 1/5, Train Loss: 5.0603, Train Acc: 0.1080, Val Loss: 5.0731, Val Acc: 0.1220
2025-04-12 02:49:02,997 [INFO] Epoch 2/5, Train Loss: 3.7415, Train Acc: 0.1720, Val Loss: 3.8145, Val Acc: 0.1760
2025-04-12 02:49:03,728 [INFO] Epoch 3/5, Train Loss: 4.1821, Train Acc: 0.1820, Val Loss: 4.3232, Val Acc: 0.1660
2025-04-12 02:49:04,481 [INFO] Epoch 4/5, Train Loss: 4.0770, Train Acc: 0.1870, Val Loss: 4.1574, Val Acc: 0.1720
2025-04-12 02:49:05,172 [INFO] Epoch 5/5, Train Loss: 5.1099, Train Acc: 0.1400, Val Loss: 5.1125, Val Acc: 0.1540
2025-04-12 02:49:05,175 [INFO] 
 Hyperparameters: lr=0.01, reg=0.1
2025-04-12 02:49:05,873 [INFO] Epoch 1/5, Train Loss: 8.7878, Train Acc: 0.2930, Val Loss: 8.9344, Val Acc: 0.2440
2025-04-12 02:49:06,633 [INFO] Epoch 2/5, Train Loss: 8.2124, Train Acc: 0.3620, Val Loss: 8.3903, Val Acc: 0.3020
2025-04-12 02:49:07,316 [INFO] Epoch 3/5, Train Loss: 7.7189, Train Acc: 0.4130, Val Loss: 8.0342, Val Acc: 0.3040
2025-04-12 02:49:08,049 [INFO] Epoch 4/5, Train Loss: 7.2693, Train Acc: 0.4760, Val Loss: 7.6015, Val Acc: 0.3740
2025-04-12 02:49:08,806 [INFO] Epoch 5/5, Train Loss: 6.9368, Train Acc: 0.5070, Val Loss: 7.2900, Val Acc: 0.3860
2025-04-12 02:49:08,809 [INFO] 
 Hyperparameters: lr=0.01, reg=0.01
2025-04-12 02:49:09,492 [INFO] Epoch 1/5, Train Loss: 2.7861, Train Acc: 0.2490, Val Loss: 2.9920, Val Acc: 0.2220
2025-04-12 02:49:10,144 [INFO] Epoch 2/5, Train Loss: 2.5035, Train Acc: 0.3700, Val Loss: 2.7861, Val Acc: 0.2680
2025-04-12 02:49:10,815 [INFO] Epoch 3/5, Train Loss: 2.3671, Train Acc: 0.4090, Val Loss: 2.7255, Val Acc: 0.3080
2025-04-12 02:49:11,558 [INFO] Epoch 4/5, Train Loss: 2.2133, Train Acc: 0.4660, Val Loss: 2.5890, Val Acc: 0.3240
2025-04-12 02:49:12,293 [INFO] Epoch 5/5, Train Loss: 2.1206, Train Acc: 0.5380, Val Loss: 2.5857, Val Acc: 0.3160
2025-04-12 02:49:12,295 [INFO] 
 Hyperparameters: lr=0.01, reg=0.001
2025-04-12 02:49:13,057 [INFO] Epoch 1/5, Train Loss: 2.1840, Train Acc: 0.2280, Val Loss: 2.2806, Val Acc: 0.2240
2025-04-12 02:49:13,806 [INFO] Epoch 2/5, Train Loss: 1.9197, Train Acc: 0.3400, Val Loss: 2.1305, Val Acc: 0.2760
2025-04-12 02:49:14,608 [INFO] Epoch 3/5, Train Loss: 1.7570, Train Acc: 0.4120, Val Loss: 2.0258, Val Acc: 0.3540
2025-04-12 02:49:15,284 [INFO] Epoch 4/5, Train Loss: 1.6216, Train Acc: 0.4620, Val Loss: 1.9263, Val Acc: 0.3520
2025-04-12 02:49:16,002 [INFO] Epoch 5/5, Train Loss: 1.5475, Train Acc: 0.4970, Val Loss: 1.9400, Val Acc: 0.3660
2025-04-12 02:49:16,006 [INFO] 
 Hyperparameters: lr=0.001, reg=0.1
2025-04-12 02:49:16,720 [INFO] Epoch 1/5, Train Loss: 9.8317, Train Acc: 0.1250, Val Loss: 9.8330, Val Acc: 0.1460
2025-04-12 02:49:17,402 [INFO] Epoch 2/5, Train Loss: 9.6703, Train Acc: 0.1550, Val Loss: 9.6822, Val Acc: 0.1640
2025-04-12 02:49:18,129 [INFO] Epoch 3/5, Train Loss: 9.5515, Train Acc: 0.1730, Val Loss: 9.5815, Val Acc: 0.1720
2025-04-12 02:49:18,882 [INFO] Epoch 4/5, Train Loss: 9.4518, Train Acc: 0.1880, Val Loss: 9.4918, Val Acc: 0.1900
2025-04-12 02:49:19,653 [INFO] Epoch 5/5, Train Loss: 9.3637, Train Acc: 0.2050, Val Loss: 9.4197, Val Acc: 0.2040
2025-04-12 02:49:19,656 [INFO] 
 Hyperparameters: lr=0.001, reg=0.01
2025-04-12 02:49:20,369 [INFO] Epoch 1/5, Train Loss: 3.4181, Train Acc: 0.1040, Val Loss: 3.4900, Val Acc: 0.0860
2025-04-12 02:49:21,127 [INFO] Epoch 2/5, Train Loss: 3.2605, Train Acc: 0.1340, Val Loss: 3.3202, Val Acc: 0.1020
2025-04-12 02:49:21,809 [INFO] Epoch 3/5, Train Loss: 3.1551, Train Acc: 0.1560, Val Loss: 3.2174, Val Acc: 0.1220
2025-04-12 02:49:22,566 [INFO] Epoch 4/5, Train Loss: 3.0665, Train Acc: 0.1670, Val Loss: 3.1329, Val Acc: 0.1340
2025-04-12 02:49:23,303 [INFO] Epoch 5/5, Train Loss: 2.9928, Train Acc: 0.1940, Val Loss: 3.0678, Val Acc: 0.1480
2025-04-12 02:49:23,306 [INFO] 
 Hyperparameters: lr=0.001, reg=0.001
2025-04-12 02:49:23,991 [INFO] Epoch 1/5, Train Loss: 2.6788, Train Acc: 0.1260, Val Loss: 2.5789, Val Acc: 0.1440
2025-04-12 02:49:24,740 [INFO] Epoch 2/5, Train Loss: 2.5183, Train Acc: 0.1490, Val Loss: 2.4590, Val Acc: 0.1480
2025-04-12 02:49:25,540 [INFO] Epoch 3/5, Train Loss: 2.4381, Train Acc: 0.1700, Val Loss: 2.4026, Val Acc: 0.1640
2025-04-12 02:49:26,304 [INFO] Epoch 4/5, Train Loss: 2.3812, Train Acc: 0.1790, Val Loss: 2.3486, Val Acc: 0.1800
2025-04-12 02:49:27,006 [INFO] Epoch 5/5, Train Loss: 2.3326, Train Acc: 0.1970, Val Loss: 2.3099, Val Acc: 0.1940
2025-04-12 02:51:01,686 [INFO] Epoch 1/20, Train Loss: 9.0250, Train Acc: 0.2470, Val Loss: 9.1733, Val Acc: 0.2080
2025-04-12 02:51:02,358 [INFO] Epoch 2/20, Train Loss: 8.3392, Train Acc: 0.3480, Val Loss: 8.5223, Val Acc: 0.2900
2025-04-12 02:51:03,023 [INFO] Epoch 3/20, Train Loss: 7.8820, Train Acc: 0.3850, Val Loss: 8.1178, Val Acc: 0.3200
2025-04-12 02:51:03,709 [INFO] Epoch 4/20, Train Loss: 7.4770, Train Acc: 0.4190, Val Loss: 7.7669, Val Acc: 0.3160
2025-04-12 02:51:04,357 [INFO] Epoch 5/20, Train Loss: 7.0955, Train Acc: 0.4990, Val Loss: 7.4487, Val Acc: 0.3340
2025-04-12 02:51:05,031 [INFO] Epoch 6/20, Train Loss: 6.7700, Train Acc: 0.5330, Val Loss: 7.1138, Val Acc: 0.3660
2025-04-12 02:51:05,691 [INFO] Epoch 7/20, Train Loss: 6.5301, Train Acc: 0.5300, Val Loss: 6.8922, Val Acc: 0.3880
2025-04-12 02:51:05,434 [INFO] Epoch 8/20, Train Loss: 6.2843, Train Acc: 0.5480, Val Loss: 6.6873, Val Acc: 0.3880
2025-04-12 02:51:06,127 [INFO] Epoch 9/20, Train Loss: 6.0617, Train Acc: 0.5610, Val Loss: 6.4904, Val Acc: 0.4020
2025-04-12 02:51:06,776 [INFO] Epoch 10/20, Train Loss: 5.8488, Train Acc: 0.6200, Val Loss: 6.2951, Val Acc: 0.3880
2025-04-12 02:51:07,438 [INFO] Epoch 11/20, Train Loss: 5.6907, Train Acc: 0.6100, Val Loss: 6.1783, Val Acc: 0.3860
2025-04-12 02:51:08,125 [INFO] Epoch 12/20, Train Loss: 5.5242, Train Acc: 0.6250, Val Loss: 6.0084, Val Acc: 0.3940
2025-04-12 02:51:08,780 [INFO] Epoch 13/20, Train Loss: 5.3749, Train Acc: 0.6480, Val Loss: 5.8679, Val Acc: 0.4100
2025-04-12 02:51:09,480 [INFO] Epoch 14/20, Train Loss: 5.2380, Train Acc: 0.6640, Val Loss: 5.7301, Val Acc: 0.4060
2025-04-12 02:51:10,149 [INFO] Epoch 15/20, Train Loss: 5.1336, Train Acc: 0.6360, Val Loss: 5.6345, Val Acc: 0.3960
2025-04-12 02:51:10,855 [INFO] Epoch 16/20, Train Loss: 5.0336, Train Acc: 0.6540, Val Loss: 5.5363, Val Acc: 0.3920
2025-04-12 02:51:11,521 [INFO] Epoch 17/20, Train Loss: 4.9232, Train Acc: 0.6620, Val Loss: 5.4445, Val Acc: 0.3980
2025-04-12 02:51:12,178 [INFO] Epoch 18/20, Train Loss: 4.8143, Train Acc: 0.6820, Val Loss: 5.3360, Val Acc: 0.4080
2025-04-12 02:51:12,858 [INFO] Epoch 19/20, Train Loss: 4.7354, Train Acc: 0.6830, Val Loss: 5.2703, Val Acc: 0.4240
2025-04-12 02:51:13,508 [INFO] Epoch 20/20, Train Loss: 4.6690, Train Acc: 0.6770, Val Loss: 5.2175, Val Acc: 0.3940
2025-04-12 02:51:14,217 [INFO] Test Accuracy: 0.3876
2025-04-12 02:51:14,217 [INFO] Training completed.
