2025-04-12 04:13:50,526 [INFO] Starting CIFAR-10 training...
2025-04-12 04:13:52,652 [INFO] Starting sequential hyperparameter search...
2025-04-12 04:13:52,652 [INFO] 
Optimizing lr...
2025-04-12 04:13:52,652 [INFO] Testing lr = 0.1
2025-04-12 04:13:56,581 [INFO] Epoch 1/5, Train Loss: 4.8505, Train Acc: 0.1510, Val Loss: 5.3568, Val Acc: 0.1120
2025-04-12 04:13:58,416 [INFO] Epoch 2/5, Train Loss: 5.2408, Train Acc: 0.1220, Val Loss: 5.3562, Val Acc: 0.1100
2025-04-12 04:14:00,719 [INFO] Epoch 3/5, Train Loss: 6.0873, Train Acc: 0.1160, Val Loss: 6.3374, Val Acc: 0.1240
2025-04-12 04:14:02,229 [INFO] Epoch 4/5, Train Loss: 4.9438, Train Acc: 0.1780, Val Loss: 5.3804, Val Acc: 0.1360
2025-04-12 04:14:03,809 [INFO] Epoch 5/5, Train Loss: 4.9982, Train Acc: 0.1980, Val Loss: 5.5273, Val Acc: 0.1740
2025-04-12 04:14:03,821 [INFO] lr=0.1, Val Acc: 0.1740
2025-04-12 04:14:03,821 [INFO] Testing lr = 0.01
2025-04-12 04:14:05,380 [INFO] Epoch 1/5, Train Loss: 2.7897, Train Acc: 0.2750, Val Loss: 3.0040, Val Acc: 0.2220
2025-04-12 04:14:06,923 [INFO] Epoch 2/5, Train Loss: 2.5501, Train Acc: 0.3600, Val Loss: 2.8100, Val Acc: 0.3000
2025-04-12 04:14:08,454 [INFO] Epoch 3/5, Train Loss: 2.3481, Train Acc: 0.4250, Val Loss: 2.7071, Val Acc: 0.2940
2025-04-12 04:14:09,965 [INFO] Epoch 4/5, Train Loss: 2.2065, Train Acc: 0.4910, Val Loss: 2.6457, Val Acc: 0.3380
2025-04-12 04:14:11,493 [INFO] Epoch 5/5, Train Loss: 2.1277, Train Acc: 0.5110, Val Loss: 2.6459, Val Acc: 0.3460
2025-04-12 04:14:11,504 [INFO] lr=0.01, Val Acc: 0.3460
2025-04-12 04:14:11,504 [INFO] Testing lr = 0.001
2025-04-12 04:14:13,039 [INFO] Epoch 1/5, Train Loss: 3.3616, Train Acc: 0.1110, Val Loss: 3.4055, Val Acc: 0.1060
2025-04-12 04:14:14,635 [INFO] Epoch 2/5, Train Loss: 3.1582, Train Acc: 0.1650, Val Loss: 3.2170, Val Acc: 0.1260
2025-04-12 04:14:16,335 [INFO] Epoch 3/5, Train Loss: 3.0729, Train Acc: 0.1890, Val Loss: 3.1524, Val Acc: 0.1460
2025-04-12 04:14:17,867 [INFO] Epoch 4/5, Train Loss: 3.0049, Train Acc: 0.1930, Val Loss: 3.1064, Val Acc: 0.1720
2025-04-12 04:14:19,476 [INFO] Epoch 5/5, Train Loss: 2.9455, Train Acc: 0.2120, Val Loss: 3.0657, Val Acc: 0.1720
2025-04-12 04:14:19,481 [INFO] lr=0.001, Val Acc: 0.1720
2025-04-12 04:14:19,481 [INFO] Best lr: 0.01, Best Val Acc: 0.3460
2025-04-12 04:14:19,481 [INFO] 
Optimizing reg_lambda...
2025-04-12 04:14:19,481 [INFO] Testing reg_lambda = 0.1
2025-04-12 04:14:21,054 [INFO] Epoch 1/5, Train Loss: 9.0628, Train Acc: 0.2460, Val Loss: 9.2839, Val Acc: 0.2020
2025-04-12 04:14:23,225 [INFO] Epoch 2/5, Train Loss: 8.4574, Train Acc: 0.3420, Val Loss: 8.7644, Val Acc: 0.2620
2025-04-12 04:14:24,790 [INFO] Epoch 3/5, Train Loss: 7.8525, Train Acc: 0.4470, Val Loss: 8.2222, Val Acc: 0.3260
2025-04-12 04:14:26,410 [INFO] Epoch 4/5, Train Loss: 7.4604, Train Acc: 0.4760, Val Loss: 7.9351, Val Acc: 0.3360
2025-04-12 04:14:27,987 [INFO] Epoch 5/5, Train Loss: 7.0828, Train Acc: 0.5240, Val Loss: 7.5931, Val Acc: 0.3400
2025-04-12 04:14:27,999 [INFO] reg_lambda=0.1, Val Acc: 0.3400
2025-04-12 04:14:27,999 [INFO] Testing reg_lambda = 0.01
2025-04-12 04:14:29,542 [INFO] Epoch 1/5, Train Loss: 2.7680, Train Acc: 0.2740, Val Loss: 2.9623, Val Acc: 0.2040
2025-04-12 04:14:31,101 [INFO] Epoch 2/5, Train Loss: 2.4241, Train Acc: 0.4040, Val Loss: 2.7268, Val Acc: 0.2800
2025-04-12 04:14:32,645 [INFO] Epoch 3/5, Train Loss: 2.3052, Train Acc: 0.4470, Val Loss: 2.6856, Val Acc: 0.3080
2025-04-12 04:14:34,168 [INFO] Epoch 4/5, Train Loss: 2.2048, Train Acc: 0.4770, Val Loss: 2.6697, Val Acc: 0.3040
2025-04-12 04:14:35,739 [INFO] Epoch 5/5, Train Loss: 2.0903, Train Acc: 0.5490, Val Loss: 2.5556, Val Acc: 0.3520
2025-04-12 04:14:35,744 [INFO] reg_lambda=0.01, Val Acc: 0.3520
2025-04-12 04:14:35,745 [INFO] Testing reg_lambda = 0.001
2025-04-12 04:14:37,416 [INFO] Epoch 1/5, Train Loss: 2.1005, Train Acc: 0.2830, Val Loss: 2.3455, Val Acc: 0.2260
2025-04-12 04:14:39,121 [INFO] Epoch 2/5, Train Loss: 1.8433, Train Acc: 0.3780, Val Loss: 2.2244, Val Acc: 0.2720
2025-04-12 04:14:40,656 [INFO] Epoch 3/5, Train Loss: 1.6533, Train Acc: 0.4590, Val Loss: 2.0868, Val Acc: 0.3160
2025-04-12 04:14:42,209 [INFO] Epoch 4/5, Train Loss: 1.6161, Train Acc: 0.4760, Val Loss: 2.0776, Val Acc: 0.3140
2025-04-12 04:14:43,743 [INFO] Epoch 5/5, Train Loss: 1.4617, Train Acc: 0.5200, Val Loss: 2.0242, Val Acc: 0.3200
2025-04-12 04:14:43,750 [INFO] reg_lambda=0.001, Val Acc: 0.3200
2025-04-12 04:14:43,750 [INFO] Best reg_lambda: 0.01, Best Val Acc: 0.3520
2025-04-12 04:14:43,750 [INFO] 
Optimizing batch_size...
2025-04-12 04:14:43,750 [INFO] Testing batch_size = 16
2025-04-12 04:14:46,299 [INFO] Epoch 1/5, Train Loss: 2.6354, Train Acc: 0.3400, Val Loss: 2.8530, Val Acc: 0.2520
2025-04-12 04:14:48,518 [INFO] Epoch 2/5, Train Loss: 2.3410, Train Acc: 0.4330, Val Loss: 2.6725, Val Acc: 0.3080
2025-04-12 04:14:50,685 [INFO] Epoch 3/5, Train Loss: 2.2194, Train Acc: 0.4910, Val Loss: 2.6312, Val Acc: 0.3360
2025-04-12 04:14:52,686 [INFO] Epoch 4/5, Train Loss: 2.0681, Train Acc: 0.5360, Val Loss: 2.5840, Val Acc: 0.3640
2025-04-12 04:14:54,635 [INFO] Epoch 5/5, Train Loss: 1.9939, Train Acc: 0.5560, Val Loss: 2.5623, Val Acc: 0.3640
2025-04-12 04:14:54,639 [INFO] batch_size=16, Val Acc: 0.3640
2025-04-12 04:14:54,639 [INFO] Testing batch_size = 32
2025-04-12 04:14:56,522 [INFO] Epoch 1/5, Train Loss: 2.6827, Train Acc: 0.3020, Val Loss: 2.8657, Val Acc: 0.2580
2025-04-12 04:14:57,627 [INFO] Epoch 2/5, Train Loss: 2.4966, Train Acc: 0.3620, Val Loss: 2.8298, Val Acc: 0.3020
2025-04-12 04:14:58,691 [INFO] Epoch 3/5, Train Loss: 2.4658, Train Acc: 0.3720, Val Loss: 2.8433, Val Acc: 0.2760
2025-04-12 04:14:59,736 [INFO] Epoch 4/5, Train Loss: 2.2985, Train Acc: 0.4430, Val Loss: 2.6901, Val Acc: 0.3340
2025-04-12 04:15:00,841 [INFO] Epoch 5/5, Train Loss: 2.1090, Train Acc: 0.5230, Val Loss: 2.5950, Val Acc: 0.3640
2025-04-12 04:15:00,846 [INFO] batch_size=32, Val Acc: 0.3640
2025-04-12 04:15:00,846 [INFO] Testing batch_size = 64
2025-04-12 04:15:01,585 [INFO] Epoch 1/5, Train Loss: 2.9052, Train Acc: 0.2180, Val Loss: 3.0239, Val Acc: 0.2000
2025-04-12 04:15:02,377 [INFO] Epoch 2/5, Train Loss: 2.5916, Train Acc: 0.3540, Val Loss: 2.8459, Val Acc: 0.2700
2025-04-12 04:15:03,152 [INFO] Epoch 3/5, Train Loss: 2.4718, Train Acc: 0.3790, Val Loss: 2.7832, Val Acc: 0.2940
2025-04-12 04:15:04,009 [INFO] Epoch 4/5, Train Loss: 2.3515, Train Acc: 0.4450, Val Loss: 2.7005, Val Acc: 0.3000
2025-04-12 04:15:05,011 [INFO] Epoch 5/5, Train Loss: 2.2744, Train Acc: 0.4560, Val Loss: 2.7048, Val Acc: 0.3280
2025-04-12 04:15:05,017 [INFO] batch_size=64, Val Acc: 0.3280
2025-04-12 04:15:05,017 [INFO] Best batch_size: 16, Best Val Acc: 0.3640
2025-04-12 04:15:05,017 [INFO] 
Optimizing epochs...
2025-04-12 04:15:05,017 [INFO] Testing epochs = 5
2025-04-12 04:15:06,760 [INFO] Epoch 1/5, Train Loss: 2.6826, Train Acc: 0.3010, Val Loss: 2.8638, Val Acc: 0.2540
2025-04-12 04:15:08,628 [INFO] Epoch 2/5, Train Loss: 2.4373, Train Acc: 0.3950, Val Loss: 2.7512, Val Acc: 0.2980
2025-04-12 04:15:10,529 [INFO] Epoch 3/5, Train Loss: 2.3339, Train Acc: 0.4270, Val Loss: 2.7355, Val Acc: 0.3320
2025-04-12 04:15:12,525 [INFO] Epoch 4/5, Train Loss: 2.1635, Train Acc: 0.4940, Val Loss: 2.5976, Val Acc: 0.3760
2025-04-12 04:15:14,412 [INFO] Epoch 5/5, Train Loss: 2.1133, Train Acc: 0.5010, Val Loss: 2.6285, Val Acc: 0.3580
2025-04-12 04:15:14,415 [INFO] epochs=5, Val Acc: 0.3760
2025-04-12 04:15:14,415 [INFO] Testing epochs = 10
2025-04-12 04:15:16,526 [INFO] Epoch 1/10, Train Loss: 2.6065, Train Acc: 0.3460, Val Loss: 2.8840, Val Acc: 0.2600
2025-04-12 04:15:18,706 [INFO] Epoch 2/10, Train Loss: 2.3204, Train Acc: 0.4400, Val Loss: 2.7292, Val Acc: 0.3120
2025-04-12 04:15:20,745 [INFO] Epoch 3/10, Train Loss: 2.1784, Train Acc: 0.4870, Val Loss: 2.6689, Val Acc: 0.3220
2025-04-12 04:15:22,888 [INFO] Epoch 4/10, Train Loss: 2.0553, Train Acc: 0.5540, Val Loss: 2.6250, Val Acc: 0.3520
2025-04-12 04:15:24,942 [INFO] Epoch 5/10, Train Loss: 2.0042, Train Acc: 0.5640, Val Loss: 2.5706, Val Acc: 0.3620
2025-04-12 04:15:26,942 [INFO] Epoch 6/10, Train Loss: 1.8585, Train Acc: 0.6390, Val Loss: 2.5429, Val Acc: 0.3900
2025-04-12 04:15:28,985 [INFO] Epoch 7/10, Train Loss: 1.8542, Train Acc: 0.6250, Val Loss: 2.5619, Val Acc: 0.3840
2025-04-12 04:15:30,415 [INFO] Epoch 8/10, Train Loss: 1.7698, Train Acc: 0.6720, Val Loss: 2.5451, Val Acc: 0.4060
2025-04-12 04:15:31,709 [INFO] Epoch 9/10, Train Loss: 1.7430, Train Acc: 0.6590, Val Loss: 2.5456, Val Acc: 0.3860
2025-04-12 04:15:32,913 [INFO] Epoch 10/10, Train Loss: 1.6811, Train Acc: 0.6910, Val Loss: 2.5428, Val Acc: 0.3760
2025-04-12 04:15:32,915 [INFO] epochs=10, Val Acc: 0.4060
2025-04-12 04:15:32,916 [INFO] Best epochs: 10, Best Val Acc: 0.4060
2025-04-12 04:15:32,916 [INFO] 
Optimizing lr_decay...
2025-04-12 04:15:32,916 [INFO] Testing lr_decay = 0.9
2025-04-12 04:15:34,067 [INFO] Epoch 1/10, Train Loss: 2.6962, Train Acc: 0.3220, Val Loss: 3.0099, Val Acc: 0.2040
2025-04-12 04:15:35,310 [INFO] Epoch 2/10, Train Loss: 2.4165, Train Acc: 0.3900, Val Loss: 2.7669, Val Acc: 0.2740
2025-04-12 04:15:36,583 [INFO] Epoch 3/10, Train Loss: 2.2632, Train Acc: 0.4710, Val Loss: 2.7180, Val Acc: 0.3060
2025-04-12 04:15:37,825 [INFO] Epoch 4/10, Train Loss: 2.2203, Train Acc: 0.4910, Val Loss: 2.7175, Val Acc: 0.2840
2025-04-12 04:15:39,030 [INFO] Epoch 5/10, Train Loss: 2.0961, Train Acc: 0.5220, Val Loss: 2.6365, Val Acc: 0.3480
2025-04-12 04:15:40,208 [INFO] Epoch 6/10, Train Loss: 2.0406, Train Acc: 0.5390, Val Loss: 2.6364, Val Acc: 0.3380
2025-04-12 04:15:41,432 [INFO] Epoch 7/10, Train Loss: 1.9831, Train Acc: 0.5780, Val Loss: 2.6320, Val Acc: 0.3260
2025-04-12 04:15:42,645 [INFO] Epoch 8/10, Train Loss: 1.9198, Train Acc: 0.6060, Val Loss: 2.6121, Val Acc: 0.3260
2025-04-12 04:15:43,879 [INFO] Epoch 9/10, Train Loss: 1.8712, Train Acc: 0.6320, Val Loss: 2.5659, Val Acc: 0.3440
2025-04-12 04:15:45,127 [INFO] Epoch 10/10, Train Loss: 1.8301, Train Acc: 0.6480, Val Loss: 2.5487, Val Acc: 0.3440
2025-04-12 04:15:45,129 [INFO] lr_decay=0.9, Val Acc: 0.3480
2025-04-12 04:15:45,129 [INFO] Testing lr_decay = 0.95
2025-04-12 04:15:46,558 [INFO] Epoch 1/10, Train Loss: 2.5964, Train Acc: 0.3520, Val Loss: 2.9270, Val Acc: 0.2080
2025-04-12 04:15:47,815 [INFO] Epoch 2/10, Train Loss: 2.3678, Train Acc: 0.4030, Val Loss: 2.7678, Val Acc: 0.2700
2025-04-12 04:15:49,185 [INFO] Epoch 3/10, Train Loss: 2.2288, Train Acc: 0.4550, Val Loss: 2.6720, Val Acc: 0.2960
2025-04-12 04:15:50,580 [INFO] Epoch 4/10, Train Loss: 2.1524, Train Acc: 0.4800, Val Loss: 2.7224, Val Acc: 0.2880
2025-04-12 04:15:51,962 [INFO] Epoch 5/10, Train Loss: 2.0846, Train Acc: 0.5250, Val Loss: 2.6623, Val Acc: 0.3120
2025-04-12 04:15:53,247 [INFO] Epoch 6/10, Train Loss: 1.9664, Train Acc: 0.5620, Val Loss: 2.5587, Val Acc: 0.3600
2025-04-12 04:15:54,497 [INFO] Epoch 7/10, Train Loss: 1.9074, Train Acc: 0.5900, Val Loss: 2.5450, Val Acc: 0.3300
2025-04-12 04:15:55,656 [INFO] Epoch 8/10, Train Loss: 1.8578, Train Acc: 0.6150, Val Loss: 2.5653, Val Acc: 0.3280
2025-04-12 04:15:56,973 [INFO] Epoch 9/10, Train Loss: 1.8166, Train Acc: 0.6140, Val Loss: 2.5666, Val Acc: 0.3460
2025-04-12 04:15:58,414 [INFO] Epoch 10/10, Train Loss: 1.7705, Train Acc: 0.6380, Val Loss: 2.5419, Val Acc: 0.3220
2025-04-12 04:15:58,417 [INFO] lr_decay=0.95, Val Acc: 0.3600
2025-04-12 04:15:58,417 [INFO] Testing lr_decay = 0.99
2025-04-12 04:15:59,755 [INFO] Epoch 1/10, Train Loss: 2.6668, Train Acc: 0.3210, Val Loss: 2.8523, Val Acc: 0.2640
2025-04-12 04:16:01,566 [INFO] Epoch 2/10, Train Loss: 2.4963, Train Acc: 0.3830, Val Loss: 2.8304, Val Acc: 0.2920
2025-04-12 04:16:02,768 [INFO] Epoch 3/10, Train Loss: 2.2952, Train Acc: 0.4560, Val Loss: 2.7105, Val Acc: 0.3200
2025-04-12 04:16:04,002 [INFO] Epoch 4/10, Train Loss: 2.3151, Train Acc: 0.4320, Val Loss: 2.7601, Val Acc: 0.3140
2025-04-12 04:16:05,309 [INFO] Epoch 5/10, Train Loss: 2.0666, Train Acc: 0.5580, Val Loss: 2.6379, Val Acc: 0.3120
2025-04-12 04:16:06,594 [INFO] Epoch 6/10, Train Loss: 1.9980, Train Acc: 0.5750, Val Loss: 2.5848, Val Acc: 0.3400
2025-04-12 04:16:07,956 [INFO] Epoch 7/10, Train Loss: 1.9243, Train Acc: 0.6020, Val Loss: 2.6112, Val Acc: 0.3320
2025-04-12 04:16:09,230 [INFO] Epoch 8/10, Train Loss: 1.8579, Train Acc: 0.6460, Val Loss: 2.5160, Val Acc: 0.3580
2025-04-12 04:16:10,522 [INFO] Epoch 9/10, Train Loss: 1.7837, Train Acc: 0.6460, Val Loss: 2.5416, Val Acc: 0.3520
2025-04-12 04:16:11,887 [INFO] Epoch 10/10, Train Loss: 1.7039, Train Acc: 0.7120, Val Loss: 2.5064, Val Acc: 0.3720
2025-04-12 04:16:11,890 [INFO] lr_decay=0.99, Val Acc: 0.3720
2025-04-12 04:16:11,890 [INFO] Best lr_decay: 0.99, Best Val Acc: 0.3720
2025-04-12 04:16:11,890 [INFO] 
Optimizing max_grad_norm...
2025-04-12 04:16:11,890 [INFO] Testing max_grad_norm = 1.0
2025-04-12 04:16:13,281 [INFO] Epoch 1/10, Train Loss: 3.1189, Train Acc: 0.1780, Val Loss: 3.1623, Val Acc: 0.1580
2025-04-12 04:16:14,567 [INFO] Epoch 2/10, Train Loss: 2.9046, Train Acc: 0.2280, Val Loss: 2.9979, Val Acc: 0.1920
2025-04-12 04:16:15,868 [INFO] Epoch 3/10, Train Loss: 2.7521, Train Acc: 0.2500, Val Loss: 2.8926, Val Acc: 0.2500
