2025-04-08 09:08:44,868 [INFO] Starting CIFAR-10 training...
2025-04-08 09:09:05,111 [INFO] W1 norm: 5.510720631787295, W2 norm: 8.066388895355669, W3 norm: 4.48961031464085
2025-04-08 09:09:05,112 [INFO] backward: dW1 max=5.0, dW2 max=5.0, dW3 max=0.08512107745943542
2025-04-08 09:09:07,391 [INFO] W1 norm: 5.496630135824965, W2 norm: 8.085763913240383, W3 norm: 4.4892978853079235
2025-04-08 09:09:07,391 [INFO] backward: dW1 max=5.0, dW2 max=5.0, dW3 max=0.1917702966166529
2025-04-08 09:09:09,541 [INFO] W1 norm: 5.485343677904643, W2 norm: 8.141415032683133, W3 norm: 4.487933263025264
2025-04-08 09:09:09,542 [INFO] backward: dW1 max=5.0, dW2 max=5.0, dW3 max=0.0735277927394726
2025-04-08 09:09:11,667 [INFO] W1 norm: 5.593124014116317, W2 norm: 8.109851007285707, W3 norm: 4.487503599341929
2025-04-08 09:09:11,668 [INFO] backward: dW1 max=5.0, dW2 max=1.4160372448093563, dW3 max=0.011689434436935656
2025-04-08 09:09:13,788 [INFO] W1 norm: 5.554734140736303, W2 norm: 8.1069088046459, W3 norm: 4.487418542185383
2025-04-08 09:09:13,788 [INFO] backward: dW1 max=5.0, dW2 max=2.8647511085116495, dW3 max=0.019122025642727258
2025-04-08 09:09:15,892 [INFO] W1 norm: 5.583005729849835, W2 norm: 8.112682949777202, W3 norm: 4.4873775283678
2025-04-08 09:09:15,892 [INFO] backward: dW1 max=5.0, dW2 max=4.5478430738042555, dW3 max=0.048590032583442806
2025-04-08 09:09:17,965 [INFO] W1 norm: 5.575962090118553, W2 norm: 8.109233575205725, W3 norm: 4.487281788604491
2025-04-08 09:09:17,965 [INFO] backward: dW1 max=5.0, dW2 max=1.9009812328016837, dW3 max=0.012035774087681908
2025-04-08 09:09:20,053 [INFO] W1 norm: 5.584691994549854, W2 norm: 8.1103699980685, W3 norm: 4.48721075025849
2025-04-08 09:09:20,054 [INFO] backward: dW1 max=5.0, dW2 max=5.0, dW3 max=0.08384383971404723
2025-04-08 09:09:22,172 [INFO] W1 norm: 5.601721191369905, W2 norm: 8.092483722335697, W3 norm: 4.4867690445400825
2025-04-08 09:09:22,172 [INFO] backward: dW1 max=4.159528317722418, dW2 max=2.1596114639467685, dW3 max=0.01419151739341028
2025-04-08 09:09:24,384 [INFO] W1 norm: 5.638984422616436, W2 norm: 8.09573346673142, W3 norm: 4.4867370905223405
2025-04-08 09:09:24,385 [INFO] backward: dW1 max=5.0, dW2 max=5.0, dW3 max=0.030327017112363176
2025-04-08 09:09:26,555 [INFO] W1 norm: 5.620783486376671, W2 norm: 8.10127581244198, W3 norm: 4.486551134933066
2025-04-08 09:09:26,556 [INFO] backward: dW1 max=5.0, dW2 max=5.0, dW3 max=0.10974485769727507
2025-04-08 09:09:28,780 [INFO] W1 norm: 5.653577838353666, W2 norm: 8.102672763667908, W3 norm: 4.486324040650535
2025-04-08 09:09:28,780 [INFO] backward: dW1 max=5.0, dW2 max=5.0, dW3 max=0.050340956299684075
2025-04-08 09:09:30,936 [INFO] W1 norm: 5.769470185092096, W2 norm: 8.109613361731572, W3 norm: 4.486174267050688
2025-04-08 09:09:30,936 [INFO] backward: dW1 max=5.0, dW2 max=5.0, dW3 max=0.0330020274745064
2025-04-08 09:09:33,028 [INFO] W1 norm: 5.720090426316905, W2 norm: 8.120545810860373, W3 norm: 4.4860278374668345
2025-04-08 09:09:33,028 [INFO] backward: dW1 max=5.0, dW2 max=3.9327274869192728, dW3 max=0.055699216890379495
2025-04-08 09:09:35,284 [INFO] W1 norm: 5.718047186918458, W2 norm: 8.142254326230942, W3 norm: 4.4860170838549065
2025-04-08 09:09:35,285 [INFO] backward: dW1 max=5.0, dW2 max=2.5530185443438413, dW3 max=0.024690570093983673
2025-04-08 09:09:37,429 [INFO] W1 norm: 5.81504506357291, W2 norm: 8.151652060725166, W3 norm: 4.485895441636531
2025-04-08 09:09:37,429 [INFO] backward: dW1 max=5.0, dW2 max=5.0, dW3 max=0.06190668323103531
2025-04-08 09:09:39,538 [INFO] W1 norm: 5.750506925772035, W2 norm: 8.172612284775102, W3 norm: 4.485811456769691
2025-04-08 09:09:39,539 [INFO] backward: dW1 max=5.0, dW2 max=5.0, dW3 max=0.12702447471079223
2025-04-08 09:09:41,631 [INFO] W1 norm: 5.8542656317122095, W2 norm: 8.1792854228679, W3 norm: 4.48514063330353
2025-04-08 09:09:41,631 [INFO] backward: dW1 max=5.0, dW2 max=3.3336822171595886, dW3 max=0.03745713733181018
2025-04-08 09:09:43,760 [INFO] W1 norm: 5.871491550794433, W2 norm: 8.196449488235697, W3 norm: 4.485131341431468
2025-04-08 09:09:43,760 [INFO] backward: dW1 max=5.0, dW2 max=4.365101149396468, dW3 max=0.06459132170330142
2025-04-08 09:09:45,899 [INFO] W1 norm: 5.903773846658609, W2 norm: 8.240292117343055, W3 norm: 4.485130400521178
2025-04-08 09:09:45,900 [INFO] backward: dW1 max=5.0, dW2 max=5.0, dW3 max=0.34502307013971467
2025-04-08 09:09:48,090 [INFO] W1 norm: 5.8773032505061815, W2 norm: 8.236832700155446, W3 norm: 4.48425090124229
2025-04-08 09:09:48,090 [INFO] backward: dW1 max=5.0, dW2 max=5.0, dW3 max=0.06112371006639096
2025-04-08 09:09:50,389 [INFO] W1 norm: 5.980412916713004, W2 norm: 8.243843407306363, W3 norm: 4.483885640695478
2025-04-08 09:09:50,389 [INFO] backward: dW1 max=5.0, dW2 max=5.0, dW3 max=0.04565085071049524
2025-04-08 09:09:52,590 [INFO] W1 norm: 5.9293357609594475, W2 norm: 8.251720533265473, W3 norm: 4.483837981434919
2025-04-08 09:09:52,591 [INFO] backward: dW1 max=5.0, dW2 max=2.133815164886203, dW3 max=0.01341229410851574
2025-04-08 09:09:54,730 [INFO] W1 norm: 6.097889911379952, W2 norm: 8.258527007226043, W3 norm: 4.483811849417201
2025-04-08 09:09:54,730 [INFO] backward: dW1 max=5.0, dW2 max=5.0, dW3 max=0.0568803625083006
2025-04-08 09:09:56,838 [INFO] W1 norm: 6.203850486262695, W2 norm: 8.329184944620312, W3 norm: 4.4838043892292525
2025-04-08 09:09:56,838 [INFO] backward: dW1 max=5.0, dW2 max=5.0, dW3 max=0.2863319832235941
2025-04-08 09:09:58,994 [INFO] W1 norm: 6.132957310126206, W2 norm: 8.351707660614597, W3 norm: 4.483043278196407
2025-04-08 09:09:58,995 [INFO] backward: dW1 max=5.0, dW2 max=5.0, dW3 max=0.07181542474528632
2025-04-08 09:10:01,219 [INFO] W1 norm: 6.276798533616724, W2 norm: 8.385141902853855, W3 norm: 4.482702794987245
2025-04-08 09:10:01,219 [INFO] backward: dW1 max=5.0, dW2 max=5.0, dW3 max=0.06334195727136394
2025-04-08 09:10:03,475 [INFO] W1 norm: 6.36244194625643, W2 norm: 8.424534938716752, W3 norm: 4.48259648646216
2025-04-08 09:10:03,479 [INFO] backward: dW1 max=5.0, dW2 max=5.0, dW3 max=0.12980857325543188
2025-04-08 09:10:05,649 [INFO] W1 norm: 6.252102903800547, W2 norm: 8.402205178432128, W3 norm: 4.482356748242786
2025-04-08 09:10:05,649 [INFO] backward: dW1 max=5.0, dW2 max=2.2900126174386157, dW3 max=0.028448631794499933
2025-04-08 09:10:07,782 [INFO] W1 norm: 6.438017463896435, W2 norm: 8.417057123003403, W3 norm: 4.482343450217136
2025-04-08 09:10:07,783 [INFO] backward: dW1 max=5.0, dW2 max=5.0, dW3 max=0.06511350146617088
2025-04-08 09:10:10,074 [INFO] W1 norm: 6.637862159184444, W2 norm: 8.505049257495441, W3 norm: 4.482484049158786
2025-04-08 09:10:10,074 [INFO] backward: dW1 max=5.0, dW2 max=5.0, dW3 max=0.19117460524833266
2025-04-08 09:10:12,321 [INFO] W1 norm: 6.751693954727226, W2 norm: 8.621020925472683, W3 norm: 4.482169447694019
2025-04-08 09:10:12,321 [INFO] backward: dW1 max=5.0, dW2 max=5.0, dW3 max=1.8678003834619314
2025-04-08 09:10:14,606 [INFO] W1 norm: 6.596625229099765, W2 norm: 8.491877479311981, W3 norm: 4.481135548182543
2025-04-08 09:10:14,606 [INFO] backward: dW1 max=5.0, dW2 max=5.0, dW3 max=0.759203374600419
2025-04-08 09:10:16,789 [INFO] W1 norm: 6.430088144037325, W2 norm: 8.477899659532609, W3 norm: 4.479473619694066
2025-04-08 09:10:16,789 [INFO] backward: dW1 max=5.0, dW2 max=4.574216827062613, dW3 max=0.0485655200306282
2025-04-08 09:10:18,950 [INFO] W1 norm: 6.5024606562701415, W2 norm: 8.49854729915058, W3 norm: 4.479317746418385
2025-04-08 09:10:18,950 [INFO] backward: dW1 max=5.0, dW2 max=5.0, dW3 max=0.162323415528617
2025-04-08 09:10:21,093 [INFO] W1 norm: 6.595236388633491, W2 norm: 8.557645560337358, W3 norm: 4.479082536558027
2025-04-08 09:10:21,094 [INFO] backward: dW1 max=5.0, dW2 max=5.0, dW3 max=0.1392663945736228
2025-04-08 09:10:23,419 [INFO] W1 norm: 6.462219431099964, W2 norm: 8.59226733171154, W3 norm: 4.478745590687149
2025-04-08 09:10:23,420 [INFO] backward: dW1 max=5.0, dW2 max=5.0, dW3 max=0.05987820541786494
2025-04-08 09:10:25,610 [INFO] W1 norm: 6.611921000097631, W2 norm: 8.68640534305805, W3 norm: 4.478633604638025
2025-04-08 09:10:25,610 [INFO] backward: dW1 max=5.0, dW2 max=5.0, dW3 max=0.31894666531661975
2025-04-08 09:10:28,016 [INFO] W1 norm: 6.528518365616626, W2 norm: 8.704951436686038, W3 norm: 4.478354329156473
2025-04-08 09:10:28,018 [INFO] backward: dW1 max=5.0, dW2 max=5.0, dW3 max=0.11446102114759313
2025-04-08 09:10:28,236 [INFO] W1 norm: 6.709334890612699, W2 norm: 8.805473521325467, W3 norm: 4.47801273781894
2025-04-08 09:10:28,236 [INFO] backward: dW1 max=4.204073758240985, dW2 max=1.5922525919287682, dW3 max=0.4285937806378529
2025-04-08 09:10:36,718 [INFO] Epoch 1/20, Train Loss: 2.3914, Train Acc: 0.1340, Val Loss: 2.3781, Val Acc: 0.1480
2025-04-08 09:10:39,293 [INFO] W1 norm: 6.692119891940172, W2 norm: 8.805092474662077, W3 norm: 4.478610456358262
2025-04-08 09:10:39,293 [INFO] backward: dW1 max=5.0, dW2 max=5.0, dW3 max=0.3384804548074252
2025-04-08 09:10:41,836 [INFO] W1 norm: 6.648727113606958, W2 norm: 8.874892814675952, W3 norm: 4.4781713161380745
2025-04-08 09:10:41,840 [INFO] backward: dW1 max=5.0, dW2 max=5.0, dW3 max=0.07031338992565339
2025-04-08 09:10:44,238 [INFO] W1 norm: 6.890736766479244, W2 norm: 9.05146014019063, W3 norm: 4.478162653895372
2025-04-08 09:10:44,238 [INFO] backward: dW1 max=5.0, dW2 max=5.0, dW3 max=0.23413829382968185
2025-04-08 09:10:46,643 [INFO] W1 norm: 6.887289978715696, W2 norm: 9.184959766075899, W3 norm: 4.477645350064206
2025-04-08 09:10:46,643 [INFO] backward: dW1 max=5.0, dW2 max=5.0, dW3 max=0.4757485460633361
2025-04-08 09:10:48,977 [INFO] W1 norm: 6.877039873442942, W2 norm: 9.168538498896618, W3 norm: 4.476500910311596
2025-04-08 09:10:48,978 [INFO] backward: dW1 max=5.0, dW2 max=5.0, dW3 max=0.2578806062122398
2025-04-08 09:10:51,316 [INFO] W1 norm: 6.893668748544629, W2 norm: 9.304921724492061, W3 norm: 4.475880285181714
2025-04-08 09:10:51,317 [INFO] backward: dW1 max=5.0, dW2 max=5.0, dW3 max=0.8511019415787092
2025-04-08 09:10:53,688 [INFO] W1 norm: 6.888379398891719, W2 norm: 9.313871583108241, W3 norm: 4.474636405737797
2025-04-08 09:10:53,690 [INFO] backward: dW1 max=5.0, dW2 max=5.0, dW3 max=0.16282009886628532
2025-04-08 09:10:55,967 [INFO] W1 norm: 6.8799684033843596, W2 norm: 9.38338006298284, W3 norm: 4.474581027407276
2025-04-08 09:10:55,967 [INFO] backward: dW1 max=5.0, dW2 max=5.0, dW3 max=0.9526105845085712
2025-04-08 09:10:58,359 [INFO] W1 norm: 6.797824176105359, W2 norm: 9.404764750127306, W3 norm: 4.473956538692928
2025-04-08 09:10:58,360 [INFO] backward: dW1 max=5.0, dW2 max=5.0, dW3 max=0.18085981503953397
2025-04-08 09:11:00,828 [INFO] W1 norm: 6.973362705188292, W2 norm: 9.454491470689616, W3 norm: 4.473496435218059
2025-04-08 09:11:00,829 [INFO] backward: dW1 max=5.0, dW2 max=3.3331547917381568, dW3 max=0.07984048788754318
2025-04-08 09:11:03,204 [INFO] W1 norm: 6.897112522900708, W2 norm: 9.494377657542334, W3 norm: 4.473567014991502
2025-04-08 09:11:03,205 [INFO] backward: dW1 max=5.0, dW2 max=3.744414252345856, dW3 max=0.035439959589543664
2025-04-08 09:11:05,561 [INFO] W1 norm: 7.085984009412809, W2 norm: 9.557108117447141, W3 norm: 4.473546018733033
2025-04-08 09:11:05,562 [INFO] backward: dW1 max=5.0, dW2 max=5.0, dW3 max=0.1269609783864739
2025-04-08 09:11:07,889 [INFO] W1 norm: 7.135004773809993, W2 norm: 9.667609409892236, W3 norm: 4.473580783280224
2025-04-08 09:11:07,889 [INFO] backward: dW1 max=5.0, dW2 max=5.0, dW3 max=0.053609422512678015
2025-04-08 09:11:10,192 [INFO] W1 norm: 7.2628082663446625, W2 norm: 9.802685860688829, W3 norm: 4.473574343383782
2025-04-08 09:11:10,192 [INFO] backward: dW1 max=5.0, dW2 max=5.0, dW3 max=0.09596690631191741
2025-04-08 09:11:12,406 [INFO] W1 norm: 7.181158212179261, W2 norm: 9.83260979136353, W3 norm: 4.473374994689782
2025-04-08 09:11:12,406 [INFO] backward: dW1 max=5.0, dW2 max=5.0, dW3 max=0.09169460823892785
2025-04-08 09:11:14,658 [INFO] W1 norm: 7.469880521645507, W2 norm: 9.997555149042261, W3 norm: 4.473336591504129
2025-04-08 09:11:14,658 [INFO] backward: dW1 max=5.0, dW2 max=5.0, dW3 max=0.18737750535336897
2025-04-08 09:11:16,852 [INFO] W1 norm: 7.227149121887172, W2 norm: 10.045051002168103, W3 norm: 4.472775870375238
2025-04-08 09:11:16,852 [INFO] backward: dW1 max=5.0, dW2 max=3.7224036149556032, dW3 max=0.059194148029359545
2025-04-08 09:11:19,114 [INFO] W1 norm: 7.398168498650557, W2 norm: 10.126906244420201, W3 norm: 4.472818309378936
2025-04-08 09:11:19,115 [INFO] backward: dW1 max=5.0, dW2 max=5.0, dW3 max=0.20067786309597366
2025-04-08 09:11:21,256 [INFO] W1 norm: 7.554661737912124, W2 norm: 10.1596788679697, W3 norm: 4.4726080302897095
2025-04-08 09:11:21,257 [INFO] backward: dW1 max=5.0, dW2 max=5.0, dW3 max=0.09187875709922746
2025-04-08 09:11:23,428 [INFO] W1 norm: 7.673828176149322, W2 norm: 10.321149062568606, W3 norm: 4.472495918656503
2025-04-08 09:11:23,428 [INFO] backward: dW1 max=5.0, dW2 max=5.0, dW3 max=0.5310502966676257
2025-04-08 09:11:25,645 [INFO] W1 norm: 7.463291609500893, W2 norm: 10.363537325055708, W3 norm: 4.471780812958502
2025-04-08 09:11:25,645 [INFO] backward: dW1 max=5.0, dW2 max=5.0, dW3 max=0.1848786583594828
2025-04-08 09:11:27,809 [INFO] W1 norm: 7.498247304566605, W2 norm: 10.479913629011502, W3 norm: 4.4712235043543265
2025-04-08 09:11:27,811 [INFO] backward: dW1 max=5.0, dW2 max=5.0, dW3 max=0.4033597075521533
2025-04-08 09:11:30,013 [INFO] W1 norm: 7.4837935538270886, W2 norm: 10.407881593901276, W3 norm: 4.470913453290128
2025-04-08 09:11:30,013 [INFO] backward: dW1 max=5.0, dW2 max=5.0, dW3 max=0.04608687395449
2025-04-08 09:11:32,141 [INFO] W1 norm: 7.650842864802607, W2 norm: 10.518445768249478, W3 norm: 4.470995091643174
2025-04-08 09:11:32,142 [INFO] backward: dW1 max=5.0, dW2 max=5.0, dW3 max=0.2973718675721898
2025-04-08 09:11:34,395 [INFO] W1 norm: 7.566333963120826, W2 norm: 10.510810720076309, W3 norm: 4.470701490365285
2025-04-08 09:11:34,395 [INFO] backward: dW1 max=5.0, dW2 max=3.552329140919035, dW3 max=0.03592460442211996
2025-04-08 09:11:36,697 [INFO] W1 norm: 7.789064864550431, W2 norm: 10.574555929852698, W3 norm: 4.470719496953421
2025-04-08 09:11:36,697 [INFO] backward: dW1 max=5.0, dW2 max=5.0, dW3 max=0.10033956290605105
2025-04-08 09:11:38,864 [INFO] W1 norm: 7.817942197796224, W2 norm: 10.6006333082793, W3 norm: 4.4707232702556
2025-04-08 09:11:38,864 [INFO] backward: dW1 max=5.0, dW2 max=5.0, dW3 max=0.05499604507647855
2025-04-08 09:11:41,002 [INFO] W1 norm: 7.951730436073729, W2 norm: 10.715850417303551, W3 norm: 4.470744049046056
2025-04-08 09:11:41,002 [INFO] backward: dW1 max=5.0, dW2 max=5.0, dW3 max=0.10135427742242162
2025-04-08 09:11:43,180 [INFO] W1 norm: 7.943667814345817, W2 norm: 10.782601085246723, W3 norm: 4.470733719872652
2025-04-08 09:11:43,181 [INFO] backward: dW1 max=4.256250056949118, dW2 max=3.169095672804784, dW3 max=0.036614649395967064
2025-04-08 09:11:45,340 [INFO] W1 norm: 7.992122272300271, W2 norm: 10.84923459926069, W3 norm: 4.4707714288501395
2025-04-08 09:11:45,341 [INFO] backward: dW1 max=5.0, dW2 max=5.0, dW3 max=0.20684833870877506
2025-04-08 09:11:47,688 [INFO] W1 norm: 7.889221267934714, W2 norm: 10.807015270362246, W3 norm: 4.4707332866689615
2025-04-08 09:11:47,688 [INFO] backward: dW1 max=5.0, dW2 max=5.0, dW3 max=0.1773098864715809
2025-04-08 09:11:49,848 [INFO] W1 norm: 8.043983083523887, W2 norm: 10.956538345351401, W3 norm: 4.469912389195683
2025-04-08 09:11:49,848 [INFO] backward: dW1 max=5.0, dW2 max=5.0, dW3 max=0.12128622916432431
2025-04-08 09:11:51,974 [INFO] W1 norm: 8.14041345112815, W2 norm: 10.86184684055147, W3 norm: 4.469741842260953
2025-04-08 09:11:51,975 [INFO] backward: dW1 max=5.0, dW2 max=5.0, dW3 max=0.031057344687977398
2025-04-08 09:11:54,109 [INFO] W1 norm: 8.450612713048104, W2 norm: 10.967829140264028, W3 norm: 4.4698898014278745
2025-04-08 09:11:54,109 [INFO] backward: dW1 max=5.0, dW2 max=5.0, dW3 max=0.06411820697177015
2025-04-08 09:11:56,201 [INFO] W1 norm: 8.724774203624523, W2 norm: 11.141009460562342, W3 norm: 4.4701832890612225
2025-04-08 09:11:56,201 [INFO] backward: dW1 max=5.0, dW2 max=5.0, dW3 max=0.23816309418092393
2025-04-08 09:11:58,265 [INFO] W1 norm: 8.490925970825554, W2 norm: 11.055802498874389, W3 norm: 4.469614378490204
2025-04-08 09:11:58,265 [INFO] backward: dW1 max=5.0, dW2 max=5.0, dW3 max=0.051130294883161044
2025-04-08 09:12:00,372 [INFO] W1 norm: 8.6815960438666, W2 norm: 11.206502409837, W3 norm: 4.469773987794076
2025-04-08 09:12:00,373 [INFO] backward: dW1 max=5.0, dW2 max=5.0, dW3 max=0.12067365929928255
2025-04-08 09:12:02,620 [INFO] W1 norm: 8.796092903989704, W2 norm: 11.172829883591925, W3 norm: 4.469679163046624
2025-04-08 09:12:02,620 [INFO] backward: dW1 max=5.0, dW2 max=4.990374054478164, dW3 max=0.042507632975507366
2025-04-08 09:12:04,887 [INFO] W1 norm: 9.158388143238096, W2 norm: 11.27053421377865, W3 norm: 4.469808682953852
2025-04-08 09:12:04,887 [INFO] backward: dW1 max=5.0, dW2 max=5.0, dW3 max=0.14825235414510135
2025-04-08 09:12:05,068 [INFO] W1 norm: 9.114691868475072, W2 norm: 11.37935266283382, W3 norm: 4.469717983040402
2025-04-08 09:12:05,068 [INFO] backward: dW1 max=3.847113584791653, dW2 max=1.4629161053613113, dW3 max=0.31799521335726794
2025-04-08 09:12:11,028 [INFO] Epoch 2/20, Train Loss: 2.2322, Train Acc: 0.2490, Val Loss: 2.3053, Val Acc: 0.1980
2025-04-08 09:12:13,291 [INFO] W1 norm: 9.058365739449954, W2 norm: 11.390709222516884, W3 norm: 4.469966359749683
2025-04-08 09:12:13,292 [INFO] backward: dW1 max=5.0, dW2 max=5.0, dW3 max=0.15434914863348675
2025-04-08 09:12:15,658 [INFO] W1 norm: 9.327643957523097, W2 norm: 11.677237912193746, W3 norm: 4.470215796497263
2025-04-08 09:12:15,659 [INFO] backward: dW1 max=5.0, dW2 max=5.0, dW3 max=0.615455626845084
2025-04-08 09:12:17,851 [INFO] W1 norm: 9.097621936784012, W2 norm: 11.514846955634486, W3 norm: 4.469269570627259
2025-04-08 09:12:17,851 [INFO] backward: dW1 max=5.0, dW2 max=5.0, dW3 max=0.20898029619230743
2025-04-08 09:12:20,110 [INFO] W1 norm: 9.258864553328687, W2 norm: 11.687552683209413, W3 norm: 4.468957770792624
2025-04-08 09:12:20,110 [INFO] backward: dW1 max=5.0, dW2 max=5.0, dW3 max=0.22390376328328626
2025-04-08 09:12:22,439 [INFO] W1 norm: 9.62002835015593, W2 norm: 12.027459966749968, W3 norm: 4.4689437602900695
2025-04-08 09:12:22,440 [INFO] backward: dW1 max=5.0, dW2 max=5.0, dW3 max=0.6445894360107821
2025-04-08 09:12:24,667 [INFO] W1 norm: 9.555472084578655, W2 norm: 12.068882686928434, W3 norm: 4.468361478607069
2025-04-08 09:12:24,672 [INFO] backward: dW1 max=5.0, dW2 max=5.0, dW3 max=0.4569108707125675
2025-04-08 09:12:26,855 [INFO] W1 norm: 9.63896321053819, W2 norm: 12.341132331079539, W3 norm: 4.467831368822635
2025-04-08 09:12:26,856 [INFO] backward: dW1 max=5.0, dW2 max=5.0, dW3 max=1.312883769212621
2025-04-08 09:12:29,043 [INFO] W1 norm: 9.862900649713998, W2 norm: 12.521219039530099, W3 norm: 4.467778854286642
2025-04-08 09:12:29,043 [INFO] backward: dW1 max=5.0, dW2 max=5.0, dW3 max=4.386691855020373
2025-04-08 09:12:31,239 [INFO] W1 norm: 9.943510533073127, W2 norm: 12.768077331418068, W3 norm: 4.471907622757595
2025-04-08 09:12:31,240 [INFO] backward: dW1 max=5.0, dW2 max=5.0, dW3 max=0.7008379826070925
2025-04-08 09:12:33,371 [INFO] W1 norm: 9.586195143526528, W2 norm: 12.901023226247672, W3 norm: 4.469250919841143
2025-04-08 09:12:33,371 [INFO] backward: dW1 max=5.0, dW2 max=5.0, dW3 max=0.3763788415682529
2025-04-08 09:12:35,529 [INFO] W1 norm: 9.351973841609254, W2 norm: 12.773242219823263, W3 norm: 4.468399488630687
2025-04-08 09:12:35,531 [INFO] backward: dW1 max=5.0, dW2 max=5.0, dW3 max=0.20257924962084958
2025-04-08 09:12:37,877 [INFO] W1 norm: 9.669366391677565, W2 norm: 13.267283201131855, W3 norm: 4.468023773884367
2025-04-08 09:12:37,877 [INFO] backward: dW1 max=5.0, dW2 max=5.0, dW3 max=0.5542340635859376
2025-04-08 09:12:40,272 [INFO] W1 norm: 9.431857571680084, W2 norm: 13.085627247744945, W3 norm: 4.467165010827078
2025-04-08 09:12:40,272 [INFO] backward: dW1 max=5.0, dW2 max=5.0, dW3 max=0.41852204161829354
2025-04-08 09:12:42,440 [INFO] W1 norm: 9.582170400874436, W2 norm: 13.233489190434065, W3 norm: 4.466593729296964
2025-04-08 09:12:42,440 [INFO] backward: dW1 max=5.0, dW2 max=5.0, dW3 max=0.3164107925243369
2025-04-08 09:12:44,600 [INFO] W1 norm: 9.34394382232837, W2 norm: 13.370982625059556, W3 norm: 4.466184860382806
2025-04-08 09:12:44,601 [INFO] backward: dW1 max=5.0, dW2 max=5.0, dW3 max=0.1377986856628845
2025-04-08 09:12:46,961 [INFO] W1 norm: 9.66500267367936, W2 norm: 13.632315353155143, W3 norm: 4.465658627671875
2025-04-08 09:12:46,961 [INFO] backward: dW1 max=5.0, dW2 max=5.0, dW3 max=0.23726299273142928
2025-04-08 09:12:49,176 [INFO] W1 norm: 9.4973549218697, W2 norm: 13.621362589156524, W3 norm: 4.465033950963342
2025-04-08 09:12:49,176 [INFO] backward: dW1 max=5.0, dW2 max=5.0, dW3 max=0.30971775729556666
2025-04-08 09:12:51,498 [INFO] W1 norm: 9.646126707897386, W2 norm: 13.680517623326166, W3 norm: 4.464620180191634
2025-04-08 09:12:51,498 [INFO] backward: dW1 max=5.0, dW2 max=5.0, dW3 max=0.25842317803775067
2025-04-08 09:12:53,833 [INFO] W1 norm: 9.618820126848304, W2 norm: 13.818903958118433, W3 norm: 4.46446327565439
2025-04-08 09:12:53,834 [INFO] backward: dW1 max=5.0, dW2 max=5.0, dW3 max=0.18062831451571185
2025-04-08 09:12:56,126 [INFO] W1 norm: 9.979992886679828, W2 norm: 14.09053787269071, W3 norm: 4.46444039988814
2025-04-08 09:12:56,127 [INFO] backward: dW1 max=5.0, dW2 max=5.0, dW3 max=0.49447421765180893
2025-04-08 09:12:58,458 [INFO] W1 norm: 9.79140814161192, W2 norm: 13.901125622231795, W3 norm: 4.463873003462803
2025-04-08 09:12:58,458 [INFO] backward: dW1 max=5.0, dW2 max=5.0, dW3 max=0.1165274074569457
2025-04-08 09:13:00,780 [INFO] W1 norm: 10.101862053470267, W2 norm: 14.179513203609622, W3 norm: 4.463902339201667
2025-04-08 09:13:00,780 [INFO] backward: dW1 max=5.0, dW2 max=5.0, dW3 max=0.27226358734047595
2025-04-08 09:13:03,145 [INFO] W1 norm: 9.865686383063611, W2 norm: 14.24598658537961, W3 norm: 4.463771294329646
2025-04-08 09:13:03,145 [INFO] backward: dW1 max=5.0, dW2 max=5.0, dW3 max=0.08640268556473568
2025-04-08 09:13:05,517 [INFO] W1 norm: 10.13413863734038, W2 norm: 14.49789487813261, W3 norm: 4.46384452638831
2025-04-08 09:13:05,517 [INFO] backward: dW1 max=5.0, dW2 max=5.0, dW3 max=0.602823799799013
2025-04-08 09:13:07,877 [INFO] W1 norm: 10.108152691508572, W2 norm: 14.391186470480209, W3 norm: 4.46319993266059
2025-04-08 09:13:07,878 [INFO] backward: dW1 max=5.0, dW2 max=5.0, dW3 max=0.25748365322770467
2025-04-08 09:13:10,175 [INFO] W1 norm: 10.403635729084066, W2 norm: 14.583374270458805, W3 norm: 4.463076961765142
2025-04-08 09:13:10,175 [INFO] backward: dW1 max=5.0, dW2 max=5.0, dW3 max=0.13476086267528065
2025-04-08 09:13:12,558 [INFO] W1 norm: 10.228975216607672, W2 norm: 14.799585877458732, W3 norm: 4.462938209938823
2025-04-08 09:13:12,559 [INFO] backward: dW1 max=5.0, dW2 max=5.0, dW3 max=0.20712392243089311
2025-04-08 09:13:14,784 [INFO] W1 norm: 10.562863595609942, W2 norm: 15.056642867274045, W3 norm: 4.462559389805564
2025-04-08 09:13:14,784 [INFO] backward: dW1 max=5.0, dW2 max=5.0, dW3 max=0.37114449832280244
2025-04-08 09:13:16,983 [INFO] W1 norm: 10.287310403941815, W2 norm: 14.863465928972692, W3 norm: 4.461872660636961
2025-04-08 09:13:16,983 [INFO] backward: dW1 max=5.0, dW2 max=5.0, dW3 max=0.07298007411045924
2025-04-08 09:13:19,218 [INFO] W1 norm: 10.553523515553863, W2 norm: 15.173212124778088, W3 norm: 4.461911749342336
2025-04-08 09:13:19,219 [INFO] backward: dW1 max=5.0, dW2 max=5.0, dW3 max=0.19118596486071823
2025-04-08 09:13:21,511 [INFO] W1 norm: 10.385162364930318, W2 norm: 14.924265587845833, W3 norm: 4.461249043655884
2025-04-08 09:13:21,511 [INFO] backward: dW1 max=5.0, dW2 max=5.0, dW3 max=0.11725360977459645
2025-04-08 09:13:23,721 [INFO] W1 norm: 10.711809397261357, W2 norm: 15.285403863669883, W3 norm: 4.461136068770261
2025-04-08 09:13:23,722 [INFO] backward: dW1 max=5.0, dW2 max=5.0, dW3 max=0.32001926180551343
2025-04-08 09:13:25,911 [INFO] W1 norm: 10.437090384918683, W2 norm: 15.41248397013941, W3 norm: 4.460698302618202
2025-04-08 09:13:25,911 [INFO] backward: dW1 max=5.0, dW2 max=5.0, dW3 max=0.18716438246846548
2025-04-08 09:13:28,122 [INFO] W1 norm: 10.652502870306275, W2 norm: 15.680778565563783, W3 norm: 4.460510539064739
2025-04-08 09:13:28,123 [INFO] backward: dW1 max=5.0, dW2 max=5.0, dW3 max=0.23778677674642956
2025-04-08 09:13:30,371 [INFO] W1 norm: 10.648649325153277, W2 norm: 15.56510340321851, W3 norm: 4.459991549315257
2025-04-08 09:13:30,371 [INFO] backward: dW1 max=5.0, dW2 max=5.0, dW3 max=0.20523932102186349
2025-04-08 09:13:32,651 [INFO] W1 norm: 10.880933773580557, W2 norm: 15.749009595111291, W3 norm: 4.460078839125022
2025-04-08 09:13:32,652 [INFO] backward: dW1 max=5.0, dW2 max=5.0, dW3 max=0.25501033733658285
2025-04-08 09:13:34,833 [INFO] W1 norm: 10.566449892074639, W2 norm: 15.652427094408067, W3 norm: 4.459634461040026
2025-04-08 09:13:34,833 [INFO] backward: dW1 max=5.0, dW2 max=5.0, dW3 max=0.10939177217267153
2025-04-08 09:13:36,924 [INFO] W1 norm: 10.831644433067538, W2 norm: 15.974244064842694, W3 norm: 4.4597165763916005
2025-04-08 09:13:36,924 [INFO] backward: dW1 max=5.0, dW2 max=5.0, dW3 max=0.7211130962015352
2025-04-08 09:13:39,036 [INFO] W1 norm: 10.597131056726928, W2 norm: 15.714533370701604, W3 norm: 4.458981368352836
2025-04-08 09:13:39,037 [INFO] backward: dW1 max=5.0, dW2 max=5.0, dW3 max=0.09660473883469252
2025-04-08 09:13:39,231 [INFO] W1 norm: 10.79150763151973, W2 norm: 16.06968530418137, W3 norm: 4.458718848143388
2025-04-08 09:13:39,232 [INFO] backward: dW1 max=5.0, dW2 max=2.7388944666280244, dW3 max=1.1034222322717036
2025-04-08 09:13:45,516 [INFO] Epoch 3/20, Train Loss: 2.3785, Train Acc: 0.2240, Val Loss: 2.4741, Val Acc: 0.2120
2025-04-08 09:13:48,270 [INFO] W1 norm: 10.71330451317553, W2 norm: 16.007833255006798, W3 norm: 4.458548718405087
2025-04-08 09:13:48,270 [INFO] backward: dW1 max=5.0, dW2 max=5.0, dW3 max=0.2994942764240536
2025-04-08 09:13:50,704 [INFO] W1 norm: 10.8442957308004, W2 norm: 16.238663282186746, W3 norm: 4.4582117596548345
2025-04-08 09:13:50,705 [INFO] backward: dW1 max=5.0, dW2 max=5.0, dW3 max=0.49027504047701503
2025-04-08 09:13:53,068 [INFO] W1 norm: 10.7131454772494, W2 norm: 16.615548399562748, W3 norm: 4.457490853979153
2025-04-08 09:13:53,068 [INFO] backward: dW1 max=5.0, dW2 max=5.0, dW3 max=0.2998649138429773
2025-04-08 09:13:55,238 [INFO] W1 norm: 10.739580026153158, W2 norm: 16.711136988625032, W3 norm: 4.456942309793633
2025-04-08 09:13:55,238 [INFO] backward: dW1 max=5.0, dW2 max=5.0, dW3 max=0.27416410685839643
2025-04-08 09:13:57,367 [INFO] W1 norm: 10.58892290849383, W2 norm: 16.500769535662837, W3 norm: 4.4564570121141225
2025-04-08 09:13:57,367 [INFO] backward: dW1 max=5.0, dW2 max=5.0, dW3 max=0.2205177182957354
2025-04-08 09:13:59,477 [INFO] W1 norm: 10.665172039410324, W2 norm: 16.786128333501924, W3 norm: 4.456106987312168
2025-04-08 09:13:59,477 [INFO] backward: dW1 max=5.0, dW2 max=5.0, dW3 max=0.296358758598602
2025-04-08 09:14:01,598 [INFO] W1 norm: 10.646784227503867, W2 norm: 16.661335905817865, W3 norm: 4.455787031143956
2025-04-08 09:14:01,598 [INFO] backward: dW1 max=5.0, dW2 max=5.0, dW3 max=0.16007485737490004
2025-04-08 09:14:03,888 [INFO] W1 norm: 10.882082561441226, W2 norm: 16.815294152842135, W3 norm: 4.455613452521791
2025-04-08 09:14:03,888 [INFO] backward: dW1 max=5.0, dW2 max=5.0, dW3 max=0.21263995349981363
2025-04-08 09:14:05,955 [INFO] W1 norm: 10.99953977456041, W2 norm: 16.892122275061638, W3 norm: 4.454806881725046
2025-04-08 09:14:05,955 [INFO] backward: dW1 max=5.0, dW2 max=5.0, dW3 max=0.7435677920698575
2025-04-08 09:14:08,133 [INFO] W1 norm: 11.091236774320596, W2 norm: 16.959279402446672, W3 norm: 4.454064704116745
2025-04-08 09:14:08,133 [INFO] backward: dW1 max=5.0, dW2 max=5.0, dW3 max=0.25034825629628815
2025-04-08 09:14:10,210 [INFO] W1 norm: 10.953131082110106, W2 norm: 16.943079911903574, W3 norm: 4.453043293671054
2025-04-08 09:14:10,211 [INFO] backward: dW1 max=5.0, dW2 max=5.0, dW3 max=0.20979594390309678
2025-04-08 09:14:12,421 [INFO] W1 norm: 11.150828148272586, W2 norm: 17.12240599602155, W3 norm: 4.453092626739466
2025-04-08 09:14:12,421 [INFO] backward: dW1 max=5.0, dW2 max=5.0, dW3 max=0.1950728739505662
2025-04-08 09:14:14,632 [INFO] W1 norm: 11.112949200808858, W2 norm: 17.435256437845116, W3 norm: 4.452529518949834
2025-04-08 09:14:14,632 [INFO] backward: dW1 max=5.0, dW2 max=5.0, dW3 max=0.8639073721906186
2025-04-08 09:14:16,779 [INFO] W1 norm: 11.08379444025717, W2 norm: 17.209154689169107, W3 norm: 4.451406314306812
2025-04-08 09:14:16,780 [INFO] backward: dW1 max=5.0, dW2 max=5.0, dW3 max=0.23481296908275087
2025-04-08 09:14:18,869 [INFO] W1 norm: 10.909619069693171, W2 norm: 17.33420016106347, W3 norm: 4.450625260998495
2025-04-08 09:14:18,870 [INFO] backward: dW1 max=5.0, dW2 max=5.0, dW3 max=0.3519010471851095
2025-04-08 09:14:20,945 [INFO] W1 norm: 11.128838166611384, W2 norm: 17.960662896316848, W3 norm: 4.45000219875734
2025-04-08 09:14:20,945 [INFO] backward: dW1 max=5.0, dW2 max=5.0, dW3 max=0.5445193783379828
2025-04-08 09:14:23,056 [INFO] W1 norm: 10.89501264539765, W2 norm: 17.816918709136452, W3 norm: 4.449235631123351
2025-04-08 09:14:23,057 [INFO] backward: dW1 max=5.0, dW2 max=5.0, dW3 max=0.13312175587320976
2025-04-08 09:14:25,174 [INFO] W1 norm: 11.16152556044887, W2 norm: 18.25658179298322, W3 norm: 4.449161886005746
2025-04-08 09:14:25,174 [INFO] backward: dW1 max=5.0, dW2 max=5.0, dW3 max=0.34011094972831807
2025-04-08 09:14:27,306 [INFO] W1 norm: 11.075770218224852, W2 norm: 18.258640803370852, W3 norm: 4.448715944235536
2025-04-08 09:14:27,307 [INFO] backward: dW1 max=5.0, dW2 max=5.0, dW3 max=0.19219385242020104
2025-04-08 09:14:29,367 [INFO] W1 norm: 11.33523401753352, W2 norm: 18.713232812410197, W3 norm: 4.448200700641369
2025-04-08 09:14:29,367 [INFO] backward: dW1 max=5.0, dW2 max=5.0, dW3 max=1.4397502019192632
2025-04-08 09:14:31,470 [INFO] W1 norm: 11.231821561101656, W2 norm: 18.520838098579308, W3 norm: 4.447712512511451
2025-04-08 09:14:31,470 [INFO] backward: dW1 max=5.0, dW2 max=5.0, dW3 max=0.3615050048322543
2025-04-08 09:14:33,568 [INFO] W1 norm: 11.17214925679748, W2 norm: 18.878167559908537, W3 norm: 4.446582922892528
2025-04-08 09:14:33,569 [INFO] backward: dW1 max=5.0, dW2 max=5.0, dW3 max=0.16798745368700307
2025-04-08 09:14:35,665 [INFO] W1 norm: 11.363059951179476, W2 norm: 19.074025491708287, W3 norm: 4.446250342598456
2025-04-08 09:14:35,665 [INFO] backward: dW1 max=5.0, dW2 max=5.0, dW3 max=0.4035277840151635
2025-04-08 09:14:37,758 [INFO] W1 norm: 11.580696035473858, W2 norm: 19.565747360428436, W3 norm: 4.44577975048641
2025-04-08 09:14:37,759 [INFO] backward: dW1 max=5.0, dW2 max=5.0, dW3 max=1.164276409972095
2025-04-08 09:14:39,882 [INFO] W1 norm: 11.404656060644976, W2 norm: 19.433546490597237, W3 norm: 4.4449536093392235
2025-04-08 09:14:39,882 [INFO] backward: dW1 max=5.0, dW2 max=5.0, dW3 max=0.27228341150809726
2025-04-08 09:14:42,001 [INFO] W1 norm: 11.611128540202136, W2 norm: 20.06098911393946, W3 norm: 4.444359146190918
2025-04-08 09:14:42,002 [INFO] backward: dW1 max=5.0, dW2 max=5.0, dW3 max=0.4266901483319592
2025-04-08 09:14:44,119 [INFO] W1 norm: 11.523133590080214, W2 norm: 20.198946565195364, W3 norm: 4.443667563144633
2025-04-08 09:14:44,119 [INFO] backward: dW1 max=5.0, dW2 max=5.0, dW3 max=0.4613502478427607
2025-04-08 09:14:46,229 [INFO] W1 norm: 11.627961198425599, W2 norm: 20.63718543436094, W3 norm: 4.443054099824651
2025-04-08 09:14:46,230 [INFO] backward: dW1 max=5.0, dW2 max=5.0, dW3 max=0.6762892124094511
2025-04-08 09:14:48,342 [INFO] W1 norm: 11.465351421746258, W2 norm: 20.728891889291575, W3 norm: 4.441912744973488
2025-04-08 09:14:48,342 [INFO] backward: dW1 max=5.0, dW2 max=5.0, dW3 max=0.47523829177245525
2025-04-08 09:14:50,478 [INFO] W1 norm: 11.727947969664188, W2 norm: 21.33566225339762, W3 norm: 4.441062511624085
2025-04-08 09:14:50,478 [INFO] backward: dW1 max=5.0, dW2 max=5.0, dW3 max=1.624482361185364
2025-04-08 09:14:52,622 [INFO] W1 norm: 11.441455675730143, W2 norm: 21.04906288269996, W3 norm: 4.440165457390598
2025-04-08 09:14:52,623 [INFO] backward: dW1 max=5.0, dW2 max=5.0, dW3 max=0.12920140929460788
2025-04-08 09:14:54,787 [INFO] W1 norm: 11.54005198153962, W2 norm: 21.533771906002272, W3 norm: 4.439565250715501
2025-04-08 09:14:54,787 [INFO] backward: dW1 max=5.0, dW2 max=5.0, dW3 max=0.4885045596690302
2025-04-08 09:14:56,936 [INFO] W1 norm: 11.475551474188073, W2 norm: 21.722446402138925, W3 norm: 4.438909859364392
2025-04-08 09:14:56,936 [INFO] backward: dW1 max=5.0, dW2 max=5.0, dW3 max=0.9559643505035316
2025-04-08 09:14:59,051 [INFO] W1 norm: 11.926580617212593, W2 norm: 22.05910317712656, W3 norm: 4.438400590909207
2025-04-08 09:14:59,051 [INFO] backward: dW1 max=5.0, dW2 max=5.0, dW3 max=0.35309783196996464
2025-04-08 09:15:01,239 [INFO] W1 norm: 11.785430239229072, W2 norm: 22.05074291168862, W3 norm: 4.438066513105613
2025-04-08 09:15:01,240 [INFO] backward: dW1 max=5.0, dW2 max=5.0, dW3 max=0.7336865615526866
2025-04-08 09:15:03,390 [INFO] W1 norm: 11.714738653246119, W2 norm: 22.549465004681654, W3 norm: 4.437143449665256
2025-04-08 09:15:03,391 [INFO] backward: dW1 max=5.0, dW2 max=5.0, dW3 max=0.6252472564037443
2025-04-08 09:15:05,513 [INFO] W1 norm: 11.756231463648302, W2 norm: 22.376737526748585, W3 norm: 4.435277170593585
2025-04-08 09:15:05,514 [INFO] backward: dW1 max=5.0, dW2 max=5.0, dW3 max=0.18666665480555217
2025-04-08 09:15:07,666 [INFO] W1 norm: 12.125206512341995, W2 norm: 22.877332638607644, W3 norm: 4.434462933109086
2025-04-08 09:15:07,666 [INFO] backward: dW1 max=5.0, dW2 max=5.0, dW3 max=0.4822865614185769
2025-04-08 09:15:09,739 [INFO] W1 norm: 12.129965145086308, W2 norm: 22.52104920981168, W3 norm: 4.433143183115954
2025-04-08 09:15:09,740 [INFO] backward: dW1 max=5.0, dW2 max=5.0, dW3 max=0.9004896110782062
2025-04-08 09:15:09,930 [INFO] W1 norm: 12.104841300646186, W2 norm: 23.120518220996658, W3 norm: 4.43265948677447
2025-04-08 09:15:09,931 [INFO] backward: dW1 max=2.6698965930056477, dW2 max=5.0, dW3 max=1.0683758597144886
2025-04-08 09:15:16,155 [INFO] Epoch 4/20, Train Loss: 4.3277, Train Acc: 0.1520, Val Loss: 4.5674, Val Acc: 0.1360
2025-04-08 09:15:18,407 [INFO] W1 norm: 12.19926300344282, W2 norm: 23.154954981701017, W3 norm: 4.435390794351377
2025-04-08 09:15:18,407 [INFO] backward: dW1 max=5.0, dW2 max=5.0, dW3 max=3.565874620750527
2025-04-08 09:15:20,634 [INFO] W1 norm: 11.912199345513299, W2 norm: 23.414649368255912, W3 norm: 4.435888788693374
2025-04-08 09:15:20,634 [INFO] backward: dW1 max=5.0, dW2 max=5.0, dW3 max=0.17003969394089022
2025-04-08 09:15:22,811 [INFO] W1 norm: 12.22922350626703, W2 norm: 23.92607667496602, W3 norm: 4.435557400540966
2025-04-08 09:15:22,812 [INFO] backward: dW1 max=5.0, dW2 max=5.0, dW3 max=2.8056615527636577
2025-04-08 09:15:25,014 [INFO] W1 norm: 12.034637378400161, W2 norm: 23.496884254519586, W3 norm: 4.434048389472438
2025-04-08 09:15:25,014 [INFO] backward: dW1 max=5.0, dW2 max=5.0, dW3 max=0.1349317595058145
2025-04-08 09:15:27,279 [INFO] W1 norm: 12.001978527499746, W2 norm: 24.051935899201077, W3 norm: 4.432774522930459
2025-04-08 09:15:27,279 [INFO] backward: dW1 max=5.0, dW2 max=5.0, dW3 max=0.46233978459075964
2025-04-08 09:15:29,518 [INFO] W1 norm: 12.362470135436897, W2 norm: 24.36298418799647, W3 norm: 4.431886530481916
2025-04-08 09:15:29,518 [INFO] backward: dW1 max=5.0, dW2 max=5.0, dW3 max=1.3632319509451234
2025-04-08 09:15:31,762 [INFO] W1 norm: 12.277791509016696, W2 norm: 24.245877785992807, W3 norm: 4.431473197180145
2025-04-08 09:15:31,762 [INFO] backward: dW1 max=5.0, dW2 max=5.0, dW3 max=0.689007043210369
2025-04-08 09:15:33,952 [INFO] W1 norm: 12.098721480005851, W2 norm: 24.742340396360426, W3 norm: 4.4302776533360255
2025-04-08 09:15:33,953 [INFO] backward: dW1 max=5.0, dW2 max=5.0, dW3 max=0.26139205213700306
2025-04-08 09:15:36,276 [INFO] W1 norm: 12.205391661534208, W2 norm: 24.72060494590963, W3 norm: 4.429857637045569
2025-04-08 09:15:36,276 [INFO] backward: dW1 max=5.0, dW2 max=5.0, dW3 max=0.573513169965778
2025-04-08 09:15:38,583 [INFO] W1 norm: 12.591206203407847, W2 norm: 25.17458426283214, W3 norm: 4.428445998305546
2025-04-08 09:15:38,584 [INFO] backward: dW1 max=5.0, dW2 max=5.0, dW3 max=0.10866014965783027
2025-04-08 09:15:40,966 [INFO] W1 norm: 12.920953286621327, W2 norm: 25.90521300338675, W3 norm: 4.428201300515773
2025-04-08 09:15:40,967 [INFO] backward: dW1 max=5.0, dW2 max=5.0, dW3 max=2.6502296294320966
2025-04-08 09:15:43,341 [INFO] W1 norm: 13.073145277647487, W2 norm: 25.641260939748914, W3 norm: 4.4320482772832435
2025-04-08 09:15:43,341 [INFO] backward: dW1 max=5.0, dW2 max=5.0, dW3 max=5.0
2025-04-08 09:15:45,691 [INFO] W1 norm: 12.767800024664755, W2 norm: 25.820774363838378, W3 norm: 4.4393566732190495
2025-04-08 09:15:45,691 [INFO] backward: dW1 max=5.0, dW2 max=5.0, dW3 max=0.3540785365633445
2025-04-08 09:15:48,010 [INFO] W1 norm: 12.76746814999458, W2 norm: 26.592362035339335, W3 norm: 4.438085430087038
2025-04-08 09:15:48,011 [INFO] backward: dW1 max=5.0, dW2 max=5.0, dW3 max=1.9165367618470373
2025-04-08 09:15:50,328 [INFO] W1 norm: 13.021371876442076, W2 norm: 26.818522111185995, W3 norm: 4.4374231119112375
2025-04-08 09:15:50,328 [INFO] backward: dW1 max=5.0, dW2 max=5.0, dW3 max=0.9404570039649538
2025-04-08 09:15:52,739 [INFO] W1 norm: 13.126929330014136, W2 norm: 27.54596399449506, W3 norm: 4.4361654939333945
2025-04-08 09:15:52,739 [INFO] backward: dW1 max=5.0, dW2 max=5.0, dW3 max=2.62923993925535
2025-04-08 09:15:55,320 [INFO] W1 norm: 13.20727911702344, W2 norm: 27.87679794428304, W3 norm: 4.435650938777922
2025-04-08 09:15:55,320 [INFO] backward: dW1 max=5.0, dW2 max=5.0, dW3 max=1.1251028072361062
2025-04-08 09:15:57,667 [INFO] W1 norm: 13.370297903401367, W2 norm: 28.76273296316262, W3 norm: 4.4341071613389
2025-04-08 09:15:57,668 [INFO] backward: dW1 max=5.0, dW2 max=5.0, dW3 max=0.1125959774029769
2025-04-08 09:16:00,125 [INFO] W1 norm: 13.722606567811331, W2 norm: 29.58626881585413, W3 norm: 4.433682563682272
2025-04-08 09:16:00,125 [INFO] backward: dW1 max=5.0, dW2 max=5.0, dW3 max=2.461264814431737
2025-04-08 09:16:02,465 [INFO] W1 norm: 13.600473724060254, W2 norm: 29.393440107435882, W3 norm: 4.433582149086471
2025-04-08 09:16:02,469 [INFO] backward: dW1 max=5.0, dW2 max=5.0, dW3 max=0.10620090708750173
2025-04-08 09:16:04,798 [INFO] W1 norm: 14.082909490630994, W2 norm: 29.926099901142994, W3 norm: 4.4331958410571275
2025-04-08 09:16:04,799 [INFO] backward: dW1 max=5.0, dW2 max=5.0, dW3 max=0.5190796525719125
2025-04-08 09:16:07,092 [INFO] W1 norm: 14.059278893862803, W2 norm: 30.600619420849423, W3 norm: 4.431490646711795
2025-04-08 09:16:07,093 [INFO] backward: dW1 max=5.0, dW2 max=5.0, dW3 max=0.4521338406582031
2025-04-08 09:16:09,466 [INFO] W1 norm: 14.249086205455166, W2 norm: 30.733225010955124, W3 norm: 4.430825850666859
2025-04-08 09:16:09,466 [INFO] backward: dW1 max=5.0, dW2 max=5.0, dW3 max=0.6411511157808089
2025-04-08 09:16:11,842 [INFO] W1 norm: 14.338725775926052, W2 norm: 31.10588251352342, W3 norm: 4.429412318558738
2025-04-08 09:16:11,842 [INFO] backward: dW1 max=5.0, dW2 max=5.0, dW3 max=5.0
2025-04-08 09:16:14,244 [INFO] W1 norm: 14.190403632956858, W2 norm: 31.098258907754314, W3 norm: 4.434755382450616
2025-04-08 09:16:14,245 [INFO] backward: dW1 max=5.0, dW2 max=5.0, dW3 max=1.1598172917733598
2025-04-08 09:16:16,620 [INFO] W1 norm: 14.355126935419824, W2 norm: 31.16803051176429, W3 norm: 4.431935471905778
2025-04-08 09:16:16,620 [INFO] backward: dW1 max=5.0, dW2 max=5.0, dW3 max=0.6414240964524562
2025-04-08 09:16:19,020 [INFO] W1 norm: 14.673678575227285, W2 norm: 31.83990232767631, W3 norm: 4.4302980118733695
2025-04-08 09:16:19,020 [INFO] backward: dW1 max=5.0, dW2 max=5.0, dW3 max=0.6626100054553408
2025-04-08 09:16:21,282 [INFO] W1 norm: 14.99339463186305, W2 norm: 32.21489199446878, W3 norm: 4.428588398952666
2025-04-08 09:16:21,283 [INFO] backward: dW1 max=5.0, dW2 max=5.0, dW3 max=0.878697679062058
2025-04-08 09:16:23,618 [INFO] W1 norm: 14.918805553163912, W2 norm: 32.470446543833496, W3 norm: 4.426646192092211
2025-04-08 09:16:23,619 [INFO] backward: dW1 max=5.0, dW2 max=5.0, dW3 max=5.0
2025-04-08 09:16:25,905 [INFO] W1 norm: 14.82641012928297, W2 norm: 32.364677285980044, W3 norm: 4.43405507856895
2025-04-08 09:16:25,906 [INFO] backward: dW1 max=5.0, dW2 max=5.0, dW3 max=0.5132323279305748
2025-04-08 09:16:28,187 [INFO] W1 norm: 14.729892773829475, W2 norm: 32.64849322262478, W3 norm: 4.430860402894384
2025-04-08 09:16:28,187 [INFO] backward: dW1 max=5.0, dW2 max=5.0, dW3 max=0.4278368879915855
2025-04-08 09:16:30,443 [INFO] W1 norm: 14.727364709421513, W2 norm: 33.068664414576446, W3 norm: 4.429760366660614
2025-04-08 09:16:30,444 [INFO] backward: dW1 max=5.0, dW2 max=5.0, dW3 max=0.13749504620319097
2025-04-08 09:16:32,758 [INFO] W1 norm: 14.799540971467275, W2 norm: 33.64989625794273, W3 norm: 4.429308393704647
2025-04-08 09:16:32,758 [INFO] backward: dW1 max=5.0, dW2 max=5.0, dW3 max=0.6150524929035258
2025-04-08 09:16:35,006 [INFO] W1 norm: 14.53946094870891, W2 norm: 33.793837468822126, W3 norm: 4.427251689388187
2025-04-08 09:16:35,006 [INFO] backward: dW1 max=5.0, dW2 max=5.0, dW3 max=2.472330719888162
2025-04-08 09:16:37,177 [INFO] W1 norm: 14.584152686756035, W2 norm: 34.43032104605474, W3 norm: 4.42739742559707
2025-04-08 09:16:37,178 [INFO] backward: dW1 max=5.0, dW2 max=5.0, dW3 max=0.3194497784454336
2025-04-08 09:16:39,416 [INFO] W1 norm: 14.768250367029745, W2 norm: 34.9391727004422, W3 norm: 4.426841116433808
2025-04-08 09:16:39,417 [INFO] backward: dW1 max=5.0, dW2 max=5.0, dW3 max=5.0
2025-04-08 09:16:41,590 [INFO] W1 norm: 14.68313243649324, W2 norm: 34.528448725039965, W3 norm: 4.433979706930609
2025-04-08 09:16:41,590 [INFO] backward: dW1 max=5.0, dW2 max=5.0, dW3 max=0.13521235751410582
2025-04-08 09:16:43,751 [INFO] W1 norm: 14.720926614363407, W2 norm: 35.179995577058946, W3 norm: 4.4332652081470885
2025-04-08 09:16:43,752 [INFO] backward: dW1 max=5.0, dW2 max=5.0, dW3 max=0.2179804882042632
2025-04-08 09:16:45,935 [INFO] W1 norm: 15.075533876826617, W2 norm: 35.82006521637461, W3 norm: 4.432770231901096
2025-04-08 09:16:45,936 [INFO] backward: dW1 max=5.0, dW2 max=5.0, dW3 max=0.21801574560798673
2025-04-08 09:16:46,125 [INFO] W1 norm: 14.98203726688884, W2 norm: 35.62539627286227, W3 norm: 4.43243462393927
2025-04-08 09:16:46,125 [INFO] backward: dW1 max=5.0, dW2 max=5.0, dW3 max=2.1277595312280697
2025-04-08 09:16:52,143 [INFO] Epoch 5/20, Train Loss: 3.2229, Train Acc: 0.1420, Val Loss: 3.2504, Val Acc: 0.1220
2025-04-08 09:16:54,346 [INFO] W1 norm: 15.215312514004651, W2 norm: 35.8697172085182, W3 norm: 4.4315381538964225
2025-04-08 09:16:54,346 [INFO] backward: dW1 max=5.0, dW2 max=5.0, dW3 max=0.4741532543683203
2025-04-08 09:16:56,653 [INFO] W1 norm: 15.68390559908768, W2 norm: 36.30973164074807, W3 norm: 4.430786338828453
2025-04-08 09:16:56,653 [INFO] backward: dW1 max=5.0, dW2 max=5.0, dW3 max=1.7139375385203746
2025-04-08 09:16:58,908 [INFO] W1 norm: 16.001731085208718, W2 norm: 36.58831548441449, W3 norm: 4.4275383653183695
2025-04-08 09:16:58,908 [INFO] backward: dW1 max=5.0, dW2 max=5.0, dW3 max=1.2085132357553752
2025-04-08 09:17:01,192 [INFO] W1 norm: 15.559701620586162, W2 norm: 36.528316454454014, W3 norm: 4.4238992398987875
2025-04-08 09:17:01,192 [INFO] backward: dW1 max=5.0, dW2 max=5.0, dW3 max=0.14007898304731795
2025-04-08 09:17:03,364 [INFO] W1 norm: 15.92404933625564, W2 norm: 36.891016977253216, W3 norm: 4.423526824560551
2025-04-08 09:17:03,364 [INFO] backward: dW1 max=5.0, dW2 max=5.0, dW3 max=3.9936015770142643
2025-04-08 09:17:05,576 [INFO] W1 norm: 16.035812932243463, W2 norm: 37.53122415917281, W3 norm: 4.42507906909157
2025-04-08 09:17:05,576 [INFO] backward: dW1 max=5.0, dW2 max=5.0, dW3 max=0.20535103882214084
2025-04-08 09:17:07,820 [INFO] W1 norm: 16.523539392456087, W2 norm: 38.42484702054611, W3 norm: 4.424606195636925
2025-04-08 09:17:07,821 [INFO] backward: dW1 max=5.0, dW2 max=5.0, dW3 max=5.0
2025-04-08 09:17:10,328 [INFO] W1 norm: 16.390787382620108, W2 norm: 38.337487271892684, W3 norm: 4.424051424782411
2025-04-08 09:17:10,328 [INFO] backward: dW1 max=5.0, dW2 max=5.0, dW3 max=5.0
2025-04-08 09:17:12,834 [INFO] W1 norm: 15.950026063761527, W2 norm: 37.97875488842103, W3 norm: 4.445678453293663
2025-04-08 09:17:12,834 [INFO] backward: dW1 max=5.0, dW2 max=5.0, dW3 max=2.037466962203802
2025-04-08 09:17:15,152 [INFO] W1 norm: 15.97978332128208, W2 norm: 38.699091565183544, W3 norm: 4.436913859706632
2025-04-08 09:17:15,153 [INFO] backward: dW1 max=5.0, dW2 max=5.0, dW3 max=0.17395005956941575
2025-04-08 09:17:17,539 [INFO] W1 norm: 16.247770715105265, W2 norm: 39.48658271646863, W3 norm: 4.436519193989687
2025-04-08 09:17:17,539 [INFO] backward: dW1 max=5.0, dW2 max=5.0, dW3 max=2.0181838159836465
2025-04-08 09:17:19,877 [INFO] W1 norm: 16.000627772851182, W2 norm: 39.32930952753041, W3 norm: 4.433098691170219
2025-04-08 09:17:19,877 [INFO] backward: dW1 max=5.0, dW2 max=5.0, dW3 max=0.21132032135828588
2025-04-08 09:17:22,163 [INFO] W1 norm: 16.425998349262823, W2 norm: 39.970952055336284, W3 norm: 4.432775456502851
2025-04-08 09:17:22,163 [INFO] backward: dW1 max=5.0, dW2 max=5.0, dW3 max=2.077492647419194
2025-04-08 09:17:24,366 [INFO] W1 norm: 16.505188296961478, W2 norm: 40.53792163656973, W3 norm: 4.426196160560504
2025-04-08 09:17:24,367 [INFO] backward: dW1 max=5.0, dW2 max=5.0, dW3 max=0.13801614896053865
2025-04-08 09:17:26,576 [INFO] W1 norm: 16.786653807114533, W2 norm: 40.56194148993368, W3 norm: 4.42594580564258
2025-04-08 09:17:26,577 [INFO] backward: dW1 max=5.0, dW2 max=5.0, dW3 max=0.48541577779070255
2025-04-08 09:17:28,822 [INFO] W1 norm: 16.65237742178, W2 norm: 40.340834436996445, W3 norm: 4.42519098560024
2025-04-08 09:17:28,823 [INFO] backward: dW1 max=5.0, dW2 max=5.0, dW3 max=0.7546213586798504
2025-04-08 09:17:31,178 [INFO] W1 norm: 16.89329388554361, W2 norm: 40.9930130273642, W3 norm: 4.420453097215362
2025-04-08 09:17:31,178 [INFO] backward: dW1 max=5.0, dW2 max=5.0, dW3 max=0.5600287478917279
2025-04-08 09:17:33,573 [INFO] W1 norm: 16.827137009576305, W2 norm: 40.720482832088294, W3 norm: 4.418604500031717
2025-04-08 09:17:33,574 [INFO] backward: dW1 max=5.0, dW2 max=5.0, dW3 max=0.6907505166612736
2025-04-08 09:17:36,012 [INFO] W1 norm: 17.199015106402236, W2 norm: 41.30303009417353, W3 norm: 4.414745033055141
2025-04-08 09:17:36,013 [INFO] backward: dW1 max=5.0, dW2 max=5.0, dW3 max=0.5346004143357278
2025-04-08 09:17:38,332 [INFO] W1 norm: 17.27166965873617, W2 norm: 40.8175519461971, W3 norm: 4.413481466745804
2025-04-08 09:17:38,332 [INFO] backward: dW1 max=5.0, dW2 max=5.0, dW3 max=0.6604551330674138
2025-04-08 09:17:40,771 [INFO] W1 norm: 17.696974967003428, W2 norm: 41.615008397115446, W3 norm: 4.410193232617804
2025-04-08 09:17:40,771 [INFO] backward: dW1 max=5.0, dW2 max=5.0, dW3 max=0.1941404463065719
2025-04-08 09:17:43,111 [INFO] W1 norm: 18.19156427953087, W2 norm: 42.206301893111146, W3 norm: 4.40985759938356
2025-04-08 09:17:43,112 [INFO] backward: dW1 max=5.0, dW2 max=5.0, dW3 max=4.33451881109727
