2025-04-12 04:26:41,319 [INFO] Starting CIFAR-10 training...
2025-04-12 04:26:42,583 [INFO] Starting sequential hyperparameter search...
2025-04-12 04:26:42,583 [INFO] 
Optimizing lr...
2025-04-12 04:26:42,583 [INFO] Testing lr = 0.01
2025-04-12 04:26:43,719 [INFO] Epoch 1/5, Train Loss: 2.9703, Train Acc: 0.1700, Val Loss: 3.1834, Val Acc: 0.0800
2025-04-12 04:26:43,793 [INFO] Epoch 2/5, Train Loss: 2.7797, Train Acc: 0.1900, Val Loss: 3.1288, Val Acc: 0.0800
2025-04-12 04:26:43,865 [INFO] Epoch 3/5, Train Loss: 2.5934, Train Acc: 0.2400, Val Loss: 3.0999, Val Acc: 0.0800
2025-04-12 04:26:43,936 [INFO] Epoch 4/5, Train Loss: 2.4673, Train Acc: 0.3100, Val Loss: 3.0787, Val Acc: 0.1000
2025-04-12 04:26:44,011 [INFO] Epoch 5/5, Train Loss: 2.3642, Train Acc: 0.3700, Val Loss: 3.0670, Val Acc: 0.0600
2025-04-12 04:26:44,014 [INFO] lr=0.01, Val Acc: 0.1000
2025-04-12 04:26:44,062 [INFO] Testing lr = 0.001
2025-04-12 04:26:44,138 [INFO] Epoch 1/5, Train Loss: 3.5656, Train Acc: 0.0600, Val Loss: 3.1164, Val Acc: 0.1400
2025-04-12 04:26:44,243 [INFO] Epoch 2/5, Train Loss: 3.4428, Train Acc: 0.0600, Val Loss: 3.0311, Val Acc: 0.1200
2025-04-12 04:26:44,316 [INFO] Epoch 3/5, Train Loss: 3.3388, Train Acc: 0.0700, Val Loss: 2.9627, Val Acc: 0.0800
2025-04-12 04:26:44,390 [INFO] Epoch 4/5, Train Loss: 3.2608, Train Acc: 0.0600, Val Loss: 2.9180, Val Acc: 0.0800
2025-04-12 04:26:44,461 [INFO] Epoch 5/5, Train Loss: 3.2006, Train Acc: 0.0700, Val Loss: 2.8886, Val Acc: 0.0800
2025-04-12 04:26:44,463 [INFO] lr=0.001, Val Acc: 0.1400
2025-04-12 04:26:44,484 [INFO] Testing lr = 0.0001
2025-04-12 04:26:44,556 [INFO] Epoch 1/5, Train Loss: 3.3837, Train Acc: 0.0700, Val Loss: 3.1778, Val Acc: 0.1600
2025-04-12 04:26:44,627 [INFO] Epoch 2/5, Train Loss: 3.3765, Train Acc: 0.0700, Val Loss: 3.1753, Val Acc: 0.1600
2025-04-12 04:26:44,701 [INFO] Epoch 3/5, Train Loss: 3.3699, Train Acc: 0.0700, Val Loss: 3.1735, Val Acc: 0.1600
2025-04-12 04:26:44,778 [INFO] Epoch 4/5, Train Loss: 3.3645, Train Acc: 0.0700, Val Loss: 3.1727, Val Acc: 0.1600
2025-04-12 04:26:44,850 [INFO] Epoch 5/5, Train Loss: 3.3587, Train Acc: 0.0700, Val Loss: 3.1720, Val Acc: 0.1600
2025-04-12 04:26:44,852 [INFO] lr=0.0001, Val Acc: 0.1600
2025-04-12 04:26:44,872 [INFO] Best lr: 0.0001, Best Val Acc: 0.1600
2025-04-12 04:26:44,872 [INFO] 
Optimizing reg_lambda...
2025-04-12 04:26:44,873 [INFO] Testing reg_lambda = 0.01
2025-04-12 04:26:44,950 [INFO] Epoch 1/5, Train Loss: 3.6231, Train Acc: 0.0600, Val Loss: 3.5564, Val Acc: 0.1200
2025-04-12 04:26:45,024 [INFO] Epoch 2/5, Train Loss: 3.6133, Train Acc: 0.0600, Val Loss: 3.5479, Val Acc: 0.1000
2025-04-12 04:26:45,095 [INFO] Epoch 3/5, Train Loss: 3.6042, Train Acc: 0.0600, Val Loss: 3.5406, Val Acc: 0.1000
2025-04-12 04:26:45,169 [INFO] Epoch 4/5, Train Loss: 3.5953, Train Acc: 0.0600, Val Loss: 3.5322, Val Acc: 0.1000
2025-04-12 04:26:45,240 [INFO] Epoch 5/5, Train Loss: 3.5870, Train Acc: 0.0600, Val Loss: 3.5252, Val Acc: 0.1000
2025-04-12 04:26:45,242 [INFO] reg_lambda=0.01, Val Acc: 0.1200
2025-04-12 04:26:45,263 [INFO] Testing reg_lambda = 0.001
2025-04-12 04:26:45,336 [INFO] Epoch 1/5, Train Loss: 3.0745, Train Acc: 0.0900, Val Loss: 3.0927, Val Acc: 0.0600
2025-04-12 04:26:45,415 [INFO] Epoch 2/5, Train Loss: 3.0615, Train Acc: 0.0900, Val Loss: 3.0805, Val Acc: 0.0600
2025-04-12 04:26:45,495 [INFO] Epoch 3/5, Train Loss: 3.0497, Train Acc: 0.0900, Val Loss: 3.0699, Val Acc: 0.0600
2025-04-12 04:26:45,568 [INFO] Epoch 4/5, Train Loss: 3.0377, Train Acc: 0.0900, Val Loss: 3.0593, Val Acc: 0.0600
2025-04-12 04:26:45,638 [INFO] Epoch 5/5, Train Loss: 3.0266, Train Acc: 0.0900, Val Loss: 3.0491, Val Acc: 0.0600
2025-04-12 04:26:45,640 [INFO] reg_lambda=0.001, Val Acc: 0.0600
2025-04-12 04:26:45,660 [INFO] Testing reg_lambda = 0.0001
2025-04-12 04:26:45,732 [INFO] Epoch 1/5, Train Loss: 2.8991, Train Acc: 0.1100, Val Loss: 3.0735, Val Acc: 0.1200
2025-04-12 04:26:45,806 [INFO] Epoch 2/5, Train Loss: 2.8905, Train Acc: 0.1100, Val Loss: 3.0669, Val Acc: 0.1000
2025-04-12 04:26:45,877 [INFO] Epoch 3/5, Train Loss: 2.8821, Train Acc: 0.1200, Val Loss: 3.0607, Val Acc: 0.1000
2025-04-12 04:26:45,954 [INFO] Epoch 4/5, Train Loss: 2.8745, Train Acc: 0.1200, Val Loss: 3.0550, Val Acc: 0.1000
2025-04-12 04:26:46,025 [INFO] Epoch 5/5, Train Loss: 2.8671, Train Acc: 0.1100, Val Loss: 3.0494, Val Acc: 0.1000
2025-04-12 04:26:46,027 [INFO] reg_lambda=0.0001, Val Acc: 0.1200
2025-04-12 04:26:46,048 [INFO] Best reg_lambda: 0.01, Best Val Acc: 0.1200
2025-04-12 04:26:46,048 [INFO] 
Optimizing batch_size...
2025-04-12 04:26:46,048 [INFO] Testing batch_size = 16
2025-04-12 04:26:46,168 [INFO] Epoch 1/5, Train Loss: 3.7443, Train Acc: 0.1100, Val Loss: 3.6964, Val Acc: 0.1200
2025-04-12 04:26:46,278 [INFO] Epoch 2/5, Train Loss: 3.7257, Train Acc: 0.1100, Val Loss: 3.6801, Val Acc: 0.1200
2025-04-12 04:26:46,390 [INFO] Epoch 3/5, Train Loss: 3.7068, Train Acc: 0.1100, Val Loss: 3.6638, Val Acc: 0.1200
2025-04-12 04:26:46,504 [INFO] Epoch 4/5, Train Loss: 3.6902, Train Acc: 0.1100, Val Loss: 3.6500, Val Acc: 0.1200
2025-04-12 04:26:46,613 [INFO] Epoch 5/5, Train Loss: 3.6746, Train Acc: 0.1100, Val Loss: 3.6369, Val Acc: 0.1200
2025-04-12 04:26:46,615 [INFO] batch_size=16, Val Acc: 0.1200
2025-04-12 04:26:46,638 [INFO] Testing batch_size = 32
2025-04-12 04:26:46,714 [INFO] Epoch 1/5, Train Loss: 3.2964, Train Acc: 0.1100, Val Loss: 3.5240, Val Acc: 0.0800
2025-04-12 04:26:46,787 [INFO] Epoch 2/5, Train Loss: 3.2900, Train Acc: 0.1100, Val Loss: 3.5171, Val Acc: 0.0800
2025-04-12 04:26:46,859 [INFO] Epoch 3/5, Train Loss: 3.2843, Train Acc: 0.1100, Val Loss: 3.5108, Val Acc: 0.0800
2025-04-12 04:26:46,929 [INFO] Epoch 4/5, Train Loss: 3.2773, Train Acc: 0.1100, Val Loss: 3.5025, Val Acc: 0.1000
2025-04-12 04:26:47,004 [INFO] Epoch 5/5, Train Loss: 3.2707, Train Acc: 0.1100, Val Loss: 3.4954, Val Acc: 0.1000
2025-04-12 04:26:47,006 [INFO] batch_size=32, Val Acc: 0.1000
2025-04-12 04:26:47,026 [INFO] Testing batch_size = 64
2025-04-12 04:26:47,073 [INFO] Epoch 1/5, Train Loss: 3.8442, Train Acc: 0.1100, Val Loss: 3.8390, Val Acc: 0.1600
2025-04-12 04:26:47,117 [INFO] Epoch 2/5, Train Loss: 3.8346, Train Acc: 0.1100, Val Loss: 3.8309, Val Acc: 0.1800
2025-04-12 04:26:47,171 [INFO] Epoch 3/5, Train Loss: 3.8256, Train Acc: 0.1100, Val Loss: 3.8233, Val Acc: 0.1800
2025-04-12 04:26:47,217 [INFO] Epoch 4/5, Train Loss: 3.8171, Train Acc: 0.1100, Val Loss: 3.8162, Val Acc: 0.1800
2025-04-12 04:26:47,264 [INFO] Epoch 5/5, Train Loss: 3.8091, Train Acc: 0.1100, Val Loss: 3.8093, Val Acc: 0.1800
2025-04-12 04:26:47,267 [INFO] batch_size=64, Val Acc: 0.1800
2025-04-12 04:26:47,286 [INFO] Best batch_size: 64, Best Val Acc: 0.1800
2025-04-12 04:26:47,286 [INFO] 
Optimizing epochs...
2025-04-12 04:26:47,286 [INFO] Testing epochs = 5
2025-04-12 04:26:47,332 [INFO] Epoch 1/5, Train Loss: 3.9203, Train Acc: 0.1800, Val Loss: 3.8677, Val Acc: 0.1000
2025-04-12 04:26:47,378 [INFO] Epoch 2/5, Train Loss: 3.9117, Train Acc: 0.1800, Val Loss: 3.8593, Val Acc: 0.1000
2025-04-12 04:26:47,427 [INFO] Epoch 3/5, Train Loss: 3.9035, Train Acc: 0.1800, Val Loss: 3.8511, Val Acc: 0.1000
2025-04-12 04:26:47,474 [INFO] Epoch 4/5, Train Loss: 3.8959, Train Acc: 0.1800, Val Loss: 3.8435, Val Acc: 0.1000
2025-04-12 04:26:47,522 [INFO] Epoch 5/5, Train Loss: 3.8886, Train Acc: 0.1800, Val Loss: 3.8364, Val Acc: 0.1000
2025-04-12 04:26:47,524 [INFO] epochs=5, Val Acc: 0.1000
2025-04-12 04:26:47,545 [INFO] Testing epochs = 10
2025-04-12 04:26:47,592 [INFO] Epoch 1/10, Train Loss: 3.5966, Train Acc: 0.1000, Val Loss: 3.7704, Val Acc: 0.1200
2025-04-12 04:26:47,639 [INFO] Epoch 2/10, Train Loss: 3.5875, Train Acc: 0.1000, Val Loss: 3.7603, Val Acc: 0.1200
2025-04-12 04:26:47,685 [INFO] Epoch 3/10, Train Loss: 3.5791, Train Acc: 0.1000, Val Loss: 3.7510, Val Acc: 0.1200
2025-04-12 04:26:47,730 [INFO] Epoch 4/10, Train Loss: 3.5712, Train Acc: 0.1000, Val Loss: 3.7423, Val Acc: 0.1200
2025-04-12 04:26:47,781 [INFO] Epoch 5/10, Train Loss: 3.5635, Train Acc: 0.1100, Val Loss: 3.7339, Val Acc: 0.1200
2025-04-12 04:26:47,828 [INFO] Epoch 6/10, Train Loss: 3.5564, Train Acc: 0.1100, Val Loss: 3.7262, Val Acc: 0.1200
2025-04-12 04:26:47,885 [INFO] Epoch 7/10, Train Loss: 3.5497, Train Acc: 0.1100, Val Loss: 3.7189, Val Acc: 0.1200
2025-04-12 04:26:47,935 [INFO] Epoch 8/10, Train Loss: 3.5432, Train Acc: 0.1100, Val Loss: 3.7120, Val Acc: 0.1200
2025-04-12 04:26:47,984 [INFO] Epoch 9/10, Train Loss: 3.5373, Train Acc: 0.1100, Val Loss: 3.7056, Val Acc: 0.1200
2025-04-12 04:26:48,029 [INFO] Epoch 10/10, Train Loss: 3.5317, Train Acc: 0.1100, Val Loss: 3.6993, Val Acc: 0.1200
2025-04-12 04:26:48,031 [INFO] epochs=10, Val Acc: 0.1200
2025-04-12 04:26:48,051 [INFO] Best epochs: 10, Best Val Acc: 0.1200
2025-04-12 04:26:48,052 [INFO] 
Optimizing lr_decay...
2025-04-12 04:26:48,052 [INFO] Testing lr_decay = 0.9
2025-04-12 04:26:48,100 [INFO] Epoch 1/10, Train Loss: 3.6705, Train Acc: 0.0800, Val Loss: 3.8193, Val Acc: 0.0800
2025-04-12 04:26:48,145 [INFO] Epoch 2/10, Train Loss: 3.6647, Train Acc: 0.0900, Val Loss: 3.8136, Val Acc: 0.0800
2025-04-12 04:26:48,191 [INFO] Epoch 3/10, Train Loss: 3.6593, Train Acc: 0.0900, Val Loss: 3.8082, Val Acc: 0.0800
2025-04-12 04:26:48,236 [INFO] Epoch 4/10, Train Loss: 3.6549, Train Acc: 0.0900, Val Loss: 3.8034, Val Acc: 0.0800
2025-04-12 04:26:48,283 [INFO] Epoch 5/10, Train Loss: 3.6506, Train Acc: 0.0900, Val Loss: 3.7992, Val Acc: 0.0800
2025-04-12 04:26:48,327 [INFO] Epoch 6/10, Train Loss: 3.6469, Train Acc: 0.0900, Val Loss: 3.7955, Val Acc: 0.0800
2025-04-12 04:26:48,377 [INFO] Epoch 7/10, Train Loss: 3.6434, Train Acc: 0.0900, Val Loss: 3.7923, Val Acc: 0.0800
2025-04-12 04:26:48,425 [INFO] Epoch 8/10, Train Loss: 3.6405, Train Acc: 0.0900, Val Loss: 3.7893, Val Acc: 0.0800
2025-04-12 04:26:48,470 [INFO] Epoch 9/10, Train Loss: 3.6378, Train Acc: 0.0900, Val Loss: 3.7866, Val Acc: 0.0800
2025-04-12 04:26:48,516 [INFO] Epoch 10/10, Train Loss: 3.6353, Train Acc: 0.0900, Val Loss: 3.7842, Val Acc: 0.0800
2025-04-12 04:26:48,518 [INFO] lr_decay=0.9, Val Acc: 0.0800
2025-04-12 04:26:48,539 [INFO] Testing lr_decay = 0.95
2025-04-12 04:26:48,584 [INFO] Epoch 1/10, Train Loss: 3.5732, Train Acc: 0.0900, Val Loss: 3.7330, Val Acc: 0.0400
2025-04-12 04:26:48,634 [INFO] Epoch 2/10, Train Loss: 3.5675, Train Acc: 0.0900, Val Loss: 3.7279, Val Acc: 0.0400
2025-04-12 04:26:48,681 [INFO] Epoch 3/10, Train Loss: 3.5623, Train Acc: 0.0900, Val Loss: 3.7232, Val Acc: 0.0400
2025-04-12 04:26:48,728 [INFO] Epoch 4/10, Train Loss: 3.5572, Train Acc: 0.0900, Val Loss: 3.7187, Val Acc: 0.0400
2025-04-12 04:26:48,774 [INFO] Epoch 5/10, Train Loss: 3.5525, Train Acc: 0.0900, Val Loss: 3.7146, Val Acc: 0.0400
2025-04-12 04:26:48,822 [INFO] Epoch 6/10, Train Loss: 3.5479, Train Acc: 0.0900, Val Loss: 3.7105, Val Acc: 0.0400
2025-04-12 04:26:48,868 [INFO] Epoch 7/10, Train Loss: 3.5433, Train Acc: 0.0900, Val Loss: 3.7064, Val Acc: 0.0400
2025-04-12 04:26:48,920 [INFO] Epoch 8/10, Train Loss: 3.5391, Train Acc: 0.0900, Val Loss: 3.7028, Val Acc: 0.0400
2025-04-12 04:26:48,966 [INFO] Epoch 9/10, Train Loss: 3.5351, Train Acc: 0.0900, Val Loss: 3.6992, Val Acc: 0.0400
2025-04-12 04:26:49,012 [INFO] Epoch 10/10, Train Loss: 3.5312, Train Acc: 0.0900, Val Loss: 3.6959, Val Acc: 0.0400
2025-04-12 04:26:49,014 [INFO] lr_decay=0.95, Val Acc: 0.0400
2025-04-12 04:26:49,035 [INFO] Best lr_decay: 0.9, Best Val Acc: 0.0800
2025-04-12 04:26:49,035 [INFO] 
Optimizing max_grad_norm...
2025-04-12 04:26:49,035 [INFO] Testing max_grad_norm = 1.0
2025-04-12 04:26:49,079 [INFO] Epoch 1/10, Train Loss: 3.5110, Train Acc: 0.1100, Val Loss: 3.6964, Val Acc: 0.0600
2025-04-12 04:26:49,124 [INFO] Epoch 2/10, Train Loss: 3.5100, Train Acc: 0.1100, Val Loss: 3.6957, Val Acc: 0.0600
2025-04-12 04:26:49,172 [INFO] Epoch 3/10, Train Loss: 3.5091, Train Acc: 0.1100, Val Loss: 3.6951, Val Acc: 0.0600
2025-04-12 04:26:49,218 [INFO] Epoch 4/10, Train Loss: 3.5082, Train Acc: 0.1100, Val Loss: 3.6945, Val Acc: 0.0600
2025-04-12 04:26:49,263 [INFO] Epoch 5/10, Train Loss: 3.5075, Train Acc: 0.1100, Val Loss: 3.6940, Val Acc: 0.0600
2025-04-12 04:26:49,311 [INFO] Epoch 6/10, Train Loss: 3.5068, Train Acc: 0.1100, Val Loss: 3.6935, Val Acc: 0.0600
2025-04-12 04:26:49,355 [INFO] Epoch 7/10, Train Loss: 3.5062, Train Acc: 0.1100, Val Loss: 3.6931, Val Acc: 0.0600
2025-04-12 04:26:49,403 [INFO] Epoch 8/10, Train Loss: 3.5057, Train Acc: 0.1100, Val Loss: 3.6927, Val Acc: 0.0600
2025-04-12 04:26:49,450 [INFO] Epoch 9/10, Train Loss: 3.5052, Train Acc: 0.1100, Val Loss: 3.6924, Val Acc: 0.0600
2025-04-12 04:26:49,495 [INFO] Epoch 10/10, Train Loss: 3.5047, Train Acc: 0.1100, Val Loss: 3.6921, Val Acc: 0.0600
2025-04-12 04:26:49,496 [INFO] max_grad_norm=1.0, Val Acc: 0.0600
2025-04-12 04:26:49,516 [INFO] Testing max_grad_norm = 5.0
2025-04-12 04:26:49,567 [INFO] Epoch 1/10, Train Loss: 3.2868, Train Acc: 0.1100, Val Loss: 3.1516, Val Acc: 0.1000
2025-04-12 04:26:49,614 [INFO] Epoch 2/10, Train Loss: 3.2814, Train Acc: 0.1100, Val Loss: 3.1483, Val Acc: 0.1000
2025-04-12 04:26:49,661 [INFO] Epoch 3/10, Train Loss: 3.2765, Train Acc: 0.1100, Val Loss: 3.1454, Val Acc: 0.1000
2025-04-12 04:26:49,707 [INFO] Epoch 4/10, Train Loss: 3.2721, Train Acc: 0.1100, Val Loss: 3.1426, Val Acc: 0.1000
2025-04-12 04:26:49,761 [INFO] Epoch 5/10, Train Loss: 3.2681, Train Acc: 0.1100, Val Loss: 3.1401, Val Acc: 0.1000
2025-04-12 04:26:49,807 [INFO] Epoch 6/10, Train Loss: 3.2645, Train Acc: 0.1100, Val Loss: 3.1378, Val Acc: 0.1000
2025-04-12 04:26:49,852 [INFO] Epoch 7/10, Train Loss: 3.2613, Train Acc: 0.1100, Val Loss: 3.1358, Val Acc: 0.1000
2025-04-12 04:26:49,895 [INFO] Epoch 8/10, Train Loss: 3.2584, Train Acc: 0.1100, Val Loss: 3.1341, Val Acc: 0.1000
2025-04-12 04:26:49,943 [INFO] Epoch 9/10, Train Loss: 3.2559, Train Acc: 0.1100, Val Loss: 3.1326, Val Acc: 0.1000
2025-04-12 04:26:49,992 [INFO] Epoch 10/10, Train Loss: 3.2537, Train Acc: 0.1100, Val Loss: 3.1312, Val Acc: 0.1000
2025-04-12 04:26:49,994 [INFO] max_grad_norm=5.0, Val Acc: 0.1000
2025-04-12 04:26:50,012 [INFO] Best max_grad_norm: 5.0, Best Val Acc: 0.1000
2025-04-12 04:26:50,012 [INFO] 
Optimizing val_batch_size...
2025-04-12 04:26:50,012 [INFO] Testing val_batch_size = 16
2025-04-12 04:26:50,067 [INFO] Epoch 1/10, Train Loss: 3.5954, Train Acc: 0.0900, Val Loss: 3.4582, Val Acc: 0.1000
2025-04-12 04:26:50,120 [INFO] Epoch 2/10, Train Loss: 3.5904, Train Acc: 0.0900, Val Loss: 3.4544, Val Acc: 0.1000
2025-04-12 04:26:50,180 [INFO] Epoch 3/10, Train Loss: 3.5856, Train Acc: 0.0900, Val Loss: 3.4508, Val Acc: 0.1000
2025-04-12 04:26:50,238 [INFO] Epoch 4/10, Train Loss: 3.5812, Train Acc: 0.0900, Val Loss: 3.4467, Val Acc: 0.1000
2025-04-12 04:26:50,314 [INFO] Epoch 5/10, Train Loss: 3.5773, Train Acc: 0.0900, Val Loss: 3.4425, Val Acc: 0.1000
2025-04-12 04:26:50,375 [INFO] Epoch 6/10, Train Loss: 3.5738, Train Acc: 0.0900, Val Loss: 3.4392, Val Acc: 0.1000
2025-04-12 04:26:50,429 [INFO] Epoch 7/10, Train Loss: 3.5708, Train Acc: 0.0900, Val Loss: 3.4367, Val Acc: 0.1000
2025-04-12 04:26:50,477 [INFO] Epoch 8/10, Train Loss: 3.5681, Train Acc: 0.0900, Val Loss: 3.4345, Val Acc: 0.1000
2025-04-12 04:26:50,525 [INFO] Epoch 9/10, Train Loss: 3.5656, Train Acc: 0.0900, Val Loss: 3.4324, Val Acc: 0.1000
2025-04-12 04:26:50,582 [INFO] Epoch 10/10, Train Loss: 3.5633, Train Acc: 0.0900, Val Loss: 3.4305, Val Acc: 0.1000
2025-04-12 04:26:50,585 [INFO] val_batch_size=16, Val Acc: 0.1000
2025-04-12 04:26:50,611 [INFO] Testing val_batch_size = 32
2025-04-12 04:26:50,661 [INFO] Epoch 1/10, Train Loss: 3.6812, Train Acc: 0.0600, Val Loss: 3.2439, Val Acc: 0.1600
2025-04-12 04:26:50,705 [INFO] Epoch 2/10, Train Loss: 3.6774, Train Acc: 0.0600, Val Loss: 3.2413, Val Acc: 0.1600
2025-04-12 04:26:50,751 [INFO] Epoch 3/10, Train Loss: 3.6739, Train Acc: 0.0600, Val Loss: 3.2390, Val Acc: 0.1600
2025-04-12 04:26:50,799 [INFO] Epoch 4/10, Train Loss: 3.6709, Train Acc: 0.0600, Val Loss: 3.2371, Val Acc: 0.1600
2025-04-12 04:26:50,854 [INFO] Epoch 5/10, Train Loss: 3.6680, Train Acc: 0.0600, Val Loss: 3.2350, Val Acc: 0.1600
2025-04-12 04:26:50,905 [INFO] Epoch 6/10, Train Loss: 3.6654, Train Acc: 0.0600, Val Loss: 3.2334, Val Acc: 0.1600
2025-04-12 04:26:50,971 [INFO] Epoch 7/10, Train Loss: 3.6630, Train Acc: 0.0600, Val Loss: 3.2318, Val Acc: 0.1600
2025-04-12 04:26:51,016 [INFO] Epoch 8/10, Train Loss: 3.6609, Train Acc: 0.0700, Val Loss: 3.2303, Val Acc: 0.1600
2025-04-12 04:26:51,060 [INFO] Epoch 9/10, Train Loss: 3.6590, Train Acc: 0.0700, Val Loss: 3.2291, Val Acc: 0.1600
2025-04-12 04:26:51,111 [INFO] Epoch 10/10, Train Loss: 3.6573, Train Acc: 0.0700, Val Loss: 3.2279, Val Acc: 0.1600
2025-04-12 04:26:51,114 [INFO] val_batch_size=32, Val Acc: 0.1600
2025-04-12 04:26:51,134 [INFO] Best val_batch_size: 32, Best Val Acc: 0.1600
2025-04-12 04:26:51,134 [INFO] 
Optimizing conv1_filters...
2025-04-12 04:26:51,134 [INFO] Testing conv1_filters = 16
2025-04-12 04:26:51,182 [INFO] Epoch 1/10, Train Loss: 3.8180, Train Acc: 0.1400, Val Loss: 3.9845, Val Acc: 0.0800
2025-04-12 04:26:51,228 [INFO] Epoch 2/10, Train Loss: 3.8103, Train Acc: 0.1400, Val Loss: 3.9783, Val Acc: 0.0800
2025-04-12 04:26:51,276 [INFO] Epoch 3/10, Train Loss: 3.8034, Train Acc: 0.1400, Val Loss: 3.9725, Val Acc: 0.0800
2025-04-12 04:26:51,323 [INFO] Epoch 4/10, Train Loss: 3.7970, Train Acc: 0.1400, Val Loss: 3.9673, Val Acc: 0.0800
2025-04-12 04:26:51,367 [INFO] Epoch 5/10, Train Loss: 3.7914, Train Acc: 0.1400, Val Loss: 3.9628, Val Acc: 0.0800
2025-04-12 04:26:51,411 [INFO] Epoch 6/10, Train Loss: 3.7862, Train Acc: 0.1400, Val Loss: 3.9586, Val Acc: 0.0800
2025-04-12 04:26:51,457 [INFO] Epoch 7/10, Train Loss: 3.7817, Train Acc: 0.1400, Val Loss: 3.9550, Val Acc: 0.0800
2025-04-12 04:26:51,501 [INFO] Epoch 8/10, Train Loss: 3.7776, Train Acc: 0.1400, Val Loss: 3.9517, Val Acc: 0.0800
2025-04-12 04:26:51,555 [INFO] Epoch 9/10, Train Loss: 3.7740, Train Acc: 0.1400, Val Loss: 3.9488, Val Acc: 0.0800
2025-04-12 04:26:51,608 [INFO] Epoch 10/10, Train Loss: 3.7707, Train Acc: 0.1400, Val Loss: 3.9461, Val Acc: 0.0800
2025-04-12 04:26:51,610 [INFO] conv1_filters=16, Val Acc: 0.0800
2025-04-12 04:26:51,632 [INFO] Testing conv1_filters = 32
2025-04-12 04:26:51,694 [INFO] Epoch 1/10, Train Loss: 3.8909, Train Acc: 0.1500, Val Loss: 4.1461, Val Acc: 0.1000
2025-04-12 04:26:51,752 [INFO] Epoch 2/10, Train Loss: 3.8824, Train Acc: 0.1500, Val Loss: 4.1369, Val Acc: 0.1000
2025-04-12 04:26:51,818 [INFO] Epoch 3/10, Train Loss: 3.8749, Train Acc: 0.1500, Val Loss: 4.1288, Val Acc: 0.1000
2025-04-12 04:26:51,885 [INFO] Epoch 4/10, Train Loss: 3.8681, Train Acc: 0.1500, Val Loss: 4.1214, Val Acc: 0.1000
2025-04-12 04:26:51,944 [INFO] Epoch 5/10, Train Loss: 3.8620, Train Acc: 0.1500, Val Loss: 4.1148, Val Acc: 0.1000
2025-04-12 04:26:52,005 [INFO] Epoch 6/10, Train Loss: 3.8566, Train Acc: 0.1500, Val Loss: 4.1088, Val Acc: 0.1000
2025-04-12 04:26:52,067 [INFO] Epoch 7/10, Train Loss: 3.8518, Train Acc: 0.1500, Val Loss: 4.1035, Val Acc: 0.1000
2025-04-12 04:26:52,130 [INFO] Epoch 8/10, Train Loss: 3.8474, Train Acc: 0.1500, Val Loss: 4.0987, Val Acc: 0.1000
2025-04-12 04:26:52,195 [INFO] Epoch 9/10, Train Loss: 3.8434, Train Acc: 0.1500, Val Loss: 4.0943, Val Acc: 0.1000
2025-04-12 04:26:52,255 [INFO] Epoch 10/10, Train Loss: 3.8398, Train Acc: 0.1500, Val Loss: 4.0903, Val Acc: 0.1000
2025-04-12 04:26:52,257 [INFO] conv1_filters=32, Val Acc: 0.1000
2025-04-12 04:26:52,278 [INFO] Best conv1_filters: 32, Best Val Acc: 0.1000
2025-04-12 04:26:52,278 [INFO] 
Optimizing kernel1_size...
2025-04-12 04:26:52,278 [INFO] Testing kernel1_size = (3, 3)
2025-04-12 04:26:52,348 [INFO] Epoch 1/10, Train Loss: 3.4718, Train Acc: 0.1000, Val Loss: 3.6300, Val Acc: 0.1000
2025-04-12 04:26:52,408 [INFO] Epoch 2/10, Train Loss: 3.4666, Train Acc: 0.1000, Val Loss: 3.6265, Val Acc: 0.1000
2025-04-12 04:26:52,465 [INFO] Epoch 3/10, Train Loss: 3.4620, Train Acc: 0.1000, Val Loss: 3.6234, Val Acc: 0.1000
2025-04-12 04:26:52,524 [INFO] Epoch 4/10, Train Loss: 3.4579, Train Acc: 0.1000, Val Loss: 3.6207, Val Acc: 0.1000
2025-04-12 04:26:52,584 [INFO] Epoch 5/10, Train Loss: 3.4542, Train Acc: 0.1000, Val Loss: 3.6183, Val Acc: 0.1000
2025-04-12 04:26:52,642 [INFO] Epoch 6/10, Train Loss: 3.4511, Train Acc: 0.1000, Val Loss: 3.6164, Val Acc: 0.0800
2025-04-12 04:26:52,713 [INFO] Epoch 7/10, Train Loss: 3.4482, Train Acc: 0.1000, Val Loss: 3.6146, Val Acc: 0.0800
2025-04-12 04:26:52,769 [INFO] Epoch 8/10, Train Loss: 3.4456, Train Acc: 0.1000, Val Loss: 3.6129, Val Acc: 0.0600
2025-04-12 04:26:52,825 [INFO] Epoch 9/10, Train Loss: 3.4432, Train Acc: 0.1000, Val Loss: 3.6113, Val Acc: 0.0600
2025-04-12 04:26:52,889 [INFO] Epoch 10/10, Train Loss: 3.4411, Train Acc: 0.1000, Val Loss: 3.6099, Val Acc: 0.0600
2025-04-12 04:26:52,891 [INFO] kernel1_size=(3, 3), Val Acc: 0.1000
2025-04-12 04:26:52,913 [INFO] Best kernel1_size: (3, 3), Best Val Acc: 0.1000
2025-04-12 04:26:52,913 [INFO] 
Optimizing conv1_stride...
2025-04-12 04:26:52,913 [INFO] Testing conv1_stride = 1
2025-04-12 04:26:52,975 [INFO] Epoch 1/10, Train Loss: 3.3164, Train Acc: 0.1300, Val Loss: 3.2403, Val Acc: 0.0600
2025-04-12 04:26:53,040 [INFO] Epoch 2/10, Train Loss: 3.3143, Train Acc: 0.1300, Val Loss: 3.2397, Val Acc: 0.0600
2025-04-12 04:26:53,101 [INFO] Epoch 3/10, Train Loss: 3.3125, Train Acc: 0.1300, Val Loss: 3.2391, Val Acc: 0.0600
2025-04-12 04:26:53,163 [INFO] Epoch 4/10, Train Loss: 3.3108, Train Acc: 0.1300, Val Loss: 3.2385, Val Acc: 0.0600
2025-04-12 04:26:53,218 [INFO] Epoch 5/10, Train Loss: 3.3094, Train Acc: 0.1300, Val Loss: 3.2379, Val Acc: 0.0600
2025-04-12 04:26:53,274 [INFO] Epoch 6/10, Train Loss: 3.3080, Train Acc: 0.1300, Val Loss: 3.2374, Val Acc: 0.0600
2025-04-12 04:26:53,330 [INFO] Epoch 7/10, Train Loss: 3.3068, Train Acc: 0.1300, Val Loss: 3.2369, Val Acc: 0.0600
2025-04-12 04:26:53,392 [INFO] Epoch 8/10, Train Loss: 3.3057, Train Acc: 0.1400, Val Loss: 3.2365, Val Acc: 0.0600
2025-04-12 04:26:53,451 [INFO] Epoch 9/10, Train Loss: 3.3047, Train Acc: 0.1400, Val Loss: 3.2362, Val Acc: 0.0600
2025-04-12 04:26:53,508 [INFO] Epoch 10/10, Train Loss: 3.3039, Train Acc: 0.1400, Val Loss: 3.2360, Val Acc: 0.0600
2025-04-12 04:26:53,511 [INFO] conv1_stride=1, Val Acc: 0.0600
2025-04-12 04:26:53,532 [INFO] Best conv1_stride: 1, Best Val Acc: 0.0600
2025-04-12 04:26:53,532 [INFO] 
Optimizing conv1_padding...
2025-04-12 04:26:53,532 [INFO] Testing conv1_padding = 1
2025-04-12 04:26:53,592 [INFO] Epoch 1/10, Train Loss: 3.8788, Train Acc: 0.1000, Val Loss: 3.7935, Val Acc: 0.1400
2025-04-12 04:26:53,650 [INFO] Epoch 2/10, Train Loss: 3.8728, Train Acc: 0.1000, Val Loss: 3.7892, Val Acc: 0.1400
2025-04-12 04:26:53,716 [INFO] Epoch 3/10, Train Loss: 3.8675, Train Acc: 0.1000, Val Loss: 3.7854, Val Acc: 0.1400
2025-04-12 04:26:53,771 [INFO] Epoch 4/10, Train Loss: 3.8628, Train Acc: 0.1000, Val Loss: 3.7820, Val Acc: 0.1400
2025-04-12 04:26:53,837 [INFO] Epoch 5/10, Train Loss: 3.8586, Train Acc: 0.1000, Val Loss: 3.7789, Val Acc: 0.1400
2025-04-12 04:26:53,896 [INFO] Epoch 6/10, Train Loss: 3.8547, Train Acc: 0.1000, Val Loss: 3.7761, Val Acc: 0.1400
2025-04-12 04:26:53,952 [INFO] Epoch 7/10, Train Loss: 3.8513, Train Acc: 0.1000, Val Loss: 3.7736, Val Acc: 0.1400
2025-04-12 04:26:54,010 [INFO] Epoch 8/10, Train Loss: 3.8482, Train Acc: 0.1000, Val Loss: 3.7714, Val Acc: 0.1200
2025-04-12 04:26:54,069 [INFO] Epoch 9/10, Train Loss: 3.8455, Train Acc: 0.1000, Val Loss: 3.7695, Val Acc: 0.1200
2025-04-12 04:26:54,125 [INFO] Epoch 10/10, Train Loss: 3.8431, Train Acc: 0.1000, Val Loss: 3.7677, Val Acc: 0.1200
2025-04-12 04:26:54,128 [INFO] conv1_padding=1, Val Acc: 0.1400
2025-04-12 04:26:54,149 [INFO] Best conv1_padding: 1, Best Val Acc: 0.1400
2025-04-12 04:26:54,149 [INFO] 
Optimizing conv2_filters...
2025-04-12 04:26:54,150 [INFO] Testing conv2_filters = 16
2025-04-12 04:26:54,206 [INFO] Epoch 1/10, Train Loss: 3.5024, Train Acc: 0.0800, Val Loss: 3.4682, Val Acc: 0.1200
2025-04-12 04:26:54,265 [INFO] Epoch 2/10, Train Loss: 3.4980, Train Acc: 0.0800, Val Loss: 3.4657, Val Acc: 0.1200
2025-04-12 04:26:54,326 [INFO] Epoch 3/10, Train Loss: 3.4941, Train Acc: 0.0800, Val Loss: 3.4634, Val Acc: 0.1200
2025-04-12 04:26:54,387 [INFO] Epoch 4/10, Train Loss: 3.4906, Train Acc: 0.0800, Val Loss: 3.4612, Val Acc: 0.1200
2025-04-12 04:26:54,444 [INFO] Epoch 5/10, Train Loss: 3.4876, Train Acc: 0.0800, Val Loss: 3.4592, Val Acc: 0.1200
2025-04-12 04:26:54,502 [INFO] Epoch 6/10, Train Loss: 3.4847, Train Acc: 0.0800, Val Loss: 3.4575, Val Acc: 0.1200
2025-04-12 04:26:54,560 [INFO] Epoch 7/10, Train Loss: 3.4822, Train Acc: 0.0800, Val Loss: 3.4561, Val Acc: 0.1200
2025-04-12 04:26:54,622 [INFO] Epoch 8/10, Train Loss: 3.4798, Train Acc: 0.0800, Val Loss: 3.4547, Val Acc: 0.1200
2025-04-12 04:26:54,678 [INFO] Epoch 9/10, Train Loss: 3.4780, Train Acc: 0.0800, Val Loss: 3.4535, Val Acc: 0.1200
2025-04-12 04:26:54,737 [INFO] Epoch 10/10, Train Loss: 3.4762, Train Acc: 0.0800, Val Loss: 3.4524, Val Acc: 0.1200
2025-04-12 04:26:54,740 [INFO] conv2_filters=16, Val Acc: 0.1200
2025-04-12 04:26:54,761 [INFO] Testing conv2_filters = 32
2025-04-12 04:26:54,820 [INFO] Epoch 1/10, Train Loss: 3.4431, Train Acc: 0.0900, Val Loss: 4.0668, Val Acc: 0.0800
2025-04-12 04:26:54,877 [INFO] Epoch 2/10, Train Loss: 3.4379, Train Acc: 0.0900, Val Loss: 4.0631, Val Acc: 0.0800
2025-04-12 04:26:54,937 [INFO] Epoch 3/10, Train Loss: 3.4334, Train Acc: 0.0900, Val Loss: 4.0599, Val Acc: 0.0800
2025-04-12 04:26:54,998 [INFO] Epoch 4/10, Train Loss: 3.4292, Train Acc: 0.0900, Val Loss: 4.0570, Val Acc: 0.0800
2025-04-12 04:26:55,056 [INFO] Epoch 5/10, Train Loss: 3.4254, Train Acc: 0.1000, Val Loss: 4.0543, Val Acc: 0.0800
2025-04-12 04:26:55,111 [INFO] Epoch 6/10, Train Loss: 3.4222, Train Acc: 0.1000, Val Loss: 4.0520, Val Acc: 0.0800
2025-04-12 04:26:55,167 [INFO] Epoch 7/10, Train Loss: 3.4191, Train Acc: 0.1000, Val Loss: 4.0499, Val Acc: 0.0800
2025-04-12 04:26:55,222 [INFO] Epoch 8/10, Train Loss: 3.4165, Train Acc: 0.1000, Val Loss: 4.0481, Val Acc: 0.0800
2025-04-12 04:26:55,278 [INFO] Epoch 9/10, Train Loss: 3.4141, Train Acc: 0.1000, Val Loss: 4.0465, Val Acc: 0.0800
2025-04-12 04:26:55,336 [INFO] Epoch 10/10, Train Loss: 3.4120, Train Acc: 0.1000, Val Loss: 4.0451, Val Acc: 0.0800
2025-04-12 04:26:55,338 [INFO] conv2_filters=32, Val Acc: 0.0800
2025-04-12 04:26:55,358 [INFO] Best conv2_filters: 16, Best Val Acc: 0.1200
2025-04-12 04:26:55,358 [INFO] 
Optimizing kernel2_size...
2025-04-12 04:26:55,358 [INFO] Testing kernel2_size = (3, 3)
2025-04-12 04:26:55,418 [INFO] Epoch 1/10, Train Loss: 3.7800, Train Acc: 0.0700, Val Loss: 3.3082, Val Acc: 0.1200
2025-04-12 04:26:55,477 [INFO] Epoch 2/10, Train Loss: 3.7745, Train Acc: 0.0700, Val Loss: 3.3047, Val Acc: 0.1200
2025-04-12 04:26:55,542 [INFO] Epoch 3/10, Train Loss: 3.7695, Train Acc: 0.0700, Val Loss: 3.3016, Val Acc: 0.1200
2025-04-12 04:26:55,602 [INFO] Epoch 4/10, Train Loss: 3.7652, Train Acc: 0.0700, Val Loss: 3.2989, Val Acc: 0.1200
2025-04-12 04:26:55,664 [INFO] Epoch 5/10, Train Loss: 3.7613, Train Acc: 0.0700, Val Loss: 3.2964, Val Acc: 0.1200
2025-04-12 04:26:55,726 [INFO] Epoch 6/10, Train Loss: 3.7579, Train Acc: 0.0700, Val Loss: 3.2943, Val Acc: 0.1200
2025-04-12 04:26:55,786 [INFO] Epoch 7/10, Train Loss: 3.7549, Train Acc: 0.0700, Val Loss: 3.2923, Val Acc: 0.1200
2025-04-12 04:26:55,846 [INFO] Epoch 8/10, Train Loss: 3.7524, Train Acc: 0.0700, Val Loss: 3.2909, Val Acc: 0.1200
2025-04-12 04:26:55,907 [INFO] Epoch 9/10, Train Loss: 3.7498, Train Acc: 0.0700, Val Loss: 3.2892, Val Acc: 0.1200
2025-04-12 04:26:55,975 [INFO] Epoch 10/10, Train Loss: 3.7475, Train Acc: 0.0700, Val Loss: 3.2878, Val Acc: 0.1200
2025-04-12 04:26:55,978 [INFO] kernel2_size=(3, 3), Val Acc: 0.1200
2025-04-12 04:26:56,000 [INFO] Best kernel2_size: (3, 3), Best Val Acc: 0.1200
2025-04-12 04:26:56,000 [INFO] 
Optimizing conv2_stride...
2025-04-12 04:26:56,000 [INFO] Testing conv2_stride = 1
2025-04-12 04:26:56,059 [INFO] Epoch 1/10, Train Loss: 3.7524, Train Acc: 0.0700, Val Loss: 3.5173, Val Acc: 0.1200
2025-04-12 04:26:56,121 [INFO] Epoch 2/10, Train Loss: 3.7459, Train Acc: 0.0700, Val Loss: 3.5128, Val Acc: 0.1200
2025-04-12 04:26:56,179 [INFO] Epoch 3/10, Train Loss: 3.7403, Train Acc: 0.0600, Val Loss: 3.5088, Val Acc: 0.1200
2025-04-12 04:26:56,239 [INFO] Epoch 4/10, Train Loss: 3.7352, Train Acc: 0.0600, Val Loss: 3.5052, Val Acc: 0.1200
2025-04-12 04:26:56,298 [INFO] Epoch 5/10, Train Loss: 3.7306, Train Acc: 0.0600, Val Loss: 3.5021, Val Acc: 0.1200
2025-04-12 04:26:56,357 [INFO] Epoch 6/10, Train Loss: 3.7265, Train Acc: 0.0600, Val Loss: 3.4993, Val Acc: 0.1200
2025-04-12 04:26:56,418 [INFO] Epoch 7/10, Train Loss: 3.7227, Train Acc: 0.0600, Val Loss: 3.4967, Val Acc: 0.1200
2025-04-12 04:26:56,475 [INFO] Epoch 8/10, Train Loss: 3.7196, Train Acc: 0.0600, Val Loss: 3.4947, Val Acc: 0.1200
2025-04-12 04:26:56,535 [INFO] Epoch 9/10, Train Loss: 3.7167, Train Acc: 0.0600, Val Loss: 3.4927, Val Acc: 0.1200
2025-04-12 04:26:56,607 [INFO] Epoch 10/10, Train Loss: 3.7141, Train Acc: 0.0600, Val Loss: 3.4909, Val Acc: 0.1200
2025-04-12 04:26:56,610 [INFO] conv2_stride=1, Val Acc: 0.1200
2025-04-12 04:26:56,630 [INFO] Best conv2_stride: 1, Best Val Acc: 0.1200
2025-04-12 04:26:56,630 [INFO] 
Optimizing conv2_padding...
2025-04-12 04:26:56,630 [INFO] Testing conv2_padding = 0
2025-04-12 04:26:56,692 [INFO] Epoch 1/10, Train Loss: 3.7202, Train Acc: 0.1200, Val Loss: 3.8894, Val Acc: 0.0800
2025-04-12 04:26:56,751 [INFO] Epoch 2/10, Train Loss: 3.7120, Train Acc: 0.1200, Val Loss: 3.8813, Val Acc: 0.0800
2025-04-12 04:26:56,821 [INFO] Epoch 3/10, Train Loss: 3.7046, Train Acc: 0.1200, Val Loss: 3.8740, Val Acc: 0.0800
2025-04-12 04:26:56,876 [INFO] Epoch 4/10, Train Loss: 3.6979, Train Acc: 0.1200, Val Loss: 3.8674, Val Acc: 0.0800
2025-04-12 04:26:56,935 [INFO] Epoch 5/10, Train Loss: 3.6919, Train Acc: 0.1200, Val Loss: 3.8616, Val Acc: 0.0800
2025-04-12 04:26:56,997 [INFO] Epoch 6/10, Train Loss: 3.6865, Train Acc: 0.1100, Val Loss: 3.8564, Val Acc: 0.0800
2025-04-12 04:26:57,059 [INFO] Epoch 7/10, Train Loss: 3.6818, Train Acc: 0.1100, Val Loss: 3.8517, Val Acc: 0.0800
2025-04-12 04:26:57,118 [INFO] Epoch 8/10, Train Loss: 3.6776, Train Acc: 0.1100, Val Loss: 3.8476, Val Acc: 0.0800
2025-04-12 04:26:57,177 [INFO] Epoch 9/10, Train Loss: 3.6738, Train Acc: 0.1100, Val Loss: 3.8439, Val Acc: 0.0800
2025-04-12 04:26:57,236 [INFO] Epoch 10/10, Train Loss: 3.6704, Train Acc: 0.1100, Val Loss: 3.8406, Val Acc: 0.0800
2025-04-12 04:26:57,239 [INFO] conv2_padding=0, Val Acc: 0.0800
2025-04-12 04:26:57,259 [INFO] Best conv2_padding: 0, Best Val Acc: 0.0800
2025-04-12 04:26:57,259 [INFO] 
Optimizing pool_size...
2025-04-12 04:26:57,259 [INFO] Testing pool_size = 2
2025-04-12 04:26:57,317 [INFO] Epoch 1/10, Train Loss: 4.6452, Train Acc: 0.0900, Val Loss: 4.6348, Val Acc: 0.0800
2025-04-12 04:26:57,379 [INFO] Epoch 2/10, Train Loss: 4.6337, Train Acc: 0.0900, Val Loss: 4.6229, Val Acc: 0.0800
2025-04-12 04:26:57,438 [INFO] Epoch 3/10, Train Loss: 4.6233, Train Acc: 0.0900, Val Loss: 4.6121, Val Acc: 0.0800
2025-04-12 04:26:57,494 [INFO] Epoch 4/10, Train Loss: 4.6140, Train Acc: 0.0900, Val Loss: 4.6024, Val Acc: 0.0800
2025-04-12 04:26:57,552 [INFO] Epoch 5/10, Train Loss: 4.6056, Train Acc: 0.0900, Val Loss: 4.5936, Val Acc: 0.0800
2025-04-12 04:26:57,609 [INFO] Epoch 6/10, Train Loss: 4.5981, Train Acc: 0.0900, Val Loss: 4.5858, Val Acc: 0.0800
2025-04-12 04:26:57,665 [INFO] Epoch 7/10, Train Loss: 4.5914, Train Acc: 0.0900, Val Loss: 4.5788, Val Acc: 0.0800
2025-04-12 04:26:57,731 [INFO] Epoch 8/10, Train Loss: 4.5854, Train Acc: 0.0900, Val Loss: 4.5726, Val Acc: 0.0800
2025-04-12 04:26:57,803 [INFO] Epoch 9/10, Train Loss: 4.5800, Train Acc: 0.0900, Val Loss: 4.5669, Val Acc: 0.0800
2025-04-12 04:26:57,861 [INFO] Epoch 10/10, Train Loss: 4.5752, Train Acc: 0.0900, Val Loss: 4.5618, Val Acc: 0.0800
2025-04-12 04:26:57,864 [INFO] pool_size=2, Val Acc: 0.0800
2025-04-12 04:26:57,885 [INFO] Best pool_size: 2, Best Val Acc: 0.0800
2025-04-12 04:26:57,885 [INFO] 
Optimizing pool_stride...
2025-04-12 04:26:57,885 [INFO] Testing pool_stride = 2
2025-04-12 04:26:57,945 [INFO] Epoch 1/10, Train Loss: 3.3968, Train Acc: 0.1400, Val Loss: 3.3983, Val Acc: 0.1000
2025-04-12 04:26:58,001 [INFO] Epoch 2/10, Train Loss: 3.3929, Train Acc: 0.1400, Val Loss: 3.3953, Val Acc: 0.1000
2025-04-12 04:26:58,057 [INFO] Epoch 3/10, Train Loss: 3.3894, Train Acc: 0.1400, Val Loss: 3.3926, Val Acc: 0.1000
2025-04-12 04:26:58,115 [INFO] Epoch 4/10, Train Loss: 3.3862, Train Acc: 0.1400, Val Loss: 3.3901, Val Acc: 0.1000
2025-04-12 04:26:58,174 [INFO] Epoch 5/10, Train Loss: 3.3835, Train Acc: 0.1400, Val Loss: 3.3880, Val Acc: 0.1000
2025-04-12 04:26:58,909 [INFO] Epoch 6/10, Train Loss: 3.3810, Train Acc: 0.1500, Val Loss: 3.3860, Val Acc: 0.1000
2025-04-12 04:26:58,966 [INFO] Epoch 7/10, Train Loss: 3.3787, Train Acc: 0.1400, Val Loss: 3.3843, Val Acc: 0.1000
2025-04-12 04:26:59,022 [INFO] Epoch 8/10, Train Loss: 3.3766, Train Acc: 0.1400, Val Loss: 3.3828, Val Acc: 0.1000
2025-04-12 04:26:59,080 [INFO] Epoch 9/10, Train Loss: 3.3749, Train Acc: 0.1400, Val Loss: 3.3814, Val Acc: 0.1000
2025-04-12 04:26:59,136 [INFO] Epoch 10/10, Train Loss: 3.3734, Train Acc: 0.1400, Val Loss: 3.3802, Val Acc: 0.1000
2025-04-12 04:26:59,138 [INFO] pool_stride=2, Val Acc: 0.1000
2025-04-12 04:26:59,158 [INFO] Best pool_stride: 2, Best Val Acc: 0.1000
2025-04-12 04:26:59,158 [INFO] 
Optimizing bn_epsilon...
2025-04-12 04:26:59,158 [INFO] Testing bn_epsilon = 1e-05
2025-04-12 04:26:59,217 [INFO] Epoch 1/10, Train Loss: 3.5808, Train Acc: 0.0500, Val Loss: 3.5877, Val Acc: 0.1600
2025-04-12 04:26:59,277 [INFO] Epoch 2/10, Train Loss: 3.5755, Train Acc: 0.0500, Val Loss: 3.5833, Val Acc: 0.1600
2025-04-12 04:26:59,335 [INFO] Epoch 3/10, Train Loss: 3.5708, Train Acc: 0.0500, Val Loss: 3.5797, Val Acc: 0.1600
2025-04-12 04:26:59,393 [INFO] Epoch 4/10, Train Loss: 3.5667, Train Acc: 0.0400, Val Loss: 3.5764, Val Acc: 0.1600
2025-04-12 04:26:59,449 [INFO] Epoch 5/10, Train Loss: 3.5628, Train Acc: 0.0400, Val Loss: 3.5734, Val Acc: 0.1600
2025-04-12 04:26:59,504 [INFO] Epoch 6/10, Train Loss: 3.5593, Train Acc: 0.0400, Val Loss: 3.5706, Val Acc: 0.1600
2025-04-12 04:26:59,562 [INFO] Epoch 7/10, Train Loss: 3.5563, Train Acc: 0.0400, Val Loss: 3.5683, Val Acc: 0.1600
2025-04-12 04:26:59,619 [INFO] Epoch 8/10, Train Loss: 3.5535, Train Acc: 0.0400, Val Loss: 3.5662, Val Acc: 0.1600
2025-04-12 04:26:59,676 [INFO] Epoch 9/10, Train Loss: 3.5510, Train Acc: 0.0400, Val Loss: 3.5642, Val Acc: 0.1600
2025-04-12 04:26:59,734 [INFO] Epoch 10/10, Train Loss: 3.5488, Train Acc: 0.0400, Val Loss: 3.5625, Val Acc: 0.1600
2025-04-12 04:26:59,736 [INFO] bn_epsilon=1e-05, Val Acc: 0.1600
2025-04-12 04:26:59,757 [INFO] Testing bn_epsilon = 0.0001
2025-04-12 04:26:59,820 [INFO] Epoch 1/10, Train Loss: 3.6928, Train Acc: 0.0900, Val Loss: 3.7878, Val Acc: 0.1000
2025-04-12 04:26:59,877 [INFO] Epoch 2/10, Train Loss: 3.6878, Train Acc: 0.0900, Val Loss: 3.7835, Val Acc: 0.1000
2025-04-12 04:26:59,938 [INFO] Epoch 3/10, Train Loss: 3.6833, Train Acc: 0.1000, Val Loss: 3.7796, Val Acc: 0.1000
2025-04-12 04:26:59,998 [INFO] Epoch 4/10, Train Loss: 3.6794, Train Acc: 0.1000, Val Loss: 3.7763, Val Acc: 0.1000
2025-04-12 04:27:00,068 [INFO] Epoch 5/10, Train Loss: 3.6759, Train Acc: 0.1000, Val Loss: 3.7732, Val Acc: 0.1000
2025-04-12 04:27:00,127 [INFO] Epoch 6/10, Train Loss: 3.6726, Train Acc: 0.1000, Val Loss: 3.7705, Val Acc: 0.1000
2025-04-12 04:27:00,190 [INFO] Epoch 7/10, Train Loss: 3.6700, Train Acc: 0.1000, Val Loss: 3.7682, Val Acc: 0.1000
2025-04-12 04:27:00,251 [INFO] Epoch 8/10, Train Loss: 3.6674, Train Acc: 0.1000, Val Loss: 3.7660, Val Acc: 0.1000
2025-04-12 04:27:00,314 [INFO] Epoch 9/10, Train Loss: 3.6650, Train Acc: 0.1000, Val Loss: 3.7639, Val Acc: 0.1000
2025-04-12 04:27:00,373 [INFO] Epoch 10/10, Train Loss: 3.6629, Train Acc: 0.1000, Val Loss: 3.7622, Val Acc: 0.1000
2025-04-12 04:27:00,375 [INFO] bn_epsilon=0.0001, Val Acc: 0.1000
2025-04-12 04:27:00,400 [INFO] Best bn_epsilon: 1e-05, Best Val Acc: 0.1600
2025-04-12 04:27:00,402 [INFO] Results saved to /home/spoil/cv/assignment01/experiments/hyperparam_results.csv
2025-04-12 04:27:00,402 [INFO] Best hyperparameters: {'lr': 0.0001, 'reg_lambda': 0.01, 'batch_size': 64, 'epochs': 10, 'lr_decay': 0.9, 'max_grad_norm': 5.0, 'val_batch_size': 32, 'conv1_filters': 32, 'kernel1_size': (3, 3), 'conv1_stride': 1, 'conv1_padding': 1, 'conv2_filters': 16, 'kernel2_size': (3, 3), 'conv2_stride': 1, 'conv2_padding': 0, 'pool_size': 2, 'pool_stride': 2, 'bn_epsilon': 1e-05}, Best Val Acc: 0.1800
2025-04-12 04:27:00,466 [INFO] Epoch 1/10, Train Loss: 3.6120, Train Acc: 0.1300, Val Loss: 3.7404, Val Acc: 0.0600
2025-04-12 04:27:00,526 [INFO] Epoch 2/10, Train Loss: 3.6061, Train Acc: 0.1300, Val Loss: 3.7358, Val Acc: 0.0600
2025-04-12 04:27:00,585 [INFO] Epoch 3/10, Train Loss: 3.6008, Train Acc: 0.1300, Val Loss: 3.7318, Val Acc: 0.0600
2025-04-12 04:27:00,647 [INFO] Epoch 4/10, Train Loss: 3.5960, Train Acc: 0.1300, Val Loss: 3.7281, Val Acc: 0.0600
2025-04-12 04:27:00,715 [INFO] Epoch 5/10, Train Loss: 3.5916, Train Acc: 0.1300, Val Loss: 3.7247, Val Acc: 0.0600
2025-04-12 04:27:00,781 [INFO] Epoch 6/10, Train Loss: 3.5877, Train Acc: 0.1300, Val Loss: 3.7218, Val Acc: 0.0600
2025-04-12 04:27:00,843 [INFO] Epoch 7/10, Train Loss: 3.5842, Train Acc: 0.1300, Val Loss: 3.7192, Val Acc: 0.0600
2025-04-12 04:27:00,905 [INFO] Epoch 8/10, Train Loss: 3.5812, Train Acc: 0.1300, Val Loss: 3.7168, Val Acc: 0.0600
2025-04-12 04:27:00,972 [INFO] Epoch 9/10, Train Loss: 3.5784, Train Acc: 0.1300, Val Loss: 3.7147, Val Acc: 0.0600
2025-04-12 04:27:01,032 [INFO] Epoch 10/10, Train Loss: 3.5759, Train Acc: 0.1300, Val Loss: 3.7128, Val Acc: 0.0600
2025-04-12 04:27:01,133 [WARNING] findfont: Generic family 'sans-serif' not found because none of the following families were found: SimHei
2025-04-12 04:27:01,134 [WARNING] findfont: Generic family 'sans-serif' not found because none of the following families were found: SimHei
2025-04-12 04:27:01,135 [WARNING] findfont: Generic family 'sans-serif' not found because none of the following families were found: SimHei
2025-04-12 04:27:01,136 [WARNING] findfont: Generic family 'sans-serif' not found because none of the following families were found: SimHei
2025-04-12 04:27:01,136 [WARNING] findfont: Generic family 'sans-serif' not found because none of the following families were found: SimHei
2025-04-12 04:27:01,136 [WARNING] findfont: Generic family 'sans-serif' not found because none of the following families were found: SimHei
2025-04-12 04:27:01,136 [WARNING] findfont: Generic family 'sans-serif' not found because none of the following families were found: SimHei
2025-04-12 04:27:01,137 [WARNING] findfont: Generic family 'sans-serif' not found because none of the following families were found: SimHei
2025-04-12 04:27:01,139 [WARNING] findfont: Generic family 'sans-serif' not found because none of the following families were found: SimHei
2025-04-12 04:27:01,139 [WARNING] findfont: Generic family 'sans-serif' not found because none of the following families were found: SimHei
2025-04-12 04:27:01,140 [WARNING] findfont: Generic family 'sans-serif' not found because none of the following families were found: SimHei
2025-04-12 04:27:01,143 [WARNING] findfont: Generic family 'sans-serif' not found because none of the following families were found: SimHei
2025-04-12 04:27:01,144 [WARNING] findfont: Generic family 'sans-serif' not found because none of the following families were found: SimHei
2025-04-12 04:27:01,144 [WARNING] findfont: Generic family 'sans-serif' not found because none of the following families were found: SimHei
2025-04-12 04:27:01,144 [WARNING] findfont: Generic family 'sans-serif' not found because none of the following families were found: SimHei
2025-04-12 04:27:01,144 [WARNING] findfont: Generic family 'sans-serif' not found because none of the following families were found: SimHei
2025-04-12 04:27:01,145 [WARNING] findfont: Generic family 'sans-serif' not found because none of the following families were found: SimHei
2025-04-12 04:27:01,145 [WARNING] findfont: Generic family 'sans-serif' not found because none of the following families were found: SimHei
2025-04-12 04:27:01,145 [WARNING] findfont: Generic family 'sans-serif' not found because none of the following families were found: SimHei
2025-04-12 04:27:01,145 [WARNING] findfont: Generic family 'sans-serif' not found because none of the following families were found: SimHei
2025-04-12 04:27:01,146 [WARNING] findfont: Generic family 'sans-serif' not found because none of the following families were found: SimHei
2025-04-12 04:27:01,147 [WARNING] findfont: Generic family 'sans-serif' not found because none of the following families were found: SimHei
2025-04-12 04:27:01,147 [WARNING] findfont: Generic family 'sans-serif' not found because none of the following families were found: SimHei
2025-04-12 04:27:01,149 [WARNING] findfont: Generic family 'sans-serif' not found because none of the following families were found: SimHei
2025-04-12 04:27:01,149 [WARNING] findfont: Generic family 'sans-serif' not found because none of the following families were found: SimHei
2025-04-12 04:27:01,150 [WARNING] findfont: Generic family 'sans-serif' not found because none of the following families were found: SimHei
2025-04-12 04:27:01,150 [WARNING] findfont: Generic family 'sans-serif' not found because none of the following families were found: SimHei
2025-04-12 04:27:01,150 [WARNING] findfont: Generic family 'sans-serif' not found because none of the following families were found: SimHei
2025-04-12 04:27:01,151 [WARNING] findfont: Generic family 'sans-serif' not found because none of the following families were found: SimHei
2025-04-12 04:27:01,151 [WARNING] findfont: Generic family 'sans-serif' not found because none of the following families were found: SimHei
2025-04-12 04:27:01,153 [WARNING] findfont: Generic family 'sans-serif' not found because none of the following families were found: SimHei
2025-04-12 04:27:01,154 [WARNING] findfont: Generic family 'sans-serif' not found because none of the following families were found: SimHei
2025-04-12 04:27:01,155 [WARNING] findfont: Generic family 'sans-serif' not found because none of the following families were found: SimHei
2025-04-12 04:27:01,155 [WARNING] findfont: Generic family 'sans-serif' not found because none of the following families were found: SimHei
2025-04-12 04:27:01,155 [WARNING] findfont: Generic family 'sans-serif' not found because none of the following families were found: SimHei
2025-04-12 04:27:01,155 [WARNING] findfont: Generic family 'sans-serif' not found because none of the following families were found: SimHei
2025-04-12 04:27:01,156 [WARNING] findfont: Generic family 'sans-serif' not found because none of the following families were found: SimHei
2025-04-12 04:27:01,156 [WARNING] findfont: Generic family 'sans-serif' not found because none of the following families were found: SimHei
2025-04-12 04:27:01,157 [WARNING] findfont: Generic family 'sans-serif' not found because none of the following families were found: SimHei
2025-04-12 04:27:01,157 [WARNING] findfont: Generic family 'sans-serif' not found because none of the following families were found: SimHei
2025-04-12 04:27:01,157 [WARNING] findfont: Generic family 'sans-serif' not found because none of the following families were found: SimHei
2025-04-12 04:27:01,157 [WARNING] findfont: Generic family 'sans-serif' not found because none of the following families were found: SimHei
2025-04-12 04:27:01,158 [WARNING] findfont: Generic family 'sans-serif' not found because none of the following families were found: SimHei
2025-04-12 04:27:01,158 [WARNING] findfont: Generic family 'sans-serif' not found because none of the following families were found: SimHei
2025-04-12 04:27:01,158 [WARNING] findfont: Generic family 'sans-serif' not found because none of the following families were found: SimHei
2025-04-12 04:27:01,159 [WARNING] findfont: Generic family 'sans-serif' not found because none of the following families were found: SimHei
2025-04-12 04:27:05,910 [WARNING] findfont: Generic family 'sans-serif' not found because none of the following families were found: SimHei
2025-04-12 04:27:05,910 [WARNING] findfont: Generic family 'sans-serif' not found because none of the following families were found: SimHei
2025-04-12 04:27:05,910 [WARNING] findfont: Generic family 'sans-serif' not found because none of the following families were found: SimHei
2025-04-12 04:27:05,910 [WARNING] findfont: Generic family 'sans-serif' not found because none of the following families were found: SimHei
2025-04-12 04:27:05,911 [WARNING] findfont: Generic family 'sans-serif' not found because none of the following families were found: SimHei
2025-04-12 04:27:05,911 [WARNING] findfont: Generic family 'sans-serif' not found because none of the following families were found: SimHei
2025-04-12 04:27:05,911 [WARNING] findfont: Generic family 'sans-serif' not found because none of the following families were found: SimHei
2025-04-12 04:27:05,911 [WARNING] findfont: Generic family 'sans-serif' not found because none of the following families were found: SimHei
2025-04-12 04:27:05,912 [WARNING] findfont: Generic family 'sans-serif' not found because none of the following families were found: SimHei
2025-04-12 04:27:05,913 [WARNING] findfont: Generic family 'sans-serif' not found because none of the following families were found: SimHei
2025-04-12 04:27:05,913 [WARNING] findfont: Generic family 'sans-serif' not found because none of the following families were found: SimHei
2025-04-12 04:27:05,918 [WARNING] findfont: Generic family 'sans-serif' not found because none of the following families were found: SimHei
2025-04-12 04:27:05,918 [WARNING] findfont: Generic family 'sans-serif' not found because none of the following families were found: SimHei
2025-04-12 04:27:05,919 [WARNING] findfont: Generic family 'sans-serif' not found because none of the following families were found: SimHei
2025-04-12 04:27:05,919 [WARNING] findfont: Generic family 'sans-serif' not found because none of the following families were found: SimHei
2025-04-12 04:27:05,920 [WARNING] findfont: Generic family 'sans-serif' not found because none of the following families were found: SimHei
2025-04-12 04:27:05,920 [WARNING] findfont: Generic family 'sans-serif' not found because none of the following families were found: SimHei
2025-04-12 04:27:05,920 [WARNING] findfont: Generic family 'sans-serif' not found because none of the following families were found: SimHei
2025-04-12 04:27:05,921 [WARNING] findfont: Generic family 'sans-serif' not found because none of the following families were found: SimHei
2025-04-12 04:27:05,921 [WARNING] findfont: Generic family 'sans-serif' not found because none of the following families were found: SimHei
2025-04-12 04:27:05,921 [WARNING] findfont: Generic family 'sans-serif' not found because none of the following families were found: SimHei
2025-04-12 04:27:05,923 [WARNING] findfont: Generic family 'sans-serif' not found because none of the following families were found: SimHei
2025-04-12 04:27:05,924 [WARNING] findfont: Generic family 'sans-serif' not found because none of the following families were found: SimHei
2025-04-12 04:27:05,925 [WARNING] findfont: Generic family 'sans-serif' not found because none of the following families were found: SimHei
2025-04-12 04:27:05,925 [WARNING] findfont: Generic family 'sans-serif' not found because none of the following families were found: SimHei
2025-04-12 04:27:05,926 [WARNING] findfont: Generic family 'sans-serif' not found because none of the following families were found: SimHei
2025-04-12 04:27:05,926 [WARNING] findfont: Generic family 'sans-serif' not found because none of the following families were found: SimHei
2025-04-12 04:27:05,926 [WARNING] findfont: Generic family 'sans-serif' not found because none of the following families were found: SimHei
2025-04-12 04:27:05,927 [WARNING] findfont: Generic family 'sans-serif' not found because none of the following families were found: SimHei
2025-04-12 04:27:05,927 [WARNING] findfont: Generic family 'sans-serif' not found because none of the following families were found: SimHei
2025-04-12 04:27:05,929 [WARNING] findfont: Generic family 'sans-serif' not found because none of the following families were found: SimHei
2025-04-12 04:27:05,930 [WARNING] findfont: Generic family 'sans-serif' not found because none of the following families were found: SimHei
2025-04-12 04:27:05,930 [WARNING] findfont: Generic family 'sans-serif' not found because none of the following families were found: SimHei
2025-04-12 04:27:05,930 [WARNING] findfont: Generic family 'sans-serif' not found because none of the following families were found: SimHei
2025-04-12 04:27:05,931 [WARNING] findfont: Generic family 'sans-serif' not found because none of the following families were found: SimHei
2025-04-12 04:27:05,931 [WARNING] findfont: Generic family 'sans-serif' not found because none of the following families were found: SimHei
2025-04-12 04:27:05,932 [WARNING] findfont: Generic family 'sans-serif' not found because none of the following families were found: SimHei
2025-04-12 04:27:05,932 [WARNING] findfont: Generic family 'sans-serif' not found because none of the following families were found: SimHei
2025-04-12 04:27:05,932 [WARNING] findfont: Generic family 'sans-serif' not found because none of the following families were found: SimHei
2025-04-12 04:27:08,279 [INFO] Test Accuracy: 0.0826
2025-04-12 04:27:08,279 [INFO] Training completed.
