2025-04-09 02:21:00,562 [INFO] Starting CIFAR-10 training...
2025-04-09 02:21:03,193 [INFO] Starting hyperparameter search...
2025-04-09 02:21:03,193 [INFO] 
 Hyperparameters: lr=0.1, reg=0.1
2025-04-09 02:21:06,370 [INFO] Epoch 1/20, Train Loss: 8.2597, Train Acc: 0.1770, Val Loss: 8.4131, Val Acc: 0.1480
2025-04-09 02:21:07,483 [INFO] Epoch 2/20, Train Loss: 7.0999, Train Acc: 0.1400, Val Loss: 7.2944, Val Acc: 0.1260
2025-04-09 02:21:08,568 [INFO] Epoch 3/20, Train Loss: 7.5229, Train Acc: 0.1370, Val Loss: 7.8136, Val Acc: 0.1240
2025-04-09 02:21:09,583 [INFO] Epoch 4/20, Train Loss: 7.0133, Train Acc: 0.1640, Val Loss: 7.2905, Val Acc: 0.1260
2025-04-09 02:21:10,586 [INFO] Epoch 5/20, Train Loss: 5.8671, Train Acc: 0.2010, Val Loss: 6.0067, Val Acc: 0.1600
2025-04-09 02:21:11,486 [INFO] Epoch 6/20, Train Loss: 5.5687, Train Acc: 0.2090, Val Loss: 5.7591, Val Acc: 0.1480
2025-04-09 02:21:12,375 [INFO] Epoch 7/20, Train Loss: 5.2646, Train Acc: 0.1890, Val Loss: 5.4568, Val Acc: 0.1660
2025-04-09 02:21:13,244 [INFO] Epoch 8/20, Train Loss: 6.0979, Train Acc: 0.1930, Val Loss: 6.3824, Val Acc: 0.1520
2025-04-09 02:21:14,110 [INFO] Epoch 9/20, Train Loss: 6.1476, Train Acc: 0.1530, Val Loss: 6.4311, Val Acc: 0.1400
2025-04-09 02:21:15,038 [INFO] Epoch 10/20, Train Loss: 4.9133, Train Acc: 0.1850, Val Loss: 5.2403, Val Acc: 0.1300
2025-04-09 02:21:14,023 [INFO] Epoch 11/20, Train Loss: 5.3408, Train Acc: 0.1670, Val Loss: 5.5749, Val Acc: 0.1560
2025-04-09 02:21:15,055 [INFO] Epoch 12/20, Train Loss: 6.3520, Train Acc: 0.1810, Val Loss: 6.6039, Val Acc: 0.1540
2025-04-09 02:21:16,065 [INFO] Epoch 13/20, Train Loss: 4.7174, Train Acc: 0.1810, Val Loss: 4.9184, Val Acc: 0.1460
2025-04-09 02:21:17,111 [INFO] Epoch 14/20, Train Loss: 5.6510, Train Acc: 0.1720, Val Loss: 5.9145, Val Acc: 0.1500
2025-04-09 02:21:18,120 [INFO] Epoch 15/20, Train Loss: 6.6054, Train Acc: 0.1330, Val Loss: 7.0061, Val Acc: 0.1120
2025-04-09 02:21:19,030 [INFO] Epoch 16/20, Train Loss: 5.1730, Train Acc: 0.1800, Val Loss: 5.4454, Val Acc: 0.1560
2025-04-09 02:21:19,983 [INFO] Epoch 17/20, Train Loss: 4.7654, Train Acc: 0.1840, Val Loss: 4.9505, Val Acc: 0.1620
2025-04-09 02:21:20,900 [INFO] Epoch 18/20, Train Loss: 6.9436, Train Acc: 0.1440, Val Loss: 7.2810, Val Acc: 0.1400
2025-04-09 02:21:21,896 [INFO] Epoch 19/20, Train Loss: 4.3026, Train Acc: 0.2290, Val Loss: 4.6299, Val Acc: 0.1500
2025-04-09 02:21:22,883 [INFO] Epoch 20/20, Train Loss: 4.3984, Train Acc: 0.2180, Val Loss: 4.6610, Val Acc: 0.1740
2025-04-09 02:21:22,886 [INFO] 
 Hyperparameters: lr=0.1, reg=0.01
2025-04-09 02:21:23,861 [INFO] Epoch 1/20, Train Loss: 3.5453, Train Acc: 0.1760, Val Loss: 3.6598, Val Acc: 0.1240
2025-04-09 02:21:24,843 [INFO] Epoch 2/20, Train Loss: 4.7250, Train Acc: 0.1560, Val Loss: 4.8557, Val Acc: 0.1480
2025-04-09 02:21:25,916 [INFO] Epoch 3/20, Train Loss: 5.0754, Train Acc: 0.1810, Val Loss: 5.3117, Val Acc: 0.1480
2025-04-09 02:21:26,991 [INFO] Epoch 4/20, Train Loss: 3.8604, Train Acc: 0.1930, Val Loss: 4.1142, Val Acc: 0.1460
2025-04-09 02:21:28,005 [INFO] Epoch 5/20, Train Loss: 4.6620, Train Acc: 0.1920, Val Loss: 4.9915, Val Acc: 0.1420
2025-04-09 02:21:29,128 [INFO] Epoch 6/20, Train Loss: 5.3957, Train Acc: 0.1340, Val Loss: 5.7429, Val Acc: 0.1160
2025-04-09 02:21:30,123 [INFO] Epoch 7/20, Train Loss: 4.1235, Train Acc: 0.1930, Val Loss: 4.4753, Val Acc: 0.1720
2025-04-09 02:21:31,115 [INFO] Epoch 8/20, Train Loss: 4.7463, Train Acc: 0.1440, Val Loss: 5.0533, Val Acc: 0.1200
2025-04-09 02:21:32,114 [INFO] Epoch 9/20, Train Loss: 6.2202, Train Acc: 0.1440, Val Loss: 6.5309, Val Acc: 0.1220
2025-04-09 02:21:33,102 [INFO] Epoch 10/20, Train Loss: 4.6187, Train Acc: 0.1950, Val Loss: 4.9289, Val Acc: 0.1700
2025-04-09 02:21:34,057 [INFO] Epoch 11/20, Train Loss: 3.8701, Train Acc: 0.2120, Val Loss: 4.2376, Val Acc: 0.1600
2025-04-09 02:21:34,991 [INFO] Epoch 12/20, Train Loss: 4.5289, Train Acc: 0.2140, Val Loss: 4.9487, Val Acc: 0.1500
2025-04-09 02:21:36,034 [INFO] Epoch 13/20, Train Loss: 5.1777, Train Acc: 0.2000, Val Loss: 5.4986, Val Acc: 0.1560
2025-04-09 02:21:37,077 [INFO] Epoch 14/20, Train Loss: 4.4359, Train Acc: 0.2470, Val Loss: 4.8962, Val Acc: 0.1660
2025-04-09 02:21:38,099 [INFO] Epoch 15/20, Train Loss: 5.0394, Train Acc: 0.2000, Val Loss: 5.3515, Val Acc: 0.1560
2025-04-09 02:21:39,093 [INFO] Epoch 16/20, Train Loss: 5.4750, Train Acc: 0.1580, Val Loss: 5.9141, Val Acc: 0.1480
2025-04-09 02:21:40,062 [INFO] Epoch 17/20, Train Loss: 5.3799, Train Acc: 0.1470, Val Loss: 5.7376, Val Acc: 0.1460
2025-04-09 02:21:41,088 [INFO] Epoch 18/20, Train Loss: 4.4139, Train Acc: 0.1880, Val Loss: 4.8476, Val Acc: 0.1360
2025-04-09 02:21:42,111 [INFO] Epoch 19/20, Train Loss: 5.8351, Train Acc: 0.1990, Val Loss: 6.2916, Val Acc: 0.1400
2025-04-09 02:21:43,102 [INFO] Epoch 20/20, Train Loss: 6.4105, Train Acc: 0.1140, Val Loss: 6.8237, Val Acc: 0.0840
2025-04-09 02:21:43,103 [INFO] 
 Hyperparameters: lr=0.1, reg=0.001
2025-04-09 02:21:44,092 [INFO] Epoch 1/20, Train Loss: 4.0277, Train Acc: 0.1130, Val Loss: 4.1402, Val Acc: 0.0940
2025-04-09 02:21:45,056 [INFO] Epoch 2/20, Train Loss: 5.1347, Train Acc: 0.1170, Val Loss: 5.1552, Val Acc: 0.1320
2025-04-09 02:21:46,018 [INFO] Epoch 3/20, Train Loss: 2.6198, Train Acc: 0.2210, Val Loss: 2.8497, Val Acc: 0.1500
2025-04-09 02:21:45,078 [INFO] Epoch 4/20, Train Loss: 4.3215, Train Acc: 0.1340, Val Loss: 4.5174, Val Acc: 0.1400
2025-04-09 02:21:46,036 [INFO] Epoch 5/20, Train Loss: 3.1251, Train Acc: 0.2310, Val Loss: 3.4131, Val Acc: 0.1700
2025-04-09 02:21:47,002 [INFO] Epoch 6/20, Train Loss: 3.5596, Train Acc: 0.2080, Val Loss: 3.9485, Val Acc: 0.1480
2025-04-09 02:21:47,964 [INFO] Epoch 7/20, Train Loss: 3.8032, Train Acc: 0.1880, Val Loss: 4.1538, Val Acc: 0.1540
2025-04-09 02:21:48,973 [INFO] Epoch 8/20, Train Loss: 4.3811, Train Acc: 0.1580, Val Loss: 4.6248, Val Acc: 0.1460
2025-04-09 02:21:49,946 [INFO] Epoch 9/20, Train Loss: 3.8528, Train Acc: 0.1420, Val Loss: 4.2553, Val Acc: 0.1300
2025-04-09 02:21:50,954 [INFO] Epoch 10/20, Train Loss: 2.9823, Train Acc: 0.2090, Val Loss: 3.3849, Val Acc: 0.1400
2025-04-09 02:21:51,988 [INFO] Epoch 11/20, Train Loss: 3.8313, Train Acc: 0.1930, Val Loss: 4.0790, Val Acc: 0.1800
2025-04-09 02:21:53,106 [INFO] Epoch 12/20, Train Loss: 4.8211, Train Acc: 0.1220, Val Loss: 5.3106, Val Acc: 0.1100
2025-04-09 02:21:54,300 [INFO] Epoch 13/20, Train Loss: 3.4768, Train Acc: 0.2360, Val Loss: 3.9705, Val Acc: 0.1600
2025-04-09 02:21:55,490 [INFO] Epoch 14/20, Train Loss: 3.4252, Train Acc: 0.1900, Val Loss: 3.8181, Val Acc: 0.1380
2025-04-09 02:21:56,632 [INFO] Epoch 15/20, Train Loss: 3.8818, Train Acc: 0.1840, Val Loss: 4.3466, Val Acc: 0.1580
2025-04-09 02:21:57,845 [INFO] Epoch 16/20, Train Loss: 3.7709, Train Acc: 0.1550, Val Loss: 4.1787, Val Acc: 0.1180
2025-04-09 02:21:58,938 [INFO] Epoch 17/20, Train Loss: 4.2751, Train Acc: 0.1800, Val Loss: 4.6235, Val Acc: 0.1640
2025-04-09 02:21:59,967 [INFO] Epoch 18/20, Train Loss: 3.3386, Train Acc: 0.2260, Val Loss: 3.7620, Val Acc: 0.1640
2025-04-09 02:22:00,895 [INFO] Epoch 19/20, Train Loss: 3.4926, Train Acc: 0.2150, Val Loss: 4.0551, Val Acc: 0.1480
2025-04-09 02:22:01,862 [INFO] Epoch 20/20, Train Loss: 4.1324, Train Acc: 0.2210, Val Loss: 4.4875, Val Acc: 0.1760
2025-04-09 02:22:01,863 [INFO] 
 Hyperparameters: lr=0.01, reg=0.1
2025-04-09 02:22:02,832 [INFO] Epoch 1/20, Train Loss: 9.0244, Train Acc: 0.2510, Val Loss: 9.1666, Val Acc: 0.2080
2025-04-09 02:22:03,792 [INFO] Epoch 2/20, Train Loss: 8.3626, Train Acc: 0.3520, Val Loss: 8.6620, Val Acc: 0.2460
2025-04-09 02:22:04,893 [INFO] Epoch 3/20, Train Loss: 7.8496, Train Acc: 0.3960, Val Loss: 8.2147, Val Acc: 0.2780
2025-04-09 02:22:05,848 [INFO] Epoch 4/20, Train Loss: 7.3507, Train Acc: 0.4350, Val Loss: 7.7477, Val Acc: 0.3000
2025-04-09 02:22:06,890 [INFO] Epoch 5/20, Train Loss: 6.9493, Train Acc: 0.4810, Val Loss: 7.3755, Val Acc: 0.3360
2025-04-09 02:22:07,890 [INFO] Epoch 6/20, Train Loss: 6.5832, Train Acc: 0.5020, Val Loss: 7.0479, Val Acc: 0.3320
2025-04-09 02:22:08,888 [INFO] Epoch 7/20, Train Loss: 6.2467, Train Acc: 0.5410, Val Loss: 6.7495, Val Acc: 0.3420
2025-04-09 02:22:09,827 [INFO] Epoch 8/20, Train Loss: 5.9639, Train Acc: 0.5720, Val Loss: 6.4730, Val Acc: 0.3620
2025-04-09 02:22:10,751 [INFO] Epoch 9/20, Train Loss: 5.6628, Train Acc: 0.5880, Val Loss: 6.1903, Val Acc: 0.3780
2025-04-09 02:22:11,653 [INFO] Epoch 10/20, Train Loss: 5.4030, Train Acc: 0.6030, Val Loss: 5.9571, Val Acc: 0.3780
2025-04-09 02:22:12,620 [INFO] Epoch 11/20, Train Loss: 5.1810, Train Acc: 0.6200, Val Loss: 5.7450, Val Acc: 0.3700
2025-04-09 02:22:13,580 [INFO] Epoch 12/20, Train Loss: 4.9726, Train Acc: 0.6430, Val Loss: 5.5561, Val Acc: 0.3820
2025-04-09 02:22:14,534 [INFO] Epoch 13/20, Train Loss: 4.7726, Train Acc: 0.6140, Val Loss: 5.3615, Val Acc: 0.3660
2025-04-09 02:22:15,527 [INFO] Epoch 14/20, Train Loss: 4.5565, Train Acc: 0.6420, Val Loss: 5.1774, Val Acc: 0.3800
2025-04-09 02:22:16,511 [INFO] Epoch 15/20, Train Loss: 4.3807, Train Acc: 0.6540, Val Loss: 5.0152, Val Acc: 0.3780
2025-04-09 02:22:15,726 [INFO] Epoch 16/20, Train Loss: 4.1912, Train Acc: 0.6830, Val Loss: 4.8188, Val Acc: 0.4000
2025-04-09 02:22:16,668 [INFO] Epoch 17/20, Train Loss: 4.0685, Train Acc: 0.6770, Val Loss: 4.6956, Val Acc: 0.4000
2025-04-09 02:22:17,617 [INFO] Epoch 18/20, Train Loss: 3.9219, Train Acc: 0.6780, Val Loss: 4.5672, Val Acc: 0.3880
2025-04-09 02:22:18,548 [INFO] Epoch 19/20, Train Loss: 3.7869, Train Acc: 0.7000, Val Loss: 4.4141, Val Acc: 0.4140
2025-04-09 02:22:19,455 [INFO] Epoch 20/20, Train Loss: 3.7469, Train Acc: 0.6530, Val Loss: 4.3744, Val Acc: 0.4040
2025-04-09 02:22:19,456 [INFO] 
 Hyperparameters: lr=0.01, reg=0.01
2025-04-09 02:22:20,397 [INFO] Epoch 1/20, Train Loss: 2.7484, Train Acc: 0.2800, Val Loss: 2.9345, Val Acc: 0.1780
2025-04-09 02:22:21,341 [INFO] Epoch 2/20, Train Loss: 2.4669, Train Acc: 0.3670, Val Loss: 2.7525, Val Acc: 0.2640
2025-04-09 02:22:22,281 [INFO] Epoch 3/20, Train Loss: 2.3117, Train Acc: 0.4210, Val Loss: 2.7006, Val Acc: 0.2760
2025-04-09 02:22:23,237 [INFO] Epoch 4/20, Train Loss: 2.2172, Train Acc: 0.4480, Val Loss: 2.6921, Val Acc: 0.2780
2025-04-09 02:22:24,266 [INFO] Epoch 5/20, Train Loss: 2.1116, Train Acc: 0.5030, Val Loss: 2.6408, Val Acc: 0.3000
2025-04-09 02:22:25,325 [INFO] Epoch 6/20, Train Loss: 2.0674, Train Acc: 0.5190, Val Loss: 2.6337, Val Acc: 0.3060
2025-04-09 02:22:26,269 [INFO] Epoch 7/20, Train Loss: 2.0135, Train Acc: 0.5160, Val Loss: 2.5958, Val Acc: 0.3160
2025-04-09 02:22:27,305 [INFO] Epoch 8/20, Train Loss: 1.9037, Train Acc: 0.5900, Val Loss: 2.5481, Val Acc: 0.3500
2025-04-09 02:22:28,316 [INFO] Epoch 9/20, Train Loss: 1.8882, Train Acc: 0.5980, Val Loss: 2.5292, Val Acc: 0.3460
2025-04-09 02:22:29,298 [INFO] Epoch 10/20, Train Loss: 1.7888, Train Acc: 0.6450, Val Loss: 2.4839, Val Acc: 0.3500
2025-04-09 02:22:30,209 [INFO] Epoch 11/20, Train Loss: 1.7619, Train Acc: 0.6540, Val Loss: 2.5143, Val Acc: 0.3440
2025-04-09 02:22:31,154 [INFO] Epoch 12/20, Train Loss: 1.7316, Train Acc: 0.6540, Val Loss: 2.4779, Val Acc: 0.3620
2025-04-09 02:22:32,075 [INFO] Epoch 13/20, Train Loss: 1.6883, Train Acc: 0.6780, Val Loss: 2.4550, Val Acc: 0.3560
2025-04-09 02:22:33,036 [INFO] Epoch 14/20, Train Loss: 1.6488, Train Acc: 0.7020, Val Loss: 2.4460, Val Acc: 0.3900
2025-04-09 02:22:33,992 [INFO] Epoch 15/20, Train Loss: 1.6106, Train Acc: 0.7260, Val Loss: 2.4671, Val Acc: 0.3620
2025-04-09 02:22:34,943 [INFO] Epoch 16/20, Train Loss: 1.6006, Train Acc: 0.7060, Val Loss: 2.4537, Val Acc: 0.3780
2025-04-09 02:22:35,874 [INFO] Epoch 17/20, Train Loss: 1.5702, Train Acc: 0.7170, Val Loss: 2.4648, Val Acc: 0.3680
2025-04-09 02:22:36,887 [INFO] Epoch 18/20, Train Loss: 1.5472, Train Acc: 0.7530, Val Loss: 2.4642, Val Acc: 0.3740
2025-04-09 02:22:37,894 [INFO] Epoch 19/20, Train Loss: 1.5442, Train Acc: 0.7480, Val Loss: 2.4615, Val Acc: 0.3780
2025-04-09 02:22:38,860 [INFO] Epoch 20/20, Train Loss: 1.5030, Train Acc: 0.7710, Val Loss: 2.4517, Val Acc: 0.3700
2025-04-09 02:22:38,861 [INFO] 
 Hyperparameters: lr=0.01, reg=0.001
2025-04-09 02:22:39,846 [INFO] Epoch 1/20, Train Loss: 2.2001, Train Acc: 0.2480, Val Loss: 2.3311, Val Acc: 0.2120
2025-04-09 02:22:40,816 [INFO] Epoch 2/20, Train Loss: 1.9069, Train Acc: 0.3610, Val Loss: 2.1540, Val Acc: 0.2560
2025-04-09 02:22:41,728 [INFO] Epoch 3/20, Train Loss: 1.7767, Train Acc: 0.4010, Val Loss: 2.0650, Val Acc: 0.3040
2025-04-09 02:22:42,678 [INFO] Epoch 4/20, Train Loss: 1.6503, Train Acc: 0.4480, Val Loss: 2.0502, Val Acc: 0.2660
2025-04-09 02:22:43,596 [INFO] Epoch 5/20, Train Loss: 1.5604, Train Acc: 0.4870, Val Loss: 1.9890, Val Acc: 0.3080
2025-04-09 02:22:44,604 [INFO] Epoch 6/20, Train Loss: 1.4809, Train Acc: 0.5230, Val Loss: 1.9904, Val Acc: 0.3120
2025-04-09 02:22:45,615 [INFO] Epoch 7/20, Train Loss: 1.4085, Train Acc: 0.5490, Val Loss: 1.9334, Val Acc: 0.3500
2025-04-09 02:22:46,644 [INFO] Epoch 8/20, Train Loss: 1.3544, Train Acc: 0.5850, Val Loss: 1.9292, Val Acc: 0.3520
2025-04-09 02:22:47,691 [INFO] Epoch 9/20, Train Loss: 1.2697, Train Acc: 0.6190, Val Loss: 1.8679, Val Acc: 0.3580
2025-04-09 02:22:46,854 [INFO] Epoch 10/20, Train Loss: 1.2206, Train Acc: 0.6540, Val Loss: 1.8676, Val Acc: 0.3780
2025-04-09 02:22:47,858 [INFO] Epoch 11/20, Train Loss: 1.2083, Train Acc: 0.6280, Val Loss: 1.8946, Val Acc: 0.3700
2025-04-09 02:22:48,871 [INFO] Epoch 12/20, Train Loss: 1.1274, Train Acc: 0.6790, Val Loss: 1.8315, Val Acc: 0.3720
2025-04-09 02:22:49,923 [INFO] Epoch 13/20, Train Loss: 1.1047, Train Acc: 0.6910, Val Loss: 1.8438, Val Acc: 0.3920
2025-04-09 02:22:50,931 [INFO] Epoch 14/20, Train Loss: 1.1075, Train Acc: 0.6790, Val Loss: 1.8768, Val Acc: 0.3860
2025-04-09 02:22:51,969 [INFO] Epoch 15/20, Train Loss: 1.0346, Train Acc: 0.7130, Val Loss: 1.8241, Val Acc: 0.3860
2025-04-09 02:22:52,973 [INFO] Epoch 16/20, Train Loss: 1.0439, Train Acc: 0.6960, Val Loss: 1.8504, Val Acc: 0.3840
2025-04-09 02:22:53,982 [INFO] Epoch 17/20, Train Loss: 1.0374, Train Acc: 0.7120, Val Loss: 1.8187, Val Acc: 0.3820
2025-04-09 02:22:54,928 [INFO] Epoch 18/20, Train Loss: 0.9819, Train Acc: 0.7310, Val Loss: 1.8359, Val Acc: 0.3860
2025-04-09 02:22:55,954 [INFO] Epoch 19/20, Train Loss: 0.9618, Train Acc: 0.7280, Val Loss: 1.8590, Val Acc: 0.3900
2025-04-09 02:22:57,016 [INFO] Epoch 20/20, Train Loss: 0.9453, Train Acc: 0.7380, Val Loss: 1.8605, Val Acc: 0.3920
2025-04-09 02:22:57,018 [INFO] 
 Hyperparameters: lr=0.001, reg=0.1
2025-04-09 02:22:58,118 [INFO] Epoch 1/20, Train Loss: 10.0756, Train Acc: 0.0820, Val Loss: 9.9949, Val Acc: 0.0840
2025-04-09 02:22:59,222 [INFO] Epoch 2/20, Train Loss: 9.8365, Train Acc: 0.0960, Val Loss: 9.7877, Val Acc: 0.1180
2025-04-09 02:23:00,451 [INFO] Epoch 3/20, Train Loss: 9.6658, Train Acc: 0.1250, Val Loss: 9.6433, Val Acc: 0.1400
2025-04-09 02:23:01,706 [INFO] Epoch 4/20, Train Loss: 9.5132, Train Acc: 0.1570, Val Loss: 9.5210, Val Acc: 0.1680
2025-04-09 02:23:02,706 [INFO] Epoch 5/20, Train Loss: 9.3724, Train Acc: 0.1710, Val Loss: 9.4080, Val Acc: 0.1740
2025-04-09 02:23:03,680 [INFO] Epoch 6/20, Train Loss: 9.2499, Train Acc: 0.1950, Val Loss: 9.3111, Val Acc: 0.1860
2025-04-09 02:23:04,629 [INFO] Epoch 7/20, Train Loss: 9.1373, Train Acc: 0.2190, Val Loss: 9.2190, Val Acc: 0.1940
2025-04-09 02:23:05,620 [INFO] Epoch 8/20, Train Loss: 9.0336, Train Acc: 0.2450, Val Loss: 9.1331, Val Acc: 0.2160
2025-04-09 02:23:06,741 [INFO] Epoch 9/20, Train Loss: 8.9391, Train Acc: 0.2680, Val Loss: 9.0498, Val Acc: 0.2340
2025-04-09 02:23:07,716 [INFO] Epoch 10/20, Train Loss: 8.8515, Train Acc: 0.2820, Val Loss: 8.9798, Val Acc: 0.2300
2025-04-09 02:23:08,685 [INFO] Epoch 11/20, Train Loss: 8.7718, Train Acc: 0.2900, Val Loss: 8.9077, Val Acc: 0.2500
2025-04-09 02:23:09,745 [INFO] Epoch 12/20, Train Loss: 8.6946, Train Acc: 0.3130, Val Loss: 8.8473, Val Acc: 0.2540
2025-04-09 02:23:10,790 [INFO] Epoch 13/20, Train Loss: 8.6214, Train Acc: 0.3230, Val Loss: 8.7888, Val Acc: 0.2620
2025-04-09 02:23:11,765 [INFO] Epoch 14/20, Train Loss: 8.5527, Train Acc: 0.3310, Val Loss: 8.7306, Val Acc: 0.2500
2025-04-09 02:23:12,758 [INFO] Epoch 15/20, Train Loss: 8.4870, Train Acc: 0.3400, Val Loss: 8.6734, Val Acc: 0.2580
2025-04-09 02:23:13,769 [INFO] Epoch 16/20, Train Loss: 8.4227, Train Acc: 0.3530, Val Loss: 8.6181, Val Acc: 0.2620
2025-04-09 02:23:14,783 [INFO] Epoch 17/20, Train Loss: 8.3596, Train Acc: 0.3670, Val Loss: 8.5610, Val Acc: 0.2720
2025-04-09 02:23:15,952 [INFO] Epoch 18/20, Train Loss: 8.3012, Train Acc: 0.3720, Val Loss: 8.5103, Val Acc: 0.2800
2025-04-09 02:23:17,151 [INFO] Epoch 19/20, Train Loss: 8.2429, Train Acc: 0.3770, Val Loss: 8.4614, Val Acc: 0.2800
2025-04-09 02:23:18,074 [INFO] Epoch 20/20, Train Loss: 8.1875, Train Acc: 0.3880, Val Loss: 8.4161, Val Acc: 0.2780
2025-04-09 02:23:18,076 [INFO] 
 Hyperparameters: lr=0.001, reg=0.01
2025-04-09 02:23:17,137 [INFO] Epoch 1/20, Train Loss: 3.4154, Train Acc: 0.1280, Val Loss: 3.4480, Val Acc: 0.0960
2025-04-09 02:23:18,126 [INFO] Epoch 2/20, Train Loss: 3.2450, Train Acc: 0.1430, Val Loss: 3.2920, Val Acc: 0.1200
2025-04-09 02:23:19,020 [INFO] Epoch 3/20, Train Loss: 3.1422, Train Acc: 0.1600, Val Loss: 3.2130, Val Acc: 0.1400
2025-04-09 02:23:20,022 [INFO] Epoch 4/20, Train Loss: 3.0594, Train Acc: 0.1740, Val Loss: 3.1531, Val Acc: 0.1640
2025-04-09 02:23:20,955 [INFO] Epoch 5/20, Train Loss: 2.9873, Train Acc: 0.1940, Val Loss: 3.0994, Val Acc: 0.1880
2025-04-09 02:23:21,931 [INFO] Epoch 6/20, Train Loss: 2.9251, Train Acc: 0.2100, Val Loss: 3.0555, Val Acc: 0.2120
2025-04-09 02:23:22,931 [INFO] Epoch 7/20, Train Loss: 2.8677, Train Acc: 0.2330, Val Loss: 3.0175, Val Acc: 0.2200
2025-04-09 02:23:23,892 [INFO] Epoch 8/20, Train Loss: 2.8168, Train Acc: 0.2490, Val Loss: 2.9786, Val Acc: 0.2400
2025-04-09 02:23:24,907 [INFO] Epoch 9/20, Train Loss: 2.7708, Train Acc: 0.2650, Val Loss: 2.9422, Val Acc: 0.2420
2025-04-09 02:23:25,898 [INFO] Epoch 10/20, Train Loss: 2.7289, Train Acc: 0.2790, Val Loss: 2.9148, Val Acc: 0.2460
2025-04-09 02:23:26,881 [INFO] Epoch 11/20, Train Loss: 2.6901, Train Acc: 0.3020, Val Loss: 2.8871, Val Acc: 0.2560
2025-04-09 02:23:27,912 [INFO] Epoch 12/20, Train Loss: 2.6562, Train Acc: 0.3100, Val Loss: 2.8602, Val Acc: 0.2600
2025-04-09 02:23:28,936 [INFO] Epoch 13/20, Train Loss: 2.6239, Train Acc: 0.3130, Val Loss: 2.8373, Val Acc: 0.2640
2025-04-09 02:23:29,947 [INFO] Epoch 14/20, Train Loss: 2.5957, Train Acc: 0.3220, Val Loss: 2.8138, Val Acc: 0.2600
2025-04-09 02:23:30,938 [INFO] Epoch 15/20, Train Loss: 2.5679, Train Acc: 0.3350, Val Loss: 2.7977, Val Acc: 0.2660
2025-04-09 02:23:32,019 [INFO] Epoch 16/20, Train Loss: 2.5449, Train Acc: 0.3470, Val Loss: 2.7821, Val Acc: 0.2720
2025-04-09 02:23:33,134 [INFO] Epoch 17/20, Train Loss: 2.5218, Train Acc: 0.3560, Val Loss: 2.7705, Val Acc: 0.2620
2025-04-09 02:23:34,165 [INFO] Epoch 18/20, Train Loss: 2.4988, Train Acc: 0.3660, Val Loss: 2.7586, Val Acc: 0.2860
2025-04-09 02:23:35,147 [INFO] Epoch 19/20, Train Loss: 2.4805, Train Acc: 0.3730, Val Loss: 2.7474, Val Acc: 0.2860
2025-04-09 02:23:36,192 [INFO] Epoch 20/20, Train Loss: 2.4630, Train Acc: 0.3820, Val Loss: 2.7376, Val Acc: 0.2900
2025-04-09 02:23:36,194 [INFO] 
 Hyperparameters: lr=0.001, reg=0.001
2025-04-09 02:23:37,269 [INFO] Epoch 1/20, Train Loss: 2.6155, Train Acc: 0.1470, Val Loss: 2.7473, Val Acc: 0.1220
2025-04-09 02:23:38,438 [INFO] Epoch 2/20, Train Loss: 2.4952, Train Acc: 0.1810, Val Loss: 2.6272, Val Acc: 0.1480
2025-04-09 02:23:39,424 [INFO] Epoch 3/20, Train Loss: 2.4107, Train Acc: 0.1990, Val Loss: 2.5492, Val Acc: 0.1600
2025-04-09 02:23:40,444 [INFO] Epoch 4/20, Train Loss: 2.3377, Train Acc: 0.2230, Val Loss: 2.4883, Val Acc: 0.1700
2025-04-09 02:23:41,404 [INFO] Epoch 5/20, Train Loss: 2.2748, Train Acc: 0.2330, Val Loss: 2.4412, Val Acc: 0.1800
2025-04-09 02:23:42,371 [INFO] Epoch 6/20, Train Loss: 2.2183, Train Acc: 0.2510, Val Loss: 2.3895, Val Acc: 0.1920
2025-04-09 02:23:43,372 [INFO] Epoch 7/20, Train Loss: 2.1676, Train Acc: 0.2690, Val Loss: 2.3534, Val Acc: 0.2020
2025-04-09 02:23:44,542 [INFO] Epoch 8/20, Train Loss: 2.1247, Train Acc: 0.2810, Val Loss: 2.3186, Val Acc: 0.2180
2025-04-09 02:23:45,489 [INFO] Epoch 9/20, Train Loss: 2.0852, Train Acc: 0.2970, Val Loss: 2.2893, Val Acc: 0.2260
2025-04-09 02:23:46,702 [INFO] Epoch 10/20, Train Loss: 2.0508, Train Acc: 0.3100, Val Loss: 2.2578, Val Acc: 0.2360
2025-04-09 02:23:47,874 [INFO] Epoch 11/20, Train Loss: 2.0154, Train Acc: 0.3250, Val Loss: 2.2376, Val Acc: 0.2460
2025-04-09 02:23:46,961 [INFO] Epoch 12/20, Train Loss: 1.9837, Train Acc: 0.3380, Val Loss: 2.2192, Val Acc: 0.2480
2025-04-09 02:23:48,050 [INFO] Epoch 13/20, Train Loss: 1.9543, Train Acc: 0.3440, Val Loss: 2.1961, Val Acc: 0.2540
2025-04-09 02:23:49,021 [INFO] Epoch 14/20, Train Loss: 1.9284, Train Acc: 0.3590, Val Loss: 2.1800, Val Acc: 0.2640
