2025-04-13 16:12:28,121 [INFO] Starting CIFAR-10 training...
2025-04-13 16:12:29,598 [INFO] Starting hyperparameter search...
2025-04-13 16:12:31,763 [INFO] Epoch 1/5, Train Loss: 2.6017, Train Acc: 0.1200, Val Loss: 2.8613, Val Acc: 0.1200
2025-04-13 16:12:32,152 [INFO] Epoch 2/5, Train Loss: 2.5843, Train Acc: 0.1220, Val Loss: 2.8404, Val Acc: 0.1200
2025-04-13 16:12:32,535 [INFO] Epoch 3/5, Train Loss: 2.5680, Train Acc: 0.1240, Val Loss: 2.8212, Val Acc: 0.1200
2025-04-13 16:12:32,928 [INFO] Epoch 4/5, Train Loss: 2.5513, Train Acc: 0.1300, Val Loss: 2.8015, Val Acc: 0.1200
2025-04-13 16:12:33,324 [INFO] Epoch 5/5, Train Loss: 2.5360, Train Acc: 0.1320, Val Loss: 2.7837, Val Acc: 0.1600
2025-04-13 16:12:33,329 [INFO] 实验完成：lr=0.001, reg=0.0001, val_acc=0.1600
2025-04-13 16:12:33,691 [INFO] Epoch 1/5, Train Loss: 2.9734, Train Acc: 0.1080, Val Loss: 2.8482, Val Acc: 0.1200
2025-04-13 16:12:34,095 [INFO] Epoch 2/5, Train Loss: 2.9338, Train Acc: 0.1160, Val Loss: 2.8159, Val Acc: 0.1200
2025-04-13 16:12:34,502 [INFO] Epoch 3/5, Train Loss: 2.8985, Train Acc: 0.1180, Val Loss: 2.7885, Val Acc: 0.1400
2025-04-13 16:12:34,874 [INFO] Epoch 4/5, Train Loss: 2.8657, Train Acc: 0.1240, Val Loss: 2.7647, Val Acc: 0.1200
2025-04-13 16:12:35,243 [INFO] Epoch 5/5, Train Loss: 2.8365, Train Acc: 0.1260, Val Loss: 2.7433, Val Acc: 0.1200
2025-04-13 16:12:35,245 [INFO] 实验完成：lr=0.001, reg=0.001, val_acc=0.1400
2025-04-13 16:12:35,630 [INFO] Epoch 1/5, Train Loss: 3.5670, Train Acc: 0.1680, Val Loss: 3.6952, Val Acc: 0.0800
2025-04-13 16:12:36,003 [INFO] Epoch 2/5, Train Loss: 3.5536, Train Acc: 0.1700, Val Loss: 3.6838, Val Acc: 0.0800
2025-04-13 16:12:36,377 [INFO] Epoch 3/5, Train Loss: 3.5410, Train Acc: 0.1720, Val Loss: 3.6730, Val Acc: 0.0800
2025-04-13 16:12:36,745 [INFO] Epoch 4/5, Train Loss: 3.5297, Train Acc: 0.1780, Val Loss: 3.6630, Val Acc: 0.0800
2025-04-13 16:12:37,145 [INFO] Epoch 5/5, Train Loss: 3.5183, Train Acc: 0.1860, Val Loss: 3.6529, Val Acc: 0.0800
2025-04-13 16:12:37,146 [INFO] 实验完成：lr=0.001, reg=0.01, val_acc=0.0800
2025-04-13 16:12:37,545 [INFO] Epoch 1/5, Train Loss: 2.1102, Train Acc: 0.2760, Val Loss: 2.0349, Val Acc: 0.2400
2025-04-13 16:12:37,951 [INFO] Epoch 2/5, Train Loss: 1.9418, Train Acc: 0.3200, Val Loss: 1.9175, Val Acc: 0.3200
2025-04-13 16:12:38,379 [INFO] Epoch 3/5, Train Loss: 1.8897, Train Acc: 0.3520, Val Loss: 1.9025, Val Acc: 0.3400
2025-04-13 16:12:38,760 [INFO] Epoch 4/5, Train Loss: 1.8503, Train Acc: 0.3620, Val Loss: 1.8984, Val Acc: 0.3000
2025-04-13 16:12:39,135 [INFO] Epoch 5/5, Train Loss: 1.8160, Train Acc: 0.3700, Val Loss: 1.8809, Val Acc: 0.3000
2025-04-13 16:12:39,137 [INFO] 实验完成：lr=0.01, reg=0.0001, val_acc=0.3400
2025-04-13 16:12:39,523 [INFO] Epoch 1/5, Train Loss: 2.2314, Train Acc: 0.2440, Val Loss: 2.0203, Val Acc: 0.3800
2025-04-13 16:12:39,914 [INFO] Epoch 2/5, Train Loss: 2.0770, Train Acc: 0.2940, Val Loss: 1.9343, Val Acc: 0.4000
2025-04-13 16:12:40,274 [INFO] Epoch 3/5, Train Loss: 2.0206, Train Acc: 0.3120, Val Loss: 1.9117, Val Acc: 0.4200
2025-04-13 16:12:40,649 [INFO] Epoch 4/5, Train Loss: 1.9787, Train Acc: 0.3240, Val Loss: 1.9030, Val Acc: 0.4200
2025-04-13 16:12:41,077 [INFO] Epoch 5/5, Train Loss: 1.9417, Train Acc: 0.3340, Val Loss: 1.8760, Val Acc: 0.4000
2025-04-13 16:12:41,078 [INFO] 实验完成：lr=0.01, reg=0.001, val_acc=0.4200
2025-04-13 16:12:41,438 [INFO] Epoch 1/5, Train Loss: 3.2265, Train Acc: 0.2440, Val Loss: 3.4124, Val Acc: 0.1600
2025-04-13 16:12:41,834 [INFO] Epoch 2/5, Train Loss: 3.0872, Train Acc: 0.2700, Val Loss: 3.2188, Val Acc: 0.2200
2025-04-13 16:12:42,227 [INFO] Epoch 3/5, Train Loss: 3.0329, Train Acc: 0.2800, Val Loss: 3.1616, Val Acc: 0.2400
2025-04-13 16:12:42,616 [INFO] Epoch 4/5, Train Loss: 2.9873, Train Acc: 0.2860, Val Loss: 3.1211, Val Acc: 0.2400
2025-04-13 16:12:43,002 [INFO] Epoch 5/5, Train Loss: 2.9466, Train Acc: 0.2920, Val Loss: 3.0798, Val Acc: 0.2600
2025-04-13 16:12:43,005 [INFO] 实验完成：lr=0.01, reg=0.01, val_acc=0.2600
2025-04-13 16:12:43,370 [INFO] Epoch 1/5, Train Loss: 4.5639, Train Acc: 0.1620, Val Loss: 4.7107, Val Acc: 0.1200
2025-04-13 16:12:43,778 [INFO] Epoch 2/5, Train Loss: 2.0661, Train Acc: 0.2920, Val Loss: 2.3726, Val Acc: 0.1200
2025-04-13 16:12:44,168 [INFO] Epoch 3/5, Train Loss: 2.0533, Train Acc: 0.2720, Val Loss: 2.4061, Val Acc: 0.1800
2025-04-13 16:12:44,557 [INFO] Epoch 4/5, Train Loss: 2.0320, Train Acc: 0.3000, Val Loss: 2.3452, Val Acc: 0.1400
2025-04-13 16:12:44,926 [INFO] Epoch 5/5, Train Loss: 1.9586, Train Acc: 0.3080, Val Loss: 2.2327, Val Acc: 0.1600
2025-04-13 16:12:44,928 [INFO] 实验完成：lr=0.1, reg=0.0001, val_acc=0.1800
2025-04-13 16:12:45,287 [INFO] Epoch 1/5, Train Loss: 5.5476, Train Acc: 0.1800, Val Loss: 6.3919, Val Acc: 0.1400
2025-04-13 16:12:45,689 [INFO] Epoch 2/5, Train Loss: 2.2271, Train Acc: 0.2740, Val Loss: 2.5148, Val Acc: 0.2200
2025-04-13 16:12:46,043 [INFO] Epoch 3/5, Train Loss: 2.2253, Train Acc: 0.2560, Val Loss: 2.4838, Val Acc: 0.1800
2025-04-13 16:12:46,409 [INFO] Epoch 4/5, Train Loss: 2.1370, Train Acc: 0.3020, Val Loss: 2.4797, Val Acc: 0.1800
2025-04-13 16:12:46,768 [INFO] Epoch 5/5, Train Loss: 2.1425, Train Acc: 0.2700, Val Loss: 2.5390, Val Acc: 0.2200
2025-04-13 16:12:46,769 [INFO] 实验完成：lr=0.1, reg=0.001, val_acc=0.2200
2025-04-13 16:12:47,155 [INFO] Epoch 1/5, Train Loss: 6.0392, Train Acc: 0.1360, Val Loss: 6.5213, Val Acc: 0.0800
2025-04-13 16:12:47,544 [INFO] Epoch 2/5, Train Loss: 3.3754, Train Acc: 0.2560, Val Loss: 3.7153, Val Acc: 0.0600
2025-04-13 16:12:47,932 [INFO] Epoch 3/5, Train Loss: 3.2802, Train Acc: 0.2260, Val Loss: 3.6105, Val Acc: 0.1400
2025-04-13 16:12:48,295 [INFO] Epoch 4/5, Train Loss: 3.2158, Train Acc: 0.2400, Val Loss: 3.4792, Val Acc: 0.2000
2025-04-13 16:12:48,687 [INFO] Epoch 5/5, Train Loss: 3.1618, Train Acc: 0.3100, Val Loss: 3.5701, Val Acc: 0.2200
2025-04-13 16:12:48,690 [INFO] 实验完成：lr=0.1, reg=0.01, val_acc=0.2200
2025-04-13 16:12:48,986 [INFO] Epoch 1/5, Train Loss: 2.7445, Train Acc: 0.1220, Val Loss: 2.9376, Val Acc: 0.0800
2025-04-13 16:12:48,236 [INFO] Epoch 2/5, Train Loss: 2.7276, Train Acc: 0.1160, Val Loss: 2.9179, Val Acc: 0.0800
2025-04-13 16:12:48,547 [INFO] Epoch 3/5, Train Loss: 2.7120, Train Acc: 0.1180, Val Loss: 2.9007, Val Acc: 0.0800
2025-04-13 16:12:48,872 [INFO] Epoch 4/5, Train Loss: 2.6967, Train Acc: 0.1200, Val Loss: 2.8832, Val Acc: 0.0800
2025-04-13 16:12:49,183 [INFO] Epoch 5/5, Train Loss: 2.6826, Train Acc: 0.1200, Val Loss: 2.8671, Val Acc: 0.0600
2025-04-13 16:12:49,184 [INFO] 实验完成：conv1_filters=16, conv2_filters=16, val_acc=0.0800
2025-04-13 16:12:49,529 [INFO] Epoch 1/5, Train Loss: 2.6772, Train Acc: 0.1380, Val Loss: 2.6267, Val Acc: 0.1200
2025-04-13 16:12:49,872 [INFO] Epoch 2/5, Train Loss: 2.6588, Train Acc: 0.1380, Val Loss: 2.6053, Val Acc: 0.1200
2025-04-13 16:12:50,184 [INFO] Epoch 3/5, Train Loss: 2.6409, Train Acc: 0.1400, Val Loss: 2.5830, Val Acc: 0.1200
2025-04-13 16:12:50,474 [INFO] Epoch 4/5, Train Loss: 2.6245, Train Acc: 0.1380, Val Loss: 2.5638, Val Acc: 0.1200
2025-04-13 16:12:50,780 [INFO] Epoch 5/5, Train Loss: 2.6098, Train Acc: 0.1400, Val Loss: 2.5464, Val Acc: 0.1200
2025-04-13 16:12:50,780 [INFO] 实验完成：conv1_filters=16, conv2_filters=32, val_acc=0.1200
2025-04-13 16:12:51,096 [INFO] Epoch 1/5, Train Loss: 2.6273, Train Acc: 0.1500, Val Loss: 2.9446, Val Acc: 0.0400
2025-04-13 16:12:51,406 [INFO] Epoch 2/5, Train Loss: 2.6094, Train Acc: 0.1480, Val Loss: 2.9173, Val Acc: 0.0400
2025-04-13 16:12:51,713 [INFO] Epoch 3/5, Train Loss: 2.5919, Train Acc: 0.1460, Val Loss: 2.8896, Val Acc: 0.0400
2025-04-13 16:12:52,019 [INFO] Epoch 4/5, Train Loss: 2.5752, Train Acc: 0.1460, Val Loss: 2.8644, Val Acc: 0.0400
2025-04-13 16:12:52,342 [INFO] Epoch 5/5, Train Loss: 2.5597, Train Acc: 0.1480, Val Loss: 2.8403, Val Acc: 0.0400
2025-04-13 16:12:52,343 [INFO] 实验完成：conv1_filters=16, conv2_filters=64, val_acc=0.0400
2025-04-13 16:12:52,715 [INFO] Epoch 1/5, Train Loss: 2.8928, Train Acc: 0.0960, Val Loss: 2.6434, Val Acc: 0.1200
2025-04-13 16:12:53,101 [INFO] Epoch 2/5, Train Loss: 2.8731, Train Acc: 0.0960, Val Loss: 2.6225, Val Acc: 0.1200
2025-04-13 16:12:53,529 [INFO] Epoch 3/5, Train Loss: 2.8546, Train Acc: 0.0940, Val Loss: 2.6031, Val Acc: 0.1200
2025-04-13 16:12:53,919 [INFO] Epoch 4/5, Train Loss: 2.8364, Train Acc: 0.0960, Val Loss: 2.5836, Val Acc: 0.1200
2025-04-13 16:12:54,301 [INFO] Epoch 5/5, Train Loss: 2.8199, Train Acc: 0.0940, Val Loss: 2.5666, Val Acc: 0.1200
2025-04-13 16:12:54,302 [INFO] 实验完成：conv1_filters=32, conv2_filters=16, val_acc=0.1200
2025-04-13 16:12:54,679 [INFO] Epoch 1/5, Train Loss: 2.8446, Train Acc: 0.1160, Val Loss: 2.8498, Val Acc: 0.1000
2025-04-13 16:12:55,046 [INFO] Epoch 2/5, Train Loss: 2.8167, Train Acc: 0.1240, Val Loss: 2.8304, Val Acc: 0.1000
2025-04-13 16:12:55,402 [INFO] Epoch 3/5, Train Loss: 2.7906, Train Acc: 0.1260, Val Loss: 2.8129, Val Acc: 0.1000
2025-04-13 16:12:55,764 [INFO] Epoch 4/5, Train Loss: 2.7661, Train Acc: 0.1240, Val Loss: 2.7971, Val Acc: 0.1000
2025-04-13 16:12:56,137 [INFO] Epoch 5/5, Train Loss: 2.7436, Train Acc: 0.1240, Val Loss: 2.7834, Val Acc: 0.0800
2025-04-13 16:12:56,138 [INFO] 实验完成：conv1_filters=32, conv2_filters=32, val_acc=0.1000
2025-04-13 16:12:56,511 [INFO] Epoch 1/5, Train Loss: 2.5436, Train Acc: 0.1100, Val Loss: 2.6959, Val Acc: 0.1400
2025-04-13 16:12:56,897 [INFO] Epoch 2/5, Train Loss: 2.5287, Train Acc: 0.1120, Val Loss: 2.6847, Val Acc: 0.1400
2025-04-13 16:12:57,258 [INFO] Epoch 3/5, Train Loss: 2.5147, Train Acc: 0.1160, Val Loss: 2.6749, Val Acc: 0.1400
2025-04-13 16:12:57,657 [INFO] Epoch 4/5, Train Loss: 2.5013, Train Acc: 0.1160, Val Loss: 2.6644, Val Acc: 0.1400
2025-04-13 16:12:58,042 [INFO] Epoch 5/5, Train Loss: 2.4883, Train Acc: 0.1220, Val Loss: 2.6538, Val Acc: 0.1400
2025-04-13 16:12:58,043 [INFO] 实验完成：conv1_filters=32, conv2_filters=64, val_acc=0.1400
2025-04-13 16:12:58,577 [INFO] Epoch 1/5, Train Loss: 2.7653, Train Acc: 0.0960, Val Loss: 2.7357, Val Acc: 0.1400
2025-04-13 16:12:59,119 [INFO] Epoch 2/5, Train Loss: 2.7465, Train Acc: 0.1000, Val Loss: 2.7171, Val Acc: 0.1400
2025-04-13 16:12:59,634 [INFO] Epoch 3/5, Train Loss: 2.7281, Train Acc: 0.0980, Val Loss: 2.6989, Val Acc: 0.1400
2025-04-13 16:13:00,182 [INFO] Epoch 4/5, Train Loss: 2.7108, Train Acc: 0.1060, Val Loss: 2.6819, Val Acc: 0.1600
2025-04-13 16:13:00,703 [INFO] Epoch 5/5, Train Loss: 2.6948, Train Acc: 0.1060, Val Loss: 2.6672, Val Acc: 0.1600
2025-04-13 16:13:00,704 [INFO] 实验完成：conv1_filters=64, conv2_filters=16, val_acc=0.1600
2025-04-13 16:13:01,242 [INFO] Epoch 1/5, Train Loss: 2.8093, Train Acc: 0.1260, Val Loss: 2.7360, Val Acc: 0.1600
2025-04-13 16:13:01,754 [INFO] Epoch 2/5, Train Loss: 2.7857, Train Acc: 0.1300, Val Loss: 2.7152, Val Acc: 0.1600
2025-04-13 16:13:02,256 [INFO] Epoch 3/5, Train Loss: 2.7620, Train Acc: 0.1320, Val Loss: 2.6942, Val Acc: 0.1600
2025-04-13 16:13:02,770 [INFO] Epoch 4/5, Train Loss: 2.7404, Train Acc: 0.1320, Val Loss: 2.6761, Val Acc: 0.1600
2025-04-13 16:13:03,264 [INFO] Epoch 5/5, Train Loss: 2.7207, Train Acc: 0.1300, Val Loss: 2.6591, Val Acc: 0.1600
2025-04-13 16:13:03,265 [INFO] 实验完成：conv1_filters=64, conv2_filters=32, val_acc=0.1600
2025-04-13 16:13:03,847 [INFO] Epoch 1/5, Train Loss: 2.6627, Train Acc: 0.1300, Val Loss: 2.3590, Val Acc: 0.1400
2025-04-13 16:13:04,428 [INFO] Epoch 2/5, Train Loss: 2.6338, Train Acc: 0.1360, Val Loss: 2.3504, Val Acc: 0.1200
2025-04-13 16:13:05,002 [INFO] Epoch 3/5, Train Loss: 2.6072, Train Acc: 0.1400, Val Loss: 2.3432, Val Acc: 0.1400
2025-04-13 16:13:05,589 [INFO] Epoch 4/5, Train Loss: 2.5822, Train Acc: 0.1500, Val Loss: 2.3368, Val Acc: 0.1400
2025-04-13 16:13:06,170 [INFO] Epoch 5/5, Train Loss: 2.5595, Train Acc: 0.1500, Val Loss: 2.3315, Val Acc: 0.1400
2025-04-13 16:13:06,171 [INFO] 实验完成：conv1_filters=64, conv2_filters=64, val_acc=0.1400
2025-04-13 16:13:06,682 [INFO] Epoch 1/20, Train Loss: 2.7279, Train Acc: 0.1000, Val Loss: 2.8418, Val Acc: 0.1400
2025-04-13 16:13:07,207 [INFO] Epoch 2/20, Train Loss: 2.7078, Train Acc: 0.1020, Val Loss: 2.8231, Val Acc: 0.1600
2025-04-13 16:13:07,728 [INFO] Epoch 3/20, Train Loss: 2.6889, Train Acc: 0.1000, Val Loss: 2.8052, Val Acc: 0.1400
2025-04-13 16:13:08,245 [INFO] Epoch 4/20, Train Loss: 2.6704, Train Acc: 0.1000, Val Loss: 2.7879, Val Acc: 0.1200
2025-04-13 16:13:08,752 [INFO] Epoch 5/20, Train Loss: 2.6539, Train Acc: 0.1060, Val Loss: 2.7723, Val Acc: 0.1200
2025-04-13 16:13:09,276 [INFO] Epoch 6/20, Train Loss: 2.6369, Train Acc: 0.1040, Val Loss: 2.7566, Val Acc: 0.1200
2025-04-13 16:13:09,796 [INFO] Epoch 7/20, Train Loss: 2.6353, Train Acc: 0.1040, Val Loss: 2.7550, Val Acc: 0.1200
2025-04-13 16:13:10,311 [INFO] Epoch 8/20, Train Loss: 2.6337, Train Acc: 0.1040, Val Loss: 2.7534, Val Acc: 0.1200
2025-04-13 16:13:10,824 [INFO] Epoch 9/20, Train Loss: 2.6321, Train Acc: 0.1040, Val Loss: 2.7520, Val Acc: 0.1200
2025-04-13 16:13:11,368 [INFO] Epoch 10/20, Train Loss: 2.6306, Train Acc: 0.1040, Val Loss: 2.7505, Val Acc: 0.1000
2025-04-13 16:13:11,896 [INFO] Epoch 11/20, Train Loss: 2.6290, Train Acc: 0.1040, Val Loss: 2.7490, Val Acc: 0.1000
2025-04-13 16:13:12,421 [INFO] Epoch 12/20, Train Loss: 2.6288, Train Acc: 0.1040, Val Loss: 2.7488, Val Acc: 0.1000
2025-04-13 16:13:12,940 [INFO] Epoch 13/20, Train Loss: 2.6287, Train Acc: 0.1040, Val Loss: 2.7487, Val Acc: 0.1000
2025-04-13 16:13:13,449 [INFO] Epoch 14/20, Train Loss: 2.6285, Train Acc: 0.1040, Val Loss: 2.7485, Val Acc: 0.1000
2025-04-13 16:13:13,956 [INFO] Epoch 15/20, Train Loss: 2.6284, Train Acc: 0.1040, Val Loss: 2.7484, Val Acc: 0.1000
2025-04-13 16:13:14,459 [INFO] Epoch 16/20, Train Loss: 2.6282, Train Acc: 0.1040, Val Loss: 2.7482, Val Acc: 0.1000
2025-04-13 16:13:14,972 [INFO] Epoch 17/20, Train Loss: 2.6282, Train Acc: 0.1040, Val Loss: 2.7482, Val Acc: 0.1000
