2025-04-09 02:55:09,021 [INFO] Starting CIFAR-10 training...
2025-04-09 02:55:10,946 [INFO] Starting hyperparameter search...
2025-04-09 02:55:10,946 [INFO] 
 Hyperparameters: lr=0.1, reg=0.1
2025-04-09 02:55:13,148 [INFO] Epoch 1/2, Train Loss: 10.5319, Train Acc: 0.1290, Val Loss: 10.4105, Val Acc: 0.1520
2025-04-09 02:55:13,952 [INFO] Epoch 2/2, Train Loss: 7.8488, Train Acc: 0.1410, Val Loss: 8.1052, Val Acc: 0.1180
2025-04-09 02:55:13,964 [INFO] 
 Hyperparameters: lr=0.1, reg=0.01
2025-04-09 02:55:14,825 [INFO] Epoch 1/2, Train Loss: 4.8305, Train Acc: 0.1010, Val Loss: 5.1145, Val Acc: 0.0860
2025-04-09 02:55:15,819 [INFO] Epoch 2/2, Train Loss: 4.7221, Train Acc: 0.1380, Val Loss: 4.6354, Val Acc: 0.1180
2025-04-09 02:55:15,823 [INFO] 
 Hyperparameters: lr=0.1, reg=0.001
2025-04-09 02:55:16,811 [INFO] Epoch 1/2, Train Loss: 4.5451, Train Acc: 0.1300, Val Loss: 4.5629, Val Acc: 0.1480
2025-04-09 02:55:17,691 [INFO] Epoch 2/2, Train Loss: 3.2923, Train Acc: 0.1910, Val Loss: 3.2686, Val Acc: 0.1600
2025-04-09 02:55:17,695 [INFO] 
 Hyperparameters: lr=0.01, reg=0.1
2025-04-09 02:55:18,606 [INFO] Epoch 1/2, Train Loss: 9.1799, Train Acc: 0.3000, Val Loss: 9.2928, Val Acc: 0.2160
2025-04-09 02:55:19,578 [INFO] Epoch 2/2, Train Loss: 8.5553, Train Acc: 0.3630, Val Loss: 8.7936, Val Acc: 0.2540
2025-04-09 02:55:19,583 [INFO] 
 Hyperparameters: lr=0.01, reg=0.01
2025-04-09 02:55:20,483 [INFO] Epoch 1/2, Train Loss: 2.7731, Train Acc: 0.2790, Val Loss: 2.9690, Val Acc: 0.2180
2025-04-09 02:55:21,377 [INFO] Epoch 2/2, Train Loss: 2.5340, Train Acc: 0.3620, Val Loss: 2.8418, Val Acc: 0.2400
2025-04-09 02:55:21,383 [INFO] 
 Hyperparameters: lr=0.01, reg=0.001
2025-04-09 02:55:22,248 [INFO] Epoch 1/2, Train Loss: 2.1755, Train Acc: 0.2510, Val Loss: 2.3878, Val Acc: 0.2080
2025-04-09 02:55:23,077 [INFO] Epoch 2/2, Train Loss: 1.9551, Train Acc: 0.3240, Val Loss: 2.2391, Val Acc: 0.2260
2025-04-09 02:55:23,080 [INFO] 
 Hyperparameters: lr=0.001, reg=0.1
2025-04-09 02:55:23,950 [INFO] Epoch 1/2, Train Loss: 9.9444, Train Acc: 0.0870, Val Loss: 9.9153, Val Acc: 0.1040
2025-04-09 02:55:24,876 [INFO] Epoch 2/2, Train Loss: 9.7228, Train Acc: 0.1150, Val Loss: 9.7301, Val Acc: 0.1420
2025-04-09 02:55:24,880 [INFO] 
 Hyperparameters: lr=0.001, reg=0.01
2025-04-09 02:55:25,804 [INFO] Epoch 1/2, Train Loss: 3.4567, Train Acc: 0.1060, Val Loss: 3.5298, Val Acc: 0.0740
2025-04-09 02:55:26,704 [INFO] Epoch 2/2, Train Loss: 3.2766, Train Acc: 0.1370, Val Loss: 3.3719, Val Acc: 0.1080
2025-04-09 02:55:26,709 [INFO] 
 Hyperparameters: lr=0.001, reg=0.001
2025-04-09 02:55:27,625 [INFO] Epoch 1/2, Train Loss: 2.7817, Train Acc: 0.1110, Val Loss: 2.7729, Val Acc: 0.1320
2025-04-09 02:55:28,566 [INFO] Epoch 2/2, Train Loss: 2.6060, Train Acc: 0.1410, Val Loss: 2.6381, Val Acc: 0.1340
2025-04-09 02:55:29,517 [INFO] Epoch 1/20, Train Loss: 9.1077, Train Acc: 0.2690, Val Loss: 9.2839, Val Acc: 0.1920
2025-04-09 02:55:30,365 [INFO] Epoch 2/20, Train Loss: 8.3678, Train Acc: 0.3570, Val Loss: 8.6747, Val Acc: 0.2360
2025-04-09 02:55:31,252 [INFO] Epoch 3/20, Train Loss: 7.8908, Train Acc: 0.4230, Val Loss: 8.2506, Val Acc: 0.2820
2025-04-09 02:55:32,143 [INFO] Epoch 4/20, Train Loss: 7.4807, Train Acc: 0.4530, Val Loss: 7.9027, Val Acc: 0.2900
2025-04-09 02:55:33,006 [INFO] Epoch 5/20, Train Loss: 7.1571, Train Acc: 0.4730, Val Loss: 7.5911, Val Acc: 0.2980
2025-04-09 02:55:34,019 [INFO] Epoch 6/20, Train Loss: 6.8748, Train Acc: 0.4690, Val Loss: 7.3410, Val Acc: 0.2740
2025-04-09 02:55:35,019 [INFO] Epoch 7/20, Train Loss: 6.5290, Train Acc: 0.5440, Val Loss: 7.0053, Val Acc: 0.3100
2025-04-09 02:55:35,874 [INFO] Epoch 8/20, Train Loss: 6.2967, Train Acc: 0.5430, Val Loss: 6.7875, Val Acc: 0.3320
2025-04-09 02:55:36,768 [INFO] Epoch 9/20, Train Loss: 6.0708, Train Acc: 0.5760, Val Loss: 6.5729, Val Acc: 0.3480
2025-04-09 02:55:37,822 [INFO] Epoch 10/20, Train Loss: 5.8577, Train Acc: 0.5910, Val Loss: 6.3903, Val Acc: 0.3600
2025-04-09 02:55:38,732 [INFO] Epoch 11/20, Train Loss: 5.7106, Train Acc: 0.6020, Val Loss: 6.2542, Val Acc: 0.3580
2025-04-09 02:55:39,664 [INFO] Epoch 12/20, Train Loss: 5.5616, Train Acc: 0.6030, Val Loss: 6.1273, Val Acc: 0.3400
2025-04-09 02:55:39,177 [INFO] Epoch 13/20, Train Loss: 5.3917, Train Acc: 0.6310, Val Loss: 5.9597, Val Acc: 0.3720
2025-04-09 02:55:40,150 [INFO] Epoch 14/20, Train Loss: 5.2617, Train Acc: 0.6390, Val Loss: 5.8320, Val Acc: 0.3780
2025-04-09 02:55:41,071 [INFO] Epoch 15/20, Train Loss: 5.1554, Train Acc: 0.6320, Val Loss: 5.7262, Val Acc: 0.3960
2025-04-09 02:55:42,046 [INFO] Epoch 16/20, Train Loss: 5.0485, Train Acc: 0.6340, Val Loss: 5.6295, Val Acc: 0.3800
2025-04-09 02:55:42,958 [INFO] Epoch 17/20, Train Loss: 4.9539, Train Acc: 0.6360, Val Loss: 5.5549, Val Acc: 0.3680
2025-04-09 02:55:43,946 [INFO] Epoch 18/20, Train Loss: 4.8682, Train Acc: 0.6570, Val Loss: 5.4480, Val Acc: 0.4020
2025-04-09 02:55:44,901 [INFO] Epoch 19/20, Train Loss: 4.7779, Train Acc: 0.6650, Val Loss: 5.3926, Val Acc: 0.3940
2025-04-09 02:55:45,762 [INFO] Epoch 20/20, Train Loss: 4.7219, Train Acc: 0.6550, Val Loss: 5.3472, Val Acc: 0.3680
2025-04-09 02:55:47,154 [INFO] Test Accuracy: 0.3869
2025-04-09 02:55:47,154 [INFO] Training completed.
