2025-04-12 02:55:50,988 [INFO] Starting CIFAR-10 training...
2025-04-12 02:55:52,451 [INFO] Starting hyperparameter search...
2025-04-12 02:55:52,452 [INFO] 
 Hyperparameters: lr=0.1, reg=0.1
2025-04-12 02:55:54,664 [INFO] Epoch 1/5, Train Loss: 8.3327, Train Acc: 0.1150, Val Loss: 8.5088, Val Acc: 0.1060
2025-04-12 02:55:55,465 [INFO] Epoch 2/5, Train Loss: 7.3513, Train Acc: 0.1550, Val Loss: 7.5106, Val Acc: 0.1260
2025-04-12 02:55:56,285 [INFO] Epoch 3/5, Train Loss: 6.9010, Train Acc: 0.1600, Val Loss: 7.1586, Val Acc: 0.1380
2025-04-12 02:55:57,036 [INFO] Epoch 4/5, Train Loss: 6.1434, Train Acc: 0.1610, Val Loss: 6.3899, Val Acc: 0.1040
2025-04-12 02:55:57,850 [INFO] Epoch 5/5, Train Loss: 5.5373, Train Acc: 0.1750, Val Loss: 5.7732, Val Acc: 0.1500
2025-04-12 02:55:57,856 [INFO] 
 Hyperparameters: lr=0.1, reg=0.01
2025-04-12 02:55:58,648 [INFO] Epoch 1/5, Train Loss: 6.3002, Train Acc: 0.1290, Val Loss: 6.4342, Val Acc: 0.1180
2025-04-12 02:55:59,375 [INFO] Epoch 2/5, Train Loss: 4.7707, Train Acc: 0.1180, Val Loss: 5.0239, Val Acc: 0.1460
2025-04-12 02:56:00,087 [INFO] Epoch 3/5, Train Loss: 4.2339, Train Acc: 0.1770, Val Loss: 4.2065, Val Acc: 0.1800
2025-04-12 02:56:00,816 [INFO] Epoch 4/5, Train Loss: 4.3754, Train Acc: 0.1810, Val Loss: 4.4743, Val Acc: 0.1620
2025-04-12 02:56:01,485 [INFO] Epoch 5/5, Train Loss: 4.3262, Train Acc: 0.1700, Val Loss: 4.4746, Val Acc: 0.1620
2025-04-12 02:56:01,487 [INFO] 
 Hyperparameters: lr=0.1, reg=0.001
2025-04-12 02:56:02,165 [INFO] Epoch 1/5, Train Loss: 3.9719, Train Acc: 0.1610, Val Loss: 4.1919, Val Acc: 0.1520
2025-04-12 02:56:02,856 [INFO] Epoch 2/5, Train Loss: 3.0282, Train Acc: 0.1880, Val Loss: 3.1823, Val Acc: 0.1600
2025-04-12 02:56:03,560 [INFO] Epoch 3/5, Train Loss: 4.0528, Train Acc: 0.1630, Val Loss: 4.2437, Val Acc: 0.1580
2025-04-12 02:56:04,242 [INFO] Epoch 4/5, Train Loss: 5.1933, Train Acc: 0.1380, Val Loss: 5.1979, Val Acc: 0.1440
2025-04-12 02:56:04,901 [INFO] Epoch 5/5, Train Loss: 3.1400, Train Acc: 0.2220, Val Loss: 3.4686, Val Acc: 0.1680
2025-04-12 02:56:04,904 [INFO] 
 Hyperparameters: lr=0.01, reg=0.1
2025-04-12 02:56:05,579 [INFO] Epoch 1/5, Train Loss: 8.9684, Train Acc: 0.2520, Val Loss: 9.1512, Val Acc: 0.2120
2025-04-12 02:56:06,264 [INFO] Epoch 2/5, Train Loss: 8.4477, Train Acc: 0.3080, Val Loss: 8.7766, Val Acc: 0.2180
2025-04-12 02:56:06,953 [INFO] Epoch 3/5, Train Loss: 7.8556, Train Acc: 0.3920, Val Loss: 8.1750, Val Acc: 0.2860
2025-04-12 02:56:07,658 [INFO] Epoch 4/5, Train Loss: 7.4148, Train Acc: 0.4410, Val Loss: 7.7849, Val Acc: 0.3080
2025-04-12 02:56:08,340 [INFO] Epoch 5/5, Train Loss: 7.1318, Train Acc: 0.4520, Val Loss: 7.5547, Val Acc: 0.3120
2025-04-12 02:56:08,343 [INFO] 
 Hyperparameters: lr=0.01, reg=0.01
2025-04-12 02:56:09,004 [INFO] Epoch 1/5, Train Loss: 2.7620, Train Acc: 0.2870, Val Loss: 2.9906, Val Acc: 0.1980
2025-04-12 02:56:09,693 [INFO] Epoch 2/5, Train Loss: 2.5243, Train Acc: 0.3460, Val Loss: 2.8470, Val Acc: 0.2520
2025-04-12 02:56:10,380 [INFO] Epoch 3/5, Train Loss: 2.3980, Train Acc: 0.4170, Val Loss: 2.7949, Val Acc: 0.2540
2025-04-12 02:56:11,047 [INFO] Epoch 4/5, Train Loss: 2.3201, Train Acc: 0.4430, Val Loss: 2.7984, Val Acc: 0.2960
2025-04-12 02:56:11,765 [INFO] Epoch 5/5, Train Loss: 2.2039, Train Acc: 0.4730, Val Loss: 2.7298, Val Acc: 0.2880
2025-04-12 02:56:11,768 [INFO] 
 Hyperparameters: lr=0.01, reg=0.001
2025-04-12 02:56:12,424 [INFO] Epoch 1/5, Train Loss: 2.2541, Train Acc: 0.2440, Val Loss: 2.4029, Val Acc: 0.2120
2025-04-12 02:56:13,078 [INFO] Epoch 2/5, Train Loss: 1.9911, Train Acc: 0.3100, Val Loss: 2.2055, Val Acc: 0.2360
2025-04-12 02:56:13,762 [INFO] Epoch 3/5, Train Loss: 1.8094, Train Acc: 0.3910, Val Loss: 2.0977, Val Acc: 0.2920
2025-04-12 02:56:14,486 [INFO] Epoch 4/5, Train Loss: 1.7375, Train Acc: 0.4080, Val Loss: 2.1144, Val Acc: 0.2620
2025-04-12 02:56:15,216 [INFO] Epoch 5/5, Train Loss: 1.6737, Train Acc: 0.4460, Val Loss: 2.0860, Val Acc: 0.2680
2025-04-12 02:56:15,218 [INFO] 
 Hyperparameters: lr=0.001, reg=0.1
2025-04-12 02:56:15,937 [INFO] Epoch 1/5, Train Loss: 9.9213, Train Acc: 0.1120, Val Loss: 9.9501, Val Acc: 0.1320
2025-04-12 02:56:16,634 [INFO] Epoch 2/5, Train Loss: 9.7457, Train Acc: 0.1300, Val Loss: 9.7910, Val Acc: 0.1600
2025-04-12 02:56:17,353 [INFO] Epoch 3/5, Train Loss: 9.6014, Train Acc: 0.1540, Val Loss: 9.6663, Val Acc: 0.1640
2025-04-12 02:56:18,044 [INFO] Epoch 4/5, Train Loss: 9.4788, Train Acc: 0.1780, Val Loss: 9.5602, Val Acc: 0.1740
2025-04-12 02:56:18,754 [INFO] Epoch 5/5, Train Loss: 9.3761, Train Acc: 0.1900, Val Loss: 9.4732, Val Acc: 0.1840
2025-04-12 02:56:18,757 [INFO] 
 Hyperparameters: lr=0.001, reg=0.01
2025-04-12 02:56:19,461 [INFO] Epoch 1/5, Train Loss: 3.4464, Train Acc: 0.1390, Val Loss: 3.4257, Val Acc: 0.1240
2025-04-12 02:56:20,139 [INFO] Epoch 2/5, Train Loss: 3.2662, Train Acc: 0.1580, Val Loss: 3.2827, Val Acc: 0.1460
2025-04-12 02:56:20,829 [INFO] Epoch 3/5, Train Loss: 3.1657, Train Acc: 0.1660, Val Loss: 3.2130, Val Acc: 0.1400
2025-04-12 02:56:21,511 [INFO] Epoch 4/5, Train Loss: 3.0902, Train Acc: 0.1790, Val Loss: 3.1591, Val Acc: 0.1480
2025-04-12 02:56:21,253 [INFO] Epoch 5/5, Train Loss: 3.0275, Train Acc: 0.1980, Val Loss: 3.1141, Val Acc: 0.1660
2025-04-12 02:56:21,256 [INFO] 
 Hyperparameters: lr=0.001, reg=0.001
2025-04-12 02:56:21,938 [INFO] Epoch 1/5, Train Loss: 2.8200, Train Acc: 0.1070, Val Loss: 2.9341, Val Acc: 0.0900
2025-04-12 02:56:22,623 [INFO] Epoch 2/5, Train Loss: 2.6228, Train Acc: 0.1350, Val Loss: 2.7439, Val Acc: 0.0980
2025-04-12 02:56:23,361 [INFO] Epoch 3/5, Train Loss: 2.5213, Train Acc: 0.1480, Val Loss: 2.6554, Val Acc: 0.1080
2025-04-12 02:56:24,066 [INFO] Epoch 4/5, Train Loss: 2.4405, Train Acc: 0.1690, Val Loss: 2.5913, Val Acc: 0.1220
2025-04-12 02:56:24,858 [INFO] Epoch 5/5, Train Loss: 2.3768, Train Acc: 0.1900, Val Loss: 2.5416, Val Acc: 0.1360
