2025-04-12 04:13:03,406 [INFO] Starting CIFAR-10 training...
2025-04-12 04:13:07,979 [INFO] Starting hyperparameter search...
2025-04-12 04:13:07,979 [INFO] 
 Hyperparameters: lr=0.1, reg=0.1
2025-04-12 04:13:15,049 [INFO] Epoch 1/5, Train Loss: 8.9984, Train Acc: 0.1310, Val Loss: 9.2362, Val Acc: 0.1200
2025-04-12 04:13:16,759 [INFO] Epoch 2/5, Train Loss: 6.8505, Train Acc: 0.1680, Val Loss: 6.9154, Val Acc: 0.1720
2025-04-12 04:13:17,952 [INFO] Epoch 3/5, Train Loss: 7.8267, Train Acc: 0.1320, Val Loss: 8.0660, Val Acc: 0.1360
2025-04-12 04:13:19,178 [INFO] Epoch 4/5, Train Loss: 6.0241, Train Acc: 0.1460, Val Loss: 6.0484, Val Acc: 0.1500
2025-04-12 04:13:20,289 [INFO] Epoch 5/5, Train Loss: 6.3144, Train Acc: 0.1720, Val Loss: 6.5619, Val Acc: 0.1720
2025-04-12 04:13:20,325 [INFO] 
 Hyperparameters: lr=0.1, reg=0.01
2025-04-12 04:13:21,451 [INFO] Epoch 1/5, Train Loss: 4.9466, Train Acc: 0.1390, Val Loss: 4.9974, Val Acc: 0.1580
2025-04-12 04:13:22,614 [INFO] Epoch 2/5, Train Loss: 5.6304, Train Acc: 0.1420, Val Loss: 5.9525, Val Acc: 0.1120
2025-04-12 04:13:23,740 [INFO] Epoch 3/5, Train Loss: 4.7815, Train Acc: 0.1590, Val Loss: 5.0302, Val Acc: 0.1240
2025-04-12 04:13:24,899 [INFO] Epoch 4/5, Train Loss: 4.6022, Train Acc: 0.1730, Val Loss: 4.6785, Val Acc: 0.1660
2025-04-12 04:13:26,123 [INFO] Epoch 5/5, Train Loss: 4.7767, Train Acc: 0.1860, Val Loss: 4.9360, Val Acc: 0.1600
2025-04-12 04:13:26,126 [INFO] 
 Hyperparameters: lr=0.1, reg=0.001
2025-04-12 04:13:27,407 [INFO] Epoch 1/5, Train Loss: 4.2979, Train Acc: 0.1700, Val Loss: 4.4650, Val Acc: 0.1700
2025-04-12 04:13:28,570 [INFO] Epoch 2/5, Train Loss: 3.1463, Train Acc: 0.1470, Val Loss: 3.3752, Val Acc: 0.1340
2025-04-12 04:13:29,715 [INFO] Epoch 3/5, Train Loss: 3.9261, Train Acc: 0.1340, Val Loss: 4.0430, Val Acc: 0.1400
2025-04-12 04:13:30,768 [INFO] Epoch 4/5, Train Loss: 3.7569, Train Acc: 0.1410, Val Loss: 3.8403, Val Acc: 0.1620
2025-04-12 04:13:31,862 [INFO] Epoch 5/5, Train Loss: 3.9067, Train Acc: 0.1550, Val Loss: 4.0803, Val Acc: 0.1300
2025-04-12 04:13:31,865 [INFO] 
 Hyperparameters: lr=0.01, reg=0.1
2025-04-12 04:13:32,998 [INFO] Epoch 1/5, Train Loss: 8.8700, Train Acc: 0.2600, Val Loss: 8.9918, Val Acc: 0.2160
2025-04-12 04:13:34,102 [INFO] Epoch 2/5, Train Loss: 8.2228, Train Acc: 0.3520, Val Loss: 8.4761, Val Acc: 0.2380
2025-04-12 04:13:35,244 [INFO] Epoch 3/5, Train Loss: 7.7186, Train Acc: 0.4140, Val Loss: 8.0598, Val Acc: 0.2720
2025-04-12 04:13:36,392 [INFO] Epoch 4/5, Train Loss: 7.3301, Train Acc: 0.4460, Val Loss: 7.6978, Val Acc: 0.2740
2025-04-12 04:13:37,477 [INFO] Epoch 5/5, Train Loss: 6.9554, Train Acc: 0.5000, Val Loss: 7.3813, Val Acc: 0.3140
2025-04-12 04:13:37,482 [INFO] 
 Hyperparameters: lr=0.01, reg=0.01
2025-04-12 04:13:38,611 [INFO] Epoch 1/5, Train Loss: 2.9489, Train Acc: 0.2340, Val Loss: 3.0020, Val Acc: 0.2220
2025-04-12 04:13:39,825 [INFO] Epoch 2/5, Train Loss: 2.6223, Train Acc: 0.3440, Val Loss: 2.8090, Val Acc: 0.2740
2025-04-12 04:13:41,141 [INFO] Epoch 3/5, Train Loss: 2.4272, Train Acc: 0.4220, Val Loss: 2.7093, Val Acc: 0.2860
2025-04-12 04:13:42,453 [INFO] Epoch 4/5, Train Loss: 2.3446, Train Acc: 0.4370, Val Loss: 2.6820, Val Acc: 0.2920
2025-04-12 04:13:43,759 [INFO] Epoch 5/5, Train Loss: 2.2338, Train Acc: 0.4770, Val Loss: 2.6212, Val Acc: 0.2940
2025-04-12 04:13:43,768 [INFO] 
 Hyperparameters: lr=0.01, reg=0.001
2025-04-12 04:13:45,068 [INFO] Epoch 1/5, Train Loss: 2.1360, Train Acc: 0.2620, Val Loss: 2.3547, Val Acc: 0.2040
2025-04-12 04:13:46,370 [INFO] Epoch 2/5, Train Loss: 1.9073, Train Acc: 0.3740, Val Loss: 2.1763, Val Acc: 0.2520
2025-04-12 04:13:48,021 [INFO] Epoch 3/5, Train Loss: 1.7603, Train Acc: 0.4020, Val Loss: 2.1140, Val Acc: 0.2820
2025-04-12 04:13:49,909 [INFO] Epoch 4/5, Train Loss: 1.6598, Train Acc: 0.4380, Val Loss: 2.0611, Val Acc: 0.3060
2025-04-12 04:13:51,199 [INFO] Epoch 5/5, Train Loss: 1.5527, Train Acc: 0.4950, Val Loss: 1.9951, Val Acc: 0.3100
2025-04-12 04:13:51,207 [INFO] 
 Hyperparameters: lr=0.001, reg=0.1
2025-04-12 04:13:52,516 [INFO] Epoch 1/5, Train Loss: 9.5806, Train Acc: 0.1090, Val Loss: 9.5423, Val Acc: 0.1240
2025-04-12 04:13:53,909 [INFO] Epoch 2/5, Train Loss: 9.3870, Train Acc: 0.1430, Val Loss: 9.3799, Val Acc: 0.1500
2025-04-12 04:13:55,364 [INFO] Epoch 3/5, Train Loss: 9.2472, Train Acc: 0.1680, Val Loss: 9.2685, Val Acc: 0.1520
2025-04-12 04:13:56,799 [INFO] Epoch 4/5, Train Loss: 9.1333, Train Acc: 0.1820, Val Loss: 9.1716, Val Acc: 0.1660
2025-04-12 04:13:58,444 [INFO] Epoch 5/5, Train Loss: 9.0400, Train Acc: 0.2060, Val Loss: 9.0943, Val Acc: 0.1860
2025-04-12 04:13:58,449 [INFO] 
 Hyperparameters: lr=0.001, reg=0.01
2025-04-12 04:14:00,661 [INFO] Epoch 1/5, Train Loss: 3.3706, Train Acc: 0.1340, Val Loss: 3.3033, Val Acc: 0.1300
2025-04-12 04:14:02,027 [INFO] Epoch 2/5, Train Loss: 3.2397, Train Acc: 0.1430, Val Loss: 3.1889, Val Acc: 0.1560
2025-04-12 04:14:03,389 [INFO] Epoch 3/5, Train Loss: 3.1515, Train Acc: 0.1560, Val Loss: 3.1204, Val Acc: 0.1720
2025-04-12 04:14:04,892 [INFO] Epoch 4/5, Train Loss: 3.0787, Train Acc: 0.1740, Val Loss: 3.0652, Val Acc: 0.1880
2025-04-12 04:14:06,430 [INFO] Epoch 5/5, Train Loss: 3.0168, Train Acc: 0.1900, Val Loss: 3.0230, Val Acc: 0.2060
2025-04-12 04:14:06,435 [INFO] 
 Hyperparameters: lr=0.001, reg=0.001
2025-04-12 04:14:07,847 [INFO] Epoch 1/5, Train Loss: 2.8156, Train Acc: 0.0840, Val Loss: 2.7940, Val Acc: 0.1040
2025-04-12 04:14:09,262 [INFO] Epoch 2/5, Train Loss: 2.6524, Train Acc: 0.1060, Val Loss: 2.6575, Val Acc: 0.1340
2025-04-12 04:14:10,709 [INFO] Epoch 3/5, Train Loss: 2.5518, Train Acc: 0.1240, Val Loss: 2.5867, Val Acc: 0.1360
2025-04-12 04:14:12,155 [INFO] Epoch 4/5, Train Loss: 2.4721, Train Acc: 0.1430, Val Loss: 2.5295, Val Acc: 0.1420
2025-04-12 04:14:13,581 [INFO] Epoch 5/5, Train Loss: 2.4071, Train Acc: 0.1600, Val Loss: 2.4839, Val Acc: 0.1540
2025-04-12 04:14:15,167 [INFO] Epoch 1/20, Train Loss: 9.2654, Train Acc: 0.2470, Val Loss: 9.4602, Val Acc: 0.2180
2025-04-12 04:14:16,706 [INFO] Epoch 2/20, Train Loss: 8.5919, Train Acc: 0.3460, Val Loss: 8.8592, Val Acc: 0.2440
2025-04-12 04:14:18,267 [INFO] Epoch 3/20, Train Loss: 8.0593, Train Acc: 0.4530, Val Loss: 8.4311, Val Acc: 0.2960
2025-04-12 04:14:19,874 [INFO] Epoch 4/20, Train Loss: 7.6253, Train Acc: 0.4970, Val Loss: 8.0254, Val Acc: 0.3300
2025-04-12 04:14:21,438 [INFO] Epoch 5/20, Train Loss: 7.3083, Train Acc: 0.4900, Val Loss: 7.7651, Val Acc: 0.3080
2025-04-12 04:14:23,625 [INFO] Epoch 6/20, Train Loss: 6.9536, Train Acc: 0.5480, Val Loss: 7.4405, Val Acc: 0.3400
2025-04-12 04:14:25,219 [INFO] Epoch 7/20, Train Loss: 6.6878, Train Acc: 0.5640, Val Loss: 7.2049, Val Acc: 0.3800
2025-04-12 04:14:26,799 [INFO] Epoch 8/20, Train Loss: 6.4422, Train Acc: 0.5840, Val Loss: 7.0023, Val Acc: 0.3560
2025-04-12 04:14:28,326 [INFO] Epoch 9/20, Train Loss: 6.2027, Train Acc: 0.6230, Val Loss: 6.7512, Val Acc: 0.3600
2025-04-12 04:14:29,916 [INFO] Epoch 10/20, Train Loss: 5.9949, Train Acc: 0.6310, Val Loss: 6.6031, Val Acc: 0.3760
2025-04-12 04:14:31,477 [INFO] Epoch 11/20, Train Loss: 5.8450, Train Acc: 0.6100, Val Loss: 6.4445, Val Acc: 0.3740
2025-04-12 04:14:33,032 [INFO] Epoch 12/20, Train Loss: 5.6687, Train Acc: 0.6620, Val Loss: 6.2979, Val Acc: 0.3780
2025-04-12 04:14:34,513 [INFO] Epoch 13/20, Train Loss: 5.5229, Train Acc: 0.6480, Val Loss: 6.1640, Val Acc: 0.3800
2025-04-12 04:14:36,098 [INFO] Epoch 14/20, Train Loss: 5.3805, Train Acc: 0.6720, Val Loss: 6.0434, Val Acc: 0.3660
2025-04-12 04:14:37,753 [INFO] Epoch 15/20, Train Loss: 5.2672, Train Acc: 0.6920, Val Loss: 5.9407, Val Acc: 0.3660
2025-04-12 04:14:39,469 [INFO] Epoch 16/20, Train Loss: 5.1537, Train Acc: 0.6720, Val Loss: 5.8444, Val Acc: 0.3880
2025-04-12 04:14:41,058 [INFO] Epoch 17/20, Train Loss: 5.0563, Train Acc: 0.6820, Val Loss: 5.7416, Val Acc: 0.3840
2025-04-12 04:14:42,647 [INFO] Epoch 18/20, Train Loss: 4.9510, Train Acc: 0.7160, Val Loss: 5.6435, Val Acc: 0.3900
2025-04-12 04:14:44,199 [INFO] Epoch 19/20, Train Loss: 4.8831, Train Acc: 0.6970, Val Loss: 5.5829, Val Acc: 0.3840
2025-04-12 04:14:45,682 [INFO] Epoch 20/20, Train Loss: 4.8024, Train Acc: 0.7160, Val Loss: 5.5092, Val Acc: 0.3840
2025-04-12 04:14:47,480 [INFO] Test Accuracy: 0.3208
2025-04-12 04:14:47,490 [INFO] Training completed.
