2025-04-11 01:04:26,718 [INFO] Starting CIFAR-10 training...
2025-04-11 01:04:27,985 [INFO] Starting hyperparameter search...
2025-04-11 01:04:27,985 [INFO] 
 Hyperparameters: lr=0.1, reg=0.1
2025-04-11 01:04:30,022 [INFO] Epoch 1/5, Train Loss: 8.9760, Train Acc: 0.1630, Val Loss: 9.1921, Val Acc: 0.1620
2025-04-11 01:04:30,774 [INFO] Epoch 2/5, Train Loss: 8.1120, Train Acc: 0.1410, Val Loss: 8.0990, Val Acc: 0.1460
2025-04-11 01:04:31,487 [INFO] Epoch 3/5, Train Loss: 6.9644, Train Acc: 0.1680, Val Loss: 7.3404, Val Acc: 0.1360
2025-04-11 01:04:32,205 [INFO] Epoch 4/5, Train Loss: 6.2013, Train Acc: 0.1550, Val Loss: 6.6421, Val Acc: 0.1120
2025-04-11 01:04:32,980 [INFO] Epoch 5/5, Train Loss: 5.1085, Train Acc: 0.1450, Val Loss: 5.1879, Val Acc: 0.1600
2025-04-11 01:04:32,984 [INFO] 
 Hyperparameters: lr=0.1, reg=0.01
2025-04-11 01:04:33,740 [INFO] Epoch 1/5, Train Loss: 4.5182, Train Acc: 0.1650, Val Loss: 4.7277, Val Acc: 0.1360
2025-04-11 01:04:34,468 [INFO] Epoch 2/5, Train Loss: 7.0739, Train Acc: 0.1400, Val Loss: 7.6537, Val Acc: 0.0900
2025-04-11 01:04:35,191 [INFO] Epoch 3/5, Train Loss: 5.2577, Train Acc: 0.1580, Val Loss: 5.3396, Val Acc: 0.1640
2025-04-11 01:04:35,920 [INFO] Epoch 4/5, Train Loss: 3.8284, Train Acc: 0.2380, Val Loss: 3.8455, Val Acc: 0.2080
2025-04-11 01:04:36,651 [INFO] Epoch 5/5, Train Loss: 3.7680, Train Acc: 0.1940, Val Loss: 4.1361, Val Acc: 0.1520
2025-04-11 01:04:36,653 [INFO] 
 Hyperparameters: lr=0.1, reg=0.001
2025-04-11 01:04:37,441 [INFO] Epoch 1/5, Train Loss: 3.8065, Train Acc: 0.1850, Val Loss: 3.7567, Val Acc: 0.1600
2025-04-11 01:04:38,202 [INFO] Epoch 2/5, Train Loss: 4.7954, Train Acc: 0.1320, Val Loss: 4.9960, Val Acc: 0.1220
2025-04-11 01:04:38,931 [INFO] Epoch 3/5, Train Loss: 5.6859, Train Acc: 0.1260, Val Loss: 6.0409, Val Acc: 0.1040
2025-04-11 01:04:39,667 [INFO] Epoch 4/5, Train Loss: 3.0219, Train Acc: 0.2280, Val Loss: 3.4789, Val Acc: 0.1780
2025-04-11 01:04:40,406 [INFO] Epoch 5/5, Train Loss: 3.7013, Train Acc: 0.1680, Val Loss: 3.8420, Val Acc: 0.1560
2025-04-11 01:04:40,408 [INFO] 
 Hyperparameters: lr=0.01, reg=0.1
2025-04-11 01:04:41,181 [INFO] Epoch 1/5, Train Loss: 9.3935, Train Acc: 0.2590, Val Loss: 9.5960, Val Acc: 0.1900
2025-04-11 01:04:41,893 [INFO] Epoch 2/5, Train Loss: 8.6610, Train Acc: 0.3780, Val Loss: 8.8969, Val Acc: 0.2500
2025-04-11 01:04:42,611 [INFO] Epoch 3/5, Train Loss: 8.1927, Train Acc: 0.4090, Val Loss: 8.5180, Val Acc: 0.2560
2025-04-11 01:04:43,399 [INFO] Epoch 4/5, Train Loss: 7.7544, Train Acc: 0.4610, Val Loss: 8.0951, Val Acc: 0.2980
2025-04-11 01:04:44,108 [INFO] Epoch 5/5, Train Loss: 7.3784, Train Acc: 0.4850, Val Loss: 7.7677, Val Acc: 0.3200
2025-04-11 01:04:44,112 [INFO] 
 Hyperparameters: lr=0.01, reg=0.01
2025-04-11 01:04:44,875 [INFO] Epoch 1/5, Train Loss: 2.7873, Train Acc: 0.2860, Val Loss: 2.9429, Val Acc: 0.2280
2025-04-11 01:04:45,654 [INFO] Epoch 2/5, Train Loss: 2.5606, Train Acc: 0.3390, Val Loss: 2.7859, Val Acc: 0.2480
2025-04-11 01:04:46,482 [INFO] Epoch 3/5, Train Loss: 2.4049, Train Acc: 0.4050, Val Loss: 2.6649, Val Acc: 0.2680
2025-04-11 01:04:47,279 [INFO] Epoch 4/5, Train Loss: 2.2610, Train Acc: 0.4670, Val Loss: 2.6261, Val Acc: 0.2840
2025-04-11 01:04:48,115 [INFO] Epoch 5/5, Train Loss: 2.1860, Train Acc: 0.4860, Val Loss: 2.5749, Val Acc: 0.3280
2025-04-11 01:04:48,119 [INFO] 
 Hyperparameters: lr=0.01, reg=0.001
2025-04-11 01:04:48,884 [INFO] Epoch 1/5, Train Loss: 2.1563, Train Acc: 0.2760, Val Loss: 2.3682, Val Acc: 0.1840
2025-04-11 01:04:49,637 [INFO] Epoch 2/5, Train Loss: 1.8671, Train Acc: 0.3650, Val Loss: 2.1330, Val Acc: 0.2400
2025-04-11 01:04:50,435 [INFO] Epoch 3/5, Train Loss: 1.7062, Train Acc: 0.4130, Val Loss: 2.0700, Val Acc: 0.2780
2025-04-11 01:04:51,193 [INFO] Epoch 4/5, Train Loss: 1.5916, Train Acc: 0.4610, Val Loss: 2.0410, Val Acc: 0.2860
2025-04-11 01:04:49,154 [INFO] Epoch 5/5, Train Loss: 1.5471, Train Acc: 0.4620, Val Loss: 2.0211, Val Acc: 0.3000
2025-04-11 01:04:49,157 [INFO] 
 Hyperparameters: lr=0.001, reg=0.1
2025-04-11 01:04:50,013 [INFO] Epoch 1/5, Train Loss: 10.2503, Train Acc: 0.0940, Val Loss: 10.2708, Val Acc: 0.1020
2025-04-11 01:04:50,850 [INFO] Epoch 2/5, Train Loss: 10.0491, Train Acc: 0.1110, Val Loss: 10.0958, Val Acc: 0.1080
2025-04-11 01:04:51,614 [INFO] Epoch 3/5, Train Loss: 9.8997, Train Acc: 0.1290, Val Loss: 9.9725, Val Acc: 0.1340
2025-04-11 01:04:52,372 [INFO] Epoch 4/5, Train Loss: 9.7752, Train Acc: 0.1510, Val Loss: 9.8707, Val Acc: 0.1480
2025-04-11 01:04:53,139 [INFO] Epoch 5/5, Train Loss: 9.6650, Train Acc: 0.1690, Val Loss: 9.7792, Val Acc: 0.1540
2025-04-11 01:04:53,142 [INFO] 
 Hyperparameters: lr=0.001, reg=0.01
2025-04-11 01:04:53,946 [INFO] Epoch 1/5, Train Loss: 3.2483, Train Acc: 0.1570, Val Loss: 3.3602, Val Acc: 0.1420
2025-04-11 01:04:54,788 [INFO] Epoch 2/5, Train Loss: 3.1390, Train Acc: 0.1820, Val Loss: 3.2610, Val Acc: 0.1680
2025-04-11 01:04:55,590 [INFO] Epoch 3/5, Train Loss: 3.0586, Train Acc: 0.2140, Val Loss: 3.1900, Val Acc: 0.1940
2025-04-11 01:04:56,422 [INFO] Epoch 4/5, Train Loss: 2.9921, Train Acc: 0.2280, Val Loss: 3.1264, Val Acc: 0.1960
2025-04-11 01:04:57,205 [INFO] Epoch 5/5, Train Loss: 2.9398, Train Acc: 0.2460, Val Loss: 3.0785, Val Acc: 0.2080
2025-04-11 01:04:57,209 [INFO] 
 Hyperparameters: lr=0.001, reg=0.001
2025-04-11 01:04:58,059 [INFO] Epoch 1/5, Train Loss: 2.6626, Train Acc: 0.1380, Val Loss: 2.6970, Val Acc: 0.1220
2025-04-11 01:04:58,840 [INFO] Epoch 2/5, Train Loss: 2.4935, Train Acc: 0.1660, Val Loss: 2.5740, Val Acc: 0.1340
2025-04-11 01:04:59,626 [INFO] Epoch 3/5, Train Loss: 2.3957, Train Acc: 0.1930, Val Loss: 2.5098, Val Acc: 0.1580
2025-04-11 01:05:00,410 [INFO] Epoch 4/5, Train Loss: 2.3181, Train Acc: 0.2170, Val Loss: 2.4516, Val Acc: 0.1760
2025-04-11 01:05:01,222 [INFO] Epoch 5/5, Train Loss: 2.2569, Train Acc: 0.2380, Val Loss: 2.4159, Val Acc: 0.1820
2025-04-11 01:05:01,998 [INFO] Epoch 1/20, Train Loss: 2.8332, Train Acc: 0.2570, Val Loss: 3.0988, Val Acc: 0.1560
2025-04-11 01:05:02,746 [INFO] Epoch 2/20, Train Loss: 2.5205, Train Acc: 0.3630, Val Loss: 2.8480, Val Acc: 0.2180
2025-04-11 01:05:03,501 [INFO] Epoch 3/20, Train Loss: 2.3546, Train Acc: 0.4250, Val Loss: 2.8118, Val Acc: 0.2520
2025-04-11 01:05:04,258 [INFO] Epoch 4/20, Train Loss: 2.2138, Train Acc: 0.4980, Val Loss: 2.6843, Val Acc: 0.2940
2025-04-11 01:05:05,031 [INFO] Epoch 5/20, Train Loss: 2.1226, Train Acc: 0.5310, Val Loss: 2.6612, Val Acc: 0.2780
2025-04-11 01:05:05,854 [INFO] Epoch 6/20, Train Loss: 2.0777, Train Acc: 0.5240, Val Loss: 2.6824, Val Acc: 0.2860
2025-04-11 01:05:06,674 [INFO] Epoch 7/20, Train Loss: 2.0030, Train Acc: 0.5600, Val Loss: 2.6250, Val Acc: 0.3140
2025-04-11 01:05:07,563 [INFO] Epoch 8/20, Train Loss: 1.9445, Train Acc: 0.5950, Val Loss: 2.5700, Val Acc: 0.3260
2025-04-11 01:05:08,364 [INFO] Epoch 9/20, Train Loss: 1.9011, Train Acc: 0.6130, Val Loss: 2.5946, Val Acc: 0.3020
2025-04-11 01:05:09,239 [INFO] Epoch 10/20, Train Loss: 1.8587, Train Acc: 0.6280, Val Loss: 2.5565, Val Acc: 0.3320
2025-04-11 01:05:10,014 [INFO] Epoch 11/20, Train Loss: 1.8269, Train Acc: 0.6490, Val Loss: 2.5804, Val Acc: 0.3440
2025-04-11 01:05:10,778 [INFO] Epoch 12/20, Train Loss: 1.7825, Train Acc: 0.6600, Val Loss: 2.5502, Val Acc: 0.3380
2025-04-11 01:05:11,568 [INFO] Epoch 13/20, Train Loss: 1.7431, Train Acc: 0.6750, Val Loss: 2.5085, Val Acc: 0.3220
2025-04-11 01:05:12,401 [INFO] Epoch 14/20, Train Loss: 1.7306, Train Acc: 0.6810, Val Loss: 2.5377, Val Acc: 0.3500
2025-04-11 01:05:13,235 [INFO] Epoch 15/20, Train Loss: 1.7105, Train Acc: 0.6850, Val Loss: 2.5158, Val Acc: 0.3500
2025-04-11 01:05:14,074 [INFO] Epoch 16/20, Train Loss: 1.6775, Train Acc: 0.7070, Val Loss: 2.5298, Val Acc: 0.3360
2025-04-11 01:05:14,870 [INFO] Epoch 17/20, Train Loss: 1.6624, Train Acc: 0.6990, Val Loss: 2.5096, Val Acc: 0.3360
2025-04-11 01:05:15,639 [INFO] Epoch 18/20, Train Loss: 1.6467, Train Acc: 0.7120, Val Loss: 2.5173, Val Acc: 0.3540
2025-04-11 01:05:16,450 [INFO] Epoch 19/20, Train Loss: 1.6320, Train Acc: 0.7140, Val Loss: 2.4873, Val Acc: 0.3380
2025-04-11 01:05:17,367 [INFO] Epoch 20/20, Train Loss: 1.6123, Train Acc: 0.7140, Val Loss: 2.5050, Val Acc: 0.3380
2025-04-11 01:05:18,257 [INFO] Test Accuracy: 0.3845
2025-04-11 01:05:18,257 [INFO] Training completed.
