2025-04-08 11:45:43,876 [INFO] Starting CIFAR-10 training...
2025-04-08 11:45:50,272 [INFO] dpool2 max: 0.001516821649360566, drelu2 max: 0.001516821649360566, dbn2 max: 0.001916600232259055, dconv2 max: 0.0010384336999840764, dW2 max: nan, db2 max: 0.09674707409819723
2025-04-08 11:45:52,330 [INFO] W1 norm: 8.117505839204545, W2 norm: 7.939874129233885, W3 norm: 4.463586599363567
2025-04-08 11:45:52,331 [INFO] backward: dW1 max=0.09678127947868326, dW2 max=nan, dW3 max=0.2162098103393889
2025-04-08 11:45:53,941 [INFO] dpool2 max: nan, drelu2 max: nan, dbn2 max: nan, dconv2 max: nan, dW2 max: nan, db2 max: nan
2025-04-08 11:45:55,270 [INFO] W1 norm: 8.116896122465016, W2 norm: nan, W3 norm: 4.461660058626753
2025-04-08 11:45:55,271 [INFO] backward: dW1 max=nan, dW2 max=nan, dW3 max=nan
2025-04-08 11:45:56,819 [INFO] dpool2 max: nan, drelu2 max: nan, dbn2 max: nan, dconv2 max: nan, dW2 max: nan, db2 max: nan
2025-04-08 11:45:58,144 [INFO] W1 norm: nan, W2 norm: nan, W3 norm: nan
2025-04-08 11:45:58,144 [INFO] backward: dW1 max=nan, dW2 max=nan, dW3 max=nan
2025-04-08 11:45:59,798 [INFO] dpool2 max: nan, drelu2 max: nan, dbn2 max: nan, dconv2 max: nan, dW2 max: nan, db2 max: nan
2025-04-08 11:46:01,113 [INFO] W1 norm: nan, W2 norm: nan, W3 norm: nan
2025-04-08 11:46:01,114 [INFO] backward: dW1 max=nan, dW2 max=nan, dW3 max=nan
2025-04-08 11:46:02,712 [INFO] dpool2 max: nan, drelu2 max: nan, dbn2 max: nan, dconv2 max: nan, dW2 max: nan, db2 max: nan
2025-04-08 11:46:04,149 [INFO] W1 norm: nan, W2 norm: nan, W3 norm: nan
2025-04-08 11:46:04,149 [INFO] backward: dW1 max=nan, dW2 max=nan, dW3 max=nan
2025-04-08 11:46:05,793 [INFO] dpool2 max: nan, drelu2 max: nan, dbn2 max: nan, dconv2 max: nan, dW2 max: nan, db2 max: nan
2025-04-08 11:46:07,145 [INFO] W1 norm: nan, W2 norm: nan, W3 norm: nan
2025-04-08 11:46:07,145 [INFO] backward: dW1 max=nan, dW2 max=nan, dW3 max=nan
2025-04-08 11:46:08,710 [INFO] dpool2 max: nan, drelu2 max: nan, dbn2 max: nan, dconv2 max: nan, dW2 max: nan, db2 max: nan
2025-04-08 11:46:10,034 [INFO] W1 norm: nan, W2 norm: nan, W3 norm: nan
2025-04-08 11:46:10,034 [INFO] backward: dW1 max=nan, dW2 max=nan, dW3 max=nan
2025-04-08 11:46:11,585 [INFO] dpool2 max: nan, drelu2 max: nan, dbn2 max: nan, dconv2 max: nan, dW2 max: nan, db2 max: nan
2025-04-08 11:46:12,907 [INFO] W1 norm: nan, W2 norm: nan, W3 norm: nan
2025-04-08 11:46:12,907 [INFO] backward: dW1 max=nan, dW2 max=nan, dW3 max=nan
2025-04-08 11:46:14,455 [INFO] dpool2 max: nan, drelu2 max: nan, dbn2 max: nan, dconv2 max: nan, dW2 max: nan, db2 max: nan
2025-04-08 11:46:15,854 [INFO] W1 norm: nan, W2 norm: nan, W3 norm: nan
2025-04-08 11:46:15,854 [INFO] backward: dW1 max=nan, dW2 max=nan, dW3 max=nan
2025-04-08 11:46:17,501 [INFO] dpool2 max: nan, drelu2 max: nan, dbn2 max: nan, dconv2 max: nan, dW2 max: nan, db2 max: nan
2025-04-08 11:46:18,879 [INFO] W1 norm: nan, W2 norm: nan, W3 norm: nan
2025-04-08 11:46:18,880 [INFO] backward: dW1 max=nan, dW2 max=nan, dW3 max=nan
2025-04-08 11:46:20,528 [INFO] dpool2 max: nan, drelu2 max: nan, dbn2 max: nan, dconv2 max: nan, dW2 max: nan, db2 max: nan
2025-04-08 11:46:21,826 [INFO] W1 norm: nan, W2 norm: nan, W3 norm: nan
2025-04-08 11:46:21,826 [INFO] backward: dW1 max=nan, dW2 max=nan, dW3 max=nan
2025-04-08 11:46:23,356 [INFO] dpool2 max: nan, drelu2 max: nan, dbn2 max: nan, dconv2 max: nan, dW2 max: nan, db2 max: nan
2025-04-08 11:46:24,818 [INFO] W1 norm: nan, W2 norm: nan, W3 norm: nan
2025-04-08 11:46:24,818 [INFO] backward: dW1 max=nan, dW2 max=nan, dW3 max=nan
2025-04-08 11:46:26,328 [INFO] dpool2 max: nan, drelu2 max: nan, dbn2 max: nan, dconv2 max: nan, dW2 max: nan, db2 max: nan
2025-04-08 11:46:27,666 [INFO] W1 norm: nan, W2 norm: nan, W3 norm: nan
2025-04-08 11:46:27,666 [INFO] backward: dW1 max=nan, dW2 max=nan, dW3 max=nan
2025-04-08 11:46:29,194 [INFO] dpool2 max: nan, drelu2 max: nan, dbn2 max: nan, dconv2 max: nan, dW2 max: nan, db2 max: nan
2025-04-08 11:46:30,537 [INFO] W1 norm: nan, W2 norm: nan, W3 norm: nan
2025-04-08 11:46:30,537 [INFO] backward: dW1 max=nan, dW2 max=nan, dW3 max=nan
2025-04-08 11:46:32,208 [INFO] dpool2 max: nan, drelu2 max: nan, dbn2 max: nan, dconv2 max: nan, dW2 max: nan, db2 max: nan
2025-04-08 11:46:33,565 [INFO] W1 norm: nan, W2 norm: nan, W3 norm: nan
2025-04-08 11:46:33,566 [INFO] backward: dW1 max=nan, dW2 max=nan, dW3 max=nan
2025-04-08 11:46:35,211 [INFO] dpool2 max: nan, drelu2 max: nan, dbn2 max: nan, dconv2 max: nan, dW2 max: nan, db2 max: nan
2025-04-08 11:46:36,481 [INFO] W1 norm: nan, W2 norm: nan, W3 norm: nan
2025-04-08 11:46:36,481 [INFO] backward: dW1 max=nan, dW2 max=nan, dW3 max=nan
2025-04-08 11:46:38,001 [INFO] dpool2 max: nan, drelu2 max: nan, dbn2 max: nan, dconv2 max: nan, dW2 max: nan, db2 max: nan
2025-04-08 11:46:39,336 [INFO] W1 norm: nan, W2 norm: nan, W3 norm: nan
2025-04-08 11:46:39,337 [INFO] backward: dW1 max=nan, dW2 max=nan, dW3 max=nan
2025-04-08 11:46:40,947 [INFO] dpool2 max: nan, drelu2 max: nan, dbn2 max: nan, dconv2 max: nan, dW2 max: nan, db2 max: nan
2025-04-08 11:46:42,269 [INFO] W1 norm: nan, W2 norm: nan, W3 norm: nan
2025-04-08 11:46:42,269 [INFO] backward: dW1 max=nan, dW2 max=nan, dW3 max=nan
2025-04-08 11:46:43,795 [INFO] dpool2 max: nan, drelu2 max: nan, dbn2 max: nan, dconv2 max: nan, dW2 max: nan, db2 max: nan
2025-04-08 11:46:45,142 [INFO] W1 norm: nan, W2 norm: nan, W3 norm: nan
2025-04-08 11:46:45,142 [INFO] backward: dW1 max=nan, dW2 max=nan, dW3 max=nan
2025-04-08 11:46:46,655 [INFO] dpool2 max: nan, drelu2 max: nan, dbn2 max: nan, dconv2 max: nan, dW2 max: nan, db2 max: nan
2025-04-08 11:46:48,000 [INFO] W1 norm: nan, W2 norm: nan, W3 norm: nan
2025-04-08 11:46:48,001 [INFO] backward: dW1 max=nan, dW2 max=nan, dW3 max=nan
2025-04-08 11:46:49,589 [INFO] dpool2 max: nan, drelu2 max: nan, dbn2 max: nan, dconv2 max: nan, dW2 max: nan, db2 max: nan
2025-04-08 11:46:50,914 [INFO] W1 norm: nan, W2 norm: nan, W3 norm: nan
2025-04-08 11:46:50,914 [INFO] backward: dW1 max=nan, dW2 max=nan, dW3 max=nan
2025-04-08 11:46:52,450 [INFO] dpool2 max: nan, drelu2 max: nan, dbn2 max: nan, dconv2 max: nan, dW2 max: nan, db2 max: nan
2025-04-08 11:46:53,797 [INFO] W1 norm: nan, W2 norm: nan, W3 norm: nan
2025-04-08 11:46:53,798 [INFO] backward: dW1 max=nan, dW2 max=nan, dW3 max=nan
2025-04-08 11:46:55,346 [INFO] dpool2 max: nan, drelu2 max: nan, dbn2 max: nan, dconv2 max: nan, dW2 max: nan, db2 max: nan
2025-04-08 11:46:56,691 [INFO] W1 norm: nan, W2 norm: nan, W3 norm: nan
2025-04-08 11:46:56,691 [INFO] backward: dW1 max=nan, dW2 max=nan, dW3 max=nan
2025-04-08 11:46:58,208 [INFO] dpool2 max: nan, drelu2 max: nan, dbn2 max: nan, dconv2 max: nan, dW2 max: nan, db2 max: nan
2025-04-08 11:46:59,711 [INFO] W1 norm: nan, W2 norm: nan, W3 norm: nan
2025-04-08 11:46:59,712 [INFO] backward: dW1 max=nan, dW2 max=nan, dW3 max=nan
2025-04-08 11:47:01,439 [INFO] dpool2 max: nan, drelu2 max: nan, dbn2 max: nan, dconv2 max: nan, dW2 max: nan, db2 max: nan
2025-04-08 11:47:02,712 [INFO] W1 norm: nan, W2 norm: nan, W3 norm: nan
2025-04-08 11:47:02,712 [INFO] backward: dW1 max=nan, dW2 max=nan, dW3 max=nan
2025-04-08 11:47:04,304 [INFO] dpool2 max: nan, drelu2 max: nan, dbn2 max: nan, dconv2 max: nan, dW2 max: nan, db2 max: nan
2025-04-08 11:47:05,747 [INFO] W1 norm: nan, W2 norm: nan, W3 norm: nan
2025-04-08 11:47:05,747 [INFO] backward: dW1 max=nan, dW2 max=nan, dW3 max=nan
2025-04-08 11:47:07,333 [INFO] dpool2 max: nan, drelu2 max: nan, dbn2 max: nan, dconv2 max: nan, dW2 max: nan, db2 max: nan
2025-04-08 11:47:08,618 [INFO] W1 norm: nan, W2 norm: nan, W3 norm: nan
2025-04-08 11:47:08,619 [INFO] backward: dW1 max=nan, dW2 max=nan, dW3 max=nan
2025-04-08 11:47:10,195 [INFO] dpool2 max: nan, drelu2 max: nan, dbn2 max: nan, dconv2 max: nan, dW2 max: nan, db2 max: nan
2025-04-08 11:47:11,462 [INFO] W1 norm: nan, W2 norm: nan, W3 norm: nan
2025-04-08 11:47:11,462 [INFO] backward: dW1 max=nan, dW2 max=nan, dW3 max=nan
2025-04-08 11:47:13,082 [INFO] dpool2 max: nan, drelu2 max: nan, dbn2 max: nan, dconv2 max: nan, dW2 max: nan, db2 max: nan
2025-04-08 11:47:14,389 [INFO] W1 norm: nan, W2 norm: nan, W3 norm: nan
2025-04-08 11:47:14,389 [INFO] backward: dW1 max=nan, dW2 max=nan, dW3 max=nan
2025-04-08 11:47:15,920 [INFO] dpool2 max: nan, drelu2 max: nan, dbn2 max: nan, dconv2 max: nan, dW2 max: nan, db2 max: nan
2025-04-08 11:47:17,239 [INFO] W1 norm: nan, W2 norm: nan, W3 norm: nan
2025-04-08 11:47:17,240 [INFO] backward: dW1 max=nan, dW2 max=nan, dW3 max=nan
2025-04-08 11:47:18,895 [INFO] dpool2 max: nan, drelu2 max: nan, dbn2 max: nan, dconv2 max: nan, dW2 max: nan, db2 max: nan
2025-04-08 11:47:20,260 [INFO] W1 norm: nan, W2 norm: nan, W3 norm: nan
2025-04-08 11:47:20,261 [INFO] backward: dW1 max=nan, dW2 max=nan, dW3 max=nan
2025-04-08 11:47:21,857 [INFO] dpool2 max: nan, drelu2 max: nan, dbn2 max: nan, dconv2 max: nan, dW2 max: nan, db2 max: nan
2025-04-08 11:47:23,195 [INFO] W1 norm: nan, W2 norm: nan, W3 norm: nan
2025-04-08 11:47:23,195 [INFO] backward: dW1 max=nan, dW2 max=nan, dW3 max=nan
2025-04-08 11:47:24,867 [INFO] dpool2 max: nan, drelu2 max: nan, dbn2 max: nan, dconv2 max: nan, dW2 max: nan, db2 max: nan
2025-04-08 11:47:26,230 [INFO] W1 norm: nan, W2 norm: nan, W3 norm: nan
2025-04-08 11:47:26,230 [INFO] backward: dW1 max=nan, dW2 max=nan, dW3 max=nan
2025-04-08 11:47:27,907 [INFO] dpool2 max: nan, drelu2 max: nan, dbn2 max: nan, dconv2 max: nan, dW2 max: nan, db2 max: nan
2025-04-08 11:47:29,317 [INFO] W1 norm: nan, W2 norm: nan, W3 norm: nan
2025-04-08 11:47:29,317 [INFO] backward: dW1 max=nan, dW2 max=nan, dW3 max=nan
2025-04-08 11:47:30,979 [INFO] dpool2 max: nan, drelu2 max: nan, dbn2 max: nan, dconv2 max: nan, dW2 max: nan, db2 max: nan
2025-04-08 11:47:32,379 [INFO] W1 norm: nan, W2 norm: nan, W3 norm: nan
2025-04-08 11:47:32,380 [INFO] backward: dW1 max=nan, dW2 max=nan, dW3 max=nan
2025-04-08 11:47:34,106 [INFO] dpool2 max: nan, drelu2 max: nan, dbn2 max: nan, dconv2 max: nan, dW2 max: nan, db2 max: nan
2025-04-08 11:47:35,496 [INFO] W1 norm: nan, W2 norm: nan, W3 norm: nan
2025-04-08 11:47:35,496 [INFO] backward: dW1 max=nan, dW2 max=nan, dW3 max=nan
