2025-04-13 02:35:44,076 [INFO] Starting CIFAR-10 training...
2025-04-13 02:35:45,304 [INFO] Starting hyperparameter search...
2025-04-13 02:35:49,727 [INFO] Epoch 1/5, Train Loss: 2.1441, Train Acc: 0.2210, Val Loss: 2.1146, Val Acc: 0.2600
2025-04-13 02:35:53,129 [INFO] Epoch 2/5, Train Loss: 1.9532, Train Acc: 0.2960, Val Loss: 1.9547, Val Acc: 0.3020
2025-04-13 02:35:56,633 [INFO] Epoch 3/5, Train Loss: 1.8492, Train Acc: 0.3520, Val Loss: 1.8642, Val Acc: 0.3340
2025-04-13 02:36:00,105 [INFO] Epoch 4/5, Train Loss: 1.7822, Train Acc: 0.3720, Val Loss: 1.8044, Val Acc: 0.3520
2025-04-13 02:36:03,450 [INFO] Epoch 5/5, Train Loss: 1.7291, Train Acc: 0.3830, Val Loss: 1.7776, Val Acc: 0.3780
2025-04-13 02:36:03,454 [INFO] 实验完成：lr=0.001, reg=0.0, val_acc=0.3780
2025-04-13 02:36:06,651 [INFO] Epoch 1/5, Train Loss: 2.1991, Train Acc: 0.2150, Val Loss: 2.1340, Val Acc: 0.2440
2025-04-13 02:36:09,817 [INFO] Epoch 2/5, Train Loss: 2.0110, Train Acc: 0.2910, Val Loss: 1.9866, Val Acc: 0.2960
2025-04-13 02:36:11,803 [INFO] Epoch 3/5, Train Loss: 1.9021, Train Acc: 0.3270, Val Loss: 1.8883, Val Acc: 0.3160
2025-04-13 02:36:14,966 [INFO] Epoch 4/5, Train Loss: 1.8245, Train Acc: 0.3510, Val Loss: 1.8448, Val Acc: 0.3260
2025-04-13 02:36:18,139 [INFO] Epoch 5/5, Train Loss: 1.7629, Train Acc: 0.3730, Val Loss: 1.7851, Val Acc: 0.3640
2025-04-13 02:36:18,142 [INFO] 实验完成：lr=0.001, reg=0.0001, val_acc=0.3640
2025-04-13 02:36:21,304 [INFO] Epoch 1/5, Train Loss: 2.2750, Train Acc: 0.2230, Val Loss: 2.2169, Val Acc: 0.2220
2025-04-13 02:36:24,530 [INFO] Epoch 2/5, Train Loss: 2.1041, Train Acc: 0.2680, Val Loss: 2.0708, Val Acc: 0.2940
2025-04-13 02:36:27,685 [INFO] Epoch 3/5, Train Loss: 2.0011, Train Acc: 0.3180, Val Loss: 1.9843, Val Acc: 0.2980
2025-04-13 02:36:30,890 [INFO] Epoch 4/5, Train Loss: 1.9225, Train Acc: 0.3480, Val Loss: 1.9398, Val Acc: 0.3200
2025-04-13 02:36:34,189 [INFO] Epoch 5/5, Train Loss: 1.8637, Train Acc: 0.3620, Val Loss: 1.8888, Val Acc: 0.3380
2025-04-13 02:36:34,192 [INFO] 实验完成：lr=0.001, reg=0.001, val_acc=0.3380
2025-04-13 02:36:37,365 [INFO] Epoch 1/5, Train Loss: 1.6605, Train Acc: 0.4280, Val Loss: 1.7575, Val Acc: 0.3820
2025-04-13 02:36:40,630 [INFO] Epoch 2/5, Train Loss: 1.4475, Train Acc: 0.4990, Val Loss: 1.5948, Val Acc: 0.4080
2025-04-13 02:36:42,608 [INFO] Epoch 3/5, Train Loss: 1.3797, Train Acc: 0.5330, Val Loss: 1.5941, Val Acc: 0.4320
2025-04-13 02:36:45,863 [INFO] Epoch 4/5, Train Loss: 1.2283, Train Acc: 0.5760, Val Loss: 1.4319, Val Acc: 0.4780
2025-04-13 02:36:49,053 [INFO] Epoch 5/5, Train Loss: 1.2126, Train Acc: 0.5860, Val Loss: 1.5102, Val Acc: 0.4520
2025-04-13 02:36:49,053 [INFO] 实验完成：lr=0.01, reg=0.0, val_acc=0.4780
2025-04-13 02:36:52,291 [INFO] Epoch 1/5, Train Loss: 1.6791, Train Acc: 0.4010, Val Loss: 1.7824, Val Acc: 0.3480
2025-04-13 02:36:55,535 [INFO] Epoch 2/5, Train Loss: 1.5238, Train Acc: 0.4690, Val Loss: 1.7009, Val Acc: 0.3940
2025-04-13 02:36:58,698 [INFO] Epoch 3/5, Train Loss: 1.3866, Train Acc: 0.4960, Val Loss: 1.6030, Val Acc: 0.4040
2025-04-13 02:37:02,030 [INFO] Epoch 4/5, Train Loss: 1.2856, Train Acc: 0.5520, Val Loss: 1.5099, Val Acc: 0.4320
2025-04-13 02:37:05,234 [INFO] Epoch 5/5, Train Loss: 1.2167, Train Acc: 0.5640, Val Loss: 1.5074, Val Acc: 0.4520
2025-04-13 02:37:05,237 [INFO] 实验完成：lr=0.01, reg=0.0001, val_acc=0.4520
2025-04-13 02:37:08,487 [INFO] Epoch 1/5, Train Loss: 1.7785, Train Acc: 0.4100, Val Loss: 1.8976, Val Acc: 0.3560
2025-04-13 02:37:11,653 [INFO] Epoch 2/5, Train Loss: 1.5603, Train Acc: 0.4730, Val Loss: 1.7353, Val Acc: 0.3840
2025-04-13 02:37:13,549 [INFO] Epoch 3/5, Train Loss: 1.4208, Train Acc: 0.5330, Val Loss: 1.6634, Val Acc: 0.4120
2025-04-13 02:37:16,725 [INFO] Epoch 4/5, Train Loss: 1.3189, Train Acc: 0.5630, Val Loss: 1.6113, Val Acc: 0.4360
2025-04-13 02:37:19,880 [INFO] Epoch 5/5, Train Loss: 1.3247, Train Acc: 0.5840, Val Loss: 1.6686, Val Acc: 0.4320
2025-04-13 02:37:19,881 [INFO] 实验完成：lr=0.01, reg=0.001, val_acc=0.4360
2025-04-13 02:37:23,069 [INFO] Epoch 1/5, Train Loss: 7.6304, Train Acc: 0.1080, Val Loss: 7.8331, Val Acc: 0.0900
2025-04-13 02:37:26,291 [INFO] Epoch 2/5, Train Loss: 4.0385, Train Acc: 0.1740, Val Loss: 4.3075, Val Acc: 0.1280
2025-04-13 02:37:29,503 [INFO] Epoch 3/5, Train Loss: 6.8081, Train Acc: 0.1490, Val Loss: 7.0310, Val Acc: 0.1640
2025-04-13 02:37:32,694 [INFO] Epoch 4/5, Train Loss: 5.4421, Train Acc: 0.1750, Val Loss: 5.7847, Val Acc: 0.1820
2025-04-13 02:37:35,807 [INFO] Epoch 5/5, Train Loss: 4.1543, Train Acc: 0.2040, Val Loss: 4.1954, Val Acc: 0.2000
2025-04-13 02:37:35,810 [INFO] 实验完成：lr=0.1, reg=0.0, val_acc=0.2000
2025-04-13 02:37:38,999 [INFO] Epoch 1/5, Train Loss: 3.2904, Train Acc: 0.1490, Val Loss: 3.4412, Val Acc: 0.1640
2025-04-13 02:37:42,186 [INFO] Epoch 2/5, Train Loss: 5.8726, Train Acc: 0.1470, Val Loss: 5.7188, Val Acc: 0.1600
2025-04-13 02:37:44,148 [INFO] Epoch 3/5, Train Loss: 8.1442, Train Acc: 0.1180, Val Loss: 8.2895, Val Acc: 0.1040
2025-04-13 02:37:47,321 [INFO] Epoch 4/5, Train Loss: 5.2946, Train Acc: 0.1500, Val Loss: 5.4666, Val Acc: 0.1480
2025-04-13 02:37:50,476 [INFO] Epoch 5/5, Train Loss: 4.1553, Train Acc: 0.1620, Val Loss: 4.2973, Val Acc: 0.1360
2025-04-13 02:37:50,477 [INFO] 实验完成：lr=0.1, reg=0.0001, val_acc=0.1640
2025-04-13 02:37:53,608 [INFO] Epoch 1/5, Train Loss: 7.1638, Train Acc: 0.1270, Val Loss: 7.4785, Val Acc: 0.1340
2025-04-13 02:37:56,749 [INFO] Epoch 2/5, Train Loss: 5.5212, Train Acc: 0.1450, Val Loss: 5.6546, Val Acc: 0.1340
2025-04-13 02:37:59,878 [INFO] Epoch 3/5, Train Loss: 7.5660, Train Acc: 0.1510, Val Loss: 8.0012, Val Acc: 0.1380
2025-04-13 02:38:03,019 [INFO] Epoch 4/5, Train Loss: 4.9963, Train Acc: 0.1930, Val Loss: 4.8666, Val Acc: 0.1960
2025-04-13 02:38:06,197 [INFO] Epoch 5/5, Train Loss: 5.2217, Train Acc: 0.1530, Val Loss: 5.3807, Val Acc: 0.1840
2025-04-13 02:38:06,198 [INFO] 实验完成：lr=0.1, reg=0.001, val_acc=0.1960
2025-04-13 02:38:08,877 [INFO] Epoch 1/5, Train Loss: 5.1109, Train Acc: 0.1320, Val Loss: 5.3999, Val Acc: 0.1420
2025-04-13 02:38:11,576 [INFO] Epoch 2/5, Train Loss: 5.2212, Train Acc: 0.1380, Val Loss: 5.5155, Val Acc: 0.1400
2025-04-13 02:38:14,526 [INFO] Epoch 3/5, Train Loss: 4.1496, Train Acc: 0.1420, Val Loss: 4.2365, Val Acc: 0.1440
2025-04-13 02:38:16,159 [INFO] Epoch 4/5, Train Loss: 5.0240, Train Acc: 0.1400, Val Loss: 5.0577, Val Acc: 0.1600
2025-04-13 02:38:18,841 [INFO] Epoch 5/5, Train Loss: 5.1086, Train Acc: 0.1380, Val Loss: 5.2595, Val Acc: 0.1320
2025-04-13 02:38:18,842 [INFO] 实验完成：conv1_filters=16, conv2_filters=32, val_acc=0.1600
2025-04-13 02:38:21,576 [INFO] Epoch 1/5, Train Loss: 8.3535, Train Acc: 0.1090, Val Loss: 8.6308, Val Acc: 0.0980
2025-04-13 02:38:24,379 [INFO] Epoch 2/5, Train Loss: 8.2145, Train Acc: 0.1170, Val Loss: 8.2674, Val Acc: 0.1160
2025-04-13 02:38:27,147 [INFO] Epoch 3/5, Train Loss: 7.8978, Train Acc: 0.1350, Val Loss: 8.3780, Val Acc: 0.1340
2025-04-13 02:38:30,093 [INFO] Epoch 4/5, Train Loss: 5.6346, Train Acc: 0.1590, Val Loss: 5.8845, Val Acc: 0.1460
2025-04-13 02:38:32,977 [INFO] Epoch 5/5, Train Loss: 4.5733, Train Acc: 0.1650, Val Loss: 4.6046, Val Acc: 0.1860
2025-04-13 02:38:32,980 [INFO] 实验完成：conv1_filters=16, conv2_filters=64, val_acc=0.1860
2025-04-13 02:38:36,306 [INFO] Epoch 1/5, Train Loss: 7.4256, Train Acc: 0.1330, Val Loss: 7.6619, Val Acc: 0.1180
2025-04-13 02:38:39,572 [INFO] Epoch 2/5, Train Loss: 6.6007, Train Acc: 0.1320, Val Loss: 6.7394, Val Acc: 0.1600
2025-04-13 02:38:42,753 [INFO] Epoch 3/5, Train Loss: 7.2308, Train Acc: 0.1860, Val Loss: 7.4146, Val Acc: 0.1800
2025-04-13 02:38:45,914 [INFO] Epoch 4/5, Train Loss: 5.9408, Train Acc: 0.1850, Val Loss: 6.3006, Val Acc: 0.1660
2025-04-13 02:38:47,896 [INFO] Epoch 5/5, Train Loss: 6.6164, Train Acc: 0.1750, Val Loss: 6.9203, Val Acc: 0.1620
2025-04-13 02:38:47,897 [INFO] 实验完成：conv1_filters=16, conv2_filters=128, val_acc=0.1800
2025-04-13 02:38:51,455 [INFO] Epoch 1/5, Train Loss: 3.5102, Train Acc: 0.1550, Val Loss: 3.6626, Val Acc: 0.1640
2025-04-13 02:38:54,835 [INFO] Epoch 2/5, Train Loss: 5.2534, Train Acc: 0.1310, Val Loss: 5.6146, Val Acc: 0.1420
2025-04-13 02:38:58,375 [INFO] Epoch 3/5, Train Loss: 3.3123, Train Acc: 0.1540, Val Loss: 3.3474, Val Acc: 0.1720
2025-04-13 02:39:01,880 [INFO] Epoch 4/5, Train Loss: 4.7775, Train Acc: 0.1270, Val Loss: 4.8841, Val Acc: 0.1420
2025-04-13 02:39:05,053 [INFO] Epoch 5/5, Train Loss: 4.4554, Train Acc: 0.1450, Val Loss: 4.5644, Val Acc: 0.1260
2025-04-13 02:39:05,054 [INFO] 实验完成：conv1_filters=32, conv2_filters=32, val_acc=0.1720
2025-04-13 02:39:08,146 [INFO] Epoch 1/5, Train Loss: 6.5941, Train Acc: 0.1460, Val Loss: 6.7684, Val Acc: 0.1420
2025-04-13 02:39:11,288 [INFO] Epoch 2/5, Train Loss: 8.5538, Train Acc: 0.1120, Val Loss: 8.8558, Val Acc: 0.1140
2025-04-13 02:39:14,483 [INFO] Epoch 3/5, Train Loss: 4.1949, Train Acc: 0.1660, Val Loss: 4.3076, Val Acc: 0.1880
2025-04-13 02:39:17,608 [INFO] Epoch 4/5, Train Loss: 6.0287, Train Acc: 0.1400, Val Loss: 5.9076, Val Acc: 0.1620
2025-04-13 02:39:19,462 [INFO] Epoch 5/5, Train Loss: 4.4860, Train Acc: 0.1660, Val Loss: 4.6052, Val Acc: 0.1660
2025-04-13 02:39:19,463 [INFO] 实验完成：conv1_filters=32, conv2_filters=64, val_acc=0.1880
2025-04-13 02:39:23,268 [INFO] Epoch 1/5, Train Loss: 7.1982, Train Acc: 0.1680, Val Loss: 7.0219, Val Acc: 0.1820
2025-04-13 02:39:27,050 [INFO] Epoch 2/5, Train Loss: 7.8422, Train Acc: 0.1520, Val Loss: 8.3596, Val Acc: 0.1320
2025-04-13 02:39:30,831 [INFO] Epoch 3/5, Train Loss: 7.1914, Train Acc: 0.1720, Val Loss: 7.2166, Val Acc: 0.1840
2025-04-13 02:39:34,694 [INFO] Epoch 4/5, Train Loss: 9.6047, Train Acc: 0.1140, Val Loss: 9.6310, Val Acc: 0.1320
2025-04-13 02:39:38,591 [INFO] Epoch 5/5, Train Loss: 6.3784, Train Acc: 0.1500, Val Loss: 6.6542, Val Acc: 0.1660
2025-04-13 02:39:38,593 [INFO] 实验完成：conv1_filters=32, conv2_filters=128, val_acc=0.1840
2025-04-13 02:39:43,121 [INFO] Epoch 1/5, Train Loss: 4.3859, Train Acc: 0.1660, Val Loss: 4.4619, Val Acc: 0.1560
2025-04-13 02:39:47,635 [INFO] Epoch 2/5, Train Loss: 5.7666, Train Acc: 0.1260, Val Loss: 5.9749, Val Acc: 0.1340
2025-04-13 02:39:50,895 [INFO] Epoch 3/5, Train Loss: 5.0228, Train Acc: 0.1400, Val Loss: 5.0565, Val Acc: 0.1620
2025-04-13 02:39:55,487 [INFO] Epoch 4/5, Train Loss: 3.8712, Train Acc: 0.1850, Val Loss: 3.9929, Val Acc: 0.1700
2025-04-13 02:39:59,969 [INFO] Epoch 5/5, Train Loss: 4.8061, Train Acc: 0.0910, Val Loss: 4.8626, Val Acc: 0.1060
2025-04-13 02:39:59,969 [INFO] 实验完成：conv1_filters=64, conv2_filters=32, val_acc=0.1700
2025-04-13 02:40:04,766 [INFO] Epoch 1/5, Train Loss: 8.5196, Train Acc: 0.1100, Val Loss: 8.7136, Val Acc: 0.1120
2025-04-13 02:40:09,489 [INFO] Epoch 2/5, Train Loss: 9.9485, Train Acc: 0.1130, Val Loss: 10.2052, Val Acc: 0.1340
2025-04-13 02:40:14,175 [INFO] Epoch 3/5, Train Loss: 4.7632, Train Acc: 0.1650, Val Loss: 4.8018, Val Acc: 0.1740
2025-04-13 02:40:18,865 [INFO] Epoch 4/5, Train Loss: 5.5550, Train Acc: 0.1720, Val Loss: 5.5483, Val Acc: 0.1640
2025-04-13 02:40:22,287 [INFO] Epoch 5/5, Train Loss: 6.6203, Train Acc: 0.1430, Val Loss: 7.0853, Val Acc: 0.1240
2025-04-13 02:40:22,288 [INFO] 实验完成：conv1_filters=64, conv2_filters=64, val_acc=0.1740
2025-04-13 02:40:28,783 [INFO] Epoch 1/5, Train Loss: 8.2141, Train Acc: 0.1500, Val Loss: 8.4308, Val Acc: 0.1500
2025-04-13 02:40:35,308 [INFO] Epoch 2/5, Train Loss: 7.1357, Train Acc: 0.1340, Val Loss: 7.2804, Val Acc: 0.1560
2025-04-13 02:40:41,868 [INFO] Epoch 3/5, Train Loss: 6.6931, Train Acc: 0.1680, Val Loss: 6.6673, Val Acc: 0.1880
2025-04-13 02:40:48,423 [INFO] Epoch 4/5, Train Loss: 8.6586, Train Acc: 0.1810, Val Loss: 8.9311, Val Acc: 0.1700
2025-04-13 02:40:53,694 [INFO] Epoch 5/5, Train Loss: 7.7396, Train Acc: 0.1450, Val Loss: 7.9074, Val Acc: 0.1580
2025-04-13 02:40:53,695 [INFO] 实验完成：conv1_filters=64, conv2_filters=128, val_acc=0.1880
2025-04-13 02:41:00,283 [INFO] Epoch 1/20, Train Loss: 1.6907, Train Acc: 0.3900, Val Loss: 1.8015, Val Acc: 0.3520
2025-04-13 02:41:06,863 [INFO] Epoch 2/20, Train Loss: 1.4233, Train Acc: 0.4980, Val Loss: 1.6429, Val Acc: 0.4100
2025-04-13 02:41:13,491 [INFO] Epoch 3/20, Train Loss: 1.3381, Train Acc: 0.5160, Val Loss: 1.5527, Val Acc: 0.4440
2025-04-13 02:41:20,065 [INFO] Epoch 4/20, Train Loss: 1.3198, Train Acc: 0.5310, Val Loss: 1.5807, Val Acc: 0.4320
2025-04-13 02:41:25,310 [INFO] Epoch 5/20, Train Loss: 1.1915, Train Acc: 0.5780, Val Loss: 1.4512, Val Acc: 0.4720
2025-04-13 02:41:31,866 [INFO] Epoch 6/20, Train Loss: 1.2178, Train Acc: 0.5670, Val Loss: 1.5176, Val Acc: 0.4580
2025-04-13 02:41:38,399 [INFO] Epoch 7/20, Train Loss: 1.1999, Train Acc: 0.5880, Val Loss: 1.4997, Val Acc: 0.4600
2025-04-13 02:41:44,953 [INFO] Epoch 8/20, Train Loss: 1.1412, Train Acc: 0.5900, Val Loss: 1.5072, Val Acc: 0.4920
2025-04-13 02:41:51,495 [INFO] Epoch 9/20, Train Loss: 1.1435, Train Acc: 0.5980, Val Loss: 1.4554, Val Acc: 0.4740
2025-04-13 02:41:56,685 [INFO] Epoch 10/20, Train Loss: 1.0617, Train Acc: 0.6250, Val Loss: 1.3838, Val Acc: 0.4900
2025-04-13 02:42:03,217 [INFO] Epoch 11/20, Train Loss: 1.2969, Train Acc: 0.5170, Val Loss: 1.7024, Val Acc: 0.4160
2025-04-13 02:42:09,738 [INFO] Epoch 12/20, Train Loss: 1.1763, Train Acc: 0.5650, Val Loss: 1.5512, Val Acc: 0.4460
2025-04-13 02:42:16,261 [INFO] Epoch 13/20, Train Loss: 0.9545, Train Acc: 0.6780, Val Loss: 1.3816, Val Acc: 0.4960
2025-04-13 02:42:22,793 [INFO] Epoch 14/20, Train Loss: 0.9818, Train Acc: 0.6810, Val Loss: 1.4123, Val Acc: 0.4960
2025-04-13 02:42:28,017 [INFO] Epoch 15/20, Train Loss: 0.9665, Train Acc: 0.6710, Val Loss: 1.4162, Val Acc: 0.4900
2025-04-13 02:42:34,563 [INFO] Epoch 16/20, Train Loss: 1.0694, Train Acc: 0.6130, Val Loss: 1.5043, Val Acc: 0.4640
2025-04-13 02:42:41,168 [INFO] Epoch 17/20, Train Loss: 0.8633, Train Acc: 0.7160, Val Loss: 1.3219, Val Acc: 0.5120
2025-04-13 02:42:47,777 [INFO] Epoch 18/20, Train Loss: 0.8802, Train Acc: 0.7000, Val Loss: 1.3547, Val Acc: 0.5060
2025-04-13 02:42:54,364 [INFO] Epoch 19/20, Train Loss: 0.9151, Train Acc: 0.6790, Val Loss: 1.3944, Val Acc: 0.4820
2025-04-13 02:42:59,654 [INFO] Epoch 20/20, Train Loss: 0.8208, Train Acc: 0.7090, Val Loss: 1.3327, Val Acc: 0.5180
2025-04-13 02:43:02,443 [INFO] Test Accuracy: 0.5060
2025-04-13 02:43:02,443 [INFO] Training completed.
