2025-04-09 02:15:32,534 [INFO] Starting CIFAR-10 training...
2025-04-09 02:15:34,425 [INFO] Starting hyperparameter search...
2025-04-09 02:15:34,426 [INFO] 
 Hyperparameters: lr=0.1, reg=0.1
2025-04-09 02:15:36,974 [INFO] Epoch 1/20, Train Loss: 9.3155, Train Acc: 0.1230, Val Loss: 9.4146, Val Acc: 0.0920
2025-04-09 02:15:37,912 [INFO] Epoch 2/20, Train Loss: 9.7011, Train Acc: 0.1130, Val Loss: 9.6127, Val Acc: 0.1060
2025-04-09 02:15:38,766 [INFO] Epoch 3/20, Train Loss: 6.6131, Train Acc: 0.1800, Val Loss: 6.9837, Val Acc: 0.1580
2025-04-09 02:15:37,843 [INFO] Epoch 4/20, Train Loss: 7.1104, Train Acc: 0.1420, Val Loss: 7.3301, Val Acc: 0.1240
2025-04-09 02:15:38,709 [INFO] Epoch 5/20, Train Loss: 7.1940, Train Acc: 0.1060, Val Loss: 7.4458, Val Acc: 0.0980
2025-04-09 02:15:39,610 [INFO] Epoch 6/20, Train Loss: 6.7723, Train Acc: 0.1610, Val Loss: 7.1401, Val Acc: 0.1240
2025-04-09 02:15:40,437 [INFO] Epoch 7/20, Train Loss: 5.8533, Train Acc: 0.1670, Val Loss: 5.8528, Val Acc: 0.1760
2025-04-09 02:15:41,263 [INFO] Epoch 8/20, Train Loss: 5.8374, Train Acc: 0.1690, Val Loss: 6.1068, Val Acc: 0.1180
2025-04-09 02:15:42,112 [INFO] Epoch 9/20, Train Loss: 4.6695, Train Acc: 0.1950, Val Loss: 4.7815, Val Acc: 0.1480
2025-04-09 02:15:43,183 [INFO] Epoch 10/20, Train Loss: 5.6947, Train Acc: 0.1810, Val Loss: 5.8832, Val Acc: 0.1680
2025-04-09 02:15:44,127 [INFO] Epoch 11/20, Train Loss: 5.4163, Train Acc: 0.1750, Val Loss: 5.7244, Val Acc: 0.1380
2025-04-09 02:15:44,978 [INFO] Epoch 12/20, Train Loss: 5.9260, Train Acc: 0.1710, Val Loss: 5.9541, Val Acc: 0.1420
2025-04-09 02:15:45,870 [INFO] Epoch 13/20, Train Loss: 6.2239, Train Acc: 0.1480, Val Loss: 6.2930, Val Acc: 0.1460
2025-04-09 02:15:46,737 [INFO] Epoch 14/20, Train Loss: 4.7870, Train Acc: 0.2430, Val Loss: 5.0972, Val Acc: 0.1700
2025-04-09 02:15:47,676 [INFO] Epoch 15/20, Train Loss: 5.2415, Train Acc: 0.2170, Val Loss: 5.6043, Val Acc: 0.1500
2025-04-09 02:15:48,596 [INFO] Epoch 16/20, Train Loss: 4.3943, Train Acc: 0.1890, Val Loss: 4.5507, Val Acc: 0.1800
2025-04-09 02:15:49,618 [INFO] Epoch 17/20, Train Loss: 4.1751, Train Acc: 0.2690, Val Loss: 4.2848, Val Acc: 0.2060
2025-04-09 02:15:50,698 [INFO] Epoch 18/20, Train Loss: 5.0189, Train Acc: 0.1980, Val Loss: 5.1247, Val Acc: 0.1400
2025-04-09 02:15:51,719 [INFO] Epoch 19/20, Train Loss: 4.2256, Train Acc: 0.1960, Val Loss: 4.3800, Val Acc: 0.1940
2025-04-09 02:15:52,762 [INFO] Epoch 20/20, Train Loss: 5.3752, Train Acc: 0.2000, Val Loss: 5.4142, Val Acc: 0.1700
2025-04-09 02:15:54,202 [INFO] Test Accuracy: 0.1584
2025-04-09 02:15:54,202 [INFO] 
 Hyperparameters: lr=0.1, reg=0.01
2025-04-09 02:15:55,183 [INFO] Epoch 1/20, Train Loss: 4.9369, Train Acc: 0.1550, Val Loss: 4.9561, Val Acc: 0.1420
2025-04-09 02:15:56,147 [INFO] Epoch 2/20, Train Loss: 4.3055, Train Acc: 0.1860, Val Loss: 4.2833, Val Acc: 0.1980
2025-04-09 02:15:57,095 [INFO] Epoch 3/20, Train Loss: 4.6900, Train Acc: 0.2100, Val Loss: 4.8665, Val Acc: 0.1860
2025-04-09 02:15:58,079 [INFO] Epoch 4/20, Train Loss: 4.9445, Train Acc: 0.1640, Val Loss: 5.2284, Val Acc: 0.1360
2025-04-09 02:15:59,081 [INFO] Epoch 5/20, Train Loss: 4.5073, Train Acc: 0.1560, Val Loss: 4.6336, Val Acc: 0.1180
2025-04-09 02:16:00,116 [INFO] Epoch 6/20, Train Loss: 5.6322, Train Acc: 0.1310, Val Loss: 5.6275, Val Acc: 0.1200
2025-04-09 02:16:01,182 [INFO] Epoch 7/20, Train Loss: 4.1191, Train Acc: 0.2270, Val Loss: 4.4369, Val Acc: 0.1760
2025-04-09 02:16:02,043 [INFO] Epoch 8/20, Train Loss: 4.7952, Train Acc: 0.2300, Val Loss: 5.0640, Val Acc: 0.1620
2025-04-09 02:16:03,020 [INFO] Epoch 9/20, Train Loss: 4.3832, Train Acc: 0.2180, Val Loss: 4.6419, Val Acc: 0.1760
2025-04-09 02:16:04,139 [INFO] Epoch 10/20, Train Loss: 4.4277, Train Acc: 0.1960, Val Loss: 4.5875, Val Acc: 0.1700
2025-04-09 02:16:05,157 [INFO] Epoch 11/20, Train Loss: 4.6686, Train Acc: 0.2140, Val Loss: 5.0356, Val Acc: 0.1620
2025-04-09 02:16:06,145 [INFO] Epoch 12/20, Train Loss: 5.4345, Train Acc: 0.1680, Val Loss: 5.7778, Val Acc: 0.1360
2025-04-09 02:16:07,091 [INFO] Epoch 13/20, Train Loss: 5.7185, Train Acc: 0.1410, Val Loss: 6.0823, Val Acc: 0.1100
2025-04-09 02:16:08,074 [INFO] Epoch 14/20, Train Loss: 4.7605, Train Acc: 0.2140, Val Loss: 5.2490, Val Acc: 0.1880
2025-04-09 02:16:08,969 [INFO] Epoch 15/20, Train Loss: 5.5822, Train Acc: 0.1810, Val Loss: 5.7615, Val Acc: 0.1700
2025-04-09 02:16:07,971 [INFO] Epoch 16/20, Train Loss: 6.1236, Train Acc: 0.1660, Val Loss: 6.3948, Val Acc: 0.1520
2025-04-09 02:16:08,832 [INFO] Epoch 17/20, Train Loss: 4.0958, Train Acc: 0.2990, Val Loss: 4.6090, Val Acc: 0.2400
2025-04-09 02:16:09,738 [INFO] Epoch 18/20, Train Loss: 6.9468, Train Acc: 0.1910, Val Loss: 7.4102, Val Acc: 0.1480
2025-04-09 02:16:10,649 [INFO] Epoch 19/20, Train Loss: 4.6428, Train Acc: 0.2730, Val Loss: 5.1372, Val Acc: 0.2040
2025-04-09 02:16:11,536 [INFO] Epoch 20/20, Train Loss: 4.9160, Train Acc: 0.2170, Val Loss: 5.1432, Val Acc: 0.1680
2025-04-09 02:16:12,950 [INFO] Test Accuracy: 0.1765
2025-04-09 02:16:12,950 [INFO] 
 Hyperparameters: lr=0.1, reg=0.001
2025-04-09 02:16:13,910 [INFO] Epoch 1/20, Train Loss: 4.9320, Train Acc: 0.1130, Val Loss: 4.8404, Val Acc: 0.1500
2025-04-09 02:16:14,912 [INFO] Epoch 2/20, Train Loss: 3.9307, Train Acc: 0.1420, Val Loss: 4.1010, Val Acc: 0.1280
2025-04-09 02:16:15,840 [INFO] Epoch 3/20, Train Loss: 5.4376, Train Acc: 0.1220, Val Loss: 5.4870, Val Acc: 0.1260
2025-04-09 02:16:16,735 [INFO] Epoch 4/20, Train Loss: 4.5047, Train Acc: 0.1790, Val Loss: 4.4104, Val Acc: 0.1640
2025-04-09 02:16:17,614 [INFO] Epoch 5/20, Train Loss: 3.1014, Train Acc: 0.2120, Val Loss: 3.2831, Val Acc: 0.1640
2025-04-09 02:16:18,512 [INFO] Epoch 6/20, Train Loss: 4.6300, Train Acc: 0.1530, Val Loss: 5.0166, Val Acc: 0.1260
2025-04-09 02:16:19,529 [INFO] Epoch 7/20, Train Loss: 4.9969, Train Acc: 0.1440, Val Loss: 4.8776, Val Acc: 0.1460
2025-04-09 02:16:20,443 [INFO] Epoch 8/20, Train Loss: 3.8821, Train Acc: 0.1760, Val Loss: 4.0655, Val Acc: 0.1660
2025-04-09 02:16:21,324 [INFO] Epoch 9/20, Train Loss: 4.1423, Train Acc: 0.1900, Val Loss: 4.5747, Val Acc: 0.1460
2025-04-09 02:16:22,309 [INFO] Epoch 10/20, Train Loss: 3.9282, Train Acc: 0.1780, Val Loss: 4.0637, Val Acc: 0.1380
2025-04-09 02:16:23,279 [INFO] Epoch 11/20, Train Loss: 2.9686, Train Acc: 0.2050, Val Loss: 3.3859, Val Acc: 0.1600
2025-04-09 02:16:24,194 [INFO] Epoch 12/20, Train Loss: 3.5933, Train Acc: 0.1960, Val Loss: 4.0023, Val Acc: 0.1540
2025-04-09 02:16:25,158 [INFO] Epoch 13/20, Train Loss: 3.8282, Train Acc: 0.1780, Val Loss: 4.2453, Val Acc: 0.1300
2025-04-09 02:16:26,101 [INFO] Epoch 14/20, Train Loss: 4.3836, Train Acc: 0.1590, Val Loss: 4.5171, Val Acc: 0.1460
2025-04-09 02:16:26,994 [INFO] Epoch 15/20, Train Loss: 3.6205, Train Acc: 0.1950, Val Loss: 4.1250, Val Acc: 0.1240
2025-04-09 02:16:27,873 [INFO] Epoch 16/20, Train Loss: 3.2393, Train Acc: 0.2480, Val Loss: 3.6312, Val Acc: 0.1300
2025-04-09 02:16:28,738 [INFO] Epoch 17/20, Train Loss: 5.0738, Train Acc: 0.1810, Val Loss: 5.5253, Val Acc: 0.1360
2025-04-09 02:16:29,639 [INFO] Epoch 18/20, Train Loss: 3.0693, Train Acc: 0.2090, Val Loss: 3.2086, Val Acc: 0.1700
2025-04-09 02:16:30,643 [INFO] Epoch 19/20, Train Loss: 3.4793, Train Acc: 0.1920, Val Loss: 3.8436, Val Acc: 0.1620
2025-04-09 02:16:31,596 [INFO] Epoch 20/20, Train Loss: 3.7899, Train Acc: 0.1710, Val Loss: 3.9280, Val Acc: 0.1580
2025-04-09 02:16:32,862 [INFO] Test Accuracy: 0.1380
2025-04-09 02:16:32,862 [INFO] 
 Hyperparameters: lr=0.01, reg=0.1
2025-04-09 02:16:33,768 [INFO] Epoch 1/20, Train Loss: 8.8912, Train Acc: 0.2640, Val Loss: 8.9734, Val Acc: 0.2440
2025-04-09 02:16:34,683 [INFO] Epoch 2/20, Train Loss: 8.2686, Train Acc: 0.3230, Val Loss: 8.3865, Val Acc: 0.3040
2025-04-09 02:16:35,584 [INFO] Epoch 3/20, Train Loss: 7.6878, Train Acc: 0.4150, Val Loss: 7.9241, Val Acc: 0.3360
2025-04-09 02:16:36,465 [INFO] Epoch 4/20, Train Loss: 7.2535, Train Acc: 0.4340, Val Loss: 7.5452, Val Acc: 0.3220
2025-04-09 02:16:37,421 [INFO] Epoch 5/20, Train Loss: 6.8672, Train Acc: 0.4720, Val Loss: 7.2594, Val Acc: 0.3180
2025-04-09 02:16:38,312 [INFO] Epoch 6/20, Train Loss: 6.4800, Train Acc: 0.5270, Val Loss: 6.8892, Val Acc: 0.3620
2025-04-09 02:16:39,184 [INFO] Epoch 7/20, Train Loss: 6.1821, Train Acc: 0.5410, Val Loss: 6.6280, Val Acc: 0.3640
2025-04-09 02:16:40,062 [INFO] Epoch 8/20, Train Loss: 5.8521, Train Acc: 0.5880, Val Loss: 6.3147, Val Acc: 0.3820
2025-04-09 02:16:39,204 [INFO] Epoch 9/20, Train Loss: 5.6046, Train Acc: 0.5750, Val Loss: 6.0691, Val Acc: 0.3960
2025-04-09 02:16:40,166 [INFO] Epoch 10/20, Train Loss: 5.3188, Train Acc: 0.6180, Val Loss: 5.8299, Val Acc: 0.3780
2025-04-09 02:16:41,172 [INFO] Epoch 11/20, Train Loss: 5.1125, Train Acc: 0.6120, Val Loss: 5.6521, Val Acc: 0.3740
2025-04-09 02:16:42,118 [INFO] Epoch 12/20, Train Loss: 4.9265, Train Acc: 0.5850, Val Loss: 5.4971, Val Acc: 0.3620
2025-04-09 02:16:43,238 [INFO] Epoch 13/20, Train Loss: 4.6985, Train Acc: 0.6180, Val Loss: 5.2312, Val Acc: 0.3760
2025-04-09 02:16:44,315 [INFO] Epoch 14/20, Train Loss: 4.5237, Train Acc: 0.6250, Val Loss: 5.0750, Val Acc: 0.3800
2025-04-09 02:16:45,298 [INFO] Epoch 15/20, Train Loss: 4.4198, Train Acc: 0.6330, Val Loss: 4.9751, Val Acc: 0.3840
2025-04-09 02:16:46,197 [INFO] Epoch 16/20, Train Loss: 4.1794, Train Acc: 0.6700, Val Loss: 4.7361, Val Acc: 0.3900
2025-04-09 02:16:47,104 [INFO] Epoch 17/20, Train Loss: 4.0593, Train Acc: 0.6200, Val Loss: 4.6292, Val Acc: 0.3920
2025-04-09 02:16:48,034 [INFO] Epoch 18/20, Train Loss: 3.9023, Train Acc: 0.6630, Val Loss: 4.5221, Val Acc: 0.3960
2025-04-09 02:16:48,915 [INFO] Epoch 19/20, Train Loss: 3.7826, Train Acc: 0.6550, Val Loss: 4.3636, Val Acc: 0.4100
2025-04-09 02:16:49,809 [INFO] Epoch 20/20, Train Loss: 3.6552, Train Acc: 0.6890, Val Loss: 4.2422, Val Acc: 0.4100
2025-04-09 02:16:50,988 [INFO] Test Accuracy: 0.3919
2025-04-09 02:16:50,988 [INFO] 
 Hyperparameters: lr=0.01, reg=0.01
2025-04-09 02:16:51,895 [INFO] Epoch 1/20, Train Loss: 2.8017, Train Acc: 0.2700, Val Loss: 2.8951, Val Acc: 0.2420
2025-04-09 02:16:52,934 [INFO] Epoch 2/20, Train Loss: 2.5369, Train Acc: 0.3600, Val Loss: 2.7731, Val Acc: 0.3280
2025-04-09 02:16:53,935 [INFO] Epoch 3/20, Train Loss: 2.3861, Train Acc: 0.4220, Val Loss: 2.6128, Val Acc: 0.3380
2025-04-09 02:16:54,819 [INFO] Epoch 4/20, Train Loss: 2.2612, Train Acc: 0.4690, Val Loss: 2.6054, Val Acc: 0.3520
2025-04-09 02:16:55,781 [INFO] Epoch 5/20, Train Loss: 2.1511, Train Acc: 0.5280, Val Loss: 2.5477, Val Acc: 0.3780
2025-04-09 02:16:56,722 [INFO] Epoch 6/20, Train Loss: 2.1017, Train Acc: 0.5290, Val Loss: 2.5334, Val Acc: 0.3840
2025-04-09 02:16:57,786 [INFO] Epoch 7/20, Train Loss: 2.0447, Train Acc: 0.5580, Val Loss: 2.5201, Val Acc: 0.3920
2025-04-09 02:16:58,790 [INFO] Epoch 8/20, Train Loss: 1.9666, Train Acc: 0.5960, Val Loss: 2.4889, Val Acc: 0.4020
2025-04-09 02:16:59,849 [INFO] Epoch 9/20, Train Loss: 1.9323, Train Acc: 0.5920, Val Loss: 2.4987, Val Acc: 0.3780
2025-04-09 02:17:00,836 [INFO] Epoch 10/20, Train Loss: 1.8992, Train Acc: 0.6130, Val Loss: 2.4903, Val Acc: 0.3960
2025-04-09 02:17:01,807 [INFO] Epoch 11/20, Train Loss: 1.8518, Train Acc: 0.6300, Val Loss: 2.4965, Val Acc: 0.4060
2025-04-09 02:17:02,916 [INFO] Epoch 12/20, Train Loss: 1.8067, Train Acc: 0.6720, Val Loss: 2.4606, Val Acc: 0.3820
2025-04-09 02:17:03,903 [INFO] Epoch 13/20, Train Loss: 1.7767, Train Acc: 0.6730, Val Loss: 2.4780, Val Acc: 0.4060
2025-04-09 02:17:04,905 [INFO] Epoch 14/20, Train Loss: 1.7384, Train Acc: 0.6970, Val Loss: 2.4340, Val Acc: 0.4020
2025-04-09 02:17:05,965 [INFO] Epoch 15/20, Train Loss: 1.6952, Train Acc: 0.6990, Val Loss: 2.4602, Val Acc: 0.3900
2025-04-09 02:17:06,935 [INFO] Epoch 16/20, Train Loss: 1.6704, Train Acc: 0.7070, Val Loss: 2.4332, Val Acc: 0.3960
2025-04-09 02:17:07,928 [INFO] Epoch 17/20, Train Loss: 1.6958, Train Acc: 0.6610, Val Loss: 2.5259, Val Acc: 0.3840
2025-04-09 02:17:08,962 [INFO] Epoch 18/20, Train Loss: 1.6161, Train Acc: 0.7260, Val Loss: 2.4261, Val Acc: 0.4080
2025-04-09 02:17:09,947 [INFO] Epoch 19/20, Train Loss: 1.6086, Train Acc: 0.7230, Val Loss: 2.4420, Val Acc: 0.4040
2025-04-09 02:17:10,939 [INFO] Epoch 20/20, Train Loss: 1.5986, Train Acc: 0.7290, Val Loss: 2.4809, Val Acc: 0.3960
2025-04-09 02:17:10,536 [INFO] Test Accuracy: 0.3717
2025-04-09 02:17:10,536 [INFO] 
 Hyperparameters: lr=0.01, reg=0.001
2025-04-09 02:17:11,573 [INFO] Epoch 1/20, Train Loss: 2.1231, Train Acc: 0.2870, Val Loss: 2.2754, Val Acc: 0.2220
2025-04-09 02:17:12,525 [INFO] Epoch 2/20, Train Loss: 1.8697, Train Acc: 0.3630, Val Loss: 2.1304, Val Acc: 0.2620
2025-04-09 02:17:13,731 [INFO] Epoch 3/20, Train Loss: 1.6921, Train Acc: 0.4490, Val Loss: 2.0077, Val Acc: 0.3160
2025-04-09 02:17:14,822 [INFO] Epoch 4/20, Train Loss: 1.6694, Train Acc: 0.4550, Val Loss: 2.0141, Val Acc: 0.3300
2025-04-09 02:17:15,764 [INFO] Epoch 5/20, Train Loss: 1.5128, Train Acc: 0.5100, Val Loss: 1.9446, Val Acc: 0.3580
2025-04-09 02:17:16,878 [INFO] Epoch 6/20, Train Loss: 1.4320, Train Acc: 0.5190, Val Loss: 1.9077, Val Acc: 0.3500
2025-04-09 02:17:17,920 [INFO] Epoch 7/20, Train Loss: 1.3887, Train Acc: 0.5670, Val Loss: 1.8868, Val Acc: 0.3320
2025-04-09 02:17:18,984 [INFO] Epoch 8/20, Train Loss: 1.3414, Train Acc: 0.5860, Val Loss: 1.8857, Val Acc: 0.3720
2025-04-09 02:17:20,018 [INFO] Epoch 9/20, Train Loss: 1.2790, Train Acc: 0.6040, Val Loss: 1.8587, Val Acc: 0.3660
2025-04-09 02:17:21,099 [INFO] Epoch 10/20, Train Loss: 1.2129, Train Acc: 0.6400, Val Loss: 1.8424, Val Acc: 0.3720
2025-04-09 02:17:22,184 [INFO] Epoch 11/20, Train Loss: 1.2387, Train Acc: 0.5950, Val Loss: 1.9505, Val Acc: 0.3380
2025-04-09 02:17:23,278 [INFO] Epoch 12/20, Train Loss: 1.1785, Train Acc: 0.6160, Val Loss: 1.9136, Val Acc: 0.3640
2025-04-09 02:17:24,314 [INFO] Epoch 13/20, Train Loss: 1.0832, Train Acc: 0.7040, Val Loss: 1.8087, Val Acc: 0.3840
2025-04-09 02:17:25,307 [INFO] Epoch 14/20, Train Loss: 1.0884, Train Acc: 0.6960, Val Loss: 1.8462, Val Acc: 0.3640
2025-04-09 02:17:26,318 [INFO] Epoch 15/20, Train Loss: 1.0784, Train Acc: 0.6830, Val Loss: 1.8392, Val Acc: 0.3860
2025-04-09 02:17:27,307 [INFO] Epoch 16/20, Train Loss: 1.0384, Train Acc: 0.6830, Val Loss: 1.8454, Val Acc: 0.3720
2025-04-09 02:17:28,358 [INFO] Epoch 17/20, Train Loss: 0.9868, Train Acc: 0.7190, Val Loss: 1.8131, Val Acc: 0.3740
2025-04-09 02:17:29,355 [INFO] Epoch 18/20, Train Loss: 0.9859, Train Acc: 0.7070, Val Loss: 1.8252, Val Acc: 0.3840
2025-04-09 02:17:30,363 [INFO] Epoch 19/20, Train Loss: 0.9454, Train Acc: 0.7450, Val Loss: 1.8005, Val Acc: 0.3860
2025-04-09 02:17:31,323 [INFO] Epoch 20/20, Train Loss: 0.9010, Train Acc: 0.7740, Val Loss: 1.7559, Val Acc: 0.4120
2025-04-09 02:17:32,698 [INFO] Test Accuracy: 0.4001
2025-04-09 02:17:32,698 [INFO] 
 Hyperparameters: lr=0.001, reg=0.1
2025-04-09 02:17:33,711 [INFO] Epoch 1/20, Train Loss: 9.9431, Train Acc: 0.1100, Val Loss: 9.9927, Val Acc: 0.1120
2025-04-09 02:17:34,855 [INFO] Epoch 2/20, Train Loss: 9.7364, Train Acc: 0.1390, Val Loss: 9.8155, Val Acc: 0.1340
2025-04-09 02:17:35,930 [INFO] Epoch 3/20, Train Loss: 9.5778, Train Acc: 0.1520, Val Loss: 9.6802, Val Acc: 0.1500
2025-04-09 02:17:36,985 [INFO] Epoch 4/20, Train Loss: 9.4445, Train Acc: 0.1690, Val Loss: 9.5678, Val Acc: 0.1780
2025-04-09 02:17:37,970 [INFO] Epoch 5/20, Train Loss: 9.3210, Train Acc: 0.1830, Val Loss: 9.4656, Val Acc: 0.1900
2025-04-09 02:17:38,990 [INFO] Epoch 6/20, Train Loss: 9.2146, Train Acc: 0.2120, Val Loss: 9.3767, Val Acc: 0.2020
2025-04-09 02:17:39,964 [INFO] Epoch 7/20, Train Loss: 9.1127, Train Acc: 0.2310, Val Loss: 9.2886, Val Acc: 0.2120
2025-04-09 02:17:40,955 [INFO] Epoch 8/20, Train Loss: 9.0216, Train Acc: 0.2450, Val Loss: 9.2075, Val Acc: 0.2220
2025-04-09 02:17:40,254 [INFO] Epoch 9/20, Train Loss: 8.9325, Train Acc: 0.2670, Val Loss: 9.1280, Val Acc: 0.2320
2025-04-09 02:17:41,232 [INFO] Epoch 10/20, Train Loss: 8.8479, Train Acc: 0.2750, Val Loss: 9.0532, Val Acc: 0.2420
2025-04-09 02:17:42,167 [INFO] Epoch 11/20, Train Loss: 8.7704, Train Acc: 0.2970, Val Loss: 8.9875, Val Acc: 0.2480
2025-04-09 02:17:43,143 [INFO] Epoch 12/20, Train Loss: 8.6959, Train Acc: 0.2990, Val Loss: 8.9220, Val Acc: 0.2560
2025-04-09 02:17:44,052 [INFO] Epoch 13/20, Train Loss: 8.6270, Train Acc: 0.3150, Val Loss: 8.8667, Val Acc: 0.2460
2025-04-09 02:17:44,988 [INFO] Epoch 14/20, Train Loss: 8.5600, Train Acc: 0.3250, Val Loss: 8.8046, Val Acc: 0.2520
2025-04-09 02:17:45,905 [INFO] Epoch 15/20, Train Loss: 8.4952, Train Acc: 0.3290, Val Loss: 8.7463, Val Acc: 0.2520
2025-04-09 02:17:46,831 [INFO] Epoch 16/20, Train Loss: 8.4350, Train Acc: 0.3440, Val Loss: 8.6866, Val Acc: 0.2540
2025-04-09 02:17:47,752 [INFO] Epoch 17/20, Train Loss: 8.3746, Train Acc: 0.3520, Val Loss: 8.6373, Val Acc: 0.2600
2025-04-09 02:17:48,663 [INFO] Epoch 18/20, Train Loss: 8.3173, Train Acc: 0.3650, Val Loss: 8.5846, Val Acc: 0.2660
2025-04-09 02:17:49,571 [INFO] Epoch 19/20, Train Loss: 8.2619, Train Acc: 0.3750, Val Loss: 8.5381, Val Acc: 0.2700
2025-04-09 02:17:50,478 [INFO] Epoch 20/20, Train Loss: 8.2066, Train Acc: 0.3790, Val Loss: 8.4869, Val Acc: 0.2600
2025-04-09 02:17:51,685 [INFO] Test Accuracy: 0.2803
2025-04-09 02:17:51,685 [INFO] 
 Hyperparameters: lr=0.001, reg=0.01
2025-04-09 02:17:52,605 [INFO] Epoch 1/20, Train Loss: 3.3511, Train Acc: 0.1230, Val Loss: 3.5426, Val Acc: 0.0960
2025-04-09 02:17:53,580 [INFO] Epoch 2/20, Train Loss: 3.1989, Train Acc: 0.1560, Val Loss: 3.3956, Val Acc: 0.1180
2025-04-09 02:17:54,551 [INFO] Epoch 3/20, Train Loss: 3.1002, Train Acc: 0.1790, Val Loss: 3.3079, Val Acc: 0.1200
2025-04-09 02:17:55,537 [INFO] Epoch 4/20, Train Loss: 3.0167, Train Acc: 0.1950, Val Loss: 3.2375, Val Acc: 0.1320
2025-04-09 02:17:56,494 [INFO] Epoch 5/20, Train Loss: 2.9477, Train Acc: 0.2130, Val Loss: 3.1782, Val Acc: 0.1360
2025-04-09 02:17:57,520 [INFO] Epoch 6/20, Train Loss: 2.8862, Train Acc: 0.2190, Val Loss: 3.1281, Val Acc: 0.1460
2025-04-09 02:17:58,592 [INFO] Epoch 7/20, Train Loss: 2.8353, Train Acc: 0.2320, Val Loss: 3.0828, Val Acc: 0.1680
2025-04-09 02:17:59,604 [INFO] Epoch 8/20, Train Loss: 2.7902, Train Acc: 0.2530, Val Loss: 3.0478, Val Acc: 0.1740
2025-04-09 02:18:00,599 [INFO] Epoch 9/20, Train Loss: 2.7453, Train Acc: 0.2720, Val Loss: 3.0116, Val Acc: 0.1820
2025-04-09 02:18:01,615 [INFO] Epoch 10/20, Train Loss: 2.7096, Train Acc: 0.2840, Val Loss: 2.9840, Val Acc: 0.1940
2025-04-09 02:18:02,657 [INFO] Epoch 11/20, Train Loss: 2.6771, Train Acc: 0.2870, Val Loss: 2.9622, Val Acc: 0.2040
2025-04-09 02:18:03,692 [INFO] Epoch 12/20, Train Loss: 2.6470, Train Acc: 0.3050, Val Loss: 2.9379, Val Acc: 0.2100
2025-04-09 02:18:04,810 [INFO] Epoch 13/20, Train Loss: 2.6204, Train Acc: 0.3210, Val Loss: 2.9160, Val Acc: 0.2100
2025-04-09 02:18:05,934 [INFO] Epoch 14/20, Train Loss: 2.5909, Train Acc: 0.3250, Val Loss: 2.8950, Val Acc: 0.2260
2025-04-09 02:18:06,978 [INFO] Epoch 15/20, Train Loss: 2.5682, Train Acc: 0.3300, Val Loss: 2.8771, Val Acc: 0.2260
2025-04-09 02:18:07,949 [INFO] Epoch 16/20, Train Loss: 2.5458, Train Acc: 0.3400, Val Loss: 2.8619, Val Acc: 0.2280
2025-04-09 02:18:08,939 [INFO] Epoch 17/20, Train Loss: 2.5261, Train Acc: 0.3550, Val Loss: 2.8488, Val Acc: 0.2340
2025-04-09 02:18:09,941 [INFO] Epoch 18/20, Train Loss: 2.5048, Train Acc: 0.3550, Val Loss: 2.8371, Val Acc: 0.2380
2025-04-09 02:18:10,926 [INFO] Epoch 19/20, Train Loss: 2.4860, Train Acc: 0.3620, Val Loss: 2.8264, Val Acc: 0.2360
2025-04-09 02:18:11,874 [INFO] Epoch 20/20, Train Loss: 2.4698, Train Acc: 0.3690, Val Loss: 2.8170, Val Acc: 0.2420
2025-04-09 02:18:11,317 [INFO] Test Accuracy: 0.2592
2025-04-09 02:18:11,317 [INFO] 
 Hyperparameters: lr=0.001, reg=0.001
2025-04-09 02:18:12,355 [INFO] Epoch 1/20, Train Loss: 2.6730, Train Acc: 0.1320, Val Loss: 2.6716, Val Acc: 0.1220
2025-04-09 02:18:13,483 [INFO] Epoch 2/20, Train Loss: 2.5466, Train Acc: 0.1500, Val Loss: 2.5586, Val Acc: 0.1480
2025-04-09 02:18:14,517 [INFO] Epoch 3/20, Train Loss: 2.4510, Train Acc: 0.1630, Val Loss: 2.4786, Val Acc: 0.1620
2025-04-09 02:18:15,578 [INFO] Epoch 4/20, Train Loss: 2.3751, Train Acc: 0.1980, Val Loss: 2.4214, Val Acc: 0.1880
2025-04-09 02:18:16,607 [INFO] Epoch 5/20, Train Loss: 2.3086, Train Acc: 0.2100, Val Loss: 2.3602, Val Acc: 0.1900
2025-04-09 02:18:17,629 [INFO] Epoch 6/20, Train Loss: 2.2528, Train Acc: 0.2250, Val Loss: 2.3127, Val Acc: 0.2060
2025-04-09 02:18:18,649 [INFO] Epoch 7/20, Train Loss: 2.2027, Train Acc: 0.2400, Val Loss: 2.2777, Val Acc: 0.2280
2025-04-09 02:18:19,708 [INFO] Epoch 8/20, Train Loss: 2.1614, Train Acc: 0.2470, Val Loss: 2.2388, Val Acc: 0.2440
2025-04-09 02:18:20,789 [INFO] Epoch 9/20, Train Loss: 2.1228, Train Acc: 0.2620, Val Loss: 2.2167, Val Acc: 0.2460
2025-04-09 02:18:21,874 [INFO] Epoch 10/20, Train Loss: 2.0878, Train Acc: 0.2740, Val Loss: 2.1865, Val Acc: 0.2620
2025-04-09 02:18:22,980 [INFO] Epoch 11/20, Train Loss: 2.0586, Train Acc: 0.2920, Val Loss: 2.1687, Val Acc: 0.2640
2025-04-09 02:18:24,103 [INFO] Epoch 12/20, Train Loss: 2.0305, Train Acc: 0.3070, Val Loss: 2.1448, Val Acc: 0.2680
2025-04-09 02:18:25,186 [INFO] Epoch 13/20, Train Loss: 2.0032, Train Acc: 0.3170, Val Loss: 2.1221, Val Acc: 0.2840
2025-04-09 02:18:26,316 [INFO] Epoch 14/20, Train Loss: 1.9805, Train Acc: 0.3250, Val Loss: 2.1050, Val Acc: 0.2840
2025-04-09 02:18:27,329 [INFO] Epoch 15/20, Train Loss: 1.9564, Train Acc: 0.3320, Val Loss: 2.0898, Val Acc: 0.2820
2025-04-09 02:18:28,433 [INFO] Epoch 16/20, Train Loss: 1.9353, Train Acc: 0.3410, Val Loss: 2.0751, Val Acc: 0.2920
2025-04-09 02:18:29,499 [INFO] Epoch 17/20, Train Loss: 1.9160, Train Acc: 0.3460, Val Loss: 2.0647, Val Acc: 0.2980
2025-04-09 02:18:30,604 [INFO] Epoch 18/20, Train Loss: 1.8973, Train Acc: 0.3540, Val Loss: 2.0574, Val Acc: 0.2960
2025-04-09 02:18:31,669 [INFO] Epoch 19/20, Train Loss: 1.8794, Train Acc: 0.3630, Val Loss: 2.0440, Val Acc: 0.3000
2025-04-09 02:18:32,753 [INFO] Epoch 20/20, Train Loss: 1.8626, Train Acc: 0.3660, Val Loss: 2.0326, Val Acc: 0.3060
2025-04-09 02:18:34,299 [INFO] Test Accuracy: 0.2844
