2025-04-13 00:48:19,972 [INFO] Starting CIFAR-10 training...
2025-04-13 00:48:21,576 [INFO] Starting hyperparameter search...
2025-04-13 00:48:21,577 [INFO] 
 Hyperparameters: lr=0.015, reg=0.1
2025-04-13 00:48:23,141 [INFO] Epoch 1/5, Train Loss: 9.3449, Train Acc: 0.2600, Val Loss: 9.7512, Val Acc: 0.1000
2025-04-13 00:48:23,271 [INFO] Epoch 2/5, Train Loss: 9.0520, Train Acc: 0.3300, Val Loss: 9.7676, Val Acc: 0.1200
2025-04-13 00:48:23,355 [INFO] Epoch 3/5, Train Loss: 8.8368, Train Acc: 0.3700, Val Loss: 9.5589, Val Acc: 0.1600
2025-04-13 00:48:23,443 [INFO] Epoch 4/5, Train Loss: 8.5513, Train Acc: 0.5100, Val Loss: 9.5259, Val Acc: 0.1800
2025-04-13 00:48:23,537 [INFO] Epoch 5/5, Train Loss: 8.4053, Train Acc: 0.5400, Val Loss: 9.3541, Val Acc: 0.2200
2025-04-13 00:48:23,543 [INFO] 
 Hyperparameters: lr=0.015, reg=0.01
2025-04-13 00:48:23,625 [INFO] Epoch 1/5, Train Loss: 2.9927, Train Acc: 0.2100, Val Loss: 3.3572, Val Acc: 0.1600
2025-04-13 00:48:23,707 [INFO] Epoch 2/5, Train Loss: 2.6986, Train Acc: 0.2900, Val Loss: 3.2107, Val Acc: 0.1800
2025-04-13 00:48:23,795 [INFO] Epoch 3/5, Train Loss: 2.4834, Train Acc: 0.3400, Val Loss: 3.2392, Val Acc: 0.1400
2025-04-13 00:48:23,876 [INFO] Epoch 4/5, Train Loss: 2.3928, Train Acc: 0.3600, Val Loss: 3.2847, Val Acc: 0.1400
2025-04-13 00:48:23,960 [INFO] Epoch 5/5, Train Loss: 2.1542, Train Acc: 0.4700, Val Loss: 3.0939, Val Acc: 0.1800
2025-04-13 00:48:23,961 [INFO] 
 Hyperparameters: lr=0.015, reg=0.001
2025-04-13 00:48:24,035 [INFO] Epoch 1/5, Train Loss: 2.3467, Train Acc: 0.2300, Val Loss: 2.7480, Val Acc: 0.1400
2025-04-13 00:48:24,119 [INFO] Epoch 2/5, Train Loss: 1.9438, Train Acc: 0.3100, Val Loss: 2.6654, Val Acc: 0.1200
2025-04-13 00:48:24,195 [INFO] Epoch 3/5, Train Loss: 1.7611, Train Acc: 0.3900, Val Loss: 2.7064, Val Acc: 0.1400
2025-04-13 00:48:24,278 [INFO] Epoch 4/5, Train Loss: 1.5635, Train Acc: 0.5100, Val Loss: 2.5810, Val Acc: 0.1800
2025-04-13 00:48:24,359 [INFO] Epoch 5/5, Train Loss: 1.4568, Train Acc: 0.5600, Val Loss: 2.5119, Val Acc: 0.1800
2025-04-13 00:48:24,360 [INFO] 
 Hyperparameters: lr=0.01, reg=0.1
2025-04-13 00:48:24,442 [INFO] Epoch 1/5, Train Loss: 9.6804, Train Acc: 0.1600, Val Loss: 9.9255, Val Acc: 0.0800
2025-04-13 00:48:24,525 [INFO] Epoch 2/5, Train Loss: 9.3273, Train Acc: 0.2000, Val Loss: 9.7790, Val Acc: 0.1200
2025-04-13 00:48:24,607 [INFO] Epoch 3/5, Train Loss: 9.0331, Train Acc: 0.3500, Val Loss: 9.6768, Val Acc: 0.1200
2025-04-13 00:48:24,691 [INFO] Epoch 4/5, Train Loss: 8.8286, Train Acc: 0.4000, Val Loss: 9.5769, Val Acc: 0.1000
2025-04-13 00:48:24,773 [INFO] Epoch 5/5, Train Loss: 8.6693, Train Acc: 0.4000, Val Loss: 9.5015, Val Acc: 0.1200
2025-04-13 00:48:24,774 [INFO] 
 Hyperparameters: lr=0.01, reg=0.01
2025-04-13 00:48:24,852 [INFO] Epoch 1/5, Train Loss: 3.3924, Train Acc: 0.1300, Val Loss: 3.6872, Val Acc: 0.1400
2025-04-13 00:48:24,940 [INFO] Epoch 2/5, Train Loss: 3.0176, Train Acc: 0.1700, Val Loss: 3.4430, Val Acc: 0.1600
2025-04-13 00:48:25,020 [INFO] Epoch 3/5, Train Loss: 2.8167, Train Acc: 0.2400, Val Loss: 3.3556, Val Acc: 0.1400
2025-04-13 00:48:25,099 [INFO] Epoch 4/5, Train Loss: 2.5628, Train Acc: 0.3300, Val Loss: 3.2111, Val Acc: 0.1600
2025-04-13 00:48:25,182 [INFO] Epoch 5/5, Train Loss: 2.3965, Train Acc: 0.4700, Val Loss: 3.2074, Val Acc: 0.2000
2025-04-13 00:48:25,184 [INFO] 
 Hyperparameters: lr=0.01, reg=0.001
2025-04-13 00:48:25,263 [INFO] Epoch 1/5, Train Loss: 2.3921, Train Acc: 0.2000, Val Loss: 2.7815, Val Acc: 0.1400
2025-04-13 00:48:25,349 [INFO] Epoch 2/5, Train Loss: 2.1489, Train Acc: 0.2900, Val Loss: 2.7099, Val Acc: 0.2000
2025-04-13 00:48:25,425 [INFO] Epoch 3/5, Train Loss: 1.9553, Train Acc: 0.3200, Val Loss: 2.5577, Val Acc: 0.1600
2025-04-13 00:48:25,501 [INFO] Epoch 4/5, Train Loss: 1.7797, Train Acc: 0.4200, Val Loss: 2.4891, Val Acc: 0.2000
2025-04-13 00:48:25,588 [INFO] Epoch 5/5, Train Loss: 1.6759, Train Acc: 0.4400, Val Loss: 2.4586, Val Acc: 0.1800
2025-04-13 00:48:25,590 [INFO] 
 Hyperparameters: lr=0.095, reg=0.1
2025-04-13 00:48:25,668 [INFO] Epoch 1/5, Train Loss: 10.7594, Train Acc: 0.1400, Val Loss: 10.9075, Val Acc: 0.1600
2025-04-13 00:48:25,749 [INFO] Epoch 2/5, Train Loss: 11.3149, Train Acc: 0.2500, Val Loss: 10.9899, Val Acc: 0.2600
2025-04-13 00:48:25,834 [INFO] Epoch 3/5, Train Loss: 9.8384, Train Acc: 0.2200, Val Loss: 10.6555, Val Acc: 0.0600
2025-04-13 00:48:25,912 [INFO] Epoch 4/5, Train Loss: 10.0872, Train Acc: 0.2000, Val Loss: 11.1129, Val Acc: 0.1200
2025-04-13 00:48:26,002 [INFO] Epoch 5/5, Train Loss: 10.9036, Train Acc: 0.1000, Val Loss: 10.8051, Val Acc: 0.1400
2025-04-13 00:48:26,002 [INFO] 
 Hyperparameters: lr=0.095, reg=0.01
2025-04-13 00:48:26,081 [INFO] Epoch 1/5, Train Loss: 5.6903, Train Acc: 0.2100, Val Loss: 5.9863, Val Acc: 0.1200
2025-04-13 00:48:26,160 [INFO] Epoch 2/5, Train Loss: 3.8965, Train Acc: 0.2200, Val Loss: 4.4692, Val Acc: 0.1400
2025-04-13 00:48:26,262 [INFO] Epoch 3/5, Train Loss: 3.8347, Train Acc: 0.2300, Val Loss: 4.6817, Val Acc: 0.0800
2025-04-13 00:48:26,341 [INFO] Epoch 4/5, Train Loss: 4.2259, Train Acc: 0.1900, Val Loss: 4.5882, Val Acc: 0.0800
2025-04-13 00:48:26,417 [INFO] Epoch 5/5, Train Loss: 4.1846, Train Acc: 0.2400, Val Loss: 5.4004, Val Acc: 0.0800
2025-04-13 00:48:26,418 [INFO] 
 Hyperparameters: lr=0.095, reg=0.001
2025-04-13 00:48:26,497 [INFO] Epoch 1/5, Train Loss: 3.6622, Train Acc: 0.1400, Val Loss: 3.6945, Val Acc: 0.1600
2025-04-13 00:48:26,575 [INFO] Epoch 2/5, Train Loss: 2.6053, Train Acc: 0.2500, Val Loss: 3.1949, Val Acc: 0.1400
2025-04-13 00:48:26,664 [INFO] Epoch 3/5, Train Loss: 5.3010, Train Acc: 0.1600, Val Loss: 5.7962, Val Acc: 0.0800
2025-04-13 00:48:26,748 [INFO] Epoch 4/5, Train Loss: 4.4739, Train Acc: 0.1800, Val Loss: 4.2674, Val Acc: 0.1600
2025-04-13 00:48:26,835 [INFO] Epoch 5/5, Train Loss: 3.9898, Train Acc: 0.1400, Val Loss: 4.8003, Val Acc: 0.0800
2025-04-13 00:48:26,928 [INFO] Epoch 1/20, Train Loss: 13.9109, Train Acc: 0.2500, Val Loss: 14.9716, Val Acc: 0.1200
2025-04-13 00:48:27,016 [INFO] Epoch 2/20, Train Loss: 15.4930, Train Acc: 0.1900, Val Loss: 15.8684, Val Acc: 0.1600
2025-04-13 00:48:27,116 [INFO] Epoch 3/20, Train Loss: 13.3318, Train Acc: 0.2300, Val Loss: 13.3743, Val Acc: 0.0800
2025-04-13 00:48:27,213 [INFO] Epoch 4/20, Train Loss: 17.3530, Train Acc: 0.2000, Val Loss: 17.7387, Val Acc: 0.0800
2025-04-13 00:48:27,304 [INFO] Epoch 5/20, Train Loss: 18.0216, Train Acc: 0.1100, Val Loss: 19.4342, Val Acc: 0.1000
2025-04-13 00:48:27,405 [INFO] Epoch 6/20, Train Loss: 15.7558, Train Acc: 0.2500, Val Loss: 18.2190, Val Acc: 0.0800
2025-04-13 00:48:27,490 [INFO] Epoch 7/20, Train Loss: 14.3048, Train Acc: 0.1300, Val Loss: 14.6645, Val Acc: 0.1000
2025-04-13 00:48:27,582 [INFO] Epoch 8/20, Train Loss: 12.0958, Train Acc: 0.3900, Val Loss: 14.7950, Val Acc: 0.0200
2025-04-13 00:48:27,681 [INFO] Epoch 9/20, Train Loss: 13.8731, Train Acc: 0.1900, Val Loss: 15.6484, Val Acc: 0.0600
2025-04-13 00:48:27,776 [INFO] Epoch 10/20, Train Loss: 13.8232, Train Acc: 0.2700, Val Loss: 15.6678, Val Acc: 0.1200
2025-04-13 00:48:27,865 [INFO] Epoch 11/20, Train Loss: 13.6487, Train Acc: 0.2000, Val Loss: 15.8268, Val Acc: 0.0800
2025-04-13 00:48:27,953 [INFO] Epoch 12/20, Train Loss: 15.2952, Train Acc: 0.1500, Val Loss: 16.0090, Val Acc: 0.1400
2025-04-13 00:48:28,044 [INFO] Epoch 13/20, Train Loss: 11.5270, Train Acc: 0.3400, Val Loss: 13.6850, Val Acc: 0.0600
2025-04-13 00:48:28,148 [INFO] Epoch 14/20, Train Loss: 13.9617, Train Acc: 0.2600, Val Loss: 17.0388, Val Acc: 0.0600
2025-04-13 00:48:28,253 [INFO] Epoch 15/20, Train Loss: 12.2575, Train Acc: 0.2800, Val Loss: 13.6066, Val Acc: 0.1200
2025-04-13 00:48:28,344 [INFO] Epoch 16/20, Train Loss: 11.5183, Train Acc: 0.3200, Val Loss: 14.4617, Val Acc: 0.0600
2025-04-13 00:48:28,441 [INFO] Epoch 17/20, Train Loss: 11.1958, Train Acc: 0.3000, Val Loss: 13.7578, Val Acc: 0.0800
2025-04-13 00:48:28,530 [INFO] Epoch 18/20, Train Loss: 12.5603, Train Acc: 0.2100, Val Loss: 13.3951, Val Acc: 0.1800
2025-04-13 00:48:28,625 [INFO] Epoch 19/20, Train Loss: 11.5851, Train Acc: 0.3400, Val Loss: 14.6312, Val Acc: 0.0400
2025-04-13 00:48:28,713 [INFO] Epoch 20/20, Train Loss: 9.5452, Train Acc: 0.4600, Val Loss: 11.8210, Val Acc: 0.0200
2025-04-13 00:48:29,744 [INFO] Test Accuracy: 0.1419
2025-04-13 00:48:29,744 [INFO] Training completed.
