2025-04-12 02:12:17,423 [INFO] Starting CIFAR-10 training...
2025-04-12 02:12:18,965 [INFO] Starting hyperparameter search...
2025-04-12 02:12:18,965 [INFO] 
 Hyperparameters: lr=0.1, reg=0.1
2025-04-12 02:12:20,936 [INFO] Epoch 1/5, Train Loss: 9.6429, Train Acc: 0.1250, Val Loss: 9.8332, Val Acc: 0.0840
2025-04-12 02:12:21,688 [INFO] Epoch 2/5, Train Loss: 8.2631, Train Acc: 0.1330, Val Loss: 8.4207, Val Acc: 0.1500
2025-04-12 02:12:22,346 [INFO] Epoch 3/5, Train Loss: 6.7499, Train Acc: 0.1550, Val Loss: 6.9861, Val Acc: 0.1160
2025-04-12 02:12:23,009 [INFO] Epoch 4/5, Train Loss: 6.9115, Train Acc: 0.1300, Val Loss: 7.1928, Val Acc: 0.1260
2025-04-12 02:12:23,685 [INFO] Epoch 5/5, Train Loss: 5.4728, Train Acc: 0.1610, Val Loss: 5.6047, Val Acc: 0.1720
2025-04-12 02:12:23,690 [INFO] 
 Hyperparameters: lr=0.1, reg=0.01
2025-04-12 02:12:24,374 [INFO] Epoch 1/5, Train Loss: 4.7427, Train Acc: 0.1260, Val Loss: 4.9406, Val Acc: 0.1040
2025-04-12 02:12:25,079 [INFO] Epoch 2/5, Train Loss: 5.0679, Train Acc: 0.1660, Val Loss: 5.3080, Val Acc: 0.1920
2025-04-12 02:12:25,742 [INFO] Epoch 3/5, Train Loss: 4.4970, Train Acc: 0.1690, Val Loss: 4.7716, Val Acc: 0.1300
2025-04-12 02:12:26,393 [INFO] Epoch 4/5, Train Loss: 7.3985, Train Acc: 0.1180, Val Loss: 7.5980, Val Acc: 0.1260
2025-04-12 02:12:27,078 [INFO] Epoch 5/5, Train Loss: 4.3904, Train Acc: 0.1800, Val Loss: 4.7955, Val Acc: 0.1280
2025-04-12 02:12:27,080 [INFO] 
 Hyperparameters: lr=0.1, reg=0.001
2025-04-12 02:12:27,728 [INFO] Epoch 1/5, Train Loss: 4.0332, Train Acc: 0.1300, Val Loss: 4.2940, Val Acc: 0.0860
2025-04-12 02:12:28,380 [INFO] Epoch 2/5, Train Loss: 3.9385, Train Acc: 0.1410, Val Loss: 4.1573, Val Acc: 0.1540
2025-04-12 02:12:29,064 [INFO] Epoch 3/5, Train Loss: 4.0868, Train Acc: 0.1430, Val Loss: 4.3742, Val Acc: 0.1320
2025-04-12 02:12:29,718 [INFO] Epoch 4/5, Train Loss: 3.3296, Train Acc: 0.1870, Val Loss: 3.5839, Val Acc: 0.1560
2025-04-12 02:12:30,376 [INFO] Epoch 5/5, Train Loss: 3.9794, Train Acc: 0.1740, Val Loss: 4.3148, Val Acc: 0.1220
2025-04-12 02:12:30,378 [INFO] 
 Hyperparameters: lr=0.01, reg=0.1
2025-04-12 02:12:31,030 [INFO] Epoch 1/5, Train Loss: 8.8092, Train Acc: 0.2360, Val Loss: 8.9636, Val Acc: 0.1980
2025-04-12 02:12:31,683 [INFO] Epoch 2/5, Train Loss: 8.1826, Train Acc: 0.3360, Val Loss: 8.4772, Val Acc: 0.2400
2025-04-12 02:12:32,350 [INFO] Epoch 3/5, Train Loss: 7.7291, Train Acc: 0.3690, Val Loss: 8.1055, Val Acc: 0.2520
2025-04-12 02:12:33,037 [INFO] Epoch 4/5, Train Loss: 7.2794, Train Acc: 0.4390, Val Loss: 7.6551, Val Acc: 0.2740
2025-04-12 02:12:33,720 [INFO] Epoch 5/5, Train Loss: 6.9371, Train Acc: 0.4820, Val Loss: 7.3314, Val Acc: 0.2720
2025-04-12 02:12:33,722 [INFO] 
 Hyperparameters: lr=0.01, reg=0.01
2025-04-12 02:12:34,410 [INFO] Epoch 1/5, Train Loss: 2.8244, Train Acc: 0.2490, Val Loss: 2.8928, Val Acc: 0.2200
2025-04-12 02:12:35,112 [INFO] Epoch 2/5, Train Loss: 2.5429, Train Acc: 0.3360, Val Loss: 2.7551, Val Acc: 0.2660
2025-04-12 02:12:35,778 [INFO] Epoch 3/5, Train Loss: 2.3984, Train Acc: 0.3980, Val Loss: 2.7159, Val Acc: 0.2740
2025-04-12 02:12:36,476 [INFO] Epoch 4/5, Train Loss: 2.3437, Train Acc: 0.4320, Val Loss: 2.6862, Val Acc: 0.2960
2025-04-12 02:12:37,129 [INFO] Epoch 5/5, Train Loss: 2.2638, Train Acc: 0.4490, Val Loss: 2.6867, Val Acc: 0.3080
2025-04-12 02:12:37,132 [INFO] 
 Hyperparameters: lr=0.01, reg=0.001
2025-04-12 02:12:37,789 [INFO] Epoch 1/5, Train Loss: 2.2088, Train Acc: 0.2190, Val Loss: 2.3212, Val Acc: 0.2140
2025-04-12 02:12:38,492 [INFO] Epoch 2/5, Train Loss: 1.9330, Train Acc: 0.3410, Val Loss: 2.1613, Val Acc: 0.2400
2025-04-12 02:12:39,163 [INFO] Epoch 3/5, Train Loss: 1.8224, Train Acc: 0.3820, Val Loss: 2.1517, Val Acc: 0.2400
2025-04-12 02:12:39,835 [INFO] Epoch 4/5, Train Loss: 1.6859, Train Acc: 0.4280, Val Loss: 2.0544, Val Acc: 0.2920
2025-04-12 02:12:40,509 [INFO] Epoch 5/5, Train Loss: 1.6293, Train Acc: 0.4490, Val Loss: 2.0191, Val Acc: 0.3000
2025-04-12 02:12:39,618 [INFO] 
 Hyperparameters: lr=0.001, reg=0.1
2025-04-12 02:12:40,295 [INFO] Epoch 1/5, Train Loss: 10.0283, Train Acc: 0.1050, Val Loss: 10.0006, Val Acc: 0.1220
2025-04-12 02:12:40,953 [INFO] Epoch 2/5, Train Loss: 9.8673, Train Acc: 0.1280, Val Loss: 9.8565, Val Acc: 0.1380
2025-04-12 02:12:41,661 [INFO] Epoch 3/5, Train Loss: 9.7409, Train Acc: 0.1500, Val Loss: 9.7500, Val Acc: 0.1300
2025-04-12 02:12:42,324 [INFO] Epoch 4/5, Train Loss: 9.6357, Train Acc: 0.1600, Val Loss: 9.6520, Val Acc: 0.1560
2025-04-12 02:12:43,006 [INFO] Epoch 5/5, Train Loss: 9.5432, Train Acc: 0.1720, Val Loss: 9.5763, Val Acc: 0.1660
2025-04-12 02:12:43,009 [INFO] 
 Hyperparameters: lr=0.001, reg=0.01
2025-04-12 02:12:43,697 [INFO] Epoch 1/5, Train Loss: 3.5883, Train Acc: 0.0900, Val Loss: 3.5484, Val Acc: 0.0900
2025-04-12 02:12:44,408 [INFO] Epoch 2/5, Train Loss: 3.3955, Train Acc: 0.1030, Val Loss: 3.3665, Val Acc: 0.1140
2025-04-12 02:12:45,105 [INFO] Epoch 3/5, Train Loss: 3.2785, Train Acc: 0.1280, Val Loss: 3.2692, Val Acc: 0.1300
2025-04-12 02:12:45,766 [INFO] Epoch 4/5, Train Loss: 3.1906, Train Acc: 0.1470, Val Loss: 3.1962, Val Acc: 0.1340
2025-04-12 02:12:46,451 [INFO] Epoch 5/5, Train Loss: 3.1225, Train Acc: 0.1680, Val Loss: 3.1466, Val Acc: 0.1600
2025-04-12 02:12:46,454 [INFO] 
 Hyperparameters: lr=0.001, reg=0.001
2025-04-12 02:12:47,225 [INFO] Epoch 1/5, Train Loss: 2.7957, Train Acc: 0.0960, Val Loss: 2.7666, Val Acc: 0.1020
2025-04-12 02:12:47,892 [INFO] Epoch 2/5, Train Loss: 2.6324, Train Acc: 0.1160, Val Loss: 2.6226, Val Acc: 0.1040
2025-04-12 02:12:48,560 [INFO] Epoch 3/5, Train Loss: 2.5194, Train Acc: 0.1410, Val Loss: 2.5313, Val Acc: 0.1340
2025-04-12 02:12:49,354 [INFO] Epoch 4/5, Train Loss: 2.4387, Train Acc: 0.1650, Val Loss: 2.4684, Val Acc: 0.1540
2025-04-12 02:12:50,058 [INFO] Epoch 5/5, Train Loss: 2.3741, Train Acc: 0.1850, Val Loss: 2.4164, Val Acc: 0.1680
2025-04-12 02:12:50,792 [INFO] Epoch 1/20, Train Loss: 2.8448, Train Acc: 0.2380, Val Loss: 2.9931, Val Acc: 0.2160
2025-04-12 02:12:51,474 [INFO] Epoch 2/20, Train Loss: 2.5657, Train Acc: 0.3430, Val Loss: 2.7991, Val Acc: 0.2340
2025-04-12 02:12:52,149 [INFO] Epoch 3/20, Train Loss: 2.4421, Train Acc: 0.3940, Val Loss: 2.7446, Val Acc: 0.2840
2025-04-12 02:12:52,833 [INFO] Epoch 4/20, Train Loss: 2.3301, Train Acc: 0.4370, Val Loss: 2.6668, Val Acc: 0.2740
2025-04-12 02:12:53,543 [INFO] Epoch 5/20, Train Loss: 2.2758, Train Acc: 0.4440, Val Loss: 2.6426, Val Acc: 0.2960
2025-04-12 02:12:54,334 [INFO] Epoch 6/20, Train Loss: 2.1699, Train Acc: 0.5080, Val Loss: 2.6159, Val Acc: 0.3060
2025-04-12 02:12:55,039 [INFO] Epoch 7/20, Train Loss: 2.1055, Train Acc: 0.5300, Val Loss: 2.5862, Val Acc: 0.3120
2025-04-12 02:12:55,723 [INFO] Epoch 8/20, Train Loss: 2.0844, Train Acc: 0.5270, Val Loss: 2.5689, Val Acc: 0.3120
2025-04-12 02:12:56,481 [INFO] Epoch 9/20, Train Loss: 2.0215, Train Acc: 0.5630, Val Loss: 2.5239, Val Acc: 0.3400
2025-04-12 02:12:57,238 [INFO] Epoch 10/20, Train Loss: 1.9981, Train Acc: 0.5590, Val Loss: 2.5586, Val Acc: 0.3200
2025-04-12 02:12:57,914 [INFO] Epoch 11/20, Train Loss: 1.9697, Train Acc: 0.5860, Val Loss: 2.5274, Val Acc: 0.3260
2025-04-12 02:12:58,629 [INFO] Epoch 12/20, Train Loss: 1.9298, Train Acc: 0.5990, Val Loss: 2.5171, Val Acc: 0.3200
2025-04-12 02:12:59,389 [INFO] Epoch 13/20, Train Loss: 1.9178, Train Acc: 0.6140, Val Loss: 2.5083, Val Acc: 0.3320
2025-04-12 02:13:00,153 [INFO] Epoch 14/20, Train Loss: 1.9089, Train Acc: 0.6250, Val Loss: 2.5071, Val Acc: 0.3520
2025-04-12 02:13:00,939 [INFO] Epoch 15/20, Train Loss: 1.8680, Train Acc: 0.6300, Val Loss: 2.5022, Val Acc: 0.3540
2025-04-12 02:13:01,650 [INFO] Epoch 16/20, Train Loss: 1.8441, Train Acc: 0.6460, Val Loss: 2.4856, Val Acc: 0.3480
2025-04-12 02:13:02,385 [INFO] Epoch 17/20, Train Loss: 1.8244, Train Acc: 0.6370, Val Loss: 2.4887, Val Acc: 0.3580
2025-04-12 02:13:03,179 [INFO] Epoch 18/20, Train Loss: 1.8260, Train Acc: 0.6330, Val Loss: 2.4950, Val Acc: 0.3460
2025-04-12 02:13:03,894 [INFO] Epoch 19/20, Train Loss: 1.8064, Train Acc: 0.6590, Val Loss: 2.4672, Val Acc: 0.3660
2025-04-12 02:13:04,664 [INFO] Epoch 20/20, Train Loss: 1.7819, Train Acc: 0.6720, Val Loss: 2.4821, Val Acc: 0.3520
2025-04-12 02:13:49,837 [INFO] Test Accuracy: 0.3644
